2022-12-13 17:29:12.706243: I tensorflow/core/platform/cpu_feature_guard.cc:193] This TensorFlow binary is optimized with oneAPI Deep Neural Network Library (oneDNN) to use the following CPU instructions in performance-critical operations:  SSE4.1 SSE4.2 AVX AVX2 FMA
To enable them in other operations, rebuild TensorFlow with the appropriate compiler flags.
INFO:src.utils:-- loading data from ../processed_data/student_trajectories.pkl with test size 0.2 --
INFO:src.evaluation:-- evaluation | reward and action --

=====RUNNING RANDOM=====

INFO:src.evaluation:-- evaluation | perplexity --
INFO:src.evaluation:-- evaluation | divergence --
INFO:src.evaluation:-- evaluation | anomaly --
CBLOF | Prec: 46.67 | Recall 100.0 | F1 62.67 | Acc 89.12 | f1w 90.94 | Anomaly 19.65
IF | Prec: 43.0 | Recall 100.0 | F1 59.43 | Acc 87.95 | f1w 90.08 | Anomaly 20.82
INFO:src.evaluation:-- evaluation | classify --
DT FName: s_objtest_cac Step: 140 0.0 1.0
RF FName: s_objtest_jar11 Step: 140 1.0 1.0
DT FName: s_objtest_cac Step: 140 0.0 1.0
RF FName: s_objtest_jar11 Step: 140 0.0 1.0
DT FName: s_objtest_cac Step: 140 0.0 1.0
RF FName: s_objtest_jar11 Step: 140 0.0 1.0
DT FName: s_objtest_cac Step: 140 0.0 1.0
RF FName: s_objtest_jar11 Step: 140 0.0 1.0
DT FName: s_objtest_cac Step: 140 0.0 1.0
RF FName: s_objtest_jar11 Step: 140 0.0 1.0
DT FName: s_objtest_cac Step: 140 0.0 1.0
RF FName: s_objtest_jar11 Step: 140 0.0 1.0
DT FName: s_objtest_cac Step: 140 0.0 1.0
RF FName: s_objtest_jar11 Step: 140 0.0 1.0
DT FName: s_objtest_cac Step: 140 0.0 1.0
RF FName: s_objtest_jar11 Step: 140 0.0 1.0
DT FName: s_objtest_cac Step: 140 0.0 1.0
RF FName: s_objtest_jar11 Step: 140 0.0 1.0
DT FName: s_objtest_cac Step: 140 0.0 1.0
RF FName: s_objtest_jar11 Step: 140 0.0 1.0
DT FName: s_objtest_cac Step: 118 0.0 1.0
RF FName: s_objtest_che Step: 118 0.0 1.0
DT FName: s_objtest_cac Step: 118 0.0 1.0
RF FName: s_objtest_che Step: 118 0.0 1.0
DT FName: s_objtest_cac Step: 118 0.0 1.0
RF FName: s_objtest_che Step: 118 0.0 1.0
DT FName: s_objtest_cac Step: 118 0.0 1.0
RF FName: s_objtest_che Step: 118 0.0 1.0
DT FName: s_objtest_cac Step: 118 0.0 1.0
RF FName: s_objtest_che Step: 118 0.0 1.0
DT FName: s_objtest_cac Step: 118 0.0 1.0
RF FName: s_objtest_che Step: 118 0.0 1.0
DT FName: s_objtest_cac Step: 118 0.0 1.0
RF FName: s_objtest_che Step: 118 0.0 1.0
DT FName: s_objtest_cac Step: 118 0.0 1.0
RF FName: s_objtest_che Step: 118 0.0 1.0
DT FName: s_objtest_cac Step: 118 0.0 1.0
RF FName: s_objtest_che Step: 118 0.0 1.0
DT FName: s_objtest_cac Step: 118 0.0 1.0
RF FName: s_objtest_che Step: 118 0.0 1.0
DT FName: s_objtest_cac Step: 107 0.0 1.0
RF FName: s_objtest_jar10 Step: 107 0.0 1.0
DT FName: s_objtest_cac Step: 107 0.0 1.0
RF FName: s_objtest_jar10 Step: 107 0.0 1.0
DT FName: s_objtest_cac Step: 107 0.0 1.0
RF FName: s_objtest_jar10 Step: 107 0.0 1.0
DT FName: s_objtest_cac Step: 107 0.0 1.0
RF FName: s_objtest_jar10 Step: 107 0.0 1.0
DT FName: s_objtest_cac Step: 107 0.0 1.0
RF FName: s_objtest_jar10 Step: 107 0.0 1.0
DT FName: s_objtest_cac Step: 107 0.0 1.0
RF FName: s_objtest_jar10 Step: 107 0.0 1.0
DT FName: s_objtest_cac Step: 107 0.0 1.0
RF FName: s_objtest_jar10 Step: 107 0.0 1.0
DT FName: s_objtest_cac Step: 107 0.0 1.0
RF FName: s_objtest_jar10 Step: 107 0.0 1.0
DT FName: s_objtest_cac Step: 107 0.0 1.0
RF FName: s_objtest_jar10 Step: 107 0.0 1.0
DT FName: s_objtest_cac Step: 107 0.0 1.0
RF FName: s_objtest_jar10 Step: 107 0.0 1.0
DT FName: s_objtest_cac Step: 82 0.0 1.0
RF FName: s_objtest_jar4 Step: 82 0.0 1.0
DT FName: s_objtest_cac Step: 82 0.0 1.0
RF FName: s_objtest_jar4 Step: 82 0.0 1.0
DT FName: s_objtest_cac Step: 82 0.0 1.0
RF FName: s_objtest_jar4 Step: 82 0.0 1.0
DT FName: s_objtest_cac Step: 82 0.0 1.0
RF FName: s_objtest_jar4 Step: 82 0.0 1.0
DT FName: s_objtest_cac Step: 82 0.0 1.0
RF FName: s_objtest_jar4 Step: 82 0.0 1.0
DT FName: s_objtest_cac Step: 82 0.0 1.0
RF FName: s_objtest_jar4 Step: 82 0.0 1.0
DT FName: s_objtest_cac Step: 82 0.0 1.0
RF FName: s_objtest_jar4 Step: 82 0.0 1.0
DT FName: s_objtest_cac Step: 82 0.0 1.0
RF FName: s_objtest_jar4 Step: 82 0.0 1.0
DT FName: s_objtest_cac Step: 82 0.0 1.0
RF FName: s_objtest_jar4 Step: 82 0.0 1.0
DT FName: s_objtest_cac Step: 82 0.0 1.0
RF FName: s_objtest_jar4 Step: 82 0.0 1.0
DT FName: s_objtest_ket Step: 107 0.0 1.0
RF FName: s_objtest_jar10 Step: 107 0.0 1.0
DT FName: s_objtest_ket Step: 107 0.0 1.0
RF FName: s_objtest_jar10 Step: 107 0.0 1.0
DT FName: s_objtest_ket Step: 107 0.0 1.0
RF FName: s_objtest_jar10 Step: 107 0.0 1.0
DT FName: s_objtest_ket Step: 107 0.0 1.0
RF FName: s_objtest_jar10 Step: 107 0.0 1.0
DT FName: s_objtest_ket Step: 107 0.0 1.0
RF FName: s_objtest_jar10 Step: 107 0.0 1.0
DT FName: s_objtest_ket Step: 107 0.0 1.0
RF FName: s_objtest_jar10 Step: 107 0.0 1.0
DT FName: s_objtest_ket Step: 107 0.0 1.0
RF FName: s_objtest_jar10 Step: 107 0.0 1.0
DT FName: s_objtest_ket Step: 107 0.0 1.0
RF FName: s_objtest_jar10 Step: 107 0.0 1.0
DT FName: s_objtest_ket Step: 107 0.0 1.0
RF FName: s_objtest_jar10 Step: 107 0.0 1.0
DT FName: s_objtest_ket Step: 107 0.0 1.0
RF FName: s_objtest_jar10 Step: 107 0.0 1.0
DT | Prec: 98.82 | Recall 100.0 | F1 99.39 | Acc 99.39 | f1w 99.39
RF | Prec: 100.0 | Recall 100.0 | F1 100.0 | Acc 100.0 | f1w 100.0

INFO:src.model.policy:rand || EPOCH 0 | Rewards: -82 | Perplexity:  20.0000 | Div (pq qp js):  7.32  1.96  1.17 | Anomaly:  80.0% | Classify:  100.00% | Actions: {0: 10.1, 1: 10.0, 2: 10.0, 3: 9.9, 4: 10.0, 5: 10.1, 6: 9.7, 7: 9.9, 8: 10.0, 9: 10.0, 10: 9.8, 11: 10.1, 12: 9.9, 13: 10.0, 14: 10.1, 15: 10.0, 16: 9.7, 17: 9.9, 18: 9.8, 19: 11.1}
INFO:src.evaluation:-- evaluation | reward and action --
=====RUNNING ACTION PRIOR=====

INFO:src.evaluation:-- evaluation | perplexity --
INFO:src.evaluation:-- evaluation | divergence --
INFO:src.evaluation:-- evaluation | anomaly --
CBLOF | Prec: 22.17 | Recall 80.0 | F1 34.38 | Acc 72.57 | f1w 78.01 | Anomaly 31.75
IF | Prec: 15.67 | Recall 40.0 | F1 21.71 | Acc 81.4 | f1w 83.32 | Anomaly 16.37
INFO:src.evaluation:-- evaluation | classify --
DT FName: s_objtest_cac Step: 180 0.0 1.0
RF FName: s_objtest_jar11 Step: 180 0.0 1.0
DT FName: s_objtest_cac Step: 180 0.0 1.0
RF FName: s_objtest_jar11 Step: 180 0.0 1.0
DT FName: s_objtest_cac Step: 180 0.0 1.0
RF FName: s_objtest_jar11 Step: 180 0.0 1.0
DT FName: s_objtest_cac Step: 180 0.0 1.0
RF FName: s_objtest_jar11 Step: 180 0.0 1.0
DT FName: s_objtest_cac Step: 180 0.0 1.0
RF FName: s_objtest_jar11 Step: 180 0.0 1.0
DT FName: s_objtest_cac Step: 180 0.0 1.0
RF FName: s_objtest_jar11 Step: 180 0.0 1.0
DT FName: s_objtest_cac Step: 180 0.0 1.0
RF FName: s_objtest_jar11 Step: 180 0.0 1.0
DT FName: s_objtest_cac Step: 180 0.0 1.0
RF FName: s_objtest_jar11 Step: 180 0.0 1.0
DT FName: s_objtest_cac Step: 180 0.0 1.0
RF FName: s_objtest_jar11 Step: 180 0.0 1.0
DT FName: s_objtest_cac Step: 180 0.0 1.0
RF FName: s_objtest_jar11 Step: 180 0.0 1.0
DT FName: s_objtest_cac Step: 193 0.0 1.0
RF FName: s_objtest_cac Step: 193 0.0 1.0
DT FName: s_objtest_cac Step: 193 0.0 1.0
RF FName: s_objtest_cac Step: 193 0.0 1.0
DT FName: s_objtest_cac Step: 193 0.0 1.0
RF FName: s_objtest_cac Step: 193 0.0 1.0
DT FName: s_objtest_cac Step: 193 0.0 1.0
RF FName: s_objtest_cac Step: 193 0.0 1.0
DT FName: s_objtest_cac Step: 193 0.0 1.0
RF FName: s_objtest_cac Step: 193 0.0 1.0
DT FName: s_objtest_cac Step: 193 0.0 1.0
RF FName: s_objtest_cac Step: 193 0.0 1.0
DT FName: s_objtest_cac Step: 193 0.0 1.0
RF FName: s_objtest_cac Step: 193 0.0 1.0
DT FName: s_objtest_cac Step: 193 0.0 1.0
RF FName: s_objtest_cac Step: 193 0.0 1.0
DT FName: s_objtest_cac Step: 193 0.0 1.0
RF FName: s_objtest_cac Step: 193 0.0 1.0
DT FName: s_objtest_cac Step: 193 0.0 1.0
RF FName: s_objtest_cac Step: 193 0.0 1.0
DT FName: s_objtest_cac Step: 199 0.0 1.0
RF FName: s_objtest_jar11 Step: 199 0.0 1.0
DT FName: s_objtest_cac Step: 199 0.0 1.0
RF FName: s_objtest_jar11 Step: 199 0.0 1.0
DT FName: s_objtest_cac Step: 199 0.0 1.0
RF FName: s_objtest_jar11 Step: 199 0.0 1.0
DT FName: s_objtest_cac Step: 199 0.0 1.0
RF FName: s_objtest_jar11 Step: 199 0.0 1.0
DT FName: s_objtest_cac Step: 199 0.0 1.0
RF FName: s_objtest_jar11 Step: 199 0.0 1.0
DT FName: s_objtest_cac Step: 199 0.0 1.0
RF FName: s_objtest_jar11 Step: 199 0.0 1.0
DT FName: s_objtest_cac Step: 199 0.0 1.0
RF FName: s_objtest_jar11 Step: 199 0.0 1.0
DT FName: s_objtest_cac Step: 199 0.0 1.0
RF FName: s_objtest_jar11 Step: 199 0.0 1.0
DT FName: s_objtest_cac Step: 199 0.0 1.0
RF FName: s_objtest_jar11 Step: 199 0.0 1.0
DT FName: s_objtest_cac Step: 199 0.0 1.0
RF FName: s_objtest_jar11 Step: 199 0.0 1.0
DT FName: s_objtest_cac Step: 193 0.0 1.0
RF FName: s_objtest_cac Step: 193 0.0 1.0
DT FName: s_objtest_cac Step: 193 0.0 1.0
RF FName: s_objtest_cac Step: 193 0.0 1.0
DT FName: s_objtest_cac Step: 193 0.0 1.0
RF FName: s_objtest_cac Step: 193 0.0 1.0
DT FName: s_objtest_cac Step: 193 0.0 1.0
RF FName: s_objtest_cac Step: 193 0.0 1.0
DT FName: s_objtest_cac Step: 193 0.0 1.0
RF FName: s_objtest_cac Step: 193 0.0 1.0
DT FName: s_objtest_cac Step: 193 0.0 1.0
RF FName: s_objtest_cac Step: 193 0.0 1.0
DT FName: s_objtest_cac Step: 193 0.0 1.0
RF FName: s_objtest_cac Step: 193 0.0 1.0
DT FName: s_objtest_cac Step: 193 0.0 1.0
RF FName: s_objtest_cac Step: 193 0.0 1.0
DT FName: s_objtest_cac Step: 193 0.0 1.0
RF FName: s_objtest_cac Step: 193 0.0 1.0
DT FName: s_objtest_cac Step: 193 0.0 1.0
RF FName: s_objtest_cac Step: 193 0.0 1.0
DT FName: s_objtest_ket Step: 166 0.0 1.0
RF FName: s_objtest_ket Step: 166 0.0 1.0
DT FName: s_objtest_ket Step: 166 0.0 1.0
RF FName: s_objtest_ket Step: 166 0.0 1.0
DT FName: s_objtest_ket Step: 166 0.0 1.0
RF FName: s_objtest_ket Step: 166 0.0 1.0
DT FName: s_objtest_ket Step: 166 0.0 1.0
RF FName: s_objtest_ket Step: 166 0.0 1.0
DT FName: s_objtest_ket Step: 166 0.0 1.0
RF FName: s_objtest_ket Step: 166 0.0 1.0
DT FName: s_objtest_ket Step: 166 0.0 1.0
RF FName: s_objtest_ket Step: 166 0.0 1.0
DT FName: s_objtest_ket Step: 166 0.0 1.0
RF FName: s_objtest_ket Step: 166 0.0 1.0
DT FName: s_objtest_ket Step: 166 0.0 1.0
RF FName: s_objtest_ket Step: 166 0.0 1.0
DT FName: s_objtest_ket Step: 166 0.0 1.0
RF FName: s_objtest_ket Step: 166 0.0 1.0
DT FName: s_objtest_ket Step: 166 0.0 1.0
RF FName: s_objtest_ket Step: 166 0.0 1.0
DT | Prec: 98.75 | Recall 98.75 | F1 98.75 | Acc 98.79 | f1w 98.79
RF | Prec: 100.0 | Recall 96.25 | F1 97.93 | Acc 98.18 | f1w 98.16
INFO:src.model.policy:actp || EPOCH 0 | Rewards: -103 | Perplexity:  11.8274 | Div (pq qp js):  6.12  1.43  0.85 | Anomaly:  66.7% | Classify:  100.00% | Actions: {0: 4.6, 1: 7.2, 2: 6.2, 3: 4.2, 4: 6.7, 5: 5.1, 6: 4.3, 7: 4.9, 8: 36.9, 9: 10.9, 10: 6.1, 11: 47.0, 12: 6.8, 13: 7.5, 14: 5.3, 15: 10.5, 16: 9.8, 17: 7.0, 18: 4.5, 19: 4.7}

=====RUNNING BEHAVIOR CLONING DT=====

INFO:src.evaluation:-- evaluation | reward and action --
INFO:src.evaluation:-- evaluation | perplexity --
INFO:src.evaluation:-- evaluation | divergence --
INFO:src.evaluation:-- evaluation | anomaly --
CBLOF | Prec: 25.0 | Recall 70.0 | F1 35.71 | Acc 79.24 | f1w 82.98 | Anomaly 23.1
IF | Prec: 33.33 | Recall 50.0 | F1 38.0 | Acc 89.12 | f1w 89.35 | Anomaly 10.99
INFO:src.evaluation:-- evaluation | classify --
DT FName: s_workshsubmit Step: 194 1.0 0.0
RF FName: s_solved Step: 194 1.0 0.0
DT FName: s_workshsubmit Step: 194 4.0 0.0
RF FName: s_solved Step: 194 1.0 0.0
DT FName: s_workshsubmit Step: 194 2.0 0.0
RF FName: s_solved Step: 194 1.0 0.0
DT FName: s_workshsubmit Step: 194 1.0 0.0
RF FName: s_solved Step: 194 1.0 0.0
DT FName: s_workshsubmit Step: 194 6.0 0.0
RF FName: s_solved Step: 194 1.0 0.0
DT FName: s_workshsubmit Step: 194 3.0 0.0
RF FName: s_solved Step: 194 1.0 0.0
DT FName: s_workshsubmit Step: 194 1.0 0.0
RF FName: s_solved Step: 194 1.0 0.0
DT FName: s_workshsubmit Step: 194 1.0 0.0
RF FName: s_solved Step: 194 1.0 0.0
DT FName: s_workshsubmit Step: 194 2.0 0.0
RF FName: s_solved Step: 194 1.0 0.0
DT FName: s_workshsubmit Step: 194 2.0 0.0
RF FName: s_solved Step: 194 1.0 0.0
DT FName: s_workshsubmit Step: 199 1.0 0.0
RF FName: s_testpos Step: 199 1.0 0.0
DT FName: s_workshsubmit Step: 199 4.0 0.0
RF FName: s_testpos Step: 199 1.0 0.0
DT FName: s_workshsubmit Step: 199 2.0 0.0
RF FName: s_testpos Step: 199 1.0 0.0
DT FName: s_workshsubmit Step: 199 1.0 0.0
RF FName: s_testpos Step: 199 1.0 0.0
DT FName: s_workshsubmit Step: 199 6.0 0.0
RF FName: s_testpos Step: 199 1.0 0.0
DT FName: s_workshsubmit Step: 199 3.0 0.0
RF FName: s_testpos Step: 199 1.0 0.0
DT FName: s_workshsubmit Step: 199 1.0 0.0
RF FName: s_testpos Step: 199 1.0 0.0
DT FName: s_workshsubmit Step: 199 1.0 0.0
RF FName: s_testpos Step: 199 1.0 0.0
DT FName: s_workshsubmit Step: 199 2.0 0.0
RF FName: s_testpos Step: 199 1.0 0.0
DT FName: s_workshsubmit Step: 199 2.0 0.0
RF FName: s_testpos Step: 199 1.0 0.0
DT FName: s_workshsubmit Step: 181 1.0 0.0
RF FName: s_workshsubmit Step: 181 1.0 0.0
DT FName: s_workshsubmit Step: 181 4.0 0.0
RF FName: s_workshsubmit Step: 181 4.0 0.0
DT FName: s_workshsubmit Step: 181 2.0 0.0
RF FName: s_workshsubmit Step: 181 2.0 0.0
DT FName: s_workshsubmit Step: 181 1.0 0.0
RF FName: s_workshsubmit Step: 181 1.0 0.0
DT FName: s_workshsubmit Step: 181 6.0 0.0
RF FName: s_workshsubmit Step: 181 6.0 0.0
DT FName: s_workshsubmit Step: 181 3.0 0.0
RF FName: s_workshsubmit Step: 181 3.0 0.0
DT FName: s_workshsubmit Step: 181 1.0 0.0
RF FName: s_workshsubmit Step: 181 1.0 0.0
DT FName: s_workshsubmit Step: 181 1.0 0.0
RF FName: s_workshsubmit Step: 181 1.0 0.0
DT FName: s_workshsubmit Step: 181 2.0 0.0
RF FName: s_workshsubmit Step: 181 2.0 0.0
DT FName: s_workshsubmit Step: 181 2.0 0.0
RF FName: s_workshsubmit Step: 181 1.0 0.0
DT FName: s_workshsubmit Step: 182 1.0 0.0
RF FName: s_workshsubmit Step: 182 1.0 0.0
DT FName: s_workshsubmit Step: 182 4.0 0.0
RF FName: s_workshsubmit Step: 182 4.0 0.0
DT FName: s_workshsubmit Step: 182 2.0 0.0
RF FName: s_workshsubmit Step: 182 2.0 0.0
DT FName: s_workshsubmit Step: 182 1.0 0.0
RF FName: s_workshsubmit Step: 182 1.0 0.0
DT FName: s_workshsubmit Step: 182 6.0 0.0
RF FName: s_workshsubmit Step: 182 6.0 0.0
DT FName: s_workshsubmit Step: 182 3.0 0.0
RF FName: s_workshsubmit Step: 182 3.0 0.0
DT FName: s_workshsubmit Step: 182 1.0 0.0
RF FName: s_workshsubmit Step: 182 1.0 0.0
DT FName: s_workshsubmit Step: 182 1.0 0.0
RF FName: s_workshsubmit Step: 182 1.0 0.0
DT FName: s_workshsubmit Step: 182 2.0 0.0
RF FName: s_workshsubmit Step: 182 2.0 0.0
DT FName: s_workshsubmit Step: 182 2.0 0.0
RF FName: s_workshsubmit Step: 182 1.0 0.0
DT FName: s_end Step: 184 1.0 0.0
RF FName: s_workshsubmit Step: 184 1.0 0.0
DT FName: s_end Step: 184 1.0 0.0
RF FName: s_workshsubmit Step: 184 4.0 0.0
DT FName: s_end Step: 184 1.0 0.0
RF FName: s_workshsubmit Step: 184 2.0 0.0
DT FName: s_end Step: 184 1.0 0.0
RF FName: s_workshsubmit Step: 184 1.0 0.0
DT FName: s_end Step: 184 1.0 0.0
RF FName: s_workshsubmit Step: 184 6.0 0.0
DT FName: s_end Step: 184 1.0 0.0
RF FName: s_workshsubmit Step: 184 3.0 0.0
DT FName: s_end Step: 184 1.0 0.0
RF FName: s_workshsubmit Step: 184 1.0 0.0
DT FName: s_end Step: 184 1.0 0.0
RF FName: s_workshsubmit Step: 184 1.0 0.0
DT FName: s_end Step: 184 1.0 0.0
RF FName: s_workshsubmit Step: 184 2.0 0.0
DT FName: s_end Step: 184 1.0 0.0
RF FName: s_workshsubmit Step: 184 1.0 0.0
DT | Prec: 98.82 | Recall 100.0 | F1 99.39 | Acc 99.39 | f1w 99.39
RF | Prec: 100.0 | Recall 100.0 | F1 100.0 | Acc 100.0 | f1w 100.0
INFO:src.model.policy:bcdt || EPOCH 0 | Rewards: -299 | Perplexity:  19097.8662 | Div (pq qp js):  6.81  8.81  4.60 | Anomaly:  40.0% | Classify:  100.00% | Actions: {0: 49.9, 1: 45.6, 2: 62.7, 3: 56.8, 4: 2.6, 5: 8.6, 6: 17.8, 7: 9.9, 8: 122.7, 9: 14.9, 10: 51.4, 11: 44.0, 12: 2.3, 13: 2.4, 14: 2.2, 15: 3.2, 16: 9.9, 17: 38.3, 19: 1.0}

=====RUNNING BEHAVIOR CLONING MLP=====

INFO:src.evaluation:-- evaluation | reward and action --
INFO:src.evaluation:-- evaluation | perplexity --
INFO:src.evaluation:-- evaluation | divergence --
INFO:src.evaluation:-- evaluation | anomaly --
CBLOF | Prec: 18.33 | Recall 60.0 | F1 28.0 | Acc 78.01 | f1w 81.81 | Anomaly 24.09
IF | Prec: 23.33 | Recall 60.0 | F1 33.33 | Acc 83.45 | f1w 85.37 | Anomaly 18.65
INFO:src.evaluation:-- evaluation | classify --
DT FName: s_solved Step: 197 1.0 0.0
RF FName: s_end Step: 197 1.0 0.0
DT FName: s_solved Step: 197 1.0 0.0
RF FName: s_end Step: 197 1.0 0.0
DT FName: s_solved Step: 197 1.0 0.0
RF FName: s_end Step: 197 1.0 0.0
DT FName: s_solved Step: 197 1.0 0.0
RF FName: s_end Step: 197 1.0 0.0
DT FName: s_solved Step: 197 1.0 0.0
RF FName: s_end Step: 197 1.0 0.0
DT FName: s_solved Step: 197 1.0 0.0
RF FName: s_end Step: 197 1.0 0.0
DT FName: s_solved Step: 197 1.0 0.0
RF FName: s_end Step: 197 1.0 0.0
DT FName: s_solved Step: 197 1.0 0.0
RF FName: s_end Step: 197 1.0 0.0
DT FName: s_solved Step: 197 1.0 0.0
RF FName: s_end Step: 197 1.0 0.0
DT FName: s_solved Step: 197 1.0 0.0
RF FName: s_end Step: 197 1.0 0.0
DT FName: s_end Step: 198 1.0 0.0
RF FName: s_solved Step: 198 1.0 0.0
DT FName: s_end Step: 198 1.0 0.0
RF FName: s_solved Step: 198 1.0 0.0
DT FName: s_end Step: 198 1.0 0.0
RF FName: s_solved Step: 198 1.0 0.0
DT FName: s_end Step: 198 1.0 0.0
RF FName: s_solved Step: 198 1.0 0.0
DT FName: s_end Step: 198 1.0 0.0
RF FName: s_solved Step: 198 1.0 0.0
DT FName: s_end Step: 198 1.0 0.0
RF FName: s_solved Step: 198 1.0 0.0
DT FName: s_end Step: 198 1.0 0.0
RF FName: s_solved Step: 198 1.0 0.0
DT FName: s_end Step: 198 1.0 0.0
RF FName: s_solved Step: 198 1.0 0.0
DT FName: s_end Step: 198 1.0 0.0
RF FName: s_solved Step: 198 1.0 0.0
DT FName: s_end Step: 198 1.0 0.0
RF FName: s_solved Step: 198 1.0 0.0
DT FName: s_solved Step: 183 1.0 0.0
RF FName: s_workshsubmit Step: 183 2.0 0.0
DT FName: s_solved Step: 183 1.0 0.0
RF FName: s_workshsubmit Step: 183 1.0 0.0
DT FName: s_solved Step: 183 1.0 0.0
RF FName: s_workshsubmit Step: 183 3.0 0.0
DT FName: s_solved Step: 183 1.0 0.0
RF FName: s_workshsubmit Step: 183 1.0 0.0
DT FName: s_solved Step: 183 1.0 0.0
RF FName: s_workshsubmit Step: 183 3.0 0.0
DT FName: s_solved Step: 183 1.0 0.0
RF FName: s_workshsubmit Step: 183 1.0 0.0
DT FName: s_solved Step: 183 1.0 0.0
RF FName: s_workshsubmit Step: 183 3.0 0.0
DT FName: s_solved Step: 183 1.0 0.0
RF FName: s_workshsubmit Step: 183 2.0 0.0
DT FName: s_solved Step: 183 1.0 0.0
RF FName: s_workshsubmit Step: 183 2.0 0.0
DT FName: s_solved Step: 183 1.0 0.0
RF FName: s_workshsubmit Step: 183 1.0 0.0
DT FName: s_solved Step: 195 1.0 0.0
RF FName: s_workshsubmit Step: 195 2.0 0.0
DT FName: s_solved Step: 195 1.0 0.0
RF FName: s_workshsubmit Step: 195 1.0 0.0
DT FName: s_solved Step: 195 1.0 0.0
RF FName: s_workshsubmit Step: 195 3.0 0.0
DT FName: s_solved Step: 195 1.0 0.0
RF FName: s_workshsubmit Step: 195 1.0 0.0
DT FName: s_solved Step: 195 1.0 0.0
RF FName: s_workshsubmit Step: 195 3.0 0.0
DT FName: s_solved Step: 195 1.0 0.0
RF FName: s_workshsubmit Step: 195 1.0 0.0
DT FName: s_solved Step: 195 1.0 0.0
RF FName: s_workshsubmit Step: 195 3.0 0.0
DT FName: s_solved Step: 195 1.0 0.0
RF FName: s_workshsubmit Step: 195 2.0 0.0
DT FName: s_solved Step: 195 1.0 0.0
RF FName: s_workshsubmit Step: 195 2.0 0.0
DT FName: s_solved Step: 195 1.0 0.0
RF FName: s_workshsubmit Step: 195 1.0 0.0
DT FName: s_solved Step: 197 1.0 0.0
RF FName: s_end Step: 197 1.0 0.0
DT FName: s_solved Step: 197 1.0 0.0
RF FName: s_end Step: 197 1.0 0.0
DT FName: s_solved Step: 197 1.0 0.0
RF FName: s_end Step: 197 1.0 0.0
DT FName: s_solved Step: 197 1.0 0.0
RF FName: s_end Step: 197 1.0 0.0
DT FName: s_solved Step: 197 1.0 0.0
RF FName: s_end Step: 197 1.0 0.0
DT FName: s_solved Step: 197 1.0 0.0
RF FName: s_end Step: 197 1.0 0.0
DT FName: s_solved Step: 197 1.0 0.0
RF FName: s_end Step: 197 1.0 0.0
DT FName: s_solved Step: 197 1.0 0.0
RF FName: s_end Step: 197 1.0 0.0
DT FName: s_solved Step: 197 1.0 0.0
RF FName: s_end Step: 197 1.0 0.0
DT FName: s_solved Step: 197 1.0 0.0
RF FName: s_end Step: 197 1.0 0.0
DT | Prec: 100.0 | Recall 98.75 | F1 99.35 | Acc 99.39 | f1w 99.39
RF | Prec: 98.82 | Recall 95.22 | F1 96.89 | Acc 96.97 | f1w 96.97

INFO:src.model.policy:bcnn || EPOCH 0 | Rewards: -295 | Perplexity:  4861.3189 | Div (pq qp js):  7.80  7.44  3.95 | Anomaly:  44.4% | Classify:  100.00% | Actions: {0: 1.5, 1: 83.9, 2: 84.6, 3: 15.9, 4: 30.0, 5: 1.3, 6: 32.7, 7: 1.4, 8: 35.1, 9: 19.2, 10: 13.5, 11: 17.1, 12: 3.7, 13: 3.4, 14: 2.9, 15: 6.4, 16: 12.4, 17: 19.8, 18: 2.4, 19: 1.0}
=====RUNNING GAIL=====

INFO:src.model.gail:TEST DATA | Rewards: -49 |  Actions: {0: 3.7, 1: 7.6, 2: 4.8, 3: 2.4, 4: 6.9, 5: 4.0, 6: 3.0, 7: 3.9, 8: 39.4, 9: 8.1, 10: 9.1, 11: 57.7, 12: 5.3, 13: 6.6, 14: 4.5, 15: 15.3, 16: 8.6, 17: 3.4, 18: 3.6, 19: 2.1}
INFO:src.model.gail:-- no gail with run_name dec13_1 --
INFO:src.model.gail:epoc: 1 | Target Reward Mean: -49.48 | Reward Mean: -67.28 | Percent Solved:  27.71
INFO:src.model.gail:epoc: 2 | Target Reward Mean: -49.48 | Reward Mean: -86.80 | Percent Solved:  20.48
INFO:src.model.gail:epoc: 3 | Target Reward Mean: -49.48 | Reward Mean: -88.02 | Percent Solved:  22.89
INFO:src.model.gail:epoc: 4 | Target Reward Mean: -49.48 | Reward Mean: -116.20 | Percent Solved:  28.92
INFO:src.model.gail:epoc: 5 | Target Reward Mean: -49.48 | Reward Mean: -164.35 | Percent Solved:  33.73
INFO:src.model.gail:epoc: 6 | Target Reward Mean: -49.48 | Reward Mean: -203.04 | Percent Solved:  39.76
INFO:src.model.gail:epoc: 7 | Target Reward Mean: -49.48 | Reward Mean: -219.48 | Percent Solved:  39.76
INFO:src.model.gail:epoc: 8 | Target Reward Mean: -49.48 | Reward Mean: -214.81 | Percent Solved:  40.96
INFO:src.model.gail:epoc: 9 | Target Reward Mean: -49.48 | Reward Mean: -207.43 | Percent Solved:  45.78
INFO:src.model.gail:epoc: 10 | Target Reward Mean: -49.48 | Reward Mean: -229.12 | Percent Solved:  34.94
INFO:src.model.gail:epoc: 11 | Target Reward Mean: -49.48 | Reward Mean: -188.16 | Percent Solved:  55.42
INFO:src.model.gail:epoc: 12 | Target Reward Mean: -49.48 | Reward Mean: -214.66 | Percent Solved:  42.17
INFO:src.model.gail:epoc: 13 | Target Reward Mean: -49.48 | Reward Mean: -214.66 | Percent Solved:  42.17
INFO:src.model.gail:epoc: 14 | Target Reward Mean: -49.48 | Reward Mean: -212.25 | Percent Solved:  43.37
INFO:src.model.gail:epoc: 15 | Target Reward Mean: -49.48 | Reward Mean: -195.39 | Percent Solved:  51.81
INFO:src.model.gail:epoc: 16 | Target Reward Mean: -49.48 | Reward Mean: -229.12 | Percent Solved:  34.94
INFO:src.model.gail:epoc: 17 | Target Reward Mean: -49.48 | Reward Mean: -221.89 | Percent Solved:  38.55
INFO:src.model.gail:epoc: 18 | Target Reward Mean: -49.48 | Reward Mean: -224.30 | Percent Solved:  37.35
INFO:src.model.gail:epoc: 19 | Target Reward Mean: -49.48 | Reward Mean: -233.94 | Percent Solved:  32.53
INFO:src.evaluation:-- evaluation | reward and action --
INFO:src.evaluation:-- evaluation | perplexity --
INFO:src.evaluation:-- evaluation | divergence --
INFO:src.evaluation:-- evaluation | anomaly --
CBLOF | Prec: 0.0 | Recall 0.0 | F1 0.0 | Acc 71.58 | f1w 75.92 | Anomaly 19.65
IF | Prec: 0.0 | Recall 0.0 | F1 0.0 | Acc 75.91 | f1w 78.63 | Anomaly 15.32
INFO:src.evaluation:-- evaluation | classify --
DT FName: s_end Step: 191 1.0 0.0
RF FName: s_end Step: 191 1.0 0.0
DT FName: s_end Step: 191 1.0 0.0
RF FName: s_end Step: 191 1.0 0.0
DT FName: s_end Step: 191 1.0 0.0
RF FName: s_end Step: 191 1.0 0.0
DT FName: s_end Step: 191 1.0 0.0
RF FName: s_end Step: 191 1.0 0.0
DT FName: s_end Step: 191 1.0 0.0
RF FName: s_end Step: 191 1.0 0.0
DT FName: s_end Step: 191 1.0 0.0
RF FName: s_end Step: 191 1.0 0.0
DT FName: s_end Step: 191 1.0 0.0
RF FName: s_end Step: 191 1.0 0.0
DT FName: s_end Step: 191 1.0 0.0
RF FName: s_end Step: 191 1.0 0.0
DT FName: s_end Step: 191 1.0 0.0
RF FName: s_end Step: 191 0.0 0.0
DT FName: s_end Step: 191 1.0 0.0
RF FName: s_end Step: 191 1.0 0.0
DT FName: s_end Step: 198 1.0 0.0
RF FName: s_testpos Step: 198 1.0 1.0
DT FName: s_end Step: 198 1.0 0.0
RF FName: s_testpos Step: 198 1.0 0.0
DT FName: s_end Step: 198 1.0 0.0
RF FName: s_testpos Step: 198 1.0 0.0
DT FName: s_end Step: 198 1.0 0.0
RF FName: s_testpos Step: 198 1.0 0.0
DT FName: s_end Step: 198 1.0 0.0
RF FName: s_testpos Step: 198 1.0 0.0
DT FName: s_end Step: 198 1.0 0.0
RF FName: s_testpos Step: 198 1.0 1.0
DT FName: s_end Step: 198 1.0 0.0
RF FName: s_testpos Step: 198 1.0 0.0
DT FName: s_end Step: 198 1.0 0.0
RF FName: s_testpos Step: 198 1.0 1.0
DT FName: s_end Step: 198 1.0 0.0
RF FName: s_testpos Step: 198 1.0 1.0
DT FName: s_end Step: 198 1.0 0.0
RF FName: s_testpos Step: 198 1.0 0.0
DT FName: s_end Step: 190 1.0 0.0
RF FName: s_solved Step: 190 1.0 0.0
DT FName: s_end Step: 190 1.0 0.0
RF FName: s_solved Step: 190 1.0 0.0
DT FName: s_end Step: 190 1.0 0.0
RF FName: s_solved Step: 190 1.0 0.0
DT FName: s_end Step: 190 1.0 0.0
RF FName: s_solved Step: 190 1.0 1.0
DT FName: s_end Step: 190 1.0 0.0
RF FName: s_solved Step: 190 1.0 0.0
DT FName: s_end Step: 190 1.0 0.0
RF FName: s_solved Step: 190 1.0 0.0
DT FName: s_end Step: 190 1.0 0.0
RF FName: s_solved Step: 190 1.0 0.0
DT FName: s_end Step: 190 1.0 0.0
RF FName: s_solved Step: 190 1.0 0.0
DT FName: s_end Step: 190 1.0 0.0
RF FName: s_solved Step: 190 0.0 0.0
DT FName: s_end Step: 190 1.0 0.0
RF FName: s_solved Step: 190 1.0 0.0
DT FName: s_end Step: 190 1.0 0.0
RF FName: s_solved Step: 190 1.0 0.0
DT FName: s_end Step: 190 1.0 0.0
RF FName: s_solved Step: 190 1.0 0.0
DT FName: s_end Step: 190 1.0 0.0
RF FName: s_solved Step: 190 1.0 0.0
DT FName: s_end Step: 190 1.0 0.0
RF FName: s_solved Step: 190 1.0 1.0
DT FName: s_end Step: 190 1.0 0.0
RF FName: s_solved Step: 190 1.0 0.0
DT FName: s_end Step: 190 1.0 0.0
RF FName: s_solved Step: 190 1.0 0.0
DT FName: s_end Step: 190 1.0 0.0
RF FName: s_solved Step: 190 1.0 0.0
DT FName: s_end Step: 190 1.0 0.0
RF FName: s_solved Step: 190 1.0 0.0
DT FName: s_end Step: 190 1.0 0.0
RF FName: s_solved Step: 190 0.0 0.0
DT FName: s_end Step: 190 1.0 0.0
RF FName: s_solved Step: 190 1.0 0.0
DT FName: s_end Step: 188 1.0 0.0
RF FName: s_end Step: 188 1.0 0.0
DT FName: s_end Step: 188 1.0 0.0
RF FName: s_end Step: 188 1.0 0.0
DT FName: s_end Step: 188 1.0 0.0
RF FName: s_end Step: 188 1.0 0.0
DT FName: s_end Step: 188 1.0 0.0
RF FName: s_end Step: 188 1.0 0.0
DT FName: s_end Step: 188 1.0 0.0
RF FName: s_end Step: 188 1.0 0.0
DT FName: s_end Step: 188 1.0 0.0
RF FName: s_end Step: 188 1.0 0.0
DT FName: s_end Step: 188 1.0 0.0
RF FName: s_end Step: 188 1.0 0.0
DT FName: s_end Step: 188 1.0 0.0
RF FName: s_end Step: 188 1.0 0.0
DT FName: s_end Step: 188 1.0 0.0
RF FName: s_end Step: 188 0.0 0.0
DT FName: s_end Step: 188 1.0 0.0
RF FName: s_end Step: 188 1.0 0.0
DT | Prec: 100.0 | Recall 100.0 | F1 100.0 | Acc 100.0 | f1w 100.0
RF | Prec: 98.82 | Recall 100.0 | F1 99.39 | Acc 99.39 | f1w 99.39
INFO:src.model.policy:gail || EPOCH 20 | Rewards: -271 | Perplexity:  17.8017 | Div (pq qp js):  5.40  1.84  1.06 | Anomaly:  0.0% | Classify:  100.00% | Actions: {0: 1.2, 1: 4.1, 2: 2.8, 3: 1.5, 4: 2.6, 5: 1.7, 6: 1.8, 7: 1.4, 8: 44.0, 9: 2.9, 10: 1.5, 11: 104.0, 12: 1.5, 13: 3.2, 14: 2.0, 15: 16.5, 16: 9.8, 17: 2.1, 18: 1.2, 19: 1.0}
INFO:src.model.gail:epoc: 21 | Target Reward Mean: -49.48 | Reward Mean: -291.77 | Percent Solved:  3.61
INFO:src.model.gail:epoc: 22 | Target Reward Mean: -49.48 | Reward Mean: -282.13 | Percent Solved:  8.43
INFO:src.model.gail:epoc: 23 | Target Reward Mean: -49.48 | Reward Mean: -286.95 | Percent Solved:  6.02
INFO:src.model.gail:epoc: 24 | Target Reward Mean: -49.48 | Reward Mean: -291.77 | Percent Solved:  3.61
INFO:src.model.gail:epoc: 25 | Target Reward Mean: -49.48 | Reward Mean: -296.59 | Percent Solved:  1.20
INFO:src.model.gail:epoc: 26 | Target Reward Mean: -49.48 | Reward Mean: -294.18 | Percent Solved:  2.41
INFO:src.model.gail:epoc: 27 | Target Reward Mean: -49.48 | Reward Mean: -291.77 | Percent Solved:  3.61
INFO:src.model.gail:epoc: 28 | Target Reward Mean: -49.48 | Reward Mean: -294.18 | Percent Solved:  2.41
INFO:src.model.gail:epoc: 29 | Target Reward Mean: -49.48 | Reward Mean: -291.77 | Percent Solved:  3.61
INFO:src.model.gail:epoc: 30 | Target Reward Mean: -49.48 | Reward Mean: -296.59 | Percent Solved:  1.20
INFO:src.model.gail:epoc: 31 | Target Reward Mean: -49.48 | Reward Mean: -291.77 | Percent Solved:  3.61
INFO:src.model.gail:epoc: 32 | Target Reward Mean: -49.48 | Reward Mean: -294.18 | Percent Solved:  2.41
INFO:src.model.gail:epoc: 33 | Target Reward Mean: -49.48 | Reward Mean: -286.95 | Percent Solved:  6.02
INFO:src.model.gail:epoc: 34 | Target Reward Mean: -49.48 | Reward Mean: -289.36 | Percent Solved:  4.82
INFO:src.model.gail:epoc: 35 | Target Reward Mean: -49.48 | Reward Mean: -294.18 | Percent Solved:  2.41
INFO:src.model.gail:epoc: 36 | Target Reward Mean: -49.48 | Reward Mean: -291.77 | Percent Solved:  3.61
INFO:src.model.gail:epoc: 37 | Target Reward Mean: -49.48 | Reward Mean: -291.77 | Percent Solved:  3.61
INFO:src.model.gail:epoc: 38 | Target Reward Mean: -49.48 | Reward Mean: -291.77 | Percent Solved:  3.61
INFO:src.model.gail:epoc: 39 | Target Reward Mean: -49.48 | Reward Mean: -286.95 | Percent Solved:  6.02
INFO:src.evaluation:-- evaluation | reward and action --
INFO:src.evaluation:-- evaluation | perplexity --
INFO:src.evaluation:-- evaluation | divergence --
INFO:src.evaluation:-- evaluation | anomaly --
CBLOF | Prec: 0.0 | Recall 0.0 | F1 0.0 | Acc 62.69 | f1w 70.17 | Anomaly 28.54
IF | Prec: 0.0 | Recall 0.0 | F1 0.0 | Acc 72.57 | f1w 76.68 | Anomaly 18.65
INFO:src.evaluation:-- evaluation | classify --
DT FName: s_end Step: 179 1.0 0.0
RF FName: s_testpos Step: 179 1.0 0.0
DT FName: s_end Step: 179 1.0 0.0
RF FName: s_testpos Step: 179 1.0 0.0
DT FName: s_end Step: 179 1.0 0.0
RF FName: s_testpos Step: 179 1.0 0.0
DT FName: s_end Step: 179 1.0 0.0
RF FName: s_testpos Step: 179 1.0 0.0
DT FName: s_end Step: 179 1.0 0.0
RF FName: s_testpos Step: 179 1.0 0.0
DT FName: s_end Step: 179 1.0 0.0
RF FName: s_testpos Step: 179 1.0 0.0
DT FName: s_end Step: 179 1.0 0.0
RF FName: s_testpos Step: 179 0.0 0.0
DT FName: s_end Step: 179 1.0 0.0
RF FName: s_testpos Step: 179 1.0 0.0
DT FName: s_end Step: 179 1.0 0.0
RF FName: s_testpos Step: 179 1.0 0.0
DT FName: s_end Step: 179 1.0 0.0
RF FName: s_testpos Step: 179 1.0 0.0
DT FName: s_end Step: 179 1.0 0.0
RF FName: s_testpos Step: 179 1.0 0.0
DT FName: s_end Step: 179 1.0 0.0
RF FName: s_testpos Step: 179 1.0 0.0
DT FName: s_end Step: 179 1.0 0.0
RF FName: s_testpos Step: 179 1.0 0.0
DT FName: s_end Step: 179 1.0 0.0
RF FName: s_testpos Step: 179 1.0 0.0
DT FName: s_end Step: 179 1.0 0.0
RF FName: s_testpos Step: 179 1.0 0.0
DT FName: s_end Step: 179 1.0 0.0
RF FName: s_testpos Step: 179 1.0 0.0
DT FName: s_end Step: 179 1.0 0.0
RF FName: s_testpos Step: 179 0.0 0.0
DT FName: s_end Step: 179 1.0 0.0
RF FName: s_testpos Step: 179 1.0 0.0
DT FName: s_end Step: 179 1.0 0.0
RF FName: s_testpos Step: 179 1.0 0.0
DT FName: s_end Step: 179 1.0 0.0
RF FName: s_testpos Step: 179 1.0 0.0
DT FName: s_end Step: 169 1.0 0.0
RF FName: s_testpos Step: 169 1.0 0.0
DT FName: s_end Step: 169 1.0 0.0
RF FName: s_testpos Step: 169 1.0 0.0
DT FName: s_end Step: 169 1.0 0.0
RF FName: s_testpos Step: 169 1.0 0.0
DT FName: s_end Step: 169 1.0 0.0
RF FName: s_testpos Step: 169 1.0 0.0
DT FName: s_end Step: 169 1.0 0.0
RF FName: s_testpos Step: 169 1.0 0.0
DT FName: s_end Step: 169 1.0 0.0
RF FName: s_testpos Step: 169 1.0 0.0
DT FName: s_end Step: 169 1.0 0.0
RF FName: s_testpos Step: 169 0.0 0.0
DT FName: s_end Step: 169 1.0 0.0
RF FName: s_testpos Step: 169 1.0 0.0
DT FName: s_end Step: 169 1.0 0.0
RF FName: s_testpos Step: 169 1.0 0.0
DT FName: s_end Step: 169 1.0 0.0
RF FName: s_testpos Step: 169 1.0 0.0
DT FName: s_end Step: 198 1.0 0.0
RF FName: s_end Step: 198 1.0 0.0
DT FName: s_end Step: 198 1.0 0.0
RF FName: s_end Step: 198 1.0 0.0
DT FName: s_end Step: 198 1.0 0.0
RF FName: s_end Step: 198 1.0 0.0
DT FName: s_end Step: 198 1.0 0.0
RF FName: s_end Step: 198 1.0 0.0
DT FName: s_end Step: 198 1.0 0.0
RF FName: s_end Step: 198 1.0 0.0
DT FName: s_end Step: 198 1.0 0.0
RF FName: s_end Step: 198 1.0 0.0
DT FName: s_end Step: 198 1.0 0.0
RF FName: s_end Step: 198 0.0 0.0
DT FName: s_end Step: 198 1.0 0.0
RF FName: s_end Step: 198 1.0 0.0
DT FName: s_end Step: 198 1.0 0.0
RF FName: s_end Step: 198 1.0 0.0
DT FName: s_end Step: 198 1.0 0.0
RF FName: s_end Step: 198 1.0 0.0
DT FName: s_end Step: 191 1.0 0.0
RF FName: s_end Step: 191 1.0 0.0
DT FName: s_end Step: 191 1.0 0.0
RF FName: s_end Step: 191 1.0 0.0
DT FName: s_end Step: 191 1.0 0.0
RF FName: s_end Step: 191 0.0 0.0
DT FName: s_end Step: 191 1.0 0.0
RF FName: s_end Step: 191 1.0 0.0
DT FName: s_end Step: 191 1.0 0.0
RF FName: s_end Step: 191 1.0 0.0
DT FName: s_end Step: 191 1.0 0.0
RF FName: s_end Step: 191 1.0 0.0
DT FName: s_end Step: 191 0.0 0.0
RF FName: s_end Step: 191 0.0 0.0
DT FName: s_end Step: 191 1.0 0.0
RF FName: s_end Step: 191 1.0 0.0
DT FName: s_end Step: 191 1.0 0.0
RF FName: s_end Step: 191 1.0 0.0
DT FName: s_end Step: 191 1.0 0.0
RF FName: s_end Step: 191 1.0 0.0
DT | Prec: 98.82 | Recall 100.0 | F1 99.39 | Acc 99.39 | f1w 99.39
RF | Prec: 100.0 | Recall 100.0 | F1 100.0 | Acc 100.0 | f1w 100.0
INFO:src.model.policy:gail || EPOCH 40 | Rewards: -288 | Perplexity:  26.7262 | Div (pq qp js):  6.82  2.25  1.30 | Anomaly:  0.0% | Classify:  100.00% | Actions: {0: 1.3, 1: 15.6, 2: 3.2, 3: 1.1, 4: 6.5, 5: 1.1, 6: 1.4, 7: 1.1, 8: 15.4, 9: 74.4, 10: 4.8, 11: 50.5, 12: 5.3, 13: 4.3, 14: 2.2, 15: 2.6, 16: 12.5, 17: 1.3, 18: 1.1, 19: 1.0}
INFO:src.model.gail:epoc: 41 | Target Reward Mean: -49.48 | Reward Mean: -291.77 | Percent Solved:  3.61
INFO:src.model.gail:epoc: 42 | Target Reward Mean: -49.48 | Reward Mean: -286.95 | Percent Solved:  6.02
INFO:src.model.gail:epoc: 43 | Target Reward Mean: -49.48 | Reward Mean: -284.54 | Percent Solved:  7.23
INFO:src.model.gail:epoc: 44 | Target Reward Mean: -49.48 | Reward Mean: -279.72 | Percent Solved:  9.64
INFO:src.model.gail:epoc: 45 | Target Reward Mean: -49.48 | Reward Mean: -272.49 | Percent Solved:  13.25
INFO:src.model.gail:epoc: 46 | Target Reward Mean: -49.48 | Reward Mean: -274.90 | Percent Solved:  12.05
INFO:src.model.gail:epoc: 47 | Target Reward Mean: -49.48 | Reward Mean: -284.54 | Percent Solved:  7.23
INFO:src.model.gail:epoc: 48 | Target Reward Mean: -49.48 | Reward Mean: -286.95 | Percent Solved:  6.02
INFO:src.model.gail:epoc: 49 | Target Reward Mean: -49.48 | Reward Mean: -289.36 | Percent Solved:  4.82
INFO:src.model.gail:epoc: 50 | Target Reward Mean: -49.48 | Reward Mean: -274.90 | Percent Solved:  12.05
INFO:src.model.gail:epoc: 51 | Target Reward Mean: -49.48 | Reward Mean: -277.31 | Percent Solved:  10.84
INFO:src.model.gail:epoc: 52 | Target Reward Mean: -49.48 | Reward Mean: -270.08 | Percent Solved:  14.46
INFO:src.model.gail:epoc: 53 | Target Reward Mean: -49.48 | Reward Mean: -255.63 | Percent Solved:  21.69
INFO:src.model.gail:epoc: 54 | Target Reward Mean: -49.48 | Reward Mean: -243.58 | Percent Solved:  27.71
INFO:src.model.gail:epoc: 55 | Target Reward Mean: -49.48 | Reward Mean: -253.22 | Percent Solved:  22.89
INFO:src.model.gail:epoc: 56 | Target Reward Mean: -49.48 | Reward Mean: -226.71 | Percent Solved:  36.14
INFO:src.model.gail:epoc: 57 | Target Reward Mean: -49.48 | Reward Mean: -226.71 | Percent Solved:  36.14
INFO:src.model.gail:epoc: 58 | Target Reward Mean: -49.48 | Reward Mean: -226.71 | Percent Solved:  36.14
INFO:src.model.gail:epoc: 59 | Target Reward Mean: -49.48 | Reward Mean: -226.71 | Percent Solved:  36.14
INFO:src.evaluation:-- evaluation | reward and action --
INFO:src.evaluation:-- evaluation | perplexity --
INFO:src.evaluation:-- evaluation | divergence --
INFO:src.evaluation:-- evaluation | anomaly --
CBLOF | Prec: 29.0 | Recall 90.0 | F1 42.67 | Acc 79.24 | f1w 83.37 | Anomaly 27.31
IF | Prec: 46.67 | Recall 70.0 | F1 53.33 | Acc 89.18 | f1w 90.28 | Anomaly 13.16
INFO:src.evaluation:-- evaluation | classify --
DT FName: s_end Step: 189 1.0 0.0
RF FName: s_label Step: 189 13.0 0.0
DT FName: s_end Step: 189 1.0 0.0
RF FName: s_label Step: 189 8.0 0.0
DT FName: s_end Step: 189 1.0 0.0
RF FName: s_label Step: 189 2.0 0.0
DT FName: s_end Step: 189 1.0 0.0
RF FName: s_label Step: 189 4.0 0.0
DT FName: s_end Step: 189 1.0 0.0
RF FName: s_label Step: 189 11.0 0.0
DT FName: s_end Step: 189 1.0 0.0
RF FName: s_label Step: 189 10.0 0.0
DT FName: s_end Step: 189 1.0 0.0
RF FName: s_label Step: 189 1.0 0.0
DT FName: s_end Step: 189 1.0 0.0
RF FName: s_label Step: 189 11.0 0.0
DT FName: s_end Step: 189 1.0 0.0
RF FName: s_label Step: 189 14.0 0.0
DT FName: s_end Step: 189 1.0 0.0
RF FName: s_label Step: 189 4.0 0.0
DT FName: s_end Step: 189 1.0 0.0
RF FName: s_computer Step: 189 2.0 18.0
DT FName: s_end Step: 189 1.0 0.0
RF FName: s_computer Step: 189 4.0 8.0
DT FName: s_end Step: 189 1.0 0.0
RF FName: s_computer Step: 189 2.0 14.0
DT FName: s_end Step: 189 1.0 0.0
RF FName: s_computer Step: 189 0.0 15.0
DT FName: s_end Step: 189 1.0 0.0
RF FName: s_computer Step: 189 0.0 13.0
DT FName: s_end Step: 189 1.0 0.0
RF FName: s_computer Step: 189 5.0 9.0
DT FName: s_end Step: 189 1.0 0.0
RF FName: s_computer Step: 189 8.0 20.0
DT FName: s_end Step: 189 1.0 0.0
RF FName: s_computer Step: 189 0.0 17.0
DT FName: s_end Step: 189 1.0 0.0
RF FName: s_computer Step: 189 10.0 17.0
DT FName: s_end Step: 189 1.0 0.0
RF FName: s_computer Step: 189 0.0 15.0
DT FName: s_end Step: 175 1.0 0.0
RF FName: s_testpos Step: 175 1.0 0.0
DT FName: s_end Step: 175 1.0 0.0
RF FName: s_testpos Step: 175 1.0 0.0
DT FName: s_end Step: 175 1.0 0.0
RF FName: s_testpos Step: 175 1.0 0.0
DT FName: s_end Step: 175 1.0 0.0
RF FName: s_testpos Step: 175 0.0 0.0
DT FName: s_end Step: 175 1.0 0.0
RF FName: s_testpos Step: 175 1.0 0.0
DT FName: s_end Step: 175 1.0 0.0
RF FName: s_testpos Step: 175 1.0 0.0
DT FName: s_end Step: 175 1.0 0.0
RF FName: s_testpos Step: 175 1.0 0.0
DT FName: s_end Step: 175 1.0 0.0
RF FName: s_testpos Step: 175 1.0 0.0
DT FName: s_end Step: 175 1.0 0.0
RF FName: s_testpos Step: 175 1.0 0.0
DT FName: s_end Step: 175 1.0 0.0
RF FName: s_testpos Step: 175 1.0 0.0
DT FName: s_end Step: 190 1.0 0.0
RF FName: s_computer Step: 190 2.0 18.0
DT FName: s_end Step: 190 1.0 0.0
RF FName: s_computer Step: 190 4.0 8.0
DT FName: s_end Step: 190 1.0 0.0
RF FName: s_computer Step: 190 2.0 14.0
DT FName: s_end Step: 190 1.0 0.0
RF FName: s_computer Step: 190 0.0 15.0
DT FName: s_end Step: 190 1.0 0.0
RF FName: s_computer Step: 190 0.0 13.0
DT FName: s_end Step: 190 1.0 0.0
RF FName: s_computer Step: 190 5.0 9.0
DT FName: s_end Step: 190 1.0 0.0
RF FName: s_computer Step: 190 8.0 20.0
DT FName: s_end Step: 190 1.0 0.0
RF FName: s_computer Step: 190 0.0 17.0
DT FName: s_end Step: 190 1.0 0.0
RF FName: s_computer Step: 190 10.0 17.0
DT FName: s_end Step: 190 1.0 0.0
RF FName: s_computer Step: 190 0.0 15.0
DT FName: s_end Step: 190 1.0 0.0
RF FName: s_label_slide Step: 190 1.0 0.0
DT FName: s_end Step: 190 1.0 0.0
RF FName: s_label_slide Step: 190 1.0 0.0
DT FName: s_end Step: 190 1.0 0.0
RF FName: s_label_slide Step: 190 1.0 0.0
DT FName: s_end Step: 190 1.0 0.0
RF FName: s_label_slide Step: 190 0.0 0.0
DT FName: s_end Step: 190 1.0 0.0
RF FName: s_label_slide Step: 190 1.0 0.0
DT FName: s_end Step: 190 1.0 0.0
RF FName: s_label_slide Step: 190 1.0 0.0
DT FName: s_end Step: 190 1.0 0.0
RF FName: s_label_slide Step: 190 1.0 0.0
DT FName: s_end Step: 190 1.0 0.0
RF FName: s_label_slide Step: 190 1.0 0.0
DT FName: s_end Step: 190 1.0 0.0
RF FName: s_label_slide Step: 190 1.0 0.0
DT FName: s_end Step: 190 1.0 0.0
RF FName: s_label_slide Step: 190 1.0 0.0
DT | Prec: 100.0 | Recall 100.0 | F1 100.0 | Acc 100.0 | f1w 100.0
RF | Prec: 100.0 | Recall 100.0 | F1 100.0 | Acc 100.0 | f1w 100.0
INFO:src.model.policy:gail || EPOCH 60 | Rewards: -218 | Perplexity:  24.0245 | Div (pq qp js):  6.93  2.14  1.25 | Anomaly:  57.1% | Classify:  100.00% | Actions: {0: 3.5, 1: 3.2, 2: 28.9, 3: 4.8, 4: 4.6, 5: 1.6, 6: 22.5, 7: 1.3, 8: 51.9, 9: 1.2, 10: 15.4, 11: 20.6, 12: 3.3, 13: 13.0, 14: 15.7, 15: 5.0, 16: 1.3, 17: 1.5, 18: 3.7, 19: 1.0}
INFO:src.model.gail:epoc: 61 | Target Reward Mean: -49.48 | Reward Mean: -219.48 | Percent Solved:  39.76
INFO:src.model.gail:epoc: 62 | Target Reward Mean: -49.48 | Reward Mean: -226.71 | Percent Solved:  36.14
INFO:src.model.gail:epoc: 63 | Target Reward Mean: -49.48 | Reward Mean: -217.07 | Percent Solved:  40.96
INFO:src.model.gail:epoc: 64 | Target Reward Mean: -49.48 | Reward Mean: -224.30 | Percent Solved:  37.35
INFO:src.model.gail:epoc: 65 | Target Reward Mean: -49.48 | Reward Mean: -219.48 | Percent Solved:  39.76
INFO:src.model.gail:epoc: 66 | Target Reward Mean: -49.48 | Reward Mean: -219.48 | Percent Solved:  39.76
INFO:src.model.gail:epoc: 67 | Target Reward Mean: -49.48 | Reward Mean: -212.25 | Percent Solved:  43.37
INFO:src.model.gail:epoc: 68 | Target Reward Mean: -49.48 | Reward Mean: -207.43 | Percent Solved:  45.78
INFO:src.model.gail:epoc: 69 | Target Reward Mean: -49.48 | Reward Mean: -214.66 | Percent Solved:  42.17
INFO:src.model.gail:epoc: 70 | Target Reward Mean: -49.48 | Reward Mean: -219.48 | Percent Solved:  39.76
INFO:src.model.gail:epoc: 71 | Target Reward Mean: -49.48 | Reward Mean: -238.76 | Percent Solved:  30.12
INFO:src.model.gail:epoc: 72 | Target Reward Mean: -49.48 | Reward Mean: -212.25 | Percent Solved:  43.37
INFO:src.model.gail:epoc: 73 | Target Reward Mean: -49.48 | Reward Mean: -229.12 | Percent Solved:  34.94
INFO:src.model.gail:epoc: 74 | Target Reward Mean: -49.48 | Reward Mean: -205.02 | Percent Solved:  46.99
INFO:src.model.gail:epoc: 75 | Target Reward Mean: -49.48 | Reward Mean: -209.84 | Percent Solved:  44.58
INFO:src.model.gail:epoc: 76 | Target Reward Mean: -49.48 | Reward Mean: -205.02 | Percent Solved:  46.99
INFO:src.model.gail:epoc: 77 | Target Reward Mean: -49.48 | Reward Mean: -217.07 | Percent Solved:  40.96
INFO:src.model.gail:epoc: 78 | Target Reward Mean: -49.48 | Reward Mean: -233.94 | Percent Solved:  32.53
INFO:src.model.gail:epoc: 79 | Target Reward Mean: -49.48 | Reward Mean: -214.66 | Percent Solved:  42.17
INFO:src.evaluation:-- evaluation | reward and action --
INFO:src.evaluation:-- evaluation | perplexity --
INFO:src.evaluation:-- evaluation | divergence --
INFO:src.evaluation:-- evaluation | anomaly --
CBLOF | Prec: 0.0 | Recall 0.0 | F1 0.0 | Acc 69.42 | f1w 74.41 | Anomaly 21.81
IF | Prec: 0.0 | Recall 0.0 | F1 0.0 | Acc 74.74 | f1w 77.89 | Anomaly 16.49
INFO:src.evaluation:-- evaluation | classify --
DT FName: s_end Step: 167 1.0 0.0
RF FName: s_testpos Step: 167 1.0 0.0
DT FName: s_end Step: 167 1.0 0.0
RF FName: s_testpos Step: 167 1.0 0.0
DT FName: s_end Step: 167 1.0 0.0
RF FName: s_testpos Step: 167 1.0 0.0
DT FName: s_end Step: 167 1.0 0.0
RF FName: s_testpos Step: 167 1.0 0.0
DT FName: s_end Step: 167 1.0 0.0
RF FName: s_testpos Step: 167 1.0 0.0
DT FName: s_end Step: 167 1.0 0.0
RF FName: s_testpos Step: 167 1.0 0.0
DT FName: s_end Step: 167 1.0 0.0
RF FName: s_testpos Step: 167 1.0 0.0
DT FName: s_end Step: 167 1.0 0.0
RF FName: s_testpos Step: 167 1.0 0.0
DT FName: s_end Step: 167 1.0 0.0
RF FName: s_testpos Step: 167 1.0 0.0
DT FName: s_end Step: 167 1.0 0.0
RF FName: s_testpos Step: 167 1.0 0.0
DT FName: s_end Step: 154 1.0 0.0
RF FName: s_testpos Step: 154 1.0 0.0
DT FName: s_end Step: 154 1.0 0.0
RF FName: s_testpos Step: 154 1.0 0.0
DT FName: s_end Step: 154 1.0 0.0
RF FName: s_testpos Step: 154 1.0 0.0
DT FName: s_end Step: 154 1.0 0.0
RF FName: s_testpos Step: 154 1.0 0.0
DT FName: s_end Step: 154 1.0 0.0
RF FName: s_testpos Step: 154 1.0 0.0
DT FName: s_end Step: 154 1.0 0.0
RF FName: s_testpos Step: 154 1.0 0.0
DT FName: s_end Step: 154 1.0 0.0
RF FName: s_testpos Step: 154 1.0 0.0
DT FName: s_end Step: 154 1.0 0.0
RF FName: s_testpos Step: 154 1.0 0.0
DT FName: s_end Step: 154 1.0 0.0
RF FName: s_testpos Step: 154 1.0 0.0
DT FName: s_end Step: 154 1.0 0.0
RF FName: s_testpos Step: 154 1.0 0.0
DT FName: s_end Step: 174 1.0 0.0
RF FName: s_testpos Step: 174 1.0 0.0
DT FName: s_end Step: 174 1.0 0.0
RF FName: s_testpos Step: 174 1.0 0.0
DT FName: s_end Step: 174 1.0 0.0
RF FName: s_testpos Step: 174 1.0 0.0
DT FName: s_end Step: 174 1.0 0.0
RF FName: s_testpos Step: 174 1.0 0.0
DT FName: s_end Step: 174 1.0 0.0
RF FName: s_testpos Step: 174 1.0 0.0
DT FName: s_end Step: 174 1.0 0.0
RF FName: s_testpos Step: 174 1.0 0.0
DT FName: s_end Step: 174 1.0 0.0
RF FName: s_testpos Step: 174 1.0 0.0
DT FName: s_end Step: 174 1.0 0.0
RF FName: s_testpos Step: 174 1.0 0.0
DT FName: s_end Step: 174 1.0 0.0
RF FName: s_testpos Step: 174 1.0 0.0
DT FName: s_end Step: 174 1.0 0.0
RF FName: s_testpos Step: 174 1.0 0.0
DT FName: s_end Step: 166 1.0 0.0
RF FName: s_testpos Step: 166 1.0 0.0
DT FName: s_end Step: 166 1.0 0.0
RF FName: s_testpos Step: 166 1.0 0.0
DT FName: s_end Step: 166 1.0 0.0
RF FName: s_testpos Step: 166 1.0 0.0
DT FName: s_end Step: 166 1.0 0.0
RF FName: s_testpos Step: 166 1.0 0.0
DT FName: s_end Step: 166 1.0 0.0
RF FName: s_testpos Step: 166 1.0 0.0
DT FName: s_end Step: 166 1.0 0.0
RF FName: s_testpos Step: 166 1.0 0.0
DT FName: s_end Step: 166 1.0 0.0
RF FName: s_testpos Step: 166 1.0 0.0
DT FName: s_end Step: 166 1.0 0.0
RF FName: s_testpos Step: 166 1.0 0.0
DT FName: s_end Step: 166 1.0 0.0
RF FName: s_testpos Step: 166 1.0 0.0
DT FName: s_end Step: 166 1.0 0.0
RF FName: s_testpos Step: 166 1.0 0.0
DT FName: s_testpos Step: 153 1.0 0.0
RF FName: s_testpos Step: 153 1.0 0.0
DT FName: s_testpos Step: 153 1.0 0.0
RF FName: s_testpos Step: 153 1.0 0.0
DT FName: s_testpos Step: 153 1.0 0.0
RF FName: s_testpos Step: 153 1.0 0.0
DT FName: s_testpos Step: 153 1.0 0.0
RF FName: s_testpos Step: 153 1.0 0.0
DT FName: s_testpos Step: 153 1.0 0.0
RF FName: s_testpos Step: 153 1.0 0.0
DT FName: s_testpos Step: 153 1.0 0.0
RF FName: s_testpos Step: 153 1.0 0.0
DT FName: s_testpos Step: 153 1.0 0.0
RF FName: s_testpos Step: 153 1.0 0.0
DT FName: s_testpos Step: 153 1.0 0.0
RF FName: s_testpos Step: 153 1.0 0.0
DT FName: s_testpos Step: 153 1.0 0.0
RF FName: s_testpos Step: 153 1.0 0.0
DT FName: s_testpos Step: 153 1.0 0.0
RF FName: s_testpos Step: 153 1.0 0.0
DT | Prec: 100.0 | Recall 98.75 | F1 99.35 | Acc 99.39 | f1w 99.39
RF | Prec: 100.0 | Recall 98.75 | F1 99.35 | Acc 99.39 | f1w 99.39
INFO:src.model.policy:gail || EPOCH 80 | Rewards: -245 | Perplexity:  25.5942 | Div (pq qp js):  5.34  2.20  1.27 | Anomaly:  0.0% | Classify:  100.00% | Actions: {0: 1.7, 1: 1.5, 2: 4.3, 3: 1.6, 4: 5.6, 5: 2.5, 6: 2.3, 7: 1.6, 8: 8.2, 9: 1.3, 10: 1.7, 11: 145.7, 12: 3.1, 13: 1.4, 14: 1.2, 15: 17.0, 16: 2.9, 17: 1.5, 18: 1.6, 19: 1.0}
INFO:src.model.gail:epoc: 81 | Target Reward Mean: -49.48 | Reward Mean: -224.30 | Percent Solved:  37.35
INFO:src.model.gail:epoc: 82 | Target Reward Mean: -49.48 | Reward Mean: -236.35 | Percent Solved:  31.33
INFO:src.model.gail:epoc: 83 | Target Reward Mean: -49.48 | Reward Mean: -258.04 | Percent Solved:  20.48
INFO:src.model.gail:epoc: 84 | Target Reward Mean: -49.48 | Reward Mean: -265.27 | Percent Solved:  16.87
INFO:src.model.gail:epoc: 85 | Target Reward Mean: -49.48 | Reward Mean: -262.86 | Percent Solved:  18.07
INFO:src.model.gail:epoc: 86 | Target Reward Mean: -49.48 | Reward Mean: -262.86 | Percent Solved:  18.07
INFO:src.model.gail:epoc: 87 | Target Reward Mean: -49.48 | Reward Mean: -253.22 | Percent Solved:  22.89
INFO:src.model.gail:epoc: 88 | Target Reward Mean: -49.48 | Reward Mean: -245.99 | Percent Solved:  26.51
INFO:src.model.gail:epoc: 89 | Target Reward Mean: -49.48 | Reward Mean: -277.31 | Percent Solved:  10.84
INFO:src.model.gail:epoc: 90 | Target Reward Mean: -49.48 | Reward Mean: -253.22 | Percent Solved:  22.89
INFO:src.model.gail:epoc: 91 | Target Reward Mean: -49.48 | Reward Mean: -262.86 | Percent Solved:  18.07
INFO:src.model.gail:epoc: 92 | Target Reward Mean: -49.48 | Reward Mean: -243.58 | Percent Solved:  27.71
INFO:src.model.gail:epoc: 93 | Target Reward Mean: -49.48 | Reward Mean: -253.22 | Percent Solved:  22.89
INFO:src.model.gail:epoc: 94 | Target Reward Mean: -49.48 | Reward Mean: -258.04 | Percent Solved:  20.48
INFO:src.model.gail:epoc: 95 | Target Reward Mean: -49.48 | Reward Mean: -217.07 | Percent Solved:  40.96
INFO:src.model.gail:epoc: 96 | Target Reward Mean: -49.48 | Reward Mean: -250.81 | Percent Solved:  24.10
INFO:src.model.gail:epoc: 97 | Target Reward Mean: -49.48 | Reward Mean: -248.40 | Percent Solved:  25.30
INFO:src.model.gail:epoc: 98 | Target Reward Mean: -49.48 | Reward Mean: -248.40 | Percent Solved:  25.30
INFO:src.model.gail:epoc: 99 | Target Reward Mean: -49.48 | Reward Mean: -226.73 | Percent Solved:  34.94
INFO:src.evaluation:-- evaluation | reward and action --
INFO:src.evaluation:-- evaluation | perplexity --
INFO:src.evaluation:-- evaluation | divergence --
INFO:src.evaluation:-- evaluation | anomaly --
CBLOF | Prec: 8.44 | Recall 40.0 | F1 13.94 | Acc 71.52 | f1w 76.16 | Anomaly 26.14
IF | Prec: 0.0 | Recall 0.0 | F1 0.0 | Acc 78.01 | f1w 79.88 | Anomaly 13.22
INFO:src.evaluation:-- evaluation | classify --
DT FName: s_notetake Step: 177 3.0 21.0
RF FName: s_notetake Step: 177 5.0 42.0
DT FName: s_notetake Step: 177 5.0 24.0
RF FName: s_notetake Step: 177 5.0 39.0
DT FName: s_notetake Step: 177 0.0 29.0
RF FName: s_notetake Step: 177 5.0 47.0
DT FName: s_notetake Step: 177 1.0 20.0
RF FName: s_notetake Step: 177 1.0 40.0
DT FName: s_notetake Step: 177 2.0 16.0
RF FName: s_notetake Step: 177 2.0 31.0
DT FName: s_notetake Step: 177 0.0 22.0
RF FName: s_notetake Step: 177 0.0 34.0
DT FName: s_notetake Step: 177 3.0 32.0
RF FName: s_notetake Step: 177 4.0 57.0
DT FName: s_notetake Step: 177 2.0 23.0
RF FName: s_notetake Step: 177 4.0 45.0
DT FName: s_notetake Step: 177 0.0 29.0
RF FName: s_notetake Step: 177 0.0 54.0
DT FName: s_notetake Step: 177 2.0 19.0
RF FName: s_notetake Step: 177 3.0 38.0
DT FName: s_notetake Step: 103 3.0 21.0
RF FName: s_notetake Step: 103 5.0 25.0
DT FName: s_notetake Step: 103 5.0 24.0
RF FName: s_notetake Step: 103 5.0 27.0
DT FName: s_notetake Step: 103 0.0 29.0
RF FName: s_notetake Step: 103 0.0 30.0
DT FName: s_notetake Step: 103 1.0 20.0
RF FName: s_notetake Step: 103 1.0 22.0
DT FName: s_notetake Step: 103 2.0 16.0
RF FName: s_notetake Step: 103 2.0 18.0
DT FName: s_notetake Step: 103 0.0 22.0
RF FName: s_notetake Step: 103 0.0 25.0
DT FName: s_notetake Step: 103 3.0 32.0
RF FName: s_notetake Step: 103 3.0 35.0
DT FName: s_notetake Step: 103 2.0 23.0
RF FName: s_notetake Step: 103 2.0 25.0
DT FName: s_notetake Step: 103 0.0 29.0
RF FName: s_notetake Step: 103 0.0 30.0
DT FName: s_notetake Step: 103 2.0 19.0
RF FName: s_notetake Step: 103 2.0 21.0
DT FName: s_notetake Step: 182 3.0 21.0
RF FName: s_notetake Step: 182 5.0 43.0
DT FName: s_notetake Step: 182 5.0 24.0
RF FName: s_notetake Step: 182 5.0 42.0
DT FName: s_notetake Step: 182 0.0 29.0
RF FName: s_notetake Step: 182 5.0 50.0
DT FName: s_notetake Step: 182 1.0 20.0
RF FName: s_notetake Step: 182 1.0 41.0
DT FName: s_notetake Step: 182 2.0 16.0
RF FName: s_notetake Step: 182 2.0 34.0
DT FName: s_notetake Step: 182 0.0 22.0
RF FName: s_notetake Step: 182 0.0 35.0
DT FName: s_notetake Step: 182 3.0 32.0
RF FName: s_notetake Step: 182 4.0 58.0
DT FName: s_notetake Step: 182 2.0 23.0
RF FName: s_notetake Step: 182 4.0 45.0
DT FName: s_notetake Step: 182 0.0 29.0
RF FName: s_notetake Step: 182 0.0 56.0
DT FName: s_notetake Step: 182 2.0 19.0
RF FName: s_notetake Step: 182 3.0 39.0
DT FName: s_notetake Step: 101 3.0 21.0
RF FName: s_notetake Step: 101 5.0 25.0
DT FName: s_notetake Step: 101 5.0 24.0
RF FName: s_notetake Step: 101 5.0 26.0
DT FName: s_notetake Step: 101 0.0 29.0
RF FName: s_notetake Step: 101 0.0 29.0
DT FName: s_notetake Step: 101 1.0 20.0
RF FName: s_notetake Step: 101 1.0 21.0
DT FName: s_notetake Step: 101 2.0 16.0
RF FName: s_notetake Step: 101 2.0 17.0
DT FName: s_notetake Step: 101 0.0 22.0
RF FName: s_notetake Step: 101 0.0 24.0
DT FName: s_notetake Step: 101 3.0 32.0
RF FName: s_notetake Step: 101 3.0 34.0
DT FName: s_notetake Step: 101 2.0 23.0
RF FName: s_notetake Step: 101 2.0 24.0
DT FName: s_notetake Step: 101 0.0 29.0
RF FName: s_notetake Step: 101 0.0 30.0
DT FName: s_notetake Step: 101 2.0 19.0
RF FName: s_notetake Step: 101 2.0 21.0
DT FName: s_notetake Step: 198 3.0 21.0
RF FName: s_notetake Step: 198 5.0 45.0
DT FName: s_notetake Step: 198 5.0 24.0
RF FName: s_notetake Step: 198 5.0 45.0
DT FName: s_notetake Step: 198 0.0 29.0
RF FName: s_notetake Step: 198 5.0 53.0
DT FName: s_notetake Step: 198 1.0 20.0
RF FName: s_notetake Step: 198 1.0 45.0
DT FName: s_notetake Step: 198 2.0 16.0
RF FName: s_notetake Step: 198 2.0 36.0
DT FName: s_notetake Step: 198 0.0 22.0
RF FName: s_notetake Step: 198 0.0 38.0
DT FName: s_notetake Step: 198 3.0 32.0
RF FName: s_notetake Step: 198 4.0 63.0
DT FName: s_notetake Step: 198 2.0 23.0
RF FName: s_notetake Step: 198 4.0 50.0
DT FName: s_notetake Step: 198 0.0 29.0
RF FName: s_notetake Step: 198 0.0 59.0
DT FName: s_notetake Step: 198 2.0 19.0
RF FName: s_notetake Step: 198 3.0 43.0
DT | Prec: 98.82 | Recall 97.57 | F1 98.14 | Acc 98.18 | f1w 98.18
RF | Prec: 100.0 | Recall 97.57 | F1 98.75 | Acc 98.79 | f1w 98.79
INFO:src.model.policy:gail || EPOCH 100 | Rewards: -233 | Perplexity:  22.3013 | Div (pq qp js):  6.80  2.07  1.20 | Anomaly:  0.0% | Classify:  100.00% | Actions: {0: 4.4, 1: 5.3, 2: 7.4, 3: 5.0, 4: 12.4, 5: 2.6, 6: 6.6, 7: 5.5, 8: 16.9, 9: 1.9, 10: 17.6, 11: 51.8, 12: 46.0, 13: 4.2, 14: 1.9, 15: 3.6, 16: 4.9, 17: 1.6, 18: 1.9, 19: 1.0}
INFO:src.model.gail:epoc: 101 | Target Reward Mean: -49.48 | Reward Mean: -233.96 | Percent Solved:  31.33
INFO:src.model.gail:epoc: 102 | Target Reward Mean: -49.48 | Reward Mean: -245.99 | Percent Solved:  26.51
INFO:src.model.gail:epoc: 103 | Target Reward Mean: -49.48 | Reward Mean: -231.75 | Percent Solved:  30.12
INFO:src.model.gail:epoc: 104 | Target Reward Mean: -49.48 | Reward Mean: -229.23 | Percent Solved:  31.33
INFO:src.model.gail:epoc: 105 | Target Reward Mean: -49.48 | Reward Mean: -227.35 | Percent Solved:  31.33
INFO:src.model.gail:epoc: 106 | Target Reward Mean: -49.48 | Reward Mean: -198.41 | Percent Solved:  46.99
INFO:src.model.gail:epoc: 107 | Target Reward Mean: -49.48 | Reward Mean: -196.08 | Percent Solved:  43.37
INFO:src.model.gail:epoc: 108 | Target Reward Mean: -49.48 | Reward Mean: -227.13 | Percent Solved:  31.33
INFO:src.model.gail:epoc: 109 | Target Reward Mean: -49.48 | Reward Mean: -224.86 | Percent Solved:  30.12
INFO:src.model.gail:epoc: 110 | Target Reward Mean: -49.48 | Reward Mean: -219.58 | Percent Solved:  38.55
INFO:src.model.gail:epoc: 111 | Target Reward Mean: -49.48 | Reward Mean: -244.04 | Percent Solved:  25.30
INFO:src.model.gail:epoc: 112 | Target Reward Mean: -49.48 | Reward Mean: -224.52 | Percent Solved:  36.14
INFO:src.model.gail:epoc: 113 | Target Reward Mean: -49.48 | Reward Mean: -233.99 | Percent Solved:  31.33
INFO:src.model.gail:epoc: 114 | Target Reward Mean: -49.48 | Reward Mean: -219.48 | Percent Solved:  39.76
INFO:src.model.gail:epoc: 115 | Target Reward Mean: -49.48 | Reward Mean: -229.33 | Percent Solved:  32.53
INFO:src.model.gail:epoc: 116 | Target Reward Mean: -49.48 | Reward Mean: -233.94 | Percent Solved:  32.53
INFO:src.model.gail:epoc: 117 | Target Reward Mean: -49.48 | Reward Mean: -238.81 | Percent Solved:  28.92
INFO:src.model.gail:epoc: 118 | Target Reward Mean: -49.48 | Reward Mean: -219.65 | Percent Solved:  38.55
INFO:src.model.gail:epoc: 119 | Target Reward Mean: -49.48 | Reward Mean: -241.70 | Percent Solved:  25.30
INFO:src.evaluation:-- evaluation | reward and action --
INFO:src.evaluation:-- evaluation | perplexity --
INFO:src.evaluation:-- evaluation | divergence --
INFO:src.evaluation:-- evaluation | anomaly --
CBLOF | Prec: 0.0 | Recall 0.0 | F1 0.0 | Acc 59.3 | f1w 67.75 | Anomaly 31.93
IF | Prec: 0.0 | Recall 0.0 | F1 0.0 | Acc 74.74 | f1w 77.93 | Anomaly 16.49
INFO:src.evaluation:-- evaluation | classify --
DT FName: s_end Step: 148 1.0 0.0
RF FName: s_noteview Step: 148 1.0 14.0
DT FName: s_end Step: 148 1.0 0.0
RF FName: s_noteview Step: 148 1.0 10.0
DT FName: s_end Step: 148 1.0 0.0
RF FName: s_noteview Step: 148 4.0 9.0
DT FName: s_end Step: 148 1.0 0.0
RF FName: s_noteview Step: 148 13.0 16.0
DT FName: s_end Step: 148 1.0 0.0
RF FName: s_noteview Step: 148 2.0 10.0
DT FName: s_end Step: 148 1.0 0.0
RF FName: s_noteview Step: 148 3.0 9.0
DT FName: s_end Step: 148 1.0 0.0
RF FName: s_noteview Step: 148 13.0 10.0
DT FName: s_end Step: 148 1.0 0.0
RF FName: s_noteview Step: 148 4.0 13.0
DT FName: s_end Step: 148 1.0 0.0
RF FName: s_noteview Step: 148 10.0 10.0
DT FName: s_end Step: 148 1.0 0.0
RF FName: s_noteview Step: 148 6.0 8.0
DT FName: s_end Step: 190 1.0 0.0
RF FName: s_noteview Step: 190 1.0 17.0
DT FName: s_end Step: 190 1.0 0.0
RF FName: s_noteview Step: 190 1.0 13.0
DT FName: s_end Step: 190 1.0 0.0
RF FName: s_noteview Step: 190 4.0 10.0
DT FName: s_end Step: 190 1.0 0.0
RF FName: s_noteview Step: 190 13.0 19.0
DT FName: s_end Step: 190 1.0 0.0
RF FName: s_noteview Step: 190 2.0 13.0
DT FName: s_end Step: 190 1.0 0.0
RF FName: s_noteview Step: 190 3.0 10.0
DT FName: s_end Step: 190 1.0 0.0
RF FName: s_noteview Step: 190 13.0 14.0
DT FName: s_end Step: 190 1.0 0.0
RF FName: s_noteview Step: 190 4.0 13.0
DT FName: s_end Step: 190 1.0 0.0
RF FName: s_noteview Step: 190 10.0 14.0
DT FName: s_end Step: 190 1.0 0.0
RF FName: s_noteview Step: 190 6.0 9.0
DT FName: s_end Step: 199 1.0 0.0
RF FName: s_end Step: 199 1.0 0.0
DT FName: s_end Step: 199 1.0 0.0
RF FName: s_end Step: 199 1.0 0.0
DT FName: s_end Step: 199 1.0 0.0
RF FName: s_end Step: 199 1.0 0.0
DT FName: s_end Step: 199 1.0 0.0
RF FName: s_end Step: 199 1.0 0.0
DT FName: s_end Step: 199 1.0 0.0
RF FName: s_end Step: 199 1.0 0.0
DT FName: s_end Step: 199 1.0 0.0
RF FName: s_end Step: 199 1.0 0.0
DT FName: s_end Step: 199 1.0 0.0
RF FName: s_end Step: 199 1.0 0.0
DT FName: s_end Step: 199 1.0 0.0
RF FName: s_end Step: 199 1.0 0.0
DT FName: s_end Step: 199 1.0 0.0
RF FName: s_end Step: 199 1.0 0.0
DT FName: s_end Step: 199 1.0 0.0
RF FName: s_end Step: 199 1.0 0.0
DT FName: s_end Step: 167 1.0 0.0
RF FName: s_testpos Step: 167 1.0 0.0
DT FName: s_end Step: 167 1.0 0.0
RF FName: s_testpos Step: 167 1.0 0.0
DT FName: s_end Step: 167 1.0 0.0
RF FName: s_testpos Step: 167 1.0 0.0
DT FName: s_end Step: 167 1.0 0.0
RF FName: s_testpos Step: 167 1.0 0.0
DT FName: s_end Step: 167 1.0 0.0
RF FName: s_testpos Step: 167 1.0 0.0
DT FName: s_end Step: 167 1.0 0.0
RF FName: s_testpos Step: 167 1.0 0.0
DT FName: s_end Step: 167 1.0 0.0
RF FName: s_testpos Step: 167 1.0 1.0
DT FName: s_end Step: 167 1.0 0.0
RF FName: s_testpos Step: 167 1.0 1.0
DT FName: s_end Step: 167 1.0 0.0
RF FName: s_testpos Step: 167 1.0 0.0
DT FName: s_end Step: 167 1.0 0.0
RF FName: s_testpos Step: 167 1.0 0.0
DT FName: s_end Step: 199 1.0 0.0
RF FName: s_end Step: 199 1.0 0.0
DT FName: s_end Step: 199 1.0 0.0
RF FName: s_end Step: 199 1.0 0.0
DT FName: s_end Step: 199 1.0 0.0
RF FName: s_end Step: 199 1.0 0.0
DT FName: s_end Step: 199 1.0 0.0
RF FName: s_end Step: 199 1.0 0.0
DT FName: s_end Step: 199 1.0 0.0
RF FName: s_end Step: 199 1.0 0.0
DT FName: s_end Step: 199 1.0 0.0
RF FName: s_end Step: 199 1.0 0.0
DT FName: s_end Step: 199 1.0 0.0
RF FName: s_end Step: 199 1.0 0.0
DT FName: s_end Step: 199 1.0 0.0
RF FName: s_end Step: 199 1.0 0.0
DT FName: s_end Step: 199 1.0 0.0
RF FName: s_end Step: 199 1.0 0.0
DT FName: s_end Step: 199 1.0 0.0
RF FName: s_end Step: 199 1.0 0.0
DT | Prec: 98.82 | Recall 100.0 | F1 99.39 | Acc 99.39 | f1w 99.39
RF | Prec: 100.0 | Recall 100.0 | F1 100.0 | Acc 100.0 | f1w 100.0
INFO:src.model.policy:gail || EPOCH 120 | Rewards: -252 | Perplexity:  22.8385 | Div (pq qp js):  6.30  2.09  1.21 | Anomaly:  0.0% | Classify:  100.00% | Actions: {0: 1.4, 1: 7.6, 2: 5.6, 3: 1.9, 4: 7.3, 5: 2.7, 6: 5.5, 7: 3.9, 8: 28.5, 9: 13.5, 10: 2.3, 11: 79.8, 12: 1.2, 13: 13.8, 14: 2.5, 15: 5.7, 16: 17.6, 17: 1.2, 18: 1.4, 19: 1.0}
INFO:src.model.gail:epoc: 121 | Target Reward Mean: -49.48 | Reward Mean: -245.99 | Percent Solved:  26.51
INFO:src.model.gail:epoc: 122 | Target Reward Mean: -49.48 | Reward Mean: -250.81 | Percent Solved:  24.10
INFO:src.model.gail:epoc: 123 | Target Reward Mean: -49.48 | Reward Mean: -274.90 | Percent Solved:  12.05
INFO:src.model.gail:epoc: 124 | Target Reward Mean: -49.48 | Reward Mean: -253.22 | Percent Solved:  22.89
INFO:src.model.gail:epoc: 125 | Target Reward Mean: -49.48 | Reward Mean: -279.72 | Percent Solved:  9.64
INFO:src.model.gail:epoc: 126 | Target Reward Mean: -49.48 | Reward Mean: -287.37 | Percent Solved:  4.82
INFO:src.model.gail:epoc: 127 | Target Reward Mean: -49.48 | Reward Mean: -291.77 | Percent Solved:  3.61
INFO:src.model.gail:epoc: 128 | Target Reward Mean: -49.48 | Reward Mean: -284.54 | Percent Solved:  7.23
INFO:src.model.gail:epoc: 129 | Target Reward Mean: -49.48 | Reward Mean: -291.77 | Percent Solved:  3.61
INFO:src.model.gail:epoc: 130 | Target Reward Mean: -49.48 | Reward Mean: -296.59 | Percent Solved:  1.20
INFO:src.model.gail:epoc: 131 | Target Reward Mean: -49.48 | Reward Mean: -296.59 | Percent Solved:  1.20
INFO:src.model.gail:epoc: 132 | Target Reward Mean: -49.48 | Reward Mean: -291.77 | Percent Solved:  3.61
INFO:src.model.gail:epoc: 133 | Target Reward Mean: -49.48 | Reward Mean: -299.00 | Percent Solved:  0.00
INFO:src.model.gail:epoc: 134 | Target Reward Mean: -49.48 | Reward Mean: -294.18 | Percent Solved:  2.41
INFO:src.model.gail:epoc: 135 | Target Reward Mean: -49.48 | Reward Mean: -296.59 | Percent Solved:  1.20
INFO:src.model.gail:epoc: 136 | Target Reward Mean: -49.48 | Reward Mean: -299.00 | Percent Solved:  0.00
INFO:src.model.gail:epoc: 137 | Target Reward Mean: -49.48 | Reward Mean: -299.00 | Percent Solved:  0.00
INFO:src.model.gail:epoc: 138 | Target Reward Mean: -49.48 | Reward Mean: -289.36 | Percent Solved:  4.82
INFO:src.model.gail:epoc: 139 | Target Reward Mean: -49.48 | Reward Mean: -294.18 | Percent Solved:  2.41
INFO:src.evaluation:-- evaluation | reward and action --
INFO:src.evaluation:-- evaluation | perplexity --
INFO:src.evaluation:-- evaluation | divergence --
INFO:src.evaluation:-- evaluation | anomaly --
CBLOF | Prec: 0.0 | Recall 0.0 | F1 0.0 | Acc 63.92 | f1w 70.86 | Anomaly 27.31
IF | Prec: 10.0 | Recall 30.0 | F1 15.0 | Acc 77.02 | f1w 79.93 | Anomaly 18.54
INFO:src.evaluation:-- evaluation | classify --
DT FName: s_worksheet Step: 53 6.0 53.0
RF FName: s_worksheet Step: 53 0.0 18.0
DT FName: s_worksheet Step: 53 1.0 56.0
RF FName: s_worksheet Step: 53 0.0 24.0
DT FName: s_worksheet Step: 53 14.0 66.0
RF FName: s_worksheet Step: 53 4.0 29.0
DT FName: s_worksheet Step: 53 0.0 61.0
RF FName: s_worksheet Step: 53 0.0 22.0
DT FName: s_worksheet Step: 53 14.0 52.0
RF FName: s_worksheet Step: 53 4.0 20.0
DT FName: s_worksheet Step: 53 15.0 58.0
RF FName: s_worksheet Step: 53 7.0 17.0
DT FName: s_worksheet Step: 53 8.0 64.0
RF FName: s_worksheet Step: 53 1.0 26.0
DT FName: s_worksheet Step: 53 13.0 63.0
RF FName: s_worksheet Step: 53 6.0 26.0
DT FName: s_worksheet Step: 53 16.0 69.0
RF FName: s_worksheet Step: 53 2.0 28.0
DT FName: s_worksheet Step: 53 6.0 60.0
RF FName: s_worksheet Step: 53 1.0 28.0
DT FName: s_worksheet Step: 98 0.0 21.0
RF FName: s_worksheet Step: 98 2.0 35.0
DT FName: s_worksheet Step: 98 0.0 27.0
RF FName: s_worksheet Step: 98 1.0 38.0
DT FName: s_worksheet Step: 98 5.0 35.0
RF FName: s_worksheet Step: 98 7.0 54.0
DT FName: s_worksheet Step: 98 0.0 24.0
RF FName: s_worksheet Step: 98 0.0 46.0
DT FName: s_worksheet Step: 98 5.0 23.0
RF FName: s_worksheet Step: 98 7.0 39.0
DT FName: s_worksheet Step: 98 8.0 23.0
RF FName: s_worksheet Step: 98 11.0 40.0
DT FName: s_worksheet Step: 98 1.0 29.0
RF FName: s_worksheet Step: 98 6.0 50.0
DT FName: s_worksheet Step: 98 6.0 30.0
RF FName: s_worksheet Step: 98 9.0 51.0
DT FName: s_worksheet Step: 98 2.0 32.0
RF FName: s_worksheet Step: 98 11.0 52.0
DT FName: s_worksheet Step: 98 2.0 32.0
RF FName: s_worksheet Step: 98 4.0 47.0
DT FName: s_worksheet Step: 136 6.0 53.0
RF FName: s_worksheet Step: 136 6.0 55.0
DT FName: s_worksheet Step: 136 1.0 56.0
RF FName: s_worksheet Step: 136 1.0 58.0
DT FName: s_worksheet Step: 136 14.0 66.0
RF FName: s_worksheet Step: 136 16.0 68.0
DT FName: s_worksheet Step: 136 0.0 61.0
RF FName: s_worksheet Step: 136 0.0 63.0
DT FName: s_worksheet Step: 136 14.0 52.0
RF FName: s_worksheet Step: 136 16.0 53.0
DT FName: s_worksheet Step: 136 15.0 58.0
RF FName: s_worksheet Step: 136 15.0 59.0
DT FName: s_worksheet Step: 136 8.0 64.0
RF FName: s_worksheet Step: 136 9.0 65.0
DT FName: s_worksheet Step: 136 13.0 63.0
RF FName: s_worksheet Step: 136 14.0 64.0
DT FName: s_worksheet Step: 136 16.0 69.0
RF FName: s_worksheet Step: 136 17.0 70.0
DT FName: s_worksheet Step: 136 6.0 60.0
RF FName: s_worksheet Step: 136 6.0 62.0
DT FName: s_worksheet Step: 169 6.0 53.0
RF FName: s_worksheet Step: 169 6.0 78.0
DT FName: s_worksheet Step: 169 1.0 56.0
RF FName: s_worksheet Step: 169 6.0 73.0
DT FName: s_worksheet Step: 169 14.0 66.0
RF FName: s_worksheet Step: 169 21.0 84.0
DT FName: s_worksheet Step: 169 0.0 61.0
RF FName: s_worksheet Step: 169 5.0 82.0
DT FName: s_worksheet Step: 169 14.0 52.0
RF FName: s_worksheet Step: 169 21.0 64.0
DT FName: s_worksheet Step: 169 15.0 58.0
RF FName: s_worksheet Step: 169 16.0 72.0
DT FName: s_worksheet Step: 169 8.0 64.0
RF FName: s_worksheet Step: 169 20.0 84.0
DT FName: s_worksheet Step: 169 13.0 63.0
RF FName: s_worksheet Step: 169 16.0 80.0
DT FName: s_worksheet Step: 169 16.0 69.0
RF FName: s_worksheet Step: 169 17.0 81.0
DT FName: s_worksheet Step: 169 6.0 60.0
RF FName: s_worksheet Step: 169 8.0 82.0
DT FName: s_worksheet Step: 45 6.0 53.0
RF FName: s_worksheet Step: 45 0.0 16.0
DT FName: s_worksheet Step: 45 1.0 56.0
RF FName: s_worksheet Step: 45 0.0 19.0
DT FName: s_worksheet Step: 45 14.0 66.0
RF FName: s_worksheet Step: 45 3.0 24.0
DT FName: s_worksheet Step: 45 0.0 61.0
RF FName: s_worksheet Step: 45 0.0 20.0
DT FName: s_worksheet Step: 45 14.0 52.0
RF FName: s_worksheet Step: 45 3.0 17.0
DT FName: s_worksheet Step: 45 15.0 58.0
RF FName: s_worksheet Step: 45 6.0 12.0
DT FName: s_worksheet Step: 45 8.0 64.0
RF FName: s_worksheet Step: 45 1.0 20.0
DT FName: s_worksheet Step: 45 13.0 63.0
RF FName: s_worksheet Step: 45 4.0 22.0
DT FName: s_worksheet Step: 45 16.0 69.0
RF FName: s_worksheet Step: 45 1.0 24.0
DT FName: s_worksheet Step: 45 6.0 60.0
RF FName: s_worksheet Step: 45 1.0 27.0
DT | Prec: 100.0 | Recall 100.0 | F1 100.0 | Acc 100.0 | f1w 100.0
RF | Prec: 100.0 | Recall 100.0 | F1 100.0 | Acc 100.0 | f1w 100.0
INFO:src.model.policy:gail || EPOCH 140 | Rewards: -294 | Perplexity:  88.4409 | Div (pq qp js):  7.62  3.44  1.94 | Anomaly:  0.0% | Classify:  100.00% | Actions: {0: 1.3, 1: 8.9, 2: 1.4, 3: 1.1, 4: 2.6, 5: 1.6, 6: 1.1, 7: 2.0, 8: 1.5, 9: 10.2, 10: 1.1, 11: 55.9, 12: 1.1, 13: 1.1, 14: 1.2, 15: 94.8, 16: 20.3, 17: 1.1, 18: 1.0, 19: 1.0}
INFO:src.model.gail:epoc: 141 | Target Reward Mean: -49.48 | Reward Mean: -291.77 | Percent Solved:  3.61
INFO:src.model.gail:epoc: 142 | Target Reward Mean: -49.48 | Reward Mean: -296.59 | Percent Solved:  1.20
INFO:src.model.gail:epoc: 143 | Target Reward Mean: -49.48 | Reward Mean: -294.18 | Percent Solved:  2.41
INFO:src.model.gail:epoc: 144 | Target Reward Mean: -49.48 | Reward Mean: -294.18 | Percent Solved:  2.41
INFO:src.model.gail:epoc: 145 | Target Reward Mean: -49.48 | Reward Mean: -286.95 | Percent Solved:  6.02
INFO:src.model.gail:epoc: 146 | Target Reward Mean: -49.48 | Reward Mean: -299.00 | Percent Solved:  0.00
INFO:src.model.gail:epoc: 147 | Target Reward Mean: -49.48 | Reward Mean: -296.59 | Percent Solved:  1.20
INFO:src.model.gail:epoc: 148 | Target Reward Mean: -49.48 | Reward Mean: -296.59 | Percent Solved:  1.20
INFO:src.model.gail:epoc: 149 | Target Reward Mean: -49.48 | Reward Mean: -284.54 | Percent Solved:  7.23
INFO:src.model.gail:epoc: 150 | Target Reward Mean: -49.48 | Reward Mean: -286.95 | Percent Solved:  6.02
INFO:src.model.gail:epoc: 151 | Target Reward Mean: -49.48 | Reward Mean: -294.18 | Percent Solved:  2.41
INFO:src.model.gail:epoc: 152 | Target Reward Mean: -49.48 | Reward Mean: -291.77 | Percent Solved:  3.61
INFO:src.model.gail:epoc: 153 | Target Reward Mean: -49.48 | Reward Mean: -286.95 | Percent Solved:  6.02
INFO:src.model.gail:epoc: 154 | Target Reward Mean: -49.48 | Reward Mean: -277.34 | Percent Solved:  9.64
INFO:src.model.gail:epoc: 155 | Target Reward Mean: -49.48 | Reward Mean: -282.13 | Percent Solved:  8.43
INFO:src.model.gail:epoc: 156 | Target Reward Mean: -49.48 | Reward Mean: -289.36 | Percent Solved:  4.82
INFO:src.model.gail:epoc: 157 | Target Reward Mean: -49.48 | Reward Mean: -289.36 | Percent Solved:  4.82
INFO:src.model.gail:epoc: 158 | Target Reward Mean: -49.48 | Reward Mean: -286.95 | Percent Solved:  6.02
INFO:src.model.gail:epoc: 159 | Target Reward Mean: -49.48 | Reward Mean: -286.95 | Percent Solved:  6.02
INFO:src.evaluation:-- evaluation | reward and action --
INFO:src.evaluation:-- evaluation | perplexity --
INFO:src.evaluation:-- evaluation | divergence --
INFO:src.evaluation:-- evaluation | anomaly --
CBLOF | Prec: 43.0 | Recall 100.0 | F1 55.43 | Acc 83.68 | f1w 87.12 | Anomaly 25.09
IF | Prec: 26.67 | Recall 60.0 | F1 36.67 | Acc 82.46 | f1w 85.13 | Anomaly 19.65
INFO:src.evaluation:-- evaluation | classify --
DT FName: s_end Step: 169 1.0 0.0
RF FName: s_worksheet Step: 169 14.0 39.0
DT FName: s_end Step: 169 1.0 0.0
RF FName: s_worksheet Step: 169 17.0 32.0
DT FName: s_end Step: 169 1.0 0.0
RF FName: s_worksheet Step: 169 0.0 35.0
DT FName: s_end Step: 169 1.0 0.0
RF FName: s_worksheet Step: 169 13.0 32.0
DT FName: s_end Step: 169 1.0 0.0
RF FName: s_worksheet Step: 169 12.0 27.0
DT FName: s_end Step: 169 1.0 0.0
RF FName: s_worksheet Step: 169 12.0 32.0
DT FName: s_end Step: 169 1.0 0.0
RF FName: s_worksheet Step: 169 6.0 34.0
DT FName: s_end Step: 169 1.0 0.0
RF FName: s_worksheet Step: 169 17.0 29.0
DT FName: s_end Step: 169 1.0 0.0
RF FName: s_worksheet Step: 169 15.0 43.0
DT FName: s_end Step: 169 1.0 0.0
RF FName: s_worksheet Step: 169 6.0 40.0
DT FName: s_end Step: 187 1.0 0.0
RF FName: s_testpos Step: 187 1.0 0.0
DT FName: s_end Step: 187 1.0 0.0
RF FName: s_testpos Step: 187 1.0 0.0
DT FName: s_end Step: 187 1.0 0.0
RF FName: s_testpos Step: 187 1.0 0.0
DT FName: s_end Step: 187 1.0 0.0
RF FName: s_testpos Step: 187 1.0 0.0
DT FName: s_end Step: 187 1.0 0.0
RF FName: s_testpos Step: 187 1.0 0.0
DT FName: s_end Step: 187 1.0 0.0
RF FName: s_testpos Step: 187 1.0 0.0
DT FName: s_end Step: 187 1.0 0.0
RF FName: s_testpos Step: 187 1.0 0.0
DT FName: s_end Step: 187 1.0 0.0
RF FName: s_testpos Step: 187 1.0 0.0
DT FName: s_end Step: 187 1.0 0.0
RF FName: s_testpos Step: 187 1.0 1.0
DT FName: s_end Step: 187 1.0 0.0
RF FName: s_testpos Step: 187 1.0 1.0
DT FName: s_end Step: 195 1.0 0.0
RF FName: s_end Step: 195 1.0 0.0
DT FName: s_end Step: 195 1.0 0.0
RF FName: s_end Step: 195 1.0 0.0
DT FName: s_end Step: 195 1.0 0.0
RF FName: s_end Step: 195 1.0 0.0
DT FName: s_end Step: 195 1.0 0.0
RF FName: s_end Step: 195 1.0 0.0
DT FName: s_end Step: 195 1.0 0.0
RF FName: s_end Step: 195 1.0 0.0
DT FName: s_end Step: 195 1.0 0.0
RF FName: s_end Step: 195 1.0 0.0
DT FName: s_end Step: 195 1.0 0.0
RF FName: s_end Step: 195 1.0 0.0
DT FName: s_end Step: 195 1.0 0.0
RF FName: s_end Step: 195 1.0 0.0
DT FName: s_end Step: 195 1.0 0.0
RF FName: s_end Step: 195 1.0 0.0
DT FName: s_end Step: 195 1.0 0.0
RF FName: s_end Step: 195 1.0 0.0
DT FName: s_end Step: 181 1.0 0.0
RF FName: s_worksheet Step: 181 14.0 41.0
DT FName: s_end Step: 181 1.0 0.0
RF FName: s_worksheet Step: 181 17.0 34.0
DT FName: s_end Step: 181 1.0 0.0
RF FName: s_worksheet Step: 181 3.0 38.0
DT FName: s_end Step: 181 1.0 0.0
RF FName: s_worksheet Step: 181 13.0 34.0
DT FName: s_end Step: 181 1.0 0.0
RF FName: s_worksheet Step: 181 12.0 28.0
DT FName: s_end Step: 181 1.0 0.0
RF FName: s_worksheet Step: 181 12.0 34.0
DT FName: s_end Step: 181 1.0 0.0
RF FName: s_worksheet Step: 181 6.0 40.0
DT FName: s_end Step: 181 1.0 0.0
RF FName: s_worksheet Step: 181 17.0 30.0
DT FName: s_end Step: 181 1.0 0.0
RF FName: s_worksheet Step: 181 15.0 48.0
DT FName: s_end Step: 181 1.0 0.0
RF FName: s_worksheet Step: 181 6.0 43.0
DT FName: s_end Step: 194 1.0 0.0
RF FName: s_end Step: 194 1.0 0.0
DT FName: s_end Step: 194 1.0 0.0
RF FName: s_end Step: 194 1.0 0.0
DT FName: s_end Step: 194 1.0 0.0
RF FName: s_end Step: 194 1.0 0.0
DT FName: s_end Step: 194 1.0 0.0
RF FName: s_end Step: 194 1.0 0.0
DT FName: s_end Step: 194 1.0 0.0
RF FName: s_end Step: 194 1.0 0.0
DT FName: s_end Step: 194 1.0 0.0
RF FName: s_end Step: 194 1.0 0.0
DT FName: s_end Step: 194 1.0 0.0
RF FName: s_end Step: 194 1.0 0.0
DT FName: s_end Step: 194 1.0 0.0
RF FName: s_end Step: 194 1.0 0.0
DT FName: s_end Step: 194 1.0 0.0
RF FName: s_end Step: 194 1.0 0.0
DT FName: s_end Step: 194 1.0 0.0
RF FName: s_end Step: 194 1.0 0.0
DT | Prec: 98.82 | Recall 100.0 | F1 99.39 | Acc 99.39 | f1w 99.39
RF | Prec: 98.82 | Recall 100.0 | F1 99.39 | Acc 99.39 | f1w 99.39
INFO:src.model.policy:gail || EPOCH 160 | Rewards: -286 | Perplexity:  40.3965 | Div (pq qp js):  6.77  2.66  1.52 | Anomaly:  66.7% | Classify:  100.00% | Actions: {0: 2.4, 1: 23.3, 2: 2.2, 3: 1.4, 4: 8.4, 5: 3.2, 6: 1.6, 7: 3.5, 8: 4.2, 9: 4.2, 10: 1.1, 11: 75.2, 12: 1.0, 13: 1.3, 14: 1.3, 15: 42.7, 16: 27.1, 17: 1.2, 18: 1.1, 19: 1.0}
INFO:src.model.gail:epoc: 161 | Target Reward Mean: -49.48 | Reward Mean: -289.36 | Percent Solved:  4.82
INFO:src.model.gail:epoc: 162 | Target Reward Mean: -49.48 | Reward Mean: -289.36 | Percent Solved:  4.82
INFO:src.model.gail:epoc: 163 | Target Reward Mean: -49.48 | Reward Mean: -294.18 | Percent Solved:  2.41
INFO:src.model.gail:epoc: 164 | Target Reward Mean: -49.48 | Reward Mean: -294.18 | Percent Solved:  2.41
INFO:src.model.gail:epoc: 165 | Target Reward Mean: -49.48 | Reward Mean: -282.13 | Percent Solved:  8.43
INFO:src.model.gail:epoc: 166 | Target Reward Mean: -49.48 | Reward Mean: -286.95 | Percent Solved:  6.02
INFO:src.model.gail:epoc: 167 | Target Reward Mean: -49.48 | Reward Mean: -282.13 | Percent Solved:  8.43
INFO:src.model.gail:epoc: 168 | Target Reward Mean: -49.48 | Reward Mean: -267.67 | Percent Solved:  15.66
INFO:src.model.gail:epoc: 169 | Target Reward Mean: -49.48 | Reward Mean: -274.90 | Percent Solved:  12.05
INFO:src.model.gail:epoc: 170 | Target Reward Mean: -49.48 | Reward Mean: -267.67 | Percent Solved:  15.66
INFO:src.model.gail:epoc: 171 | Target Reward Mean: -49.48 | Reward Mean: -270.08 | Percent Solved:  14.46
INFO:src.model.gail:epoc: 172 | Target Reward Mean: -49.48 | Reward Mean: -277.31 | Percent Solved:  10.84
INFO:src.model.gail:epoc: 173 | Target Reward Mean: -49.48 | Reward Mean: -275.06 | Percent Solved:  9.64
INFO:src.model.gail:epoc: 174 | Target Reward Mean: -49.48 | Reward Mean: -279.72 | Percent Solved:  9.64
INFO:src.model.gail:epoc: 175 | Target Reward Mean: -49.48 | Reward Mean: -267.67 | Percent Solved:  15.66
INFO:src.model.gail:epoc: 176 | Target Reward Mean: -49.48 | Reward Mean: -277.31 | Percent Solved:  10.84
INFO:src.model.gail:epoc: 177 | Target Reward Mean: -49.48 | Reward Mean: -256.33 | Percent Solved:  14.46
INFO:src.model.gail:epoc: 178 | Target Reward Mean: -49.48 | Reward Mean: -274.99 | Percent Solved:  10.84
INFO:src.model.gail:epoc: 179 | Target Reward Mean: -49.48 | Reward Mean: -270.12 | Percent Solved:  13.25
INFO:src.evaluation:-- evaluation | reward and action --
INFO:src.evaluation:-- evaluation | perplexity --
INFO:src.evaluation:-- evaluation | divergence --
INFO:src.evaluation:-- evaluation | anomaly --
CBLOF | Prec: 0.0 | Recall 0.0 | F1 0.0 | Acc 67.19 | f1w 72.97 | Anomaly 24.04
IF | Prec: 0.0 | Recall 0.0 | F1 0.0 | Acc 73.68 | f1w 77.29 | Anomaly 17.54
INFO:src.evaluation:-- evaluation | classify --
DT FName: s_worksheet Step: 176 30.0 1.0
RF FName: s_worksheet Step: 176 30.0 1.0
DT FName: s_worksheet Step: 176 4.0 0.0
RF FName: s_worksheet Step: 176 4.0 0.0
DT FName: s_worksheet Step: 176 6.0 1.0
RF FName: s_worksheet Step: 176 6.0 1.0
DT FName: s_worksheet Step: 176 16.0 0.0
RF FName: s_worksheet Step: 176 16.0 0.0
DT FName: s_worksheet Step: 176 6.0 0.0
RF FName: s_worksheet Step: 176 6.0 0.0
DT FName: s_worksheet Step: 176 10.0 0.0
RF FName: s_worksheet Step: 176 10.0 0.0
DT FName: s_worksheet Step: 176 8.0 0.0
RF FName: s_worksheet Step: 176 8.0 0.0
DT FName: s_worksheet Step: 176 10.0 0.0
RF FName: s_worksheet Step: 176 10.0 0.0
DT FName: s_worksheet Step: 176 9.0 0.0
RF FName: s_worksheet Step: 176 9.0 0.0
DT FName: s_worksheet Step: 176 11.0 0.0
RF FName: s_worksheet Step: 176 11.0 0.0
DT FName: s_worksheet Step: 176 31.0 1.0
RF FName: s_worksheet Step: 176 30.0 1.0
DT FName: s_worksheet Step: 176 4.0 0.0
RF FName: s_worksheet Step: 176 4.0 0.0
DT FName: s_worksheet Step: 176 6.0 1.0
RF FName: s_worksheet Step: 176 6.0 1.0
DT FName: s_worksheet Step: 176 16.0 0.0
RF FName: s_worksheet Step: 176 16.0 0.0
DT FName: s_worksheet Step: 176 6.0 0.0
RF FName: s_worksheet Step: 176 6.0 0.0
DT FName: s_worksheet Step: 176 10.0 0.0
RF FName: s_worksheet Step: 176 10.0 0.0
DT FName: s_worksheet Step: 176 8.0 0.0
RF FName: s_worksheet Step: 176 8.0 0.0
DT FName: s_worksheet Step: 176 10.0 0.0
RF FName: s_worksheet Step: 176 10.0 0.0
DT FName: s_worksheet Step: 176 9.0 0.0
RF FName: s_worksheet Step: 176 9.0 0.0
DT FName: s_worksheet Step: 176 11.0 0.0
RF FName: s_worksheet Step: 176 11.0 0.0
DT FName: s_worksheet Step: 195 31.0 1.0
RF FName: s_worksheet Step: 195 31.0 1.0
DT FName: s_worksheet Step: 195 4.0 0.0
RF FName: s_worksheet Step: 195 4.0 0.0
DT FName: s_worksheet Step: 195 6.0 1.0
RF FName: s_worksheet Step: 195 6.0 1.0
DT FName: s_worksheet Step: 195 16.0 0.0
RF FName: s_worksheet Step: 195 16.0 0.0
DT FName: s_worksheet Step: 195 6.0 0.0
RF FName: s_worksheet Step: 195 6.0 0.0
DT FName: s_worksheet Step: 195 10.0 0.0
RF FName: s_worksheet Step: 195 10.0 0.0
DT FName: s_worksheet Step: 195 8.0 0.0
RF FName: s_worksheet Step: 195 8.0 0.0
DT FName: s_worksheet Step: 195 10.0 0.0
RF FName: s_worksheet Step: 195 10.0 0.0
DT FName: s_worksheet Step: 195 9.0 0.0
RF FName: s_worksheet Step: 195 9.0 0.0
DT FName: s_worksheet Step: 195 11.0 0.0
RF FName: s_worksheet Step: 195 11.0 0.0
DT FName: s_end Step: 179 1.0 0.0
RF FName: s_worksheet Step: 179 30.0 1.0
DT FName: s_end Step: 179 1.0 0.0
RF FName: s_worksheet Step: 179 4.0 0.0
DT FName: s_end Step: 179 1.0 0.0
RF FName: s_worksheet Step: 179 6.0 1.0
DT FName: s_end Step: 179 1.0 0.0
RF FName: s_worksheet Step: 179 16.0 0.0
DT FName: s_end Step: 179 1.0 0.0
RF FName: s_worksheet Step: 179 6.0 0.0
DT FName: s_end Step: 179 1.0 0.0
RF FName: s_worksheet Step: 179 10.0 0.0
DT FName: s_end Step: 179 1.0 0.0
RF FName: s_worksheet Step: 179 8.0 0.0
DT FName: s_end Step: 179 1.0 0.0
RF FName: s_worksheet Step: 179 10.0 0.0
DT FName: s_end Step: 179 1.0 0.0
RF FName: s_worksheet Step: 179 9.0 0.0
DT FName: s_end Step: 179 1.0 0.0
RF FName: s_worksheet Step: 179 11.0 0.0
DT FName: s_worksheet Step: 176 30.0 1.0
RF FName: s_worksheet Step: 176 30.0 1.0
DT FName: s_worksheet Step: 176 4.0 0.0
RF FName: s_worksheet Step: 176 4.0 0.0
DT FName: s_worksheet Step: 176 5.0 1.0
RF FName: s_worksheet Step: 176 6.0 1.0
DT FName: s_worksheet Step: 176 16.0 0.0
RF FName: s_worksheet Step: 176 16.0 0.0
DT FName: s_worksheet Step: 176 6.0 0.0
RF FName: s_worksheet Step: 176 6.0 0.0
DT FName: s_worksheet Step: 176 9.0 0.0
RF FName: s_worksheet Step: 176 10.0 0.0
DT FName: s_worksheet Step: 176 8.0 0.0
RF FName: s_worksheet Step: 176 8.0 0.0
DT FName: s_worksheet Step: 176 10.0 0.0
RF FName: s_worksheet Step: 176 10.0 0.0
DT FName: s_worksheet Step: 176 9.0 0.0
RF FName: s_worksheet Step: 176 9.0 0.0
DT FName: s_worksheet Step: 176 11.0 0.0
RF FName: s_worksheet Step: 176 11.0 0.0
DT | Prec: 96.78 | Recall 100.0 | F1 98.32 | Acc 98.2 | f1w 98.19
RF | Prec: 100.0 | Recall 100.0 | F1 100.0 | Acc 100.0 | f1w 100.0
INFO:src.model.policy:gail || EPOCH 180 | Rewards: -255 | Perplexity:  73.4330 | Div (pq qp js):  6.82  3.26  1.85 | Anomaly:  0.0% | Classify:  100.00% | Actions: {0: 1.7, 1: 2.0, 2: 1.9, 3: 2.8, 4: 2.5, 5: 1.8, 6: 1.4, 7: 1.8, 8: 170.7, 9: 5.7, 10: 1.2, 11: 4.8, 12: 1.1, 13: 1.5, 14: 2.1, 15: 1.2, 16: 2.4, 17: 1.1, 18: 1.2, 19: 1.0}
INFO:src.model.gail:epoc: 181 | Target Reward Mean: -49.48 | Reward Mean: -265.47 | Percent Solved:  15.66
INFO:src.model.gail:epoc: 182 | Target Reward Mean: -49.48 | Reward Mean: -255.82 | Percent Solved:  19.28
INFO:src.model.gail:epoc: 183 | Target Reward Mean: -49.48 | Reward Mean: -234.06 | Percent Solved:  30.12
INFO:src.model.gail:epoc: 184 | Target Reward Mean: -49.48 | Reward Mean: -236.51 | Percent Solved:  28.92
INFO:src.model.gail:epoc: 185 | Target Reward Mean: -49.48 | Reward Mean: -207.98 | Percent Solved:  39.76
INFO:src.model.gail:epoc: 186 | Target Reward Mean: -49.48 | Reward Mean: -231.55 | Percent Solved:  32.53
INFO:src.model.gail:epoc: 187 | Target Reward Mean: -49.48 | Reward Mean: -227.45 | Percent Solved:  31.33
INFO:src.model.gail:epoc: 188 | Target Reward Mean: -49.48 | Reward Mean: -210.40 | Percent Solved:  43.37
INFO:src.model.gail:epoc: 189 | Target Reward Mean: -49.48 | Reward Mean: -224.77 | Percent Solved:  33.73
INFO:src.model.gail:epoc: 190 | Target Reward Mean: -49.48 | Reward Mean: -221.89 | Percent Solved:  38.55
INFO:src.model.gail:epoc: 191 | Target Reward Mean: -49.48 | Reward Mean: -219.48 | Percent Solved:  39.76
INFO:src.model.gail:epoc: 192 | Target Reward Mean: -49.48 | Reward Mean: -212.25 | Percent Solved:  43.37
INFO:src.model.gail:epoc: 193 | Target Reward Mean: -49.48 | Reward Mean: -221.96 | Percent Solved:  37.35
INFO:src.model.gail:epoc: 194 | Target Reward Mean: -49.48 | Reward Mean: -207.43 | Percent Solved:  45.78
INFO:src.model.gail:epoc: 195 | Target Reward Mean: -49.48 | Reward Mean: -221.89 | Percent Solved:  38.55
INFO:src.model.gail:epoc: 196 | Target Reward Mean: -49.48 | Reward Mean: -212.65 | Percent Solved:  42.17
INFO:src.model.gail:epoc: 197 | Target Reward Mean: -49.48 | Reward Mean: -212.34 | Percent Solved:  42.17
INFO:src.model.gail:epoc: 198 | Target Reward Mean: -49.48 | Reward Mean: -209.84 | Percent Solved:  44.58
INFO:src.model.gail:epoc: 199 | Target Reward Mean: -49.48 | Reward Mean: -219.48 | Percent Solved:  39.76
INFO:src.evaluation:-- evaluation | reward and action --
INFO:src.evaluation:-- evaluation | perplexity --
INFO:src.evaluation:-- evaluation | divergence --
INFO:src.evaluation:-- evaluation | anomaly --
CBLOF | Prec: 9.52 | Recall 30.0 | F1 13.0 | Acc 67.19 | f1w 73.74 | Anomaly 28.48
IF | Prec: 24.0 | Recall 40.0 | F1 29.05 | Acc 79.24 | f1w 82.56 | Anomaly 18.65
INFO:src.evaluation:-- evaluation | classify --
DT FName: s_worksheet Step: 150 16.0 1.0
RF FName: s_worksheet Step: 150 13.0 1.0
DT FName: s_worksheet Step: 150 12.0 1.0
RF FName: s_worksheet Step: 150 9.0 1.0
DT FName: s_worksheet Step: 150 8.0 1.0
RF FName: s_worksheet Step: 150 8.0 1.0
DT FName: s_worksheet Step: 150 5.0 1.0
RF FName: s_worksheet Step: 150 3.0 0.0
DT FName: s_worksheet Step: 150 16.0 1.0
RF FName: s_worksheet Step: 150 14.0 0.0
DT FName: s_worksheet Step: 150 17.0 1.0
RF FName: s_worksheet Step: 150 17.0 1.0
DT FName: s_worksheet Step: 150 4.0 0.0
RF FName: s_worksheet Step: 150 4.0 0.0
DT FName: s_worksheet Step: 150 6.0 0.0
RF FName: s_worksheet Step: 150 3.0 0.0
DT FName: s_worksheet Step: 150 24.0 1.0
RF FName: s_worksheet Step: 150 20.0 1.0
DT FName: s_worksheet Step: 150 13.0 1.0
RF FName: s_worksheet Step: 150 10.0 1.0
DT FName: s_end Step: 199 1.0 0.0
RF FName: s_computer Step: 199 4.0 22.0
DT FName: s_end Step: 199 1.0 0.0
RF FName: s_computer Step: 199 0.0 20.0
DT FName: s_end Step: 199 1.0 0.0
RF FName: s_computer Step: 199 0.0 22.0
DT FName: s_end Step: 199 1.0 0.0
RF FName: s_computer Step: 199 2.0 27.0
DT FName: s_end Step: 199 1.0 0.0
RF FName: s_computer Step: 199 0.0 26.0
DT FName: s_end Step: 199 1.0 0.0
RF FName: s_computer Step: 199 2.0 32.0
DT FName: s_end Step: 199 1.0 0.0
RF FName: s_computer Step: 199 0.0 32.0
DT FName: s_end Step: 199 1.0 0.0
RF FName: s_computer Step: 199 4.0 35.0
DT FName: s_end Step: 199 1.0 0.0
RF FName: s_computer Step: 199 0.0 32.0
DT FName: s_end Step: 199 1.0 0.0
RF FName: s_computer Step: 199 2.0 22.0
DT FName: s_end Step: 171 1.0 0.0
RF FName: s_computer Step: 171 4.0 16.0
DT FName: s_end Step: 171 1.0 0.0
RF FName: s_computer Step: 171 0.0 18.0
DT FName: s_end Step: 171 1.0 0.0
RF FName: s_computer Step: 171 0.0 19.0
DT FName: s_end Step: 171 1.0 0.0
RF FName: s_computer Step: 171 2.0 25.0
DT FName: s_end Step: 171 1.0 0.0
RF FName: s_computer Step: 171 0.0 23.0
DT FName: s_end Step: 171 1.0 0.0
RF FName: s_computer Step: 171 2.0 28.0
DT FName: s_end Step: 171 1.0 0.0
RF FName: s_computer Step: 171 0.0 27.0
DT FName: s_end Step: 171 1.0 0.0
RF FName: s_computer Step: 171 4.0 32.0
DT FName: s_end Step: 171 1.0 0.0
RF FName: s_computer Step: 171 0.0 28.0
DT FName: s_end Step: 171 1.0 0.0
RF FName: s_computer Step: 171 2.0 19.0
DT FName: s_computer Step: 199 4.0 18.0
RF FName: s_computer Step: 199 4.0 22.0
DT FName: s_computer Step: 199 0.0 19.0
RF FName: s_computer Step: 199 0.0 20.0
DT FName: s_computer Step: 199 0.0 19.0
RF FName: s_computer Step: 199 0.0 22.0
DT FName: s_computer Step: 199 2.0 25.0
RF FName: s_computer Step: 199 2.0 27.0
DT FName: s_computer Step: 199 0.0 23.0
RF FName: s_computer Step: 199 0.0 26.0
DT FName: s_computer Step: 199 2.0 28.0
RF FName: s_computer Step: 199 2.0 32.0
DT FName: s_computer Step: 199 0.0 27.0
RF FName: s_computer Step: 199 0.0 32.0
DT FName: s_computer Step: 199 4.0 32.0
RF FName: s_computer Step: 199 4.0 35.0
DT FName: s_computer Step: 199 0.0 29.0
RF FName: s_computer Step: 199 0.0 32.0
DT FName: s_computer Step: 199 2.0 19.0
RF FName: s_computer Step: 199 2.0 22.0
DT FName: s_end Step: 180 1.0 0.0
RF FName: s_worksheet Step: 180 16.0 1.0
DT FName: s_end Step: 180 1.0 0.0
RF FName: s_worksheet Step: 180 12.0 1.0
DT FName: s_end Step: 180 1.0 0.0
RF FName: s_worksheet Step: 180 8.0 1.0
DT FName: s_end Step: 180 1.0 0.0
RF FName: s_worksheet Step: 180 5.0 0.0
DT FName: s_end Step: 180 1.0 0.0
RF FName: s_worksheet Step: 180 16.0 1.0
DT FName: s_end Step: 180 1.0 0.0
RF FName: s_worksheet Step: 180 17.0 1.0
DT FName: s_end Step: 180 1.0 0.0
RF FName: s_worksheet Step: 180 4.0 0.0
DT FName: s_end Step: 180 1.0 0.0
RF FName: s_worksheet Step: 180 6.0 0.0
DT FName: s_end Step: 180 1.0 0.0
RF FName: s_worksheet Step: 180 24.0 1.0
DT FName: s_end Step: 180 1.0 0.0
RF FName: s_worksheet Step: 180 13.0 1.0
DT | Prec: 97.65 | Recall 96.32 | F1 96.88 | Acc 97.01 | f1w 97.0
RF | Prec: 100.0 | Recall 98.75 | F1 99.35 | Acc 99.39 | f1w 99.39
INFO:src.model.policy:gail || EPOCH 200 | Rewards: -218 | Perplexity:  32.2670 | Div (pq qp js):  7.02  2.44  1.41 | Anomaly:  44.4% | Classify:  100.00% | Actions: {0: 1.7, 1: 3.4, 2: 12.2, 3: 8.1, 4: 10.9, 5: 2.1, 6: 3.8, 7: 3.2, 8: 65.9, 9: 20.6, 10: 2.0, 11: 20.0, 12: 1.1, 13: 9.9, 14: 23.8, 15: 1.3, 16: 6.1, 17: 1.8, 18: 5.0, 19: 1.0}
INFO:src.evaluation:-- evaluation | reward and action --
INFO:src.evaluation:-- evaluation | perplexity --
INFO:src.evaluation:-- evaluation | divergence --
INFO:src.evaluation:-- evaluation | anomaly --
CBLOF | Prec: 7.86 | Recall 40.0 | F1 13.0 | Acc 68.13 | f1w 74.17 | Anomaly 29.53
IF | Prec: 16.67 | Recall 30.0 | F1 21.33 | Acc 77.95 | f1w 81.69 | Anomaly 19.82
INFO:src.evaluation:-- evaluation | classify --
DT FName: s_computer Step: 181 6.0 18.0
RF FName: s_computer Step: 181 6.0 18.0
DT FName: s_computer Step: 181 4.0 24.0
RF FName: s_computer Step: 181 4.0 24.0
DT FName: s_computer Step: 181 2.0 22.0
RF FName: s_computer Step: 181 2.0 22.0
DT FName: s_computer Step: 181 5.0 22.0
RF FName: s_computer Step: 181 5.0 21.0
DT FName: s_computer Step: 181 0.0 21.0
RF FName: s_computer Step: 181 0.0 21.0
DT FName: s_computer Step: 181 0.0 24.0
RF FName: s_computer Step: 181 0.0 24.0
DT FName: s_computer Step: 181 0.0 21.0
RF FName: s_computer Step: 181 0.0 21.0
DT FName: s_computer Step: 181 3.0 24.0
RF FName: s_computer Step: 181 3.0 24.0
DT FName: s_computer Step: 181 2.0 25.0
RF FName: s_computer Step: 181 2.0 24.0
DT FName: s_computer Step: 181 2.0 19.0
RF FName: s_computer Step: 181 2.0 18.0
DT FName: s_computer Step: 163 6.0 20.0
RF FName: s_computer Step: 163 6.0 16.0
DT FName: s_computer Step: 163 4.0 26.0
RF FName: s_computer Step: 163 4.0 23.0
DT FName: s_computer Step: 163 2.0 24.0
RF FName: s_computer Step: 163 2.0 20.0
DT FName: s_computer Step: 163 5.0 23.0
RF FName: s_computer Step: 163 5.0 20.0
DT FName: s_computer Step: 163 0.0 21.0
RF FName: s_computer Step: 163 0.0 18.0
DT FName: s_computer Step: 163 0.0 25.0
RF FName: s_computer Step: 163 0.0 24.0
DT FName: s_computer Step: 163 0.0 21.0
RF FName: s_computer Step: 163 0.0 18.0
DT FName: s_computer Step: 163 3.0 26.0
RF FName: s_computer Step: 163 3.0 20.0
DT FName: s_computer Step: 163 2.0 26.0
RF FName: s_computer Step: 163 2.0 23.0
DT FName: s_computer Step: 163 2.0 19.0
RF FName: s_computer Step: 163 2.0 16.0
DT FName: s_end Step: 189 1.0 0.0
RF FName: s_computer Step: 189 6.0 19.0
DT FName: s_end Step: 189 1.0 0.0
RF FName: s_computer Step: 189 4.0 24.0
DT FName: s_end Step: 189 1.0 0.0
RF FName: s_computer Step: 189 2.0 22.0
DT FName: s_end Step: 189 1.0 0.0
RF FName: s_computer Step: 189 5.0 22.0
DT FName: s_end Step: 189 1.0 0.0
RF FName: s_computer Step: 189 0.0 21.0
DT FName: s_end Step: 189 1.0 0.0
RF FName: s_computer Step: 189 0.0 24.0
DT FName: s_end Step: 189 1.0 0.0
RF FName: s_computer Step: 189 0.0 21.0
DT FName: s_end Step: 189 1.0 0.0
RF FName: s_computer Step: 189 3.0 24.0
DT FName: s_end Step: 189 1.0 0.0
RF FName: s_computer Step: 189 2.0 26.0
DT FName: s_end Step: 189 1.0 0.0
RF FName: s_computer Step: 189 2.0 19.0
DT FName: s_end Step: 190 1.0 0.0
RF FName: s_computer Step: 190 6.0 19.0
DT FName: s_end Step: 190 1.0 0.0
RF FName: s_computer Step: 190 4.0 24.0
DT FName: s_end Step: 190 1.0 0.0
RF FName: s_computer Step: 190 2.0 22.0
DT FName: s_end Step: 190 1.0 0.0
RF FName: s_computer Step: 190 5.0 23.0
DT FName: s_end Step: 190 1.0 0.0
RF FName: s_computer Step: 190 0.0 21.0
DT FName: s_end Step: 190 1.0 0.0
RF FName: s_computer Step: 190 0.0 24.0
DT FName: s_end Step: 190 1.0 0.0
RF FName: s_computer Step: 190 0.0 21.0
DT FName: s_end Step: 190 1.0 0.0
RF FName: s_computer Step: 190 3.0 25.0
DT FName: s_end Step: 190 1.0 0.0
RF FName: s_computer Step: 190 2.0 26.0
DT FName: s_end Step: 190 1.0 0.0
RF FName: s_computer Step: 190 2.0 19.0
DT FName: s_end Step: 109 1.0 0.0
RF FName: s_computer Step: 109 2.0 13.0
DT FName: s_end Step: 109 1.0 0.0
RF FName: s_computer Step: 109 4.0 19.0
DT FName: s_end Step: 109 1.0 0.0
RF FName: s_computer Step: 109 0.0 12.0
DT FName: s_end Step: 109 1.0 0.0
RF FName: s_computer Step: 109 5.0 15.0
DT FName: s_end Step: 109 1.0 0.0
RF FName: s_computer Step: 109 0.0 10.0
DT FName: s_end Step: 109 1.0 0.0
RF FName: s_computer Step: 109 0.0 17.0
DT FName: s_end Step: 109 1.0 0.0
RF FName: s_computer Step: 109 0.0 11.0
DT FName: s_end Step: 109 1.0 0.0
RF FName: s_computer Step: 109 0.0 15.0
DT FName: s_end Step: 109 1.0 0.0
RF FName: s_computer Step: 109 0.0 18.0
DT FName: s_end Step: 109 1.0 0.0
RF FName: s_computer Step: 109 2.0 8.0
DT | Prec: 97.65 | Recall 97.65 | F1 97.61 | Acc 97.59 | f1w 97.59
RF | Prec: 100.0 | Recall 98.82 | F1 99.39 | Acc 99.39 | f1w 99.39
INFO:src.model.policy:gail || EPOCH 0 | Rewards: -216 | Perplexity:  32.2670 | Div (pq qp js):  7.02  2.44  1.41 | Anomaly:  25.0% | Classify:  100.00% | Actions: {0: 1.7, 1: 3.3, 2: 12.2, 3: 8.3, 4: 11.0, 5: 2.2, 6: 3.7, 7: 3.2, 8: 65.9, 9: 20.6, 10: 1.9, 11: 19.9, 12: 1.1, 13: 10.0, 14: 23.8, 15: 1.3, 16: 6.0, 17: 1.8, 18: 4.9, 19: 1.0}
