INFO:src.utils:-- loading data from ../processed_data/student_trajectories.pkl with test size 0.3 --
              precision    recall  f1-score   support

         0.0       0.79      0.84      0.81        57
         1.0       0.33      0.38      0.35         8
         2.0       0.70      0.47      0.56        15

    accuracy                           0.73        80
   macro avg       0.61      0.56      0.58        80
weighted avg       0.73      0.72      0.72        80

              precision    recall  f1-score   support

         0.0       0.87      0.91      0.89        57
         1.0       0.25      0.12      0.17         8
         2.0       0.81      0.87      0.84        15

    accuracy                           0.82        80
   macro avg       0.64      0.63      0.63        80
weighted avg       0.79      0.82      0.81        80

              precision    recall  f1-score   support

         0.0       0.88      0.91      0.90        57
         1.0       0.36      0.62      0.45         8
         2.0       1.00      0.47      0.64        15

    accuracy                           0.80        80
   macro avg       0.75      0.67      0.66        80
weighted avg       0.85      0.80      0.80        80

              precision    recall  f1-score   support

         0.0       0.78      0.89      0.84        57
         1.0       0.00      0.00      0.00         8
         2.0       0.67      0.40      0.50        15

    accuracy                           0.71        80
   macro avg       0.48      0.43      0.45        80
weighted avg       0.68      0.71      0.69        80

              precision    recall  f1-score   support

         0.0       0.85      0.82      0.84        57
         1.0       0.36      0.44      0.40         9
         2.0       0.64      0.64      0.64        14

    accuracy                           0.75        80
   macro avg       0.62      0.64      0.63        80
weighted avg       0.76      0.75      0.76        80

              precision    recall  f1-score   support

         0.0       0.80      0.95      0.87        56
         1.0       0.67      0.22      0.33         9
         2.0       0.73      0.53      0.62        15

    accuracy                           0.79        80
   macro avg       0.73      0.57      0.61        80
weighted avg       0.77      0.79      0.76        80

              precision    recall  f1-score   support

         0.0       0.86      0.88      0.87        56
         1.0       0.44      0.44      0.44         9
         2.0       0.71      0.67      0.69        15

    accuracy                           0.79        80
   macro avg       0.67      0.66      0.67        80
weighted avg       0.79      0.79      0.79        80

              precision    recall  f1-score   support

         0.0       0.86      0.96      0.91        56
         1.0       0.67      0.22      0.33         9
         2.0       0.86      0.80      0.83        15

    accuracy                           0.85        80
   macro avg       0.79      0.66      0.69        80
weighted avg       0.84      0.85      0.83        80

              precision    recall  f1-score   support

         0.0       0.82      0.91      0.86        56
         1.0       0.67      0.50      0.57         8
         2.0       0.73      0.53      0.62        15

    accuracy                           0.80        79
   macro avg       0.74      0.65      0.68        79
weighted avg       0.79      0.80      0.79        79

              precision    recall  f1-score   support

         0.0       0.85      0.98      0.91        56
         1.0       0.00      0.00      0.00         8
         2.0       0.77      0.67      0.71        15

    accuracy                           0.82        79
   macro avg       0.54      0.55      0.54        79
weighted avg       0.75      0.82      0.78        79

F1 Weighted Mean: 0.7718652834549755
INFO:src.model.gail:-- no gail with run_name dec2_1 --
INFO:src.model.gail:epoc: 1 | Target Reward Mean: -248.46 | Reward Mean: -152.47
INFO:src.model.gail:epoc: 2 | Target Reward Mean: -248.46 | Reward Mean: -154.17
INFO:src.model.gail:epoc: 3 | Target Reward Mean: -248.46 | Reward Mean: -146.43
INFO:src.model.gail:epoc: 4 | Target Reward Mean: -248.46 | Reward Mean: -157.49
INFO:src.model.gail:epoc: 5 | Target Reward Mean: -248.46 | Reward Mean: -149.92
INFO:src.model.gail:epoc: 6 | Target Reward Mean: -248.46 | Reward Mean: -158.43
INFO:src.model.gail:epoc: 7 | Target Reward Mean: -248.46 | Reward Mean: -167.97
INFO:src.model.gail:epoc: 8 | Target Reward Mean: -248.46 | Reward Mean: -164.28
INFO:src.model.gail:epoc: 9 | Target Reward Mean: -248.46 | Reward Mean: -166.39
INFO:src.model.gail:====== EPOCH 10 ======
INFO:src.model.gail:TEST DATA | Steps:  230 | Rewards: -248 |  Actions: {0: 5.4, 1: 8.6, 2: 7.0, 3: 5.0, 4: 7.9, 5: 6.0, 6: 5.0, 7: 5.6, 8: 41.9, 9: 12.0, 10: 7.3, 11: 57.1, 12: 8.1, 13: 9.3, 14: 5.7, 15: 13.0, 16: 11.1, 17: 8.1, 18: 6.1}
INFO:src.model.gail:CURRENT POLICY | Steps:  230 | Rewards: -164 | Perplexity:  14.0466 | KLD:  1.8555 | Actions: {0: 9.3, 1: 6.7, 2: 10.9, 3: 10.3, 4: 10.6, 5: 10.7, 6: 7.3, 7: 11.5, 8: 22.3, 9: 11.4, 10: 6.4, 11: 51.9, 12: 7.4, 13: 6.0, 14: 10.6, 15: 8.3, 16: 5.5, 17: 9.2, 18: 13.5}
INFO:src.model.gail:RandomPolicy | Steps:  230 | Rewards: -149 | Perplexity:  19.0000 | KLD:  2.1577 | Actions: {0: 12.3, 1: 12.5, 2: 11.9, 3: 12.2, 4: 12.1, 5: 12.4, 6: 12.0, 7: 12.5, 8: 12.0, 9: 11.5, 10: 11.8, 11: 12.8, 12: 12.4, 13: 12.2, 14: 11.9, 15: 11.8, 16: 11.8, 17: 11.7, 18: 12.1}
INFO:src.model.gail:BehaviorPolicy | Steps:  230 | Rewards: -194 | Perplexity:  13.0203 | KLD:  1.7794 | Actions: {0: 5.5, 1: 9.2, 2: 7.0, 3: 4.8, 4: 8.6, 5: 6.4, 6: 4.9, 7: 5.2, 8: 43.7, 9: 13.3, 10: 7.1, 11: 53.0, 12: 8.1, 13: 8.9, 14: 6.2, 15: 12.2, 16: 11.4, 17: 9.0, 18: 5.9}
INFO:src.model.gail:BehaviorPolicy2 | Steps:  230 | Rewards: -149 | Perplexity:  19.0000 | KLD:  2.1577 | Actions: {0: 12.2, 1: 12.4, 2: 11.8, 3: 12.4, 4: 12.7, 5: 12.2, 6: 11.7, 7: 12.1, 8: 11.8, 9: 12.0, 10: 12.4, 11: 11.6, 12: 12.1, 13: 12.5, 14: 12.0, 15: 12.2, 16: 12.0, 17: 11.7, 18: 12.4}
INFO:src.model.gail:epoc: 11 | Target Reward Mean: -248.46 | Reward Mean: -163.64
INFO:src.model.gail:epoc: 12 | Target Reward Mean: -248.46 | Reward Mean: -174.34
INFO:src.model.gail:epoc: 13 | Target Reward Mean: -248.46 | Reward Mean: -176.13
INFO:src.model.gail:epoc: 14 | Target Reward Mean: -248.46 | Reward Mean: -178.99
INFO:src.model.gail:epoc: 15 | Target Reward Mean: -248.46 | Reward Mean: -183.82
INFO:src.model.gail:epoc: 16 | Target Reward Mean: -248.46 | Reward Mean: -195.73
INFO:src.model.gail:epoc: 17 | Target Reward Mean: -248.46 | Reward Mean: -202.73
INFO:src.model.gail:epoc: 18 | Target Reward Mean: -248.46 | Reward Mean: -205.41
INFO:src.model.gail:epoc: 19 | Target Reward Mean: -248.46 | Reward Mean: -212.12
INFO:src.model.gail:====== EPOCH 20 ======
INFO:src.model.gail:TEST DATA | Steps:  230 | Rewards: -248 |  Actions: {0: 5.4, 1: 8.6, 2: 7.0, 3: 5.0, 4: 7.9, 5: 6.0, 6: 5.0, 7: 5.6, 8: 41.9, 9: 12.0, 10: 7.3, 11: 57.1, 12: 8.1, 13: 9.3, 14: 5.7, 15: 13.0, 16: 11.1, 17: 8.1, 18: 6.1}
INFO:src.model.gail:CURRENT POLICY | Steps:  230 | Rewards: -216 | Perplexity:  14.2514 | KLD:  1.8697 | Actions: {0: 4.6, 1: 3.2, 2: 4.9, 3: 4.8, 4: 5.7, 5: 5.9, 6: 4.8, 7: 4.5, 8: 45.4, 9: 10.6, 10: 3.9, 11: 94.4, 12: 6.1, 13: 5.3, 14: 5.4, 15: 7.5, 16: 3.9, 17: 4.4, 18: 5.2}
INFO:src.model.gail:RandomPolicy | Steps:  230 | Rewards: -156 | Perplexity:  19.0000 | KLD:  2.1577 | Actions: {0: 12.3, 1: 12.3, 2: 12.1, 3: 11.3, 4: 12.3, 5: 12.0, 6: 12.1, 7: 11.9, 8: 11.5, 9: 11.9, 10: 12.0, 11: 11.8, 12: 12.4, 13: 12.5, 14: 12.3, 15: 12.6, 16: 12.6, 17: 12.4, 18: 11.8}
INFO:src.model.gail:BehaviorPolicy | Steps:  230 | Rewards: -199 | Perplexity:  13.0203 | KLD:  1.7794 | Actions: {0: 5.5, 1: 8.7, 2: 7.2, 3: 4.9, 4: 8.2, 5: 6.6, 6: 4.7, 7: 5.7, 8: 42.9, 9: 12.8, 10: 7.4, 11: 53.4, 12: 8.0, 13: 9.6, 14: 6.3, 15: 12.4, 16: 10.9, 17: 8.7, 18: 6.3}
INFO:src.model.gail:BehaviorPolicy2 | Steps:  230 | Rewards: -155 | Perplexity:  19.0000 | KLD:  2.1577 | Actions: {0: 11.7, 1: 12.1, 2: 12.0, 3: 12.2, 4: 12.2, 5: 11.5, 6: 12.8, 7: 12.2, 8: 11.9, 9: 12.1, 10: 12.3, 11: 12.4, 12: 11.8, 13: 12.2, 14: 12.1, 15: 12.7, 16: 12.1, 17: 11.9, 18: 11.7}
INFO:src.model.gail:epoc: 21 | Target Reward Mean: -248.46 | Reward Mean: -218.45
INFO:src.model.gail:epoc: 22 | Target Reward Mean: -248.46 | Reward Mean: -234.39
INFO:src.model.gail:epoc: 23 | Target Reward Mean: -248.46 | Reward Mean: -246.89
INFO:src.model.gail:epoc: 24 | Target Reward Mean: -248.46 | Reward Mean: -257.99
INFO:src.model.gail:epoc: 25 | Target Reward Mean: -248.46 | Reward Mean: -278.25
INFO:src.model.gail:epoc: 26 | Target Reward Mean: -248.46 | Reward Mean: -286.99
INFO:src.model.gail:epoc: 27 | Target Reward Mean: -248.46 | Reward Mean: -297.91
INFO:src.model.gail:epoc: 28 | Target Reward Mean: -248.46 | Reward Mean: -295.46
INFO:src.model.gail:epoc: 29 | Target Reward Mean: -248.46 | Reward Mean: -304.89
INFO:src.model.gail:====== EPOCH 30 ======
INFO:src.model.gail:TEST DATA | Steps:  230 | Rewards: -248 |  Actions: {0: 5.4, 1: 8.6, 2: 7.0, 3: 5.0, 4: 7.9, 5: 6.0, 6: 5.0, 7: 5.6, 8: 41.9, 9: 12.0, 10: 7.3, 11: 57.1, 12: 8.1, 13: 9.3, 14: 5.7, 15: 13.0, 16: 11.1, 17: 8.1, 18: 6.1}
INFO:src.model.gail:CURRENT POLICY | Steps:  230 | Rewards: -309 | Perplexity:  19.1380 | KLD:  2.1646 | Actions: {0: 1.9, 1: 2.5, 2: 2.4, 3: 1.9, 4: 4.1, 5: 4.3, 6: 4.4, 7: 2.1, 8: 64.7, 9: 14.0, 10: 3.3, 11: 24.1, 12: 26.3, 13: 9.7, 14: 2.0, 15: 47.0, 16: 16.9, 17: 1.7, 18: 1.1}
INFO:src.model.gail:RandomPolicy | Steps:  230 | Rewards: -150 | Perplexity:  19.0000 | KLD:  2.1577 | Actions: {0: 12.5, 1: 12.2, 2: 11.9, 3: 12.5, 4: 11.8, 5: 11.9, 6: 12.3, 7: 12.4, 8: 12.0, 9: 12.2, 10: 11.7, 11: 11.9, 12: 12.2, 13: 11.9, 14: 12.1, 15: 12.4, 16: 12.2, 17: 12.2, 18: 12.0}
INFO:src.model.gail:BehaviorPolicy | Steps:  230 | Rewards: -186 | Perplexity:  13.0203 | KLD:  1.7794 | Actions: {0: 5.4, 1: 8.6, 2: 6.8, 3: 4.9, 4: 7.6, 5: 6.4, 6: 4.8, 7: 5.5, 8: 43.2, 9: 12.9, 10: 7.4, 11: 53.7, 12: 7.5, 13: 9.2, 14: 6.6, 15: 12.5, 16: 11.6, 17: 9.1, 18: 6.3}
INFO:src.model.gail:BehaviorPolicy2 | Steps:  230 | Rewards: -153 | Perplexity:  19.0000 | KLD:  2.1577 | Actions: {0: 11.6, 1: 11.9, 2: 12.4, 3: 12.1, 4: 13.1, 5: 12.1, 6: 12.3, 7: 12.1, 8: 12.2, 9: 12.2, 10: 12.0, 11: 12.7, 12: 12.0, 13: 12.1, 14: 11.9, 15: 11.9, 16: 12.4, 17: 11.7, 18: 11.5}
INFO:src.model.gail:epoc: 31 | Target Reward Mean: -248.46 | Reward Mean: -305.84
INFO:src.model.gail:epoc: 32 | Target Reward Mean: -248.46 | Reward Mean: -310.92
INFO:src.model.gail:epoc: 33 | Target Reward Mean: -248.46 | Reward Mean: -304.25
INFO:src.model.gail:epoc: 34 | Target Reward Mean: -248.46 | Reward Mean: -310.05
INFO:src.model.gail:epoc: 35 | Target Reward Mean: -248.46 | Reward Mean: -308.27
INFO:src.model.gail:epoc: 36 | Target Reward Mean: -248.46 | Reward Mean: -313.57
INFO:src.model.gail:epoc: 37 | Target Reward Mean: -248.46 | Reward Mean: -317.23
INFO:src.model.gail:epoc: 38 | Target Reward Mean: -248.46 | Reward Mean: -314.71
INFO:src.model.gail:epoc: 39 | Target Reward Mean: -248.46 | Reward Mean: -321.04
INFO:src.model.gail:====== EPOCH 40 ======
INFO:src.model.gail:TEST DATA | Steps:  230 | Rewards: -248 |  Actions: {0: 5.4, 1: 8.6, 2: 7.0, 3: 5.0, 4: 7.9, 5: 6.0, 6: 5.0, 7: 5.6, 8: 41.9, 9: 12.0, 10: 7.3, 11: 57.1, 12: 8.1, 13: 9.3, 14: 5.7, 15: 13.0, 16: 11.1, 17: 8.1, 18: 6.1}
INFO:src.model.gail:CURRENT POLICY | Steps:  230 | Rewards: -320 | Perplexity:  39.1582 | KLD:  2.8805 | Actions: {0: 1.7, 1: 3.4, 2: 2.8, 3: 2.4, 4: 6.7, 5: 5.3, 6: 3.3, 7: 1.7, 8: 3.3, 9: 10.6, 10: 2.9, 11: 10.9, 12: 39.2, 13: 19.2, 14: 1.6, 15: 35.6, 16: 81.8, 17: 1.1, 18: 1.1}
INFO:src.model.gail:RandomPolicy | Steps:  230 | Rewards: -152 | Perplexity:  19.0000 | KLD:  2.1577 | Actions: {0: 12.2, 1: 12.7, 2: 12.4, 3: 11.8, 4: 12.1, 5: 11.9, 6: 12.2, 7: 12.0, 8: 12.2, 9: 12.0, 10: 11.6, 11: 11.8, 12: 11.4, 13: 12.3, 14: 12.4, 15: 12.2, 16: 12.6, 17: 12.0, 18: 12.3}
INFO:src.model.gail:BehaviorPolicy | Steps:  230 | Rewards: -205 | Perplexity:  13.0203 | KLD:  1.7794 | Actions: {0: 5.4, 1: 8.4, 2: 7.0, 3: 4.9, 4: 8.5, 5: 6.4, 6: 5.0, 7: 5.3, 8: 43.8, 9: 13.3, 10: 7.6, 11: 52.5, 12: 7.8, 13: 8.7, 14: 6.5, 15: 12.3, 16: 11.8, 17: 8.7, 18: 6.1}
INFO:src.model.gail:BehaviorPolicy2 | Steps:  230 | Rewards: -155 | Perplexity:  19.0000 | KLD:  2.1577 | Actions: {0: 12.3, 1: 12.3, 2: 12.3, 3: 11.8, 4: 11.8, 5: 11.8, 6: 12.2, 7: 11.7, 8: 11.7, 9: 11.7, 10: 12.1, 11: 12.3, 12: 11.6, 13: 12.6, 14: 12.3, 15: 12.2, 16: 12.7, 17: 12.2, 18: 12.4}
INFO:src.model.gail:epoc: 41 | Target Reward Mean: -248.46 | Reward Mean: -320.28
INFO:src.model.gail:epoc: 42 | Target Reward Mean: -248.46 | Reward Mean: -320.89
INFO:src.model.gail:epoc: 43 | Target Reward Mean: -248.46 | Reward Mean: -320.14
INFO:src.model.gail:epoc: 44 | Target Reward Mean: -248.46 | Reward Mean: -313.04
INFO:src.model.gail:epoc: 45 | Target Reward Mean: -248.46 | Reward Mean: -318.10
INFO:src.model.gail:epoc: 46 | Target Reward Mean: -248.46 | Reward Mean: -315.56
INFO:src.model.gail:epoc: 47 | Target Reward Mean: -248.46 | Reward Mean: -315.95
INFO:src.model.gail:epoc: 48 | Target Reward Mean: -248.46 | Reward Mean: -313.70
INFO:src.model.gail:epoc: 49 | Target Reward Mean: -248.46 | Reward Mean: -316.33
INFO:src.model.gail:====== EPOCH 50 ======
INFO:src.model.gail:TEST DATA | Steps:  230 | Rewards: -248 |  Actions: {0: 5.4, 1: 8.6, 2: 7.0, 3: 5.0, 4: 7.9, 5: 6.0, 6: 5.0, 7: 5.6, 8: 41.9, 9: 12.0, 10: 7.3, 11: 57.1, 12: 8.1, 13: 9.3, 14: 5.7, 15: 13.0, 16: 11.1, 17: 8.1, 18: 6.1}
INFO:src.model.gail:CURRENT POLICY | Steps:  230 | Rewards: -311 | Perplexity:  28.0751 | KLD:  2.5477 | Actions: {0: 2.4, 1: 4.5, 2: 12.6, 3: 5.9, 4: 16.6, 5: 14.7, 6: 3.7, 7: 2.8, 8: 2.3, 9: 5.2, 10: 3.5, 11: 48.4, 12: 10.2, 13: 20.4, 14: 2.5, 15: 10.4, 16: 64.5, 17: 1.3, 18: 1.2}
INFO:src.model.gail:RandomPolicy | Steps:  230 | Rewards: -155 | Perplexity:  19.0000 | KLD:  2.1577 | Actions: {0: 12.3, 1: 11.9, 2: 12.0, 3: 11.9, 4: 12.4, 5: 11.8, 6: 12.3, 7: 12.2, 8: 12.0, 9: 12.3, 10: 12.1, 11: 11.5, 12: 12.8, 13: 12.4, 14: 12.3, 15: 11.6, 16: 12.2, 17: 12.1, 18: 11.9}
INFO:src.model.gail:BehaviorPolicy | Steps:  230 | Rewards: -199 | Perplexity:  13.0203 | KLD:  1.7794 | Actions: {0: 5.6, 1: 8.2, 2: 6.8, 3: 4.8, 4: 8.2, 5: 6.2, 6: 4.9, 7: 5.3, 8: 43.8, 9: 13.1, 10: 7.7, 11: 54.0, 12: 7.7, 13: 8.9, 14: 6.4, 15: 12.1, 16: 11.5, 17: 8.8, 18: 6.2}
INFO:src.model.gail:BehaviorPolicy2 | Steps:  230 | Rewards: -152 | Perplexity:  19.0000 | KLD:  2.1577 | Actions: {0: 11.4, 1: 12.3, 2: 12.4, 3: 12.2, 4: 11.7, 5: 11.8, 6: 12.0, 7: 12.4, 8: 12.2, 9: 12.8, 10: 12.3, 11: 11.6, 12: 12.1, 13: 12.4, 14: 11.6, 15: 12.5, 16: 11.7, 17: 12.0, 18: 12.6}
INFO:src.model.gail:epoc: 51 | Target Reward Mean: -248.46 | Reward Mean: -313.10
INFO:src.model.gail:epoc: 52 | Target Reward Mean: -248.46 | Reward Mean: -310.10
INFO:src.model.gail:epoc: 53 | Target Reward Mean: -248.46 | Reward Mean: -313.70
INFO:src.model.gail:epoc: 54 | Target Reward Mean: -248.46 | Reward Mean: -309.01
INFO:src.model.gail:epoc: 55 | Target Reward Mean: -248.46 | Reward Mean: -308.87
INFO:src.model.gail:epoc: 56 | Target Reward Mean: -248.46 | Reward Mean: -307.30
INFO:src.model.gail:epoc: 57 | Target Reward Mean: -248.46 | Reward Mean: -309.92
INFO:src.model.gail:epoc: 58 | Target Reward Mean: -248.46 | Reward Mean: -303.14
INFO:src.model.gail:epoc: 59 | Target Reward Mean: -248.46 | Reward Mean: -298.10
INFO:src.model.gail:====== EPOCH 60 ======
INFO:src.model.gail:TEST DATA | Steps:  230 | Rewards: -248 |  Actions: {0: 5.4, 1: 8.6, 2: 7.0, 3: 5.0, 4: 7.9, 5: 6.0, 6: 5.0, 7: 5.6, 8: 41.9, 9: 12.0, 10: 7.3, 11: 57.1, 12: 8.1, 13: 9.3, 14: 5.7, 15: 13.0, 16: 11.1, 17: 8.1, 18: 6.1}
INFO:src.model.gail:CURRENT POLICY | Steps:  230 | Rewards: -295 | Perplexity:  22.3809 | KLD:  2.3209 | Actions: {0: 4.6, 1: 4.6, 2: 19.1, 3: 6.4, 4: 15.9, 5: 13.4, 6: 3.8, 7: 3.6, 8: 3.8, 9: 3.5, 10: 4.0, 11: 101.1, 12: 3.8, 13: 12.8, 14: 3.6, 15: 5.9, 16: 19.7, 17: 1.4, 18: 1.2}
INFO:src.model.gail:RandomPolicy | Steps:  230 | Rewards: -152 | Perplexity:  19.0000 | KLD:  2.1577 | Actions: {0: 12.9, 1: 11.9, 2: 12.3, 3: 11.9, 4: 12.0, 5: 12.2, 6: 12.1, 7: 12.1, 8: 12.3, 9: 11.8, 10: 12.5, 11: 11.5, 12: 12.7, 13: 12.2, 14: 11.4, 15: 12.0, 16: 12.1, 17: 12.3, 18: 11.8}
INFO:src.model.gail:BehaviorPolicy | Steps:  230 | Rewards: -200 | Perplexity:  13.0203 | KLD:  1.7794 | Actions: {0: 5.6, 1: 8.2, 2: 6.6, 3: 4.9, 4: 8.4, 5: 6.6, 6: 4.7, 7: 5.4, 8: 44.5, 9: 13.1, 10: 7.2, 11: 53.8, 12: 7.5, 13: 9.1, 14: 6.4, 15: 12.1, 16: 11.7, 17: 8.1, 18: 6.4}
INFO:src.model.gail:BehaviorPolicy2 | Steps:  230 | Rewards: -147 | Perplexity:  19.0000 | KLD:  2.1577 | Actions: {0: 12.2, 1: 12.3, 2: 12.1, 3: 11.9, 4: 12.6, 5: 12.2, 6: 12.0, 7: 11.8, 8: 11.9, 9: 12.0, 10: 12.1, 11: 12.2, 12: 12.0, 13: 12.2, 14: 11.8, 15: 12.2, 16: 12.0, 17: 12.0, 18: 12.5}
INFO:src.model.gail:epoc: 61 | Target Reward Mean: -248.46 | Reward Mean: -291.29
INFO:src.model.gail:epoc: 62 | Target Reward Mean: -248.46 | Reward Mean: -295.36
INFO:src.model.gail:epoc: 63 | Target Reward Mean: -248.46 | Reward Mean: -288.91
INFO:src.model.gail:epoc: 64 | Target Reward Mean: -248.46 | Reward Mean: -286.78
INFO:src.model.gail:epoc: 65 | Target Reward Mean: -248.46 | Reward Mean: -277.66
INFO:src.model.gail:epoc: 66 | Target Reward Mean: -248.46 | Reward Mean: -270.88
INFO:src.model.gail:epoc: 67 | Target Reward Mean: -248.46 | Reward Mean: -268.22
INFO:src.model.gail:epoc: 68 | Target Reward Mean: -248.46 | Reward Mean: -271.70
INFO:src.model.gail:epoc: 69 | Target Reward Mean: -248.46 | Reward Mean: -266.91
INFO:src.model.gail:====== EPOCH 70 ======
INFO:src.model.gail:TEST DATA | Steps:  230 | Rewards: -248 |  Actions: {0: 5.4, 1: 8.6, 2: 7.0, 3: 5.0, 4: 7.9, 5: 6.0, 6: 5.0, 7: 5.6, 8: 41.9, 9: 12.0, 10: 7.3, 11: 57.1, 12: 8.1, 13: 9.3, 14: 5.7, 15: 13.0, 16: 11.1, 17: 8.1, 18: 6.1}
INFO:src.model.gail:CURRENT POLICY | Steps:  230 | Rewards: -272 | Perplexity:  15.4020 | KLD:  1.9473 | Actions: {0: 10.6, 1: 4.8, 2: 19.0, 3: 4.0, 4: 10.0, 5: 5.9, 6: 3.8, 7: 3.6, 8: 49.1, 9: 2.5, 10: 8.3, 11: 80.2, 12: 3.1, 13: 6.4, 14: 7.4, 15: 2.8, 16: 3.9, 17: 3.0, 18: 3.0}
INFO:src.model.gail:RandomPolicy | Steps:  230 | Rewards: -153 | Perplexity:  19.0000 | KLD:  2.1577 | Actions: {0: 12.4, 1: 12.3, 2: 12.1, 3: 12.4, 4: 12.2, 5: 12.3, 6: 11.7, 7: 12.4, 8: 12.0, 9: 12.5, 10: 11.8, 11: 12.3, 12: 12.1, 13: 11.8, 14: 12.0, 15: 12.3, 16: 12.0, 17: 11.7, 18: 11.8}
INFO:src.model.gail:BehaviorPolicy | Steps:  230 | Rewards: -205 | Perplexity:  13.0203 | KLD:  1.7794 | Actions: {0: 5.8, 1: 8.6, 2: 6.8, 3: 5.2, 4: 8.0, 5: 6.4, 6: 4.9, 7: 5.9, 8: 43.2, 9: 13.1, 10: 7.2, 11: 52.8, 12: 7.9, 13: 8.5, 14: 7.2, 15: 11.9, 16: 11.7, 17: 9.0, 18: 6.2}
INFO:src.model.gail:BehaviorPolicy2 | Steps:  230 | Rewards: -150 | Perplexity:  19.0000 | KLD:  2.1577 | Actions: {0: 11.7, 1: 12.8, 2: 12.3, 3: 12.2, 4: 12.3, 5: 12.1, 6: 12.0, 7: 12.1, 8: 12.5, 9: 12.0, 10: 12.3, 11: 11.6, 12: 11.5, 13: 11.9, 14: 12.4, 15: 12.1, 16: 12.4, 17: 11.8, 18: 12.2}
INFO:src.model.gail:epoc: 71 | Target Reward Mean: -248.46 | Reward Mean: -256.28
INFO:src.model.gail:epoc: 72 | Target Reward Mean: -248.46 | Reward Mean: -252.83
INFO:src.model.gail:epoc: 73 | Target Reward Mean: -248.46 | Reward Mean: -263.24
INFO:src.model.gail:epoc: 74 | Target Reward Mean: -248.46 | Reward Mean: -261.36
INFO:src.model.gail:epoc: 75 | Target Reward Mean: -248.46 | Reward Mean: -261.27
INFO:src.model.gail:epoc: 76 | Target Reward Mean: -248.46 | Reward Mean: -251.75
INFO:src.model.gail:epoc: 77 | Target Reward Mean: -248.46 | Reward Mean: -254.16
INFO:src.model.gail:epoc: 78 | Target Reward Mean: -248.46 | Reward Mean: -252.24
INFO:src.model.gail:epoc: 79 | Target Reward Mean: -248.46 | Reward Mean: -253.88
INFO:src.model.gail:====== EPOCH 80 ======
INFO:src.model.gail:TEST DATA | Steps:  230 | Rewards: -248 |  Actions: {0: 5.4, 1: 8.6, 2: 7.0, 3: 5.0, 4: 7.9, 5: 6.0, 6: 5.0, 7: 5.6, 8: 41.9, 9: 12.0, 10: 7.3, 11: 57.1, 12: 8.1, 13: 9.3, 14: 5.7, 15: 13.0, 16: 11.1, 17: 8.1, 18: 6.1}
INFO:src.model.gail:CURRENT POLICY | Steps:  230 | Rewards: -240 | Perplexity:  18.6325 | KLD:  2.1378 | Actions: {0: 9.9, 1: 4.3, 2: 8.5, 3: 3.1, 4: 6.3, 5: 3.6, 6: 3.5, 7: 3.5, 8: 112.7, 9: 3.1, 10: 12.3, 11: 28.7, 12: 2.7, 13: 4.4, 14: 9.6, 15: 3.0, 16: 2.6, 17: 4.0, 18: 5.9}
INFO:src.model.gail:RandomPolicy | Steps:  230 | Rewards: -153 | Perplexity:  19.0000 | KLD:  2.1577 | Actions: {0: 12.5, 1: 11.9, 2: 12.1, 3: 12.3, 4: 12.2, 5: 12.1, 6: 12.2, 7: 12.0, 8: 12.2, 9: 12.1, 10: 11.9, 11: 12.3, 12: 12.0, 13: 12.1, 14: 11.7, 15: 12.5, 16: 11.8, 17: 12.0, 18: 12.1}
INFO:src.model.gail:BehaviorPolicy | Steps:  230 | Rewards: -201 | Perplexity:  13.0203 | KLD:  1.7794 | Actions: {0: 5.9, 1: 8.4, 2: 6.9, 3: 5.0, 4: 8.1, 5: 5.9, 6: 5.2, 7: 5.8, 8: 43.2, 9: 13.3, 10: 7.2, 11: 53.6, 12: 7.7, 13: 9.4, 14: 6.0, 15: 12.4, 16: 11.5, 17: 8.5, 18: 6.2}
INFO:src.model.gail:BehaviorPolicy2 | Steps:  230 | Rewards: -140 | Perplexity:  19.0000 | KLD:  2.1577 | Actions: {0: 11.8, 1: 12.2, 2: 12.4, 3: 12.0, 4: 12.2, 5: 12.2, 6: 12.2, 7: 12.1, 8: 11.8, 9: 12.0, 10: 12.3, 11: 12.2, 12: 12.2, 13: 12.3, 14: 11.9, 15: 12.2, 16: 12.0, 17: 11.7, 18: 12.4}
INFO:src.model.gail:epoc: 81 | Target Reward Mean: -248.46 | Reward Mean: -243.91
INFO:src.model.gail:epoc: 82 | Target Reward Mean: -248.46 | Reward Mean: -243.08
INFO:src.model.gail:epoc: 83 | Target Reward Mean: -248.46 | Reward Mean: -234.13
INFO:src.model.gail:epoc: 84 | Target Reward Mean: -248.46 | Reward Mean: -232.23
INFO:src.model.gail:epoc: 85 | Target Reward Mean: -248.46 | Reward Mean: -224.39
INFO:src.model.gail:epoc: 86 | Target Reward Mean: -248.46 | Reward Mean: -214.14
INFO:src.model.gail:epoc: 87 | Target Reward Mean: -248.46 | Reward Mean: -216.70
INFO:src.model.gail:epoc: 88 | Target Reward Mean: -248.46 | Reward Mean: -216.21
INFO:src.model.gail:epoc: 89 | Target Reward Mean: -248.46 | Reward Mean: -222.00
INFO:src.model.gail:====== EPOCH 90 ======
INFO:src.model.gail:TEST DATA | Steps:  230 | Rewards: -248 |  Actions: {0: 5.4, 1: 8.6, 2: 7.0, 3: 5.0, 4: 7.9, 5: 6.0, 6: 5.0, 7: 5.6, 8: 41.9, 9: 12.0, 10: 7.3, 11: 57.1, 12: 8.1, 13: 9.3, 14: 5.7, 15: 13.0, 16: 11.1, 17: 8.1, 18: 6.1}
INFO:src.model.gail:CURRENT POLICY | Steps:  230 | Rewards: -219 | Perplexity:  16.9343 | KLD:  2.0424 | Actions: {0: 8.3, 1: 16.7, 2: 3.1, 3: 3.7, 4: 10.5, 5: 2.7, 6: 5.8, 7: 6.5, 8: 77.2, 9: 9.2, 10: 18.0, 11: 20.2, 12: 4.1, 13: 11.3, 14: 11.0, 15: 9.7, 16: 2.4, 17: 3.4, 18: 7.4}
INFO:src.model.gail:RandomPolicy | Steps:  230 | Rewards: -157 | Perplexity:  19.0000 | KLD:  2.1577 | Actions: {0: 11.6, 1: 12.3, 2: 12.1, 3: 12.1, 4: 12.3, 5: 11.6, 6: 12.6, 7: 12.1, 8: 12.1, 9: 11.6, 10: 12.5, 11: 11.9, 12: 12.4, 13: 11.8, 14: 12.3, 15: 12.5, 16: 12.1, 17: 12.2, 18: 11.9}
INFO:src.model.gail:BehaviorPolicy | Steps:  230 | Rewards: -202 | Perplexity:  13.0203 | KLD:  1.7794 | Actions: {0: 5.7, 1: 8.4, 2: 7.2, 3: 5.1, 4: 8.5, 5: 6.3, 6: 4.8, 7: 5.7, 8: 43.4, 9: 13.0, 10: 7.8, 11: 53.7, 12: 7.5, 13: 8.4, 14: 6.3, 15: 11.8, 16: 12.1, 17: 8.3, 18: 5.8}
INFO:src.model.gail:BehaviorPolicy2 | Steps:  230 | Rewards: -151 | Perplexity:  19.0000 | KLD:  2.1577 | Actions: {0: 11.5, 1: 12.1, 2: 11.9, 3: 12.4, 4: 12.8, 5: 11.9, 6: 11.5, 7: 12.2, 8: 11.8, 9: 12.5, 10: 12.2, 11: 12.2, 12: 12.3, 13: 11.5, 14: 12.4, 15: 12.1, 16: 11.9, 17: 12.2, 18: 12.6}
INFO:src.model.gail:epoc: 91 | Target Reward Mean: -248.46 | Reward Mean: -222.20
INFO:src.model.gail:epoc: 92 | Target Reward Mean: -248.46 | Reward Mean: -213.36
INFO:src.model.gail:epoc: 93 | Target Reward Mean: -248.46 | Reward Mean: -213.71
INFO:src.model.gail:epoc: 94 | Target Reward Mean: -248.46 | Reward Mean: -213.42
INFO:src.model.gail:epoc: 95 | Target Reward Mean: -248.46 | Reward Mean: -215.99
INFO:src.model.gail:epoc: 96 | Target Reward Mean: -248.46 | Reward Mean: -215.04
INFO:src.model.gail:epoc: 97 | Target Reward Mean: -248.46 | Reward Mean: -224.09
INFO:src.model.gail:epoc: 98 | Target Reward Mean: -248.46 | Reward Mean: -220.38
INFO:src.model.gail:epoc: 99 | Target Reward Mean: -248.46 | Reward Mean: -226.38
INFO:src.model.gail:====== EPOCH 100 ======
INFO:src.model.gail:TEST DATA | Steps:  230 | Rewards: -248 |  Actions: {0: 5.4, 1: 8.6, 2: 7.0, 3: 5.0, 4: 7.9, 5: 6.0, 6: 5.0, 7: 5.6, 8: 41.9, 9: 12.0, 10: 7.3, 11: 57.1, 12: 8.1, 13: 9.3, 14: 5.7, 15: 13.0, 16: 11.1, 17: 8.1, 18: 6.1}
INFO:src.model.gail:CURRENT POLICY | Steps:  230 | Rewards: -230 | Perplexity:  14.5365 | KLD:  1.8896 | Actions: {0: 3.9, 1: 16.7, 2: 3.8, 3: 4.5, 4: 12.6, 5: 3.0, 6: 8.0, 7: 6.3, 8: 30.2, 9: 14.2, 10: 12.3, 11: 56.3, 12: 6.8, 13: 21.1, 14: 6.4, 15: 14.4, 16: 5.2, 17: 1.9, 18: 3.0}
INFO:src.model.gail:RandomPolicy | Steps:  230 | Rewards: -154 | Perplexity:  19.0000 | KLD:  2.1577 | Actions: {0: 12.4, 1: 11.6, 2: 12.3, 3: 11.9, 4: 12.0, 5: 12.7, 6: 11.8, 7: 12.4, 8: 12.0, 9: 12.1, 10: 11.7, 11: 12.8, 12: 12.0, 13: 12.0, 14: 11.9, 15: 11.9, 16: 11.8, 17: 12.1, 18: 12.6}
INFO:src.model.gail:BehaviorPolicy | Steps:  230 | Rewards: -208 | Perplexity:  13.0203 | KLD:  1.7794 | Actions: {0: 5.7, 1: 8.9, 2: 7.1, 3: 4.7, 4: 8.1, 5: 6.3, 6: 4.9, 7: 5.5, 8: 43.6, 9: 13.0, 10: 7.2, 11: 52.9, 12: 7.8, 13: 9.1, 14: 6.3, 15: 12.1, 16: 11.7, 17: 8.8, 18: 6.1}
INFO:src.model.gail:BehaviorPolicy2 | Steps:  230 | Rewards: -149 | Perplexity:  19.0000 | KLD:  2.1577 | Actions: {0: 12.5, 1: 12.0, 2: 12.3, 3: 12.2, 4: 11.4, 5: 11.8, 6: 12.3, 7: 12.3, 8: 12.8, 9: 12.3, 10: 11.3, 11: 12.4, 12: 12.3, 13: 11.9, 14: 12.2, 15: 12.8, 16: 11.9, 17: 11.8, 18: 11.6}
INFO:src.model.gail:epoc: 101 | Target Reward Mean: -248.46 | Reward Mean: -237.04
INFO:src.model.gail:epoc: 102 | Target Reward Mean: -248.46 | Reward Mean: -239.60
INFO:src.model.gail:epoc: 103 | Target Reward Mean: -248.46 | Reward Mean: -250.05
INFO:src.model.gail:epoc: 104 | Target Reward Mean: -248.46 | Reward Mean: -252.08
INFO:src.model.gail:epoc: 105 | Target Reward Mean: -248.46 | Reward Mean: -264.49
INFO:src.model.gail:epoc: 106 | Target Reward Mean: -248.46 | Reward Mean: -283.90
INFO:src.model.gail:epoc: 107 | Target Reward Mean: -248.46 | Reward Mean: -283.10
INFO:src.model.gail:epoc: 108 | Target Reward Mean: -248.46 | Reward Mean: -292.23
INFO:src.model.gail:epoc: 109 | Target Reward Mean: -248.46 | Reward Mean: -304.86
INFO:src.model.gail:====== EPOCH 110 ======
INFO:src.model.gail:TEST DATA | Steps:  230 | Rewards: -248 |  Actions: {0: 5.4, 1: 8.6, 2: 7.0, 3: 5.0, 4: 7.9, 5: 6.0, 6: 5.0, 7: 5.6, 8: 41.9, 9: 12.0, 10: 7.3, 11: 57.1, 12: 8.1, 13: 9.3, 14: 5.7, 15: 13.0, 16: 11.1, 17: 8.1, 18: 6.1}
INFO:src.model.gail:CURRENT POLICY | Steps:  230 | Rewards: -308 | Perplexity:  18.0977 | KLD:  2.1085 | Actions: {0: 1.6, 1: 5.2, 2: 4.4, 3: 3.9, 4: 6.8, 5: 3.7, 6: 5.3, 7: 2.6, 8: 13.7, 9: 17.4, 10: 3.0, 11: 92.7, 12: 13.4, 13: 19.9, 14: 1.8, 15: 15.1, 16: 20.4, 17: 1.3, 18: 1.2}
INFO:src.model.gail:RandomPolicy | Steps:  230 | Rewards: -148 | Perplexity:  19.0000 | KLD:  2.1577 | Actions: {0: 12.3, 1: 12.0, 2: 12.1, 3: 12.0, 4: 11.8, 5: 11.7, 6: 11.9, 7: 11.6, 8: 12.3, 9: 11.8, 10: 12.2, 11: 12.2, 12: 12.0, 13: 12.4, 14: 12.3, 15: 12.3, 16: 12.5, 17: 11.9, 18: 12.6}
INFO:src.model.gail:BehaviorPolicy | Steps:  230 | Rewards: -199 | Perplexity:  13.0203 | KLD:  1.7794 | Actions: {0: 5.4, 1: 8.5, 2: 6.8, 3: 5.0, 4: 7.8, 5: 6.3, 6: 5.1, 7: 5.8, 8: 44.1, 9: 12.8, 10: 7.2, 11: 53.4, 12: 8.0, 13: 8.8, 14: 6.3, 15: 12.2, 16: 11.6, 17: 8.7, 18: 6.3}
INFO:src.model.gail:BehaviorPolicy2 | Steps:  230 | Rewards: -158 | Perplexity:  19.0000 | KLD:  2.1577 | Actions: {0: 12.0, 1: 11.9, 2: 12.0, 3: 12.0, 4: 12.4, 5: 11.6, 6: 12.2, 7: 12.2, 8: 11.9, 9: 12.4, 10: 11.9, 11: 12.6, 12: 12.4, 13: 12.2, 14: 12.0, 15: 12.2, 16: 12.0, 17: 12.4, 18: 11.7}
INFO:src.model.gail:epoc: 111 | Target Reward Mean: -248.46 | Reward Mean: -308.71
INFO:src.model.gail:epoc: 112 | Target Reward Mean: -248.46 | Reward Mean: -307.94
INFO:src.model.gail:epoc: 113 | Target Reward Mean: -248.46 | Reward Mean: -312.03
INFO:src.model.gail:epoc: 114 | Target Reward Mean: -248.46 | Reward Mean: -309.34
INFO:src.model.gail:epoc: 115 | Target Reward Mean: -248.46 | Reward Mean: -314.86
INFO:src.model.gail:epoc: 116 | Target Reward Mean: -248.46 | Reward Mean: -313.67
INFO:src.model.gail:epoc: 117 | Target Reward Mean: -248.46 | Reward Mean: -313.91
INFO:src.model.gail:epoc: 118 | Target Reward Mean: -248.46 | Reward Mean: -315.82
INFO:src.model.gail:epoc: 119 | Target Reward Mean: -248.46 | Reward Mean: -313.94
INFO:src.model.gail:====== EPOCH 120 ======
INFO:src.model.gail:TEST DATA | Steps:  230 | Rewards: -248 |  Actions: {0: 5.4, 1: 8.6, 2: 7.0, 3: 5.0, 4: 7.9, 5: 6.0, 6: 5.0, 7: 5.6, 8: 41.9, 9: 12.0, 10: 7.3, 11: 57.1, 12: 8.1, 13: 9.3, 14: 5.7, 15: 13.0, 16: 11.1, 17: 8.1, 18: 6.1}
INFO:src.model.gail:CURRENT POLICY | Steps:  230 | Rewards: -315 | Perplexity:  17.1373 | KLD:  2.0540 | Actions: {0: 1.7, 1: 5.2, 2: 9.0, 3: 4.8, 4: 5.0, 5: 4.6, 6: 4.6, 7: 2.8, 8: 38.1, 9: 22.8, 10: 2.4, 11: 36.7, 12: 22.9, 13: 10.6, 14: 1.7, 15: 22.2, 16: 36.0, 17: 1.4, 18: 1.0}
INFO:src.model.gail:RandomPolicy | Steps:  230 | Rewards: -148 | Perplexity:  19.0000 | KLD:  2.1577 | Actions: {0: 12.0, 1: 12.3, 2: 12.2, 3: 11.3, 4: 11.4, 5: 12.7, 6: 12.3, 7: 11.8, 8: 12.7, 9: 12.4, 10: 12.4, 11: 12.0, 12: 11.9, 13: 11.8, 14: 12.4, 15: 12.3, 16: 11.8, 17: 11.9, 18: 12.1}
INFO:src.model.gail:BehaviorPolicy | Steps:  230 | Rewards: -206 | Perplexity:  13.0203 | KLD:  1.7794 | Actions: {0: 5.9, 1: 8.8, 2: 7.0, 3: 4.6, 4: 8.0, 5: 6.3, 6: 4.9, 7: 5.5, 8: 43.7, 9: 12.9, 10: 7.2, 11: 53.3, 12: 7.8, 13: 9.0, 14: 6.2, 15: 12.9, 16: 11.2, 17: 8.7, 18: 6.1}
INFO:src.model.gail:BehaviorPolicy2 | Steps:  230 | Rewards: -150 | Perplexity:  19.0000 | KLD:  2.1577 | Actions: {0: 11.7, 1: 11.9, 2: 12.3, 3: 11.9, 4: 11.7, 5: 12.4, 6: 12.1, 7: 11.9, 8: 12.0, 9: 12.5, 10: 11.7, 11: 11.9, 12: 12.1, 13: 12.5, 14: 12.2, 15: 12.6, 16: 12.2, 17: 12.5, 18: 11.9}
INFO:src.model.gail:epoc: 121 | Target Reward Mean: -248.46 | Reward Mean: -315.06
INFO:src.model.gail:epoc: 122 | Target Reward Mean: -248.46 | Reward Mean: -312.62
INFO:src.model.gail:epoc: 123 | Target Reward Mean: -248.46 | Reward Mean: -312.04
INFO:src.model.gail:epoc: 124 | Target Reward Mean: -248.46 | Reward Mean: -308.49
INFO:src.model.gail:epoc: 125 | Target Reward Mean: -248.46 | Reward Mean: -310.19
INFO:src.model.gail:epoc: 126 | Target Reward Mean: -248.46 | Reward Mean: -306.98
INFO:src.model.gail:epoc: 127 | Target Reward Mean: -248.46 | Reward Mean: -309.85
INFO:src.model.gail:epoc: 128 | Target Reward Mean: -248.46 | Reward Mean: -307.56
INFO:src.model.gail:epoc: 129 | Target Reward Mean: -248.46 | Reward Mean: -310.43
INFO:src.model.gail:====== EPOCH 130 ======
INFO:src.model.gail:TEST DATA | Steps:  230 | Rewards: -248 |  Actions: {0: 5.4, 1: 8.6, 2: 7.0, 3: 5.0, 4: 7.9, 5: 6.0, 6: 5.0, 7: 5.6, 8: 41.9, 9: 12.0, 10: 7.3, 11: 57.1, 12: 8.1, 13: 9.3, 14: 5.7, 15: 13.0, 16: 11.1, 17: 8.1, 18: 6.1}
INFO:src.model.gail:CURRENT POLICY | Steps:  230 | Rewards: -305 | Perplexity:  19.1280 | KLD:  2.1640 | Actions: {0: 2.0, 1: 12.4, 2: 14.4, 3: 4.6, 4: 6.1, 5: 4.5, 6: 3.5, 7: 2.5, 8: 116.9, 9: 8.5, 10: 2.5, 11: 21.0, 12: 4.0, 13: 2.8, 14: 2.1, 15: 10.6, 16: 11.7, 17: 1.8, 18: 1.3}
INFO:src.model.gail:RandomPolicy | Steps:  230 | Rewards: -158 | Perplexity:  19.0000 | KLD:  2.1577 | Actions: {0: 12.2, 1: 12.2, 2: 11.6, 3: 12.2, 4: 11.8, 5: 11.9, 6: 11.9, 7: 12.4, 8: 12.5, 9: 11.9, 10: 11.7, 11: 12.2, 12: 12.5, 13: 12.5, 14: 12.2, 15: 12.5, 16: 12.1, 17: 12.2, 18: 11.4}
INFO:src.model.gail:BehaviorPolicy | Steps:  230 | Rewards: -197 | Perplexity:  13.0203 | KLD:  1.7794 | Actions: {0: 5.5, 1: 8.9, 2: 6.9, 3: 4.8, 4: 8.4, 5: 6.4, 6: 4.8, 7: 5.2, 8: 43.4, 9: 12.9, 10: 7.1, 11: 53.6, 12: 8.2, 13: 9.4, 14: 6.1, 15: 12.2, 16: 11.9, 17: 8.6, 18: 6.0}
INFO:src.model.gail:BehaviorPolicy2 | Steps:  230 | Rewards: -148 | Perplexity:  19.0000 | KLD:  2.1577 | Actions: {0: 12.3, 1: 11.9, 2: 11.8, 3: 12.5, 4: 12.2, 5: 12.6, 6: 11.9, 7: 11.9, 8: 12.1, 9: 12.4, 10: 11.3, 11: 11.7, 12: 12.0, 13: 12.0, 14: 12.2, 15: 12.0, 16: 12.3, 17: 12.2, 18: 12.5}
INFO:src.model.gail:epoc: 131 | Target Reward Mean: -248.46 | Reward Mean: -307.75
INFO:src.model.gail:epoc: 132 | Target Reward Mean: -248.46 | Reward Mean: -303.04
INFO:src.model.gail:epoc: 133 | Target Reward Mean: -248.46 | Reward Mean: -302.74
INFO:src.model.gail:epoc: 134 | Target Reward Mean: -248.46 | Reward Mean: -294.51
INFO:src.model.gail:epoc: 135 | Target Reward Mean: -248.46 | Reward Mean: -292.59
INFO:src.model.gail:epoc: 136 | Target Reward Mean: -248.46 | Reward Mean: -294.12
INFO:src.model.gail:epoc: 137 | Target Reward Mean: -248.46 | Reward Mean: -281.15
INFO:src.model.gail:epoc: 138 | Target Reward Mean: -248.46 | Reward Mean: -275.92
INFO:src.model.gail:epoc: 139 | Target Reward Mean: -248.46 | Reward Mean: -268.23
INFO:src.model.gail:====== EPOCH 140 ======
INFO:src.model.gail:TEST DATA | Steps:  230 | Rewards: -248 |  Actions: {0: 5.4, 1: 8.6, 2: 7.0, 3: 5.0, 4: 7.9, 5: 6.0, 6: 5.0, 7: 5.6, 8: 41.9, 9: 12.0, 10: 7.3, 11: 57.1, 12: 8.1, 13: 9.3, 14: 5.7, 15: 13.0, 16: 11.1, 17: 8.1, 18: 6.1}
INFO:src.model.gail:CURRENT POLICY | Steps:  230 | Rewards: -266 | Perplexity:  17.2668 | KLD:  2.0617 | Actions: {0: 4.4, 1: 32.7, 2: 23.7, 3: 6.0, 4: 11.8, 5: 3.8, 6: 3.9, 7: 3.9, 8: 65.6, 9: 4.7, 10: 2.5, 11: 41.8, 12: 2.1, 13: 2.3, 14: 4.5, 15: 5.8, 16: 8.4, 17: 1.9, 18: 2.2}
INFO:src.model.gail:RandomPolicy | Steps:  230 | Rewards: -152 | Perplexity:  19.0000 | KLD:  2.1577 | Actions: {0: 11.7, 1: 12.0, 2: 12.1, 3: 11.9, 4: 12.6, 5: 12.5, 6: 12.1, 7: 11.8, 8: 12.0, 9: 12.0, 10: 12.0, 11: 11.9, 12: 12.2, 13: 12.4, 14: 12.0, 15: 12.3, 16: 12.0, 17: 11.8, 18: 12.6}
INFO:src.model.gail:BehaviorPolicy | Steps:  230 | Rewards: -193 | Perplexity:  13.0203 | KLD:  1.7794 | Actions: {0: 5.3, 1: 8.6, 2: 6.8, 3: 4.8, 4: 8.5, 5: 6.4, 6: 4.8, 7: 5.6, 8: 43.8, 9: 13.0, 10: 7.1, 11: 52.4, 12: 8.2, 13: 9.5, 14: 6.4, 15: 12.5, 16: 11.7, 17: 8.7, 18: 6.1}
INFO:src.model.gail:BehaviorPolicy2 | Steps:  230 | Rewards: -155 | Perplexity:  19.0000 | KLD:  2.1577 | Actions: {0: 12.2, 1: 12.0, 2: 12.0, 3: 12.4, 4: 12.4, 5: 12.0, 6: 12.2, 7: 12.2, 8: 11.4, 9: 11.9, 10: 12.4, 11: 11.8, 12: 11.9, 13: 12.0, 14: 12.4, 15: 11.8, 16: 12.2, 17: 12.6, 18: 12.2}
INFO:src.model.gail:epoc: 141 | Target Reward Mean: -248.46 | Reward Mean: -260.71
INFO:src.model.gail:epoc: 142 | Target Reward Mean: -248.46 | Reward Mean: -250.38
INFO:src.model.gail:epoc: 143 | Target Reward Mean: -248.46 | Reward Mean: -250.80
INFO:src.model.gail:epoc: 144 | Target Reward Mean: -248.46 | Reward Mean: -237.75
INFO:src.model.gail:epoc: 145 | Target Reward Mean: -248.46 | Reward Mean: -231.29
INFO:src.model.gail:epoc: 146 | Target Reward Mean: -248.46 | Reward Mean: -231.58
INFO:src.model.gail:epoc: 147 | Target Reward Mean: -248.46 | Reward Mean: -222.81
INFO:src.model.gail:epoc: 148 | Target Reward Mean: -248.46 | Reward Mean: -216.61
INFO:src.model.gail:epoc: 149 | Target Reward Mean: -248.46 | Reward Mean: -218.28
INFO:src.model.gail:====== EPOCH 150 ======
INFO:src.model.gail:TEST DATA | Steps:  230 | Rewards: -248 |  Actions: {0: 5.4, 1: 8.6, 2: 7.0, 3: 5.0, 4: 7.9, 5: 6.0, 6: 5.0, 7: 5.6, 8: 41.9, 9: 12.0, 10: 7.3, 11: 57.1, 12: 8.1, 13: 9.3, 14: 5.7, 15: 13.0, 16: 11.1, 17: 8.1, 18: 6.1}
INFO:src.model.gail:CURRENT POLICY | Steps:  230 | Rewards: -198 | Perplexity:  16.7783 | KLD:  2.0330 | Actions: {0: 11.4, 1: 16.7, 2: 9.1, 3: 6.6, 4: 20.3, 5: 3.4, 6: 6.3, 7: 6.1, 8: 23.3, 9: 6.5, 10: 4.5, 11: 75.7, 12: 1.8, 13: 3.8, 14: 12.4, 15: 4.0, 16: 6.7, 17: 3.5, 18: 8.9}
INFO:src.model.gail:RandomPolicy | Steps:  230 | Rewards: -153 | Perplexity:  19.0000 | KLD:  2.1577 | Actions: {0: 12.1, 1: 12.7, 2: 12.1, 3: 12.5, 4: 11.5, 5: 12.2, 6: 12.0, 7: 12.6, 8: 12.0, 9: 12.1, 10: 11.8, 11: 12.4, 12: 12.3, 13: 12.0, 14: 12.4, 15: 11.8, 16: 12.3, 17: 11.5, 18: 11.8}
INFO:src.model.gail:BehaviorPolicy | Steps:  230 | Rewards: -193 | Perplexity:  13.0203 | KLD:  1.7794 | Actions: {0: 5.9, 1: 8.6, 2: 7.0, 3: 5.1, 4: 7.8, 5: 6.5, 6: 4.9, 7: 5.4, 8: 42.7, 9: 12.9, 10: 7.3, 11: 52.9, 12: 8.1, 13: 8.9, 14: 6.4, 15: 12.5, 16: 11.8, 17: 8.9, 18: 6.4}
INFO:src.model.gail:BehaviorPolicy2 | Steps:  230 | Rewards: -157 | Perplexity:  19.0000 | KLD:  2.1577 | Actions: {0: 12.5, 1: 12.1, 2: 12.2, 3: 11.8, 4: 11.6, 5: 12.0, 6: 11.8, 7: 12.4, 8: 12.2, 9: 12.2, 10: 12.1, 11: 12.0, 12: 12.2, 13: 12.0, 14: 11.8, 15: 12.8, 16: 12.0, 17: 11.9, 18: 12.2}
INFO:src.model.gail:epoc: 151 | Target Reward Mean: -248.46 | Reward Mean: -198.67
INFO:src.model.gail:epoc: 152 | Target Reward Mean: -248.46 | Reward Mean: -186.89
INFO:src.model.gail:epoc: 153 | Target Reward Mean: -248.46 | Reward Mean: -176.52
INFO:src.model.gail:epoc: 154 | Target Reward Mean: -248.46 | Reward Mean: -166.24
INFO:src.model.gail:epoc: 155 | Target Reward Mean: -248.46 | Reward Mean: -148.88
INFO:src.model.gail:epoc: 156 | Target Reward Mean: -248.46 | Reward Mean: -152.44
INFO:src.model.gail:epoc: 157 | Target Reward Mean: -248.46 | Reward Mean: -145.10
INFO:src.model.gail:epoc: 158 | Target Reward Mean: -248.46 | Reward Mean: -147.03
INFO:src.model.gail:epoc: 159 | Target Reward Mean: -248.46 | Reward Mean: -145.97
INFO:src.model.gail:====== EPOCH 160 ======
INFO:src.model.gail:TEST DATA | Steps:  230 | Rewards: -248 |  Actions: {0: 5.4, 1: 8.6, 2: 7.0, 3: 5.0, 4: 7.9, 5: 6.0, 6: 5.0, 7: 5.6, 8: 41.9, 9: 12.0, 10: 7.3, 11: 57.1, 12: 8.1, 13: 9.3, 14: 5.7, 15: 13.0, 16: 11.1, 17: 8.1, 18: 6.1}
INFO:src.model.gail:CURRENT POLICY | Steps:  230 | Rewards: -153 | Perplexity:  17.1128 | KLD:  2.0529 | Actions: {0: 4.7, 1: 3.8, 2: 2.6, 3: 3.9, 4: 7.0, 5: 2.2, 6: 8.8, 7: 5.8, 8: 30.5, 9: 20.6, 10: 24.4, 11: 30.3, 12: 3.2, 13: 19.4, 14: 14.6, 15: 7.0, 16: 4.5, 17: 24.6, 18: 13.6}
INFO:src.model.gail:RandomPolicy | Steps:  230 | Rewards: -151 | Perplexity:  19.0000 | KLD:  2.1577 | Actions: {0: 12.6, 1: 12.4, 2: 12.6, 3: 12.0, 4: 12.0, 5: 12.0, 6: 11.8, 7: 12.1, 8: 12.0, 9: 12.2, 10: 12.3, 11: 12.2, 12: 11.9, 13: 11.8, 14: 11.8, 15: 12.0, 16: 12.3, 17: 12.0, 18: 12.2}
INFO:src.model.gail:BehaviorPolicy | Steps:  230 | Rewards: -198 | Perplexity:  13.0203 | KLD:  1.7794 | Actions: {0: 5.9, 1: 9.0, 2: 7.1, 3: 4.7, 4: 8.4, 5: 6.2, 6: 4.9, 7: 5.7, 8: 43.4, 9: 13.3, 10: 7.4, 11: 53.5, 12: 8.2, 13: 9.0, 14: 5.8, 15: 11.8, 16: 11.4, 17: 8.7, 18: 6.0}
INFO:src.model.gail:BehaviorPolicy2 | Steps:  230 | Rewards: -146 | Perplexity:  19.0000 | KLD:  2.1577 | Actions: {0: 12.4, 1: 12.4, 2: 12.2, 3: 12.5, 4: 11.8, 5: 11.9, 6: 12.4, 7: 11.9, 8: 12.2, 9: 12.4, 10: 11.9, 11: 11.8, 12: 12.1, 13: 11.6, 14: 12.0, 15: 12.7, 16: 12.1, 17: 11.8, 18: 11.9}
INFO:src.model.gail:epoc: 161 | Target Reward Mean: -248.46 | Reward Mean: -149.26
INFO:src.model.gail:epoc: 162 | Target Reward Mean: -248.46 | Reward Mean: -149.52
INFO:src.model.gail:epoc: 163 | Target Reward Mean: -248.46 | Reward Mean: -151.83
INFO:src.model.gail:epoc: 164 | Target Reward Mean: -248.46 | Reward Mean: -164.29
INFO:src.model.gail:epoc: 165 | Target Reward Mean: -248.46 | Reward Mean: -172.36
INFO:src.model.gail:epoc: 166 | Target Reward Mean: -248.46 | Reward Mean: -184.77
INFO:src.model.gail:epoc: 167 | Target Reward Mean: -248.46 | Reward Mean: -217.04
INFO:src.model.gail:epoc: 168 | Target Reward Mean: -248.46 | Reward Mean: -215.81
INFO:src.model.gail:epoc: 169 | Target Reward Mean: -248.46 | Reward Mean: -219.43
INFO:src.model.gail:====== EPOCH 170 ======
INFO:src.model.gail:TEST DATA | Steps:  230 | Rewards: -248 |  Actions: {0: 5.4, 1: 8.6, 2: 7.0, 3: 5.0, 4: 7.9, 5: 6.0, 6: 5.0, 7: 5.6, 8: 41.9, 9: 12.0, 10: 7.3, 11: 57.1, 12: 8.1, 13: 9.3, 14: 5.7, 15: 13.0, 16: 11.1, 17: 8.1, 18: 6.1}
INFO:src.model.gail:CURRENT POLICY | Steps:  230 | Rewards: -245 | Perplexity:  18.2308 | KLD:  2.1160 | Actions: {0: 2.0, 1: 2.0, 2: 1.4, 3: 1.8, 4: 2.5, 5: 1.5, 6: 3.9, 7: 2.7, 8: 80.6, 9: 20.6, 10: 10.8, 11: 33.7, 12: 7.6, 13: 22.1, 14: 3.3, 15: 13.5, 16: 5.2, 17: 16.4, 18: 2.1}
INFO:src.model.gail:RandomPolicy | Steps:  230 | Rewards: -147 | Perplexity:  19.0000 | KLD:  2.1577 | Actions: {0: 12.3, 1: 11.7, 2: 11.7, 3: 11.8, 4: 12.1, 5: 12.0, 6: 12.1, 7: 12.1, 8: 12.0, 9: 12.4, 10: 12.1, 11: 12.2, 12: 12.1, 13: 12.3, 14: 12.1, 15: 11.9, 16: 12.2, 17: 12.3, 18: 12.5}
INFO:src.model.gail:BehaviorPolicy | Steps:  230 | Rewards: -199 | Perplexity:  13.0203 | KLD:  1.7794 | Actions: {0: 5.7, 1: 8.5, 2: 7.0, 3: 4.9, 4: 8.0, 5: 6.8, 6: 4.9, 7: 5.8, 8: 44.1, 9: 12.6, 10: 7.6, 11: 52.2, 12: 7.5, 13: 9.2, 14: 6.7, 15: 12.3, 16: 11.9, 17: 8.1, 18: 6.2}
INFO:src.model.gail:BehaviorPolicy2 | Steps:  230 | Rewards: -152 | Perplexity:  19.0000 | KLD:  2.1577 | Actions: {0: 12.0, 1: 12.1, 2: 12.2, 3: 11.9, 4: 12.4, 5: 12.0, 6: 12.1, 7: 11.9, 8: 11.6, 9: 11.8, 10: 11.6, 11: 12.4, 12: 12.2, 13: 12.1, 14: 12.2, 15: 12.4, 16: 12.2, 17: 12.4, 18: 12.5}
INFO:src.model.gail:epoc: 171 | Target Reward Mean: -248.46 | Reward Mean: -257.70
INFO:src.model.gail:epoc: 172 | Target Reward Mean: -248.46 | Reward Mean: -257.04
INFO:src.model.gail:epoc: 173 | Target Reward Mean: -248.46 | Reward Mean: -262.22
INFO:src.model.gail:epoc: 174 | Target Reward Mean: -248.46 | Reward Mean: -265.52
INFO:src.model.gail:epoc: 175 | Target Reward Mean: -248.46 | Reward Mean: -268.60
INFO:src.model.gail:epoc: 176 | Target Reward Mean: -248.46 | Reward Mean: -264.51
INFO:src.model.gail:epoc: 177 | Target Reward Mean: -248.46 | Reward Mean: -276.89
INFO:src.model.gail:epoc: 178 | Target Reward Mean: -248.46 | Reward Mean: -266.97
INFO:src.model.gail:epoc: 179 | Target Reward Mean: -248.46 | Reward Mean: -269.99
INFO:src.model.gail:====== EPOCH 180 ======
INFO:src.model.gail:TEST DATA | Steps:  230 | Rewards: -248 |  Actions: {0: 5.4, 1: 8.6, 2: 7.0, 3: 5.0, 4: 7.9, 5: 6.0, 6: 5.0, 7: 5.6, 8: 41.9, 9: 12.0, 10: 7.3, 11: 57.1, 12: 8.1, 13: 9.3, 14: 5.7, 15: 13.0, 16: 11.1, 17: 8.1, 18: 6.1}
INFO:src.model.gail:CURRENT POLICY | Steps:  230 | Rewards: -270 | Perplexity:  16.0955 | KLD:  1.9913 | Actions: {0: 2.3, 1: 2.4, 2: 2.4, 3: 1.9, 4: 3.1, 5: 2.1, 6: 3.3, 7: 3.0, 8: 61.7, 9: 23.4, 10: 5.6, 11: 54.1, 12: 6.5, 13: 5.4, 14: 3.1, 15: 24.2, 16: 21.0, 17: 6.2, 18: 1.6}
INFO:src.model.gail:RandomPolicy | Steps:  230 | Rewards: -151 | Perplexity:  19.0000 | KLD:  2.1577 | Actions: {0: 11.9, 1: 11.7, 2: 12.2, 3: 11.8, 4: 12.4, 5: 12.1, 6: 12.7, 7: 12.0, 8: 11.9, 9: 12.3, 10: 12.0, 11: 12.2, 12: 11.9, 13: 11.7, 14: 11.9, 15: 11.8, 16: 13.1, 17: 12.5, 18: 12.0}
INFO:src.model.gail:BehaviorPolicy | Steps:  230 | Rewards: -189 | Perplexity:  13.0203 | KLD:  1.7794 | Actions: {0: 5.8, 1: 8.4, 2: 7.4, 3: 5.0, 4: 8.2, 5: 6.2, 6: 4.9, 7: 5.5, 8: 43.7, 9: 12.5, 10: 7.5, 11: 53.2, 12: 7.7, 13: 8.9, 14: 6.7, 15: 12.4, 16: 11.6, 17: 8.6, 18: 5.9}
INFO:src.model.gail:BehaviorPolicy2 | Steps:  230 | Rewards: -152 | Perplexity:  19.0000 | KLD:  2.1577 | Actions: {0: 12.3, 1: 12.0, 2: 12.0, 3: 12.0, 4: 11.6, 5: 12.0, 6: 12.0, 7: 12.6, 8: 11.6, 9: 12.5, 10: 12.0, 11: 12.0, 12: 12.0, 13: 12.0, 14: 12.1, 15: 12.3, 16: 12.5, 17: 12.5, 18: 12.1}
INFO:src.model.gail:epoc: 181 | Target Reward Mean: -248.46 | Reward Mean: -274.32
INFO:src.model.gail:epoc: 182 | Target Reward Mean: -248.46 | Reward Mean: -267.51
INFO:src.model.gail:epoc: 183 | Target Reward Mean: -248.46 | Reward Mean: -279.54
INFO:src.model.gail:epoc: 184 | Target Reward Mean: -248.46 | Reward Mean: -265.80
INFO:src.model.gail:epoc: 185 | Target Reward Mean: -248.46 | Reward Mean: -259.05
INFO:src.model.gail:epoc: 186 | Target Reward Mean: -248.46 | Reward Mean: -266.77
INFO:src.model.gail:epoc: 187 | Target Reward Mean: -248.46 | Reward Mean: -264.36
INFO:src.model.gail:epoc: 188 | Target Reward Mean: -248.46 | Reward Mean: -261.48
INFO:src.model.gail:epoc: 189 | Target Reward Mean: -248.46 | Reward Mean: -258.83
INFO:src.model.gail:====== EPOCH 190 ======
INFO:src.model.gail:TEST DATA | Steps:  230 | Rewards: -248 |  Actions: {0: 5.4, 1: 8.6, 2: 7.0, 3: 5.0, 4: 7.9, 5: 6.0, 6: 5.0, 7: 5.6, 8: 41.9, 9: 12.0, 10: 7.3, 11: 57.1, 12: 8.1, 13: 9.3, 14: 5.7, 15: 13.0, 16: 11.1, 17: 8.1, 18: 6.1}
INFO:src.model.gail:CURRENT POLICY | Steps:  230 | Rewards: -244 | Perplexity:  16.3166 | KLD:  2.0051 | Actions: {0: 5.6, 1: 9.7, 2: 9.3, 3: 4.0, 4: 14.0, 5: 5.5, 6: 4.1, 7: 5.9, 8: 43.2, 9: 13.8, 10: 4.7, 11: 39.6, 12: 14.3, 13: 2.4, 14: 7.6, 15: 18.4, 16: 21.2, 17: 5.6, 18: 2.2}
INFO:src.model.gail:RandomPolicy | Steps:  230 | Rewards: -148 | Perplexity:  19.0000 | KLD:  2.1577 | Actions: {0: 12.7, 1: 12.1, 2: 11.7, 3: 11.9, 4: 12.3, 5: 12.1, 6: 12.1, 7: 11.9, 8: 11.7, 9: 12.1, 10: 11.9, 11: 12.2, 12: 12.1, 13: 12.5, 14: 12.3, 15: 11.8, 16: 11.9, 17: 12.2, 18: 12.6}
INFO:src.model.gail:BehaviorPolicy | Steps:  230 | Rewards: -184 | Perplexity:  13.0203 | KLD:  1.7794 | Actions: {0: 4.9, 1: 9.1, 2: 7.1, 3: 5.0, 4: 8.2, 5: 6.2, 6: 4.7, 7: 5.6, 8: 43.6, 9: 13.2, 10: 7.1, 11: 53.9, 12: 7.9, 13: 9.0, 14: 6.0, 15: 12.8, 16: 11.4, 17: 8.5, 18: 6.0}
INFO:src.model.gail:BehaviorPolicy2 | Steps:  230 | Rewards: -151 | Perplexity:  19.0000 | KLD:  2.1577 | Actions: {0: 11.9, 1: 12.1, 2: 12.8, 3: 11.8, 4: 12.3, 5: 12.8, 6: 11.8, 7: 12.0, 8: 12.2, 9: 12.3, 10: 11.8, 11: 11.6, 12: 11.6, 13: 12.0, 14: 12.1, 15: 12.5, 16: 11.7, 17: 12.9, 18: 11.6}
INFO:src.model.gail:epoc: 191 | Target Reward Mean: -248.46 | Reward Mean: -250.70
INFO:src.model.gail:epoc: 192 | Target Reward Mean: -248.46 | Reward Mean: -245.70
INFO:src.model.gail:epoc: 193 | Target Reward Mean: -248.46 | Reward Mean: -251.35
INFO:src.model.gail:epoc: 194 | Target Reward Mean: -248.46 | Reward Mean: -245.88
INFO:src.model.gail:epoc: 195 | Target Reward Mean: -248.46 | Reward Mean: -249.05
INFO:src.model.gail:epoc: 196 | Target Reward Mean: -248.46 | Reward Mean: -255.25
INFO:src.model.gail:epoc: 197 | Target Reward Mean: -248.46 | Reward Mean: -254.14
INFO:src.model.gail:epoc: 198 | Target Reward Mean: -248.46 | Reward Mean: -245.32
INFO:src.model.gail:epoc: 199 | Target Reward Mean: -248.46 | Reward Mean: -258.15
INFO:src.model.gail:====== EPOCH 200 ======
INFO:src.model.gail:TEST DATA | Steps:  230 | Rewards: -248 |  Actions: {0: 5.4, 1: 8.6, 2: 7.0, 3: 5.0, 4: 7.9, 5: 6.0, 6: 5.0, 7: 5.6, 8: 41.9, 9: 12.0, 10: 7.3, 11: 57.1, 12: 8.1, 13: 9.3, 14: 5.7, 15: 13.0, 16: 11.1, 17: 8.1, 18: 6.1}
INFO:src.model.gail:CURRENT POLICY | Steps:  230 | Rewards: -278 | Perplexity:  18.5830 | KLD:  2.1351 | Actions: {0: 1.7, 1: 22.8, 2: 2.8, 3: 6.4, 4: 37.6, 5: 3.3, 6: 3.9, 7: 3.1, 8: 55.9, 9: 10.2, 10: 2.4, 11: 45.0, 12: 6.8, 13: 1.7, 14: 9.1, 15: 9.3, 16: 4.8, 17: 3.7, 18: 2.1}
INFO:src.model.gail:RandomPolicy | Steps:  230 | Rewards: -155 | Perplexity:  19.0000 | KLD:  2.1577 | Actions: {0: 11.6, 1: 11.8, 2: 12.0, 3: 12.2, 4: 11.9, 5: 12.1, 6: 12.4, 7: 11.6, 8: 12.6, 9: 12.4, 10: 11.8, 11: 12.0, 12: 12.4, 13: 12.2, 14: 12.5, 15: 12.0, 16: 12.4, 17: 12.0, 18: 12.4}
INFO:src.model.gail:BehaviorPolicy | Steps:  230 | Rewards: -203 | Perplexity:  13.0203 | KLD:  1.7794 | Actions: {0: 5.4, 1: 9.1, 2: 6.8, 3: 5.1, 4: 8.6, 5: 6.5, 6: 4.8, 7: 5.7, 8: 42.5, 9: 12.7, 10: 7.5, 11: 52.0, 12: 8.8, 13: 8.8, 14: 6.2, 15: 12.4, 16: 12.2, 17: 8.8, 18: 6.3}
INFO:src.model.gail:BehaviorPolicy2 | Steps:  230 | Rewards: -147 | Perplexity:  19.0000 | KLD:  2.1577 | Actions: {0: 11.9, 1: 12.0, 2: 12.1, 3: 12.6, 4: 11.9, 5: 12.2, 6: 12.0, 7: 11.9, 8: 11.7, 9: 12.4, 10: 12.3, 11: 11.3, 12: 12.0, 13: 12.6, 14: 12.3, 15: 12.8, 16: 12.0, 17: 11.9, 18: 12.2}
INFO:src.model.gail:-- creating simulated data --

