INFO:src.utils:-- loading data from ../processed_data/student_trajectories.pkl with test size 0.3 --
              precision    recall  f1-score   support

         0.0       0.88      0.87      0.88        61
         1.0       0.12      0.12      0.12         8
         2.0       0.67      0.71      0.69        14

    accuracy                           0.77        83
   macro avg       0.56      0.57      0.56        83
weighted avg       0.77      0.77      0.77        83

              precision    recall  f1-score   support

         0.0       0.82      0.95      0.88        61
         1.0       0.50      0.38      0.43         8
         2.0       1.00      0.43      0.60        14

    accuracy                           0.81        83
   macro avg       0.77      0.58      0.64        83
weighted avg       0.82      0.81      0.79        83

              precision    recall  f1-score   support

         0.0       0.79      0.92      0.85        60
         1.0       0.33      0.22      0.27         9
         2.0       0.71      0.36      0.48        14

    accuracy                           0.75        83
   macro avg       0.61      0.50      0.53        83
weighted avg       0.72      0.75      0.72        83

              precision    recall  f1-score   support

         0.0       0.82      0.90      0.86        60
         1.0       0.29      0.22      0.25         9
         2.0       0.80      0.57      0.67        14

    accuracy                           0.77        83
   macro avg       0.63      0.56      0.59        83
weighted avg       0.76      0.77      0.76        83

              precision    recall  f1-score   support

         0.0       0.79      0.88      0.83        60
         1.0       0.20      0.11      0.14         9
         2.0       0.73      0.57      0.64        14

    accuracy                           0.75        83
   macro avg       0.57      0.52      0.54        83
weighted avg       0.72      0.75      0.73        83

              precision    recall  f1-score   support

         0.0       0.79      0.97      0.87        60
         1.0       0.00      0.00      0.00         9
         2.0       1.00      0.50      0.67        14

    accuracy                           0.78        83
   macro avg       0.60      0.49      0.51        83
weighted avg       0.74      0.78      0.74        83

              precision    recall  f1-score   support

         0.0       0.80      0.95      0.87        60
         1.0       0.50      0.25      0.33         8
         2.0       0.75      0.40      0.52        15

    accuracy                           0.78        83
   macro avg       0.68      0.53      0.58        83
weighted avg       0.76      0.78      0.76        83

              precision    recall  f1-score   support

         0.0       0.82      0.92      0.87        60
         1.0       0.33      0.25      0.29         8
         2.0       0.80      0.53      0.64        15

    accuracy                           0.78        83
   macro avg       0.65      0.57      0.60        83
weighted avg       0.77      0.78      0.77        83

              precision    recall  f1-score   support

         0.0       0.89      0.95      0.92        60
         1.0       0.80      0.50      0.62         8
         2.0       0.85      0.79      0.81        14

    accuracy                           0.88        82
   macro avg       0.85      0.75      0.78        82
weighted avg       0.87      0.88      0.87        82

              precision    recall  f1-score   support

         0.0       0.82      0.92      0.87        60
         1.0       0.20      0.12      0.15         8
         2.0       0.90      0.64      0.75        14

    accuracy                           0.79        82
   macro avg       0.64      0.56      0.59        82
weighted avg       0.77      0.79      0.78        82

F1 Weighted Mean: 0.7683911680228992
INFO:src.model.gail:-- no gail with run_name dec2_2 --
INFO:src.model.gail:epoc: 1 | Target Reward Mean: -247.05 | Reward Mean: -169.07
INFO:src.model.gail:epoc: 2 | Target Reward Mean: -247.05 | Reward Mean: -178.65
INFO:src.model.gail:epoc: 3 | Target Reward Mean: -247.05 | Reward Mean: -172.28
INFO:src.model.gail:epoc: 4 | Target Reward Mean: -247.05 | Reward Mean: -165.57
INFO:src.model.gail:epoc: 5 | Target Reward Mean: -247.05 | Reward Mean: -175.20
INFO:src.model.gail:epoc: 6 | Target Reward Mean: -247.05 | Reward Mean: -181.55
INFO:src.model.gail:epoc: 7 | Target Reward Mean: -247.05 | Reward Mean: -198.76
INFO:src.model.gail:epoc: 8 | Target Reward Mean: -247.05 | Reward Mean: -207.68
INFO:src.model.gail:epoc: 9 | Target Reward Mean: -247.05 | Reward Mean: -206.34
INFO:src.model.gail:====== EPOCH 10 ======
INFO:src.model.gail:TEST DATA | Steps:  230 | Rewards: -247 |  Actions: {0: 5.3, 1: 8.5, 2: 6.7, 3: 4.6, 4: 7.7, 5: 6.0, 6: 4.7, 7: 5.6, 8: 44.5, 9: 13.2, 10: 7.3, 11: 54.9, 12: 7.6, 13: 9.1, 14: 6.5, 15: 11.9, 16: 11.8, 17: 8.4, 18: 5.6}
INFO:src.model.gail:CURRENT POLICY | Steps:  230 | Rewards: -228 | Perplexity:  13.6437 | KLD:  1.8697 | Actions: {0: 8.4, 1: 5.8, 2: 10.6, 3: 6.6, 4: 6.2, 5: 10.9, 6: 7.9, 7: 9.2, 8: 36.2, 9: 9.2, 10: 9.9, 11: 46.2, 12: 14.0, 13: 16.0, 14: 4.4, 15: 10.1, 16: 6.9, 17: 6.1, 18: 5.7}
INFO:src.model.gail:RandomPolicy | Steps:  230 | Rewards: -176 | Perplexity:  19.0000 | KLD:  2.2008 | Actions: {0: 12.0, 1: 12.4, 2: 11.8, 3: 12.2, 4: 12.3, 5: 12.4, 6: 13.0, 7: 12.2, 8: 12.0, 9: 12.2, 10: 11.5, 11: 12.1, 12: 11.6, 13: 12.3, 14: 11.8, 15: 11.7, 16: 12.2, 17: 12.0, 18: 12.2}
INFO:src.model.gail:BehaviorPolicy | Steps:  230 | Rewards: -215 | Perplexity:  12.9683 | KLD:  1.8190 | Actions: {0: 5.5, 1: 9.2, 2: 6.6, 3: 5.1, 4: 8.5, 5: 6.1, 6: 4.9, 7: 5.4, 8: 42.1, 9: 12.1, 10: 7.2, 11: 54.4, 12: 8.0, 13: 9.5, 14: 6.2, 15: 13.1, 16: 11.6, 17: 8.4, 18: 6.2}
INFO:src.model.gail:BehaviorPolicy2 | Steps:  230 | Rewards: -178 | Perplexity:  19.0000 | KLD:  2.2008 | Actions: {0: 12.3, 1: 12.4, 2: 12.1, 3: 12.0, 4: 12.5, 5: 12.5, 6: 11.9, 7: 12.4, 8: 12.1, 9: 12.2, 10: 11.4, 11: 11.9, 12: 12.2, 13: 11.8, 14: 12.2, 15: 12.6, 16: 12.1, 17: 11.6, 18: 12.0}
INFO:src.model.gail:epoc: 11 | Target Reward Mean: -247.05 | Reward Mean: -223.46
INFO:src.model.gail:epoc: 12 | Target Reward Mean: -247.05 | Reward Mean: -223.14
INFO:src.model.gail:epoc: 13 | Target Reward Mean: -247.05 | Reward Mean: -226.61
INFO:src.model.gail:epoc: 14 | Target Reward Mean: -247.05 | Reward Mean: -247.75
INFO:src.model.gail:epoc: 15 | Target Reward Mean: -247.05 | Reward Mean: -244.00
INFO:src.model.gail:epoc: 16 | Target Reward Mean: -247.05 | Reward Mean: -250.89
INFO:src.model.gail:epoc: 17 | Target Reward Mean: -247.05 | Reward Mean: -261.40
INFO:src.model.gail:epoc: 18 | Target Reward Mean: -247.05 | Reward Mean: -263.43
INFO:src.model.gail:epoc: 19 | Target Reward Mean: -247.05 | Reward Mean: -273.77
INFO:src.model.gail:====== EPOCH 20 ======
INFO:src.model.gail:TEST DATA | Steps:  230 | Rewards: -247 |  Actions: {0: 5.3, 1: 8.5, 2: 6.7, 3: 4.6, 4: 7.7, 5: 6.0, 6: 4.7, 7: 5.6, 8: 44.5, 9: 13.2, 10: 7.3, 11: 54.9, 12: 7.6, 13: 9.1, 14: 6.5, 15: 11.9, 16: 11.8, 17: 8.4, 18: 5.6}
INFO:src.model.gail:CURRENT POLICY | Steps:  230 | Rewards: -284 | Perplexity:  15.6649 | KLD:  2.0080 | Actions: {0: 2.6, 1: 3.2, 2: 5.2, 3: 2.9, 4: 3.9, 5: 3.9, 6: 3.5, 7: 2.9, 8: 55.6, 9: 8.7, 10: 4.1, 11: 103.7, 12: 5.7, 13: 8.7, 14: 2.3, 15: 7.3, 16: 4.2, 17: 2.5, 18: 1.7}
INFO:src.model.gail:RandomPolicy | Steps:  230 | Rewards: -169 | Perplexity:  19.0000 | KLD:  2.2008 | Actions: {0: 11.9, 1: 12.4, 2: 12.4, 3: 12.2, 4: 12.1, 5: 11.8, 6: 12.7, 7: 12.0, 8: 12.4, 9: 12.2, 10: 12.0, 11: 12.2, 12: 12.0, 13: 11.9, 14: 11.9, 15: 11.6, 16: 12.7, 17: 11.8, 18: 12.0}
INFO:src.model.gail:BehaviorPolicy | Steps:  230 | Rewards: -204 | Perplexity:  12.9683 | KLD:  1.8190 | Actions: {0: 5.6, 1: 8.9, 2: 6.8, 3: 4.8, 4: 8.7, 5: 6.3, 6: 5.2, 7: 5.6, 8: 41.8, 9: 12.4, 10: 7.5, 11: 54.6, 12: 7.9, 13: 9.5, 14: 6.0, 15: 12.6, 16: 11.2, 17: 8.4, 18: 6.3}
INFO:src.model.gail:BehaviorPolicy2 | Steps:  230 | Rewards: -173 | Perplexity:  19.0000 | KLD:  2.2008 | Actions: {0: 12.0, 1: 12.2, 2: 12.6, 3: 12.1, 4: 12.3, 5: 12.3, 6: 11.3, 7: 12.3, 8: 11.9, 9: 11.9, 10: 11.8, 11: 12.4, 12: 12.2, 13: 12.6, 14: 11.2, 15: 13.0, 16: 12.0, 17: 11.6, 18: 12.4}
INFO:src.model.gail:epoc: 21 | Target Reward Mean: -247.05 | Reward Mean: -289.48
INFO:src.model.gail:epoc: 22 | Target Reward Mean: -247.05 | Reward Mean: -300.73
INFO:src.model.gail:epoc: 23 | Target Reward Mean: -247.05 | Reward Mean: -302.84
INFO:src.model.gail:epoc: 24 | Target Reward Mean: -247.05 | Reward Mean: -313.60
INFO:src.model.gail:epoc: 25 | Target Reward Mean: -247.05 | Reward Mean: -310.46
INFO:src.model.gail:epoc: 26 | Target Reward Mean: -247.05 | Reward Mean: -308.41
INFO:src.model.gail:epoc: 27 | Target Reward Mean: -247.05 | Reward Mean: -318.34
INFO:src.model.gail:epoc: 28 | Target Reward Mean: -247.05 | Reward Mean: -310.92
INFO:src.model.gail:epoc: 29 | Target Reward Mean: -247.05 | Reward Mean: -312.32
INFO:src.model.gail:====== EPOCH 30 ======
INFO:src.model.gail:TEST DATA | Steps:  230 | Rewards: -247 |  Actions: {0: 5.3, 1: 8.5, 2: 6.7, 3: 4.6, 4: 7.7, 5: 6.0, 6: 4.7, 7: 5.6, 8: 44.5, 9: 13.2, 10: 7.3, 11: 54.9, 12: 7.6, 13: 9.1, 14: 6.5, 15: 11.9, 16: 11.8, 17: 8.4, 18: 5.6}
INFO:src.model.gail:CURRENT POLICY | Steps:  230 | Rewards: -310 | Perplexity:  18.2405 | KLD:  2.1601 | Actions: {0: 1.4, 1: 4.8, 2: 3.5, 3: 2.1, 4: 5.6, 5: 1.9, 6: 2.1, 7: 1.6, 8: 72.6, 9: 30.5, 10: 2.3, 11: 31.3, 12: 4.4, 13: 11.1, 14: 1.6, 15: 38.6, 16: 16.4, 17: 1.9, 18: 1.2}
INFO:src.model.gail:RandomPolicy | Steps:  230 | Rewards: -177 | Perplexity:  19.0000 | KLD:  2.2008 | Actions: {0: 12.2, 1: 12.4, 2: 12.1, 3: 12.4, 4: 11.8, 5: 11.4, 6: 12.4, 7: 12.3, 8: 12.2, 9: 12.5, 10: 12.1, 11: 12.1, 12: 12.2, 13: 12.4, 14: 12.0, 15: 12.0, 16: 12.0, 17: 12.1, 18: 11.5}
INFO:src.model.gail:BehaviorPolicy | Steps:  230 | Rewards: -207 | Perplexity:  12.9683 | KLD:  1.8190 | Actions: {0: 5.6, 1: 9.2, 2: 6.7, 3: 5.0, 4: 8.4, 5: 6.2, 6: 5.1, 7: 5.6, 8: 42.1, 9: 12.7, 10: 7.1, 11: 54.5, 12: 8.1, 13: 9.1, 14: 6.2, 15: 12.8, 16: 11.1, 17: 8.6, 18: 6.1}
INFO:src.model.gail:BehaviorPolicy2 | Steps:  230 | Rewards: -183 | Perplexity:  19.0000 | KLD:  2.2008 | Actions: {0: 12.1, 1: 11.8, 2: 11.9, 3: 12.0, 4: 12.4, 5: 11.9, 6: 12.3, 7: 11.9, 8: 12.4, 9: 12.1, 10: 12.3, 11: 11.9, 12: 12.1, 13: 11.9, 14: 12.7, 15: 12.3, 16: 11.8, 17: 12.8, 18: 11.3}
INFO:src.model.gail:epoc: 31 | Target Reward Mean: -247.05 | Reward Mean: -314.26
INFO:src.model.gail:epoc: 32 | Target Reward Mean: -247.05 | Reward Mean: -311.68
INFO:src.model.gail:epoc: 33 | Target Reward Mean: -247.05 | Reward Mean: -312.11
INFO:src.model.gail:epoc: 34 | Target Reward Mean: -247.05 | Reward Mean: -310.57
INFO:src.model.gail:epoc: 35 | Target Reward Mean: -247.05 | Reward Mean: -302.96
INFO:src.model.gail:epoc: 36 | Target Reward Mean: -247.05 | Reward Mean: -304.17
INFO:src.model.gail:epoc: 37 | Target Reward Mean: -247.05 | Reward Mean: -301.40
INFO:src.model.gail:epoc: 38 | Target Reward Mean: -247.05 | Reward Mean: -299.41
INFO:src.model.gail:epoc: 39 | Target Reward Mean: -247.05 | Reward Mean: -292.78
INFO:src.model.gail:====== EPOCH 40 ======
INFO:src.model.gail:TEST DATA | Steps:  230 | Rewards: -247 |  Actions: {0: 5.3, 1: 8.5, 2: 6.7, 3: 4.6, 4: 7.7, 5: 6.0, 6: 4.7, 7: 5.6, 8: 44.5, 9: 13.2, 10: 7.3, 11: 54.9, 12: 7.6, 13: 9.1, 14: 6.5, 15: 11.9, 16: 11.8, 17: 8.4, 18: 5.6}
INFO:src.model.gail:CURRENT POLICY | Steps:  230 | Rewards: -286 | Perplexity:  18.1925 | KLD:  2.1573 | Actions: {0: 1.6, 1: 18.3, 2: 4.6, 3: 4.9, 4: 12.6, 5: 2.2, 6: 2.2, 7: 2.0, 8: 19.9, 9: 31.2, 10: 4.4, 11: 33.3, 12: 7.9, 13: 13.0, 14: 2.1, 15: 32.0, 16: 36.5, 17: 3.1, 18: 1.4}
INFO:src.model.gail:RandomPolicy | Steps:  230 | Rewards: -182 | Perplexity:  19.0000 | KLD:  2.2008 | Actions: {0: 11.9, 1: 11.7, 2: 12.3, 3: 12.2, 4: 11.9, 5: 12.5, 6: 12.2, 7: 12.6, 8: 12.3, 9: 12.1, 10: 12.1, 11: 12.3, 12: 11.8, 13: 11.6, 14: 12.2, 15: 12.2, 16: 12.8, 17: 11.7, 18: 11.9}
INFO:src.model.gail:BehaviorPolicy | Steps:  230 | Rewards: -201 | Perplexity:  12.9683 | KLD:  1.8190 | Actions: {0: 5.6, 1: 8.9, 2: 7.4, 3: 5.2, 4: 8.2, 5: 6.5, 6: 5.1, 7: 5.6, 8: 42.0, 9: 12.0, 10: 7.3, 11: 53.7, 12: 8.2, 13: 9.6, 14: 6.2, 15: 13.0, 16: 11.0, 17: 8.4, 18: 6.3}
INFO:src.model.gail:BehaviorPolicy2 | Steps:  230 | Rewards: -176 | Perplexity:  19.0000 | KLD:  2.2008 | Actions: {0: 11.9, 1: 12.0, 2: 11.9, 3: 11.8, 4: 11.7, 5: 12.2, 6: 11.6, 7: 12.8, 8: 12.1, 9: 12.3, 10: 11.9, 11: 12.3, 12: 12.2, 13: 12.4, 14: 11.8, 15: 12.3, 16: 12.3, 17: 12.1, 18: 12.3}
INFO:src.model.gail:epoc: 41 | Target Reward Mean: -247.05 | Reward Mean: -284.11
INFO:src.model.gail:epoc: 42 | Target Reward Mean: -247.05 | Reward Mean: -280.86
INFO:src.model.gail:epoc: 43 | Target Reward Mean: -247.05 | Reward Mean: -284.20
INFO:src.model.gail:epoc: 44 | Target Reward Mean: -247.05 | Reward Mean: -272.62
INFO:src.model.gail:epoc: 45 | Target Reward Mean: -247.05 | Reward Mean: -259.71
INFO:src.model.gail:epoc: 46 | Target Reward Mean: -247.05 | Reward Mean: -247.40
INFO:src.model.gail:epoc: 47 | Target Reward Mean: -247.05 | Reward Mean: -249.56
INFO:src.model.gail:epoc: 48 | Target Reward Mean: -247.05 | Reward Mean: -248.00
INFO:src.model.gail:epoc: 49 | Target Reward Mean: -247.05 | Reward Mean: -246.64
INFO:src.model.gail:====== EPOCH 50 ======
INFO:src.model.gail:TEST DATA | Steps:  230 | Rewards: -247 |  Actions: {0: 5.3, 1: 8.5, 2: 6.7, 3: 4.6, 4: 7.7, 5: 6.0, 6: 4.7, 7: 5.6, 8: 44.5, 9: 13.2, 10: 7.3, 11: 54.9, 12: 7.6, 13: 9.1, 14: 6.5, 15: 11.9, 16: 11.8, 17: 8.4, 18: 5.6}
INFO:src.model.gail:CURRENT POLICY | Steps:  230 | Rewards: -232 | Perplexity:  17.2668 | KLD:  2.1051 | Actions: {0: 2.8, 1: 31.6, 2: 6.9, 3: 7.0, 4: 13.0, 5: 5.0, 6: 4.7, 7: 4.7, 8: 8.6, 9: 8.4, 10: 6.9, 11: 58.6, 12: 19.7, 13: 7.7, 14: 6.5, 15: 3.9, 16: 15.2, 17: 16.0, 18: 3.3}
INFO:src.model.gail:RandomPolicy | Steps:  230 | Rewards: -173 | Perplexity:  19.0000 | KLD:  2.2008 | Actions: {0: 12.3, 1: 11.8, 2: 11.7, 3: 12.7, 4: 12.0, 5: 12.1, 6: 12.5, 7: 11.5, 8: 12.3, 9: 12.2, 10: 12.2, 11: 12.1, 12: 11.5, 13: 11.8, 14: 12.4, 15: 12.4, 16: 11.4, 17: 12.5, 18: 12.5}
INFO:src.model.gail:BehaviorPolicy | Steps:  230 | Rewards: -192 | Perplexity:  12.9683 | KLD:  1.8190 | Actions: {0: 5.3, 1: 9.1, 2: 7.1, 3: 4.9, 4: 7.8, 5: 6.3, 6: 5.4, 7: 5.4, 8: 42.5, 9: 12.6, 10: 7.8, 11: 53.8, 12: 8.4, 13: 9.2, 14: 5.9, 15: 12.3, 16: 10.8, 17: 8.6, 18: 6.7}
INFO:src.model.gail:BehaviorPolicy2 | Steps:  230 | Rewards: -170 | Perplexity:  19.0000 | KLD:  2.2008 | Actions: {0: 12.0, 1: 12.5, 2: 12.1, 3: 11.7, 4: 12.4, 5: 12.0, 6: 12.0, 7: 12.2, 8: 12.1, 9: 11.8, 10: 12.1, 11: 12.5, 12: 11.9, 13: 11.4, 14: 12.1, 15: 12.0, 16: 12.1, 17: 13.0, 18: 12.3}
INFO:src.model.gail:epoc: 51 | Target Reward Mean: -247.05 | Reward Mean: -232.69
INFO:src.model.gail:epoc: 52 | Target Reward Mean: -247.05 | Reward Mean: -238.20
INFO:src.model.gail:epoc: 53 | Target Reward Mean: -247.05 | Reward Mean: -251.92
INFO:src.model.gail:epoc: 54 | Target Reward Mean: -247.05 | Reward Mean: -266.33
INFO:src.model.gail:epoc: 55 | Target Reward Mean: -247.05 | Reward Mean: -275.79
INFO:src.model.gail:epoc: 56 | Target Reward Mean: -247.05 | Reward Mean: -290.95
INFO:src.model.gail:epoc: 57 | Target Reward Mean: -247.05 | Reward Mean: -300.61
INFO:src.model.gail:epoc: 58 | Target Reward Mean: -247.05 | Reward Mean: -312.86
INFO:src.model.gail:epoc: 59 | Target Reward Mean: -247.05 | Reward Mean: -309.04
INFO:src.model.gail:====== EPOCH 60 ======
INFO:src.model.gail:TEST DATA | Steps:  230 | Rewards: -247 |  Actions: {0: 5.3, 1: 8.5, 2: 6.7, 3: 4.6, 4: 7.7, 5: 6.0, 6: 4.7, 7: 5.6, 8: 44.5, 9: 13.2, 10: 7.3, 11: 54.9, 12: 7.6, 13: 9.1, 14: 6.5, 15: 11.9, 16: 11.8, 17: 8.4, 18: 5.6}
INFO:src.model.gail:CURRENT POLICY | Steps:  230 | Rewards: -293 | Perplexity:  18.1579 | KLD:  2.1557 | Actions: {0: 5.8, 1: 4.4, 2: 9.1, 3: 4.4, 4: 5.2, 5: 7.5, 6: 8.5, 7: 11.3, 8: 25.6, 9: 3.9, 10: 18.0, 11: 27.7, 12: 14.8, 13: 4.3, 14: 30.6, 15: 1.9, 16: 3.7, 17: 31.8, 18: 12.6}
INFO:src.model.gail:RandomPolicy | Steps:  230 | Rewards: -169 | Perplexity:  19.0000 | KLD:  2.2008 | Actions: {0: 12.5, 1: 12.0, 2: 12.4, 3: 12.2, 4: 12.3, 5: 12.2, 6: 11.7, 7: 11.9, 8: 11.8, 9: 12.0, 10: 10.9, 11: 12.6, 12: 12.4, 13: 12.0, 14: 11.9, 15: 11.8, 16: 12.3, 17: 12.6, 18: 12.5}
INFO:src.model.gail:BehaviorPolicy | Steps:  230 | Rewards: -211 | Perplexity:  12.9683 | KLD:  1.8190 | Actions: {0: 5.6, 1: 8.5, 2: 7.1, 3: 4.8, 4: 8.4, 5: 6.6, 6: 5.3, 7: 5.7, 8: 42.3, 9: 12.9, 10: 7.9, 11: 53.6, 12: 7.8, 13: 9.0, 14: 5.6, 15: 13.0, 16: 11.2, 17: 9.0, 18: 6.0}
INFO:src.model.gail:BehaviorPolicy2 | Steps:  230 | Rewards: -185 | Perplexity:  19.0000 | KLD:  2.2008 | Actions: {0: 11.9, 1: 11.9, 2: 12.8, 3: 12.0, 4: 12.4, 5: 11.8, 6: 11.7, 7: 11.9, 8: 12.5, 9: 11.9, 10: 12.2, 11: 11.7, 12: 12.7, 13: 12.1, 14: 12.3, 15: 12.0, 16: 11.5, 17: 12.5, 18: 12.2}
INFO:src.model.gail:epoc: 61 | Target Reward Mean: -247.05 | Reward Mean: -292.03
INFO:src.model.gail:epoc: 62 | Target Reward Mean: -247.05 | Reward Mean: -299.22
INFO:src.model.gail:epoc: 63 | Target Reward Mean: -247.05 | Reward Mean: -297.65
INFO:src.model.gail:epoc: 64 | Target Reward Mean: -247.05 | Reward Mean: -291.16
INFO:src.model.gail:epoc: 65 | Target Reward Mean: -247.05 | Reward Mean: -292.49
INFO:src.model.gail:epoc: 66 | Target Reward Mean: -247.05 | Reward Mean: -286.37
INFO:src.model.gail:epoc: 67 | Target Reward Mean: -247.05 | Reward Mean: -290.24
INFO:src.model.gail:epoc: 68 | Target Reward Mean: -247.05 | Reward Mean: -286.91
INFO:src.model.gail:epoc: 69 | Target Reward Mean: -247.05 | Reward Mean: -288.19
INFO:src.model.gail:====== EPOCH 70 ======
INFO:src.model.gail:TEST DATA | Steps:  230 | Rewards: -247 |  Actions: {0: 5.3, 1: 8.5, 2: 6.7, 3: 4.6, 4: 7.7, 5: 6.0, 6: 4.7, 7: 5.6, 8: 44.5, 9: 13.2, 10: 7.3, 11: 54.9, 12: 7.6, 13: 9.1, 14: 6.5, 15: 11.9, 16: 11.8, 17: 8.4, 18: 5.6}
INFO:src.model.gail:CURRENT POLICY | Steps:  230 | Rewards: -282 | Perplexity:  18.5080 | KLD:  2.1751 | Actions: {0: 2.7, 1: 2.1, 2: 6.7, 3: 2.6, 4: 3.7, 5: 3.2, 6: 8.6, 7: 6.4, 8: 104.3, 9: 9.2, 10: 9.1, 11: 31.4, 12: 3.0, 13: 8.4, 14: 14.0, 15: 1.7, 16: 5.6, 17: 6.1, 18: 2.7}
INFO:src.model.gail:RandomPolicy | Steps:  230 | Rewards: -167 | Perplexity:  19.0000 | KLD:  2.2008 | Actions: {0: 11.9, 1: 12.0, 2: 12.1, 3: 11.4, 4: 12.6, 5: 12.3, 6: 12.6, 7: 11.3, 8: 12.1, 9: 11.7, 10: 12.0, 11: 11.7, 12: 11.9, 13: 12.5, 14: 12.8, 15: 12.6, 16: 12.1, 17: 12.1, 18: 12.3}
INFO:src.model.gail:BehaviorPolicy | Steps:  230 | Rewards: -217 | Perplexity:  12.9683 | KLD:  1.8190 | Actions: {0: 5.5, 1: 9.2, 2: 6.8, 3: 4.9, 4: 8.4, 5: 6.5, 6: 4.8, 7: 5.8, 8: 43.0, 9: 12.5, 10: 7.2, 11: 53.9, 12: 8.2, 13: 8.6, 14: 5.8, 15: 12.6, 16: 11.1, 17: 9.0, 18: 6.4}
INFO:src.model.gail:BehaviorPolicy2 | Steps:  230 | Rewards: -174 | Perplexity:  19.0000 | KLD:  2.2008 | Actions: {0: 12.4, 1: 11.7, 2: 12.3, 3: 11.9, 4: 12.2, 5: 12.7, 6: 11.9, 7: 11.6, 8: 11.5, 9: 12.3, 10: 12.4, 11: 11.8, 12: 11.8, 13: 12.2, 14: 12.2, 15: 12.3, 16: 12.3, 17: 12.1, 18: 12.4}
INFO:src.model.gail:epoc: 71 | Target Reward Mean: -247.05 | Reward Mean: -283.86
INFO:src.model.gail:epoc: 72 | Target Reward Mean: -247.05 | Reward Mean: -292.02
INFO:src.model.gail:epoc: 73 | Target Reward Mean: -247.05 | Reward Mean: -293.06
INFO:src.model.gail:epoc: 74 | Target Reward Mean: -247.05 | Reward Mean: -295.46
INFO:src.model.gail:epoc: 75 | Target Reward Mean: -247.05 | Reward Mean: -294.91
INFO:src.model.gail:epoc: 76 | Target Reward Mean: -247.05 | Reward Mean: -298.89
INFO:src.model.gail:epoc: 77 | Target Reward Mean: -247.05 | Reward Mean: -298.78
INFO:src.model.gail:epoc: 78 | Target Reward Mean: -247.05 | Reward Mean: -300.49
INFO:src.model.gail:epoc: 79 | Target Reward Mean: -247.05 | Reward Mean: -301.17
INFO:src.model.gail:====== EPOCH 80 ======
INFO:src.model.gail:TEST DATA | Steps:  230 | Rewards: -247 |  Actions: {0: 5.3, 1: 8.5, 2: 6.7, 3: 4.6, 4: 7.7, 5: 6.0, 6: 4.7, 7: 5.6, 8: 44.5, 9: 13.2, 10: 7.3, 11: 54.9, 12: 7.6, 13: 9.1, 14: 6.5, 15: 11.9, 16: 11.8, 17: 8.4, 18: 5.6}
INFO:src.model.gail:CURRENT POLICY | Steps:  230 | Rewards: -303 | Perplexity:  18.8651 | KLD:  2.1942 | Actions: {0: 1.8, 1: 1.8, 2: 5.6, 3: 2.7, 4: 3.3, 5: 2.0, 6: 4.9, 7: 4.0, 8: 59.7, 9: 10.7, 10: 4.3, 11: 96.4, 12: 1.8, 13: 13.4, 14: 6.4, 15: 1.9, 16: 9.3, 17: 2.4, 18: 1.5}
INFO:src.model.gail:RandomPolicy | Steps:  230 | Rewards: -176 | Perplexity:  19.0000 | KLD:  2.2008 | Actions: {0: 11.8, 1: 12.6, 2: 11.9, 3: 12.2, 4: 12.0, 5: 12.1, 6: 12.2, 7: 11.8, 8: 12.6, 9: 11.9, 10: 11.9, 11: 11.8, 12: 11.9, 13: 12.9, 14: 12.4, 15: 12.4, 16: 12.1, 17: 11.8, 18: 11.7}
INFO:src.model.gail:BehaviorPolicy | Steps:  230 | Rewards: -211 | Perplexity:  12.9683 | KLD:  1.8190 | Actions: {0: 5.7, 1: 9.0, 2: 7.3, 3: 5.5, 4: 7.8, 5: 6.0, 6: 5.2, 7: 5.7, 8: 43.1, 9: 12.2, 10: 7.3, 11: 53.2, 12: 8.1, 13: 9.1, 14: 5.9, 15: 12.7, 16: 11.0, 17: 8.5, 18: 6.5}
INFO:src.model.gail:BehaviorPolicy2 | Steps:  230 | Rewards: -156 | Perplexity:  19.0000 | KLD:  2.2008 | Actions: {0: 11.9, 1: 12.5, 2: 11.5, 3: 12.0, 4: 12.0, 5: 12.1, 6: 12.2, 7: 12.0, 8: 11.6, 9: 12.2, 10: 12.4, 11: 12.1, 12: 12.3, 13: 12.2, 14: 12.6, 15: 12.1, 16: 12.2, 17: 12.0, 18: 12.0}
INFO:src.model.gail:epoc: 81 | Target Reward Mean: -247.05 | Reward Mean: -299.99
INFO:src.model.gail:epoc: 82 | Target Reward Mean: -247.05 | Reward Mean: -302.41
INFO:src.model.gail:epoc: 83 | Target Reward Mean: -247.05 | Reward Mean: -300.71
INFO:src.model.gail:epoc: 84 | Target Reward Mean: -247.05 | Reward Mean: -300.48
INFO:src.model.gail:epoc: 85 | Target Reward Mean: -247.05 | Reward Mean: -302.53
INFO:src.model.gail:epoc: 86 | Target Reward Mean: -247.05 | Reward Mean: -304.27
INFO:src.model.gail:epoc: 87 | Target Reward Mean: -247.05 | Reward Mean: -301.08
INFO:src.model.gail:epoc: 88 | Target Reward Mean: -247.05 | Reward Mean: -303.86
INFO:src.model.gail:epoc: 89 | Target Reward Mean: -247.05 | Reward Mean: -307.18
INFO:src.model.gail:====== EPOCH 90 ======
INFO:src.model.gail:TEST DATA | Steps:  230 | Rewards: -247 |  Actions: {0: 5.3, 1: 8.5, 2: 6.7, 3: 4.6, 4: 7.7, 5: 6.0, 6: 4.7, 7: 5.6, 8: 44.5, 9: 13.2, 10: 7.3, 11: 54.9, 12: 7.6, 13: 9.1, 14: 6.5, 15: 11.9, 16: 11.8, 17: 8.4, 18: 5.6}
INFO:src.model.gail:CURRENT POLICY | Steps:  230 | Rewards: -313 | Perplexity:  23.9868 | KLD:  2.4341 | Actions: {0: 1.9, 1: 2.4, 2: 6.9, 3: 6.6, 4: 6.5, 5: 1.8, 6: 2.2, 7: 2.4, 8: 10.8, 9: 19.3, 10: 2.6, 11: 68.7, 12: 2.2, 13: 39.3, 14: 2.1, 15: 9.0, 16: 46.7, 17: 1.4, 18: 1.2}
INFO:src.model.gail:RandomPolicy | Steps:  230 | Rewards: -175 | Perplexity:  19.0000 | KLD:  2.2008 | Actions: {0: 11.9, 1: 12.0, 2: 12.2, 3: 12.0, 4: 11.7, 5: 12.6, 6: 12.2, 7: 12.4, 8: 12.2, 9: 12.2, 10: 12.0, 11: 11.5, 12: 12.3, 13: 12.6, 14: 12.6, 15: 11.9, 16: 12.2, 17: 11.9, 18: 11.6}
INFO:src.model.gail:BehaviorPolicy | Steps:  230 | Rewards: -212 | Perplexity:  12.9683 | KLD:  1.8190 | Actions: {0: 5.5, 1: 8.6, 2: 7.1, 3: 5.1, 4: 8.4, 5: 6.1, 6: 4.8, 7: 5.4, 8: 42.4, 9: 12.5, 10: 7.0, 11: 55.4, 12: 7.9, 13: 9.0, 14: 6.1, 15: 12.4, 16: 11.3, 17: 8.6, 18: 6.5}
INFO:src.model.gail:BehaviorPolicy2 | Steps:  230 | Rewards: -170 | Perplexity:  19.0000 | KLD:  2.2008 | Actions: {0: 11.9, 1: 12.3, 2: 12.3, 3: 12.0, 4: 12.2, 5: 12.2, 6: 12.1, 7: 11.9, 8: 12.1, 9: 11.9, 10: 12.0, 11: 12.2, 12: 12.4, 13: 12.1, 14: 11.8, 15: 13.1, 16: 12.0, 17: 11.8, 18: 11.8}
INFO:src.model.gail:epoc: 91 | Target Reward Mean: -247.05 | Reward Mean: -307.05
INFO:src.model.gail:epoc: 92 | Target Reward Mean: -247.05 | Reward Mean: -312.85
INFO:src.model.gail:epoc: 93 | Target Reward Mean: -247.05 | Reward Mean: -311.75
INFO:src.model.gail:epoc: 94 | Target Reward Mean: -247.05 | Reward Mean: -313.04
INFO:src.model.gail:epoc: 95 | Target Reward Mean: -247.05 | Reward Mean: -309.75
INFO:src.model.gail:epoc: 96 | Target Reward Mean: -247.05 | Reward Mean: -301.33
INFO:src.model.gail:epoc: 97 | Target Reward Mean: -247.05 | Reward Mean: -302.93
INFO:src.model.gail:epoc: 98 | Target Reward Mean: -247.05 | Reward Mean: -300.87
INFO:src.model.gail:epoc: 99 | Target Reward Mean: -247.05 | Reward Mean: -302.81
INFO:src.model.gail:====== EPOCH 100 ======
INFO:src.model.gail:TEST DATA | Steps:  230 | Rewards: -247 |  Actions: {0: 5.3, 1: 8.5, 2: 6.7, 3: 4.6, 4: 7.7, 5: 6.0, 6: 4.7, 7: 5.6, 8: 44.5, 9: 13.2, 10: 7.3, 11: 54.9, 12: 7.6, 13: 9.1, 14: 6.5, 15: 11.9, 16: 11.8, 17: 8.4, 18: 5.6}
INFO:src.model.gail:CURRENT POLICY | Steps:  230 | Rewards: -297 | Perplexity:  29.2253 | KLD:  2.6314 | Actions: {0: 4.8, 1: 8.0, 2: 8.6, 3: 10.5, 4: 11.5, 5: 3.8, 6: 2.0, 7: 1.6, 8: 10.4, 9: 25.6, 10: 3.3, 11: 17.0, 12: 3.0, 13: 22.4, 14: 1.7, 15: 61.3, 16: 34.9, 17: 1.7, 18: 1.3}
INFO:src.model.gail:RandomPolicy | Steps:  230 | Rewards: -184 | Perplexity:  19.0000 | KLD:  2.2008 | Actions: {0: 12.1, 1: 12.0, 2: 12.2, 3: 12.9, 4: 12.4, 5: 12.6, 6: 11.4, 7: 12.3, 8: 12.1, 9: 12.0, 10: 11.7, 11: 11.6, 12: 12.4, 13: 11.2, 14: 12.3, 15: 12.0, 16: 12.2, 17: 12.2, 18: 12.2}
INFO:src.model.gail:BehaviorPolicy | Steps:  230 | Rewards: -206 | Perplexity:  12.9683 | KLD:  1.8190 | Actions: {0: 5.6, 1: 9.0, 2: 7.0, 3: 5.1, 4: 8.0, 5: 6.5, 6: 4.8, 7: 5.8, 8: 43.0, 9: 12.6, 10: 7.0, 11: 53.5, 12: 8.1, 13: 9.2, 14: 5.8, 15: 12.5, 16: 11.3, 17: 8.7, 18: 6.6}
INFO:src.model.gail:BehaviorPolicy2 | Steps:  230 | Rewards: -175 | Perplexity:  19.0000 | KLD:  2.2008 | Actions: {0: 11.7, 1: 11.7, 2: 12.2, 3: 11.7, 4: 12.6, 5: 12.2, 6: 12.0, 7: 11.7, 8: 12.5, 9: 12.2, 10: 11.8, 11: 12.9, 12: 11.9, 13: 11.8, 14: 11.8, 15: 12.1, 16: 12.6, 17: 12.0, 18: 12.5}
INFO:src.model.gail:epoc: 101 | Target Reward Mean: -247.05 | Reward Mean: -300.58
INFO:src.model.gail:epoc: 102 | Target Reward Mean: -247.05 | Reward Mean: -297.49
INFO:src.model.gail:epoc: 103 | Target Reward Mean: -247.05 | Reward Mean: -289.61
INFO:src.model.gail:epoc: 104 | Target Reward Mean: -247.05 | Reward Mean: -286.91
INFO:src.model.gail:epoc: 105 | Target Reward Mean: -247.05 | Reward Mean: -277.49
INFO:src.model.gail:epoc: 106 | Target Reward Mean: -247.05 | Reward Mean: -254.73
INFO:src.model.gail:epoc: 107 | Target Reward Mean: -247.05 | Reward Mean: -232.38
INFO:src.model.gail:epoc: 108 | Target Reward Mean: -247.05 | Reward Mean: -231.11
INFO:src.model.gail:epoc: 109 | Target Reward Mean: -247.05 | Reward Mean: -219.13
INFO:src.model.gail:====== EPOCH 110 ======
INFO:src.model.gail:TEST DATA | Steps:  230 | Rewards: -247 |  Actions: {0: 5.3, 1: 8.5, 2: 6.7, 3: 4.6, 4: 7.7, 5: 6.0, 6: 4.7, 7: 5.6, 8: 44.5, 9: 13.2, 10: 7.3, 11: 54.9, 12: 7.6, 13: 9.1, 14: 6.5, 15: 11.9, 16: 11.8, 17: 8.4, 18: 5.6}
INFO:src.model.gail:CURRENT POLICY | Steps:  230 | Rewards: -208 | Perplexity:  29.2764 | KLD:  2.6329 | Actions: {0: 13.2, 1: 33.9, 2: 9.9, 3: 10.0, 4: 14.7, 5: 10.8, 6: 3.9, 7: 4.8, 8: 23.6, 9: 14.6, 10: 9.8, 11: 3.6, 12: 12.8, 13: 6.7, 14: 3.4, 15: 42.7, 16: 6.5, 17: 2.5, 18: 3.3}
INFO:src.model.gail:RandomPolicy | Steps:  230 | Rewards: -183 | Perplexity:  19.0000 | KLD:  2.2008 | Actions: {0: 12.5, 1: 12.0, 2: 12.3, 3: 12.1, 4: 11.6, 5: 12.4, 6: 11.9, 7: 12.0, 8: 12.5, 9: 12.2, 10: 12.0, 11: 12.4, 12: 11.4, 13: 12.3, 14: 12.3, 15: 11.4, 16: 12.5, 17: 11.8, 18: 12.3}
INFO:src.model.gail:BehaviorPolicy | Steps:  230 | Rewards: -206 | Perplexity:  12.9683 | KLD:  1.8190 | Actions: {0: 5.6, 1: 8.8, 2: 7.3, 3: 5.4, 4: 8.0, 5: 6.1, 6: 5.0, 7: 5.6, 8: 42.7, 9: 12.8, 10: 7.4, 11: 54.3, 12: 8.1, 13: 9.0, 14: 5.8, 15: 12.5, 16: 10.9, 17: 8.4, 18: 6.4}
INFO:src.model.gail:BehaviorPolicy2 | Steps:  230 | Rewards: -176 | Perplexity:  19.0000 | KLD:  2.2008 | Actions: {0: 12.5, 1: 11.5, 2: 12.1, 3: 12.3, 4: 12.5, 5: 11.6, 6: 11.8, 7: 12.0, 8: 12.3, 9: 11.9, 10: 11.8, 11: 12.4, 12: 12.4, 13: 12.3, 14: 12.0, 15: 12.0, 16: 11.8, 17: 12.6, 18: 12.2}
INFO:src.model.gail:epoc: 111 | Target Reward Mean: -247.05 | Reward Mean: -207.58
INFO:src.model.gail:epoc: 112 | Target Reward Mean: -247.05 | Reward Mean: -194.92
INFO:src.model.gail:epoc: 113 | Target Reward Mean: -247.05 | Reward Mean: -207.51
INFO:src.model.gail:epoc: 114 | Target Reward Mean: -247.05 | Reward Mean: -208.21
INFO:src.model.gail:epoc: 115 | Target Reward Mean: -247.05 | Reward Mean: -225.52
INFO:src.model.gail:epoc: 116 | Target Reward Mean: -247.05 | Reward Mean: -234.88
INFO:src.model.gail:epoc: 117 | Target Reward Mean: -247.05 | Reward Mean: -254.86
INFO:src.model.gail:epoc: 118 | Target Reward Mean: -247.05 | Reward Mean: -265.68
INFO:src.model.gail:epoc: 119 | Target Reward Mean: -247.05 | Reward Mean: -275.52
INFO:src.model.gail:====== EPOCH 120 ======
INFO:src.model.gail:TEST DATA | Steps:  230 | Rewards: -247 |  Actions: {0: 5.3, 1: 8.5, 2: 6.7, 3: 4.6, 4: 7.7, 5: 6.0, 6: 4.7, 7: 5.6, 8: 44.5, 9: 13.2, 10: 7.3, 11: 54.9, 12: 7.6, 13: 9.1, 14: 6.5, 15: 11.9, 16: 11.8, 17: 8.4, 18: 5.6}
INFO:src.model.gail:CURRENT POLICY | Steps:  230 | Rewards: -273 | Perplexity:  22.3492 | KLD:  2.3633 | Actions: {0: 11.5, 1: 11.7, 2: 6.8, 3: 3.8, 4: 4.4, 5: 9.0, 6: 4.4, 7: 8.0, 8: 88.3, 9: 5.0, 10: 10.7, 11: 12.9, 12: 27.4, 13: 1.8, 14: 6.4, 15: 6.9, 16: 2.5, 17: 1.7, 18: 8.3}
INFO:src.model.gail:RandomPolicy | Steps:  230 | Rewards: -181 | Perplexity:  19.0000 | KLD:  2.2008 | Actions: {0: 11.6, 1: 12.3, 2: 11.7, 3: 12.2, 4: 11.7, 5: 12.2, 6: 11.9, 7: 12.4, 8: 12.3, 9: 12.2, 10: 11.9, 11: 12.2, 12: 12.6, 13: 12.0, 14: 11.4, 15: 12.8, 16: 12.2, 17: 12.5, 18: 12.0}
INFO:src.model.gail:BehaviorPolicy | Steps:  230 | Rewards: -210 | Perplexity:  12.9683 | KLD:  1.8190 | Actions: {0: 5.2, 1: 8.8, 2: 7.4, 3: 5.2, 4: 8.3, 5: 5.8, 6: 5.2, 7: 5.9, 8: 43.1, 9: 12.4, 10: 7.5, 11: 54.5, 12: 7.8, 13: 9.0, 14: 6.0, 15: 12.4, 16: 10.8, 17: 8.5, 18: 6.4}
INFO:src.model.gail:BehaviorPolicy2 | Steps:  230 | Rewards: -181 | Perplexity:  19.0000 | KLD:  2.2008 | Actions: {0: 12.2, 1: 11.8, 2: 11.5, 3: 12.5, 4: 12.6, 5: 12.1, 6: 12.2, 7: 12.4, 8: 11.6, 9: 12.1, 10: 12.1, 11: 11.9, 12: 12.1, 13: 11.7, 14: 12.3, 15: 12.4, 16: 12.2, 17: 12.4, 18: 11.7}
INFO:src.model.gail:epoc: 121 | Target Reward Mean: -247.05 | Reward Mean: -273.86
INFO:src.model.gail:epoc: 122 | Target Reward Mean: -247.05 | Reward Mean: -283.67
INFO:src.model.gail:epoc: 123 | Target Reward Mean: -247.05 | Reward Mean: -276.49
INFO:src.model.gail:epoc: 124 | Target Reward Mean: -247.05 | Reward Mean: -283.00
INFO:src.model.gail:epoc: 125 | Target Reward Mean: -247.05 | Reward Mean: -272.75
INFO:src.model.gail:epoc: 126 | Target Reward Mean: -247.05 | Reward Mean: -277.45
INFO:src.model.gail:epoc: 127 | Target Reward Mean: -247.05 | Reward Mean: -277.09
INFO:src.model.gail:epoc: 128 | Target Reward Mean: -247.05 | Reward Mean: -280.25
INFO:src.model.gail:epoc: 129 | Target Reward Mean: -247.05 | Reward Mean: -277.29
INFO:src.model.gail:====== EPOCH 130 ======
INFO:src.model.gail:TEST DATA | Steps:  230 | Rewards: -247 |  Actions: {0: 5.3, 1: 8.5, 2: 6.7, 3: 4.6, 4: 7.7, 5: 6.0, 6: 4.7, 7: 5.6, 8: 44.5, 9: 13.2, 10: 7.3, 11: 54.9, 12: 7.6, 13: 9.1, 14: 6.5, 15: 11.9, 16: 11.8, 17: 8.4, 18: 5.6}
INFO:src.model.gail:CURRENT POLICY | Steps:  230 | Rewards: -288 | Perplexity:  25.3454 | KLD:  2.4891 | Actions: {0: 2.1, 1: 4.5, 2: 3.6, 3: 2.0, 4: 2.0, 5: 4.3, 6: 2.9, 7: 2.1, 8: 124.6, 9: 2.6, 10: 4.4, 11: 56.5, 12: 3.9, 13: 1.4, 14: 9.7, 15: 2.2, 16: 1.9, 17: 1.1, 18: 2.9}
INFO:src.model.gail:RandomPolicy | Steps:  230 | Rewards: -171 | Perplexity:  19.0000 | KLD:  2.2008 | Actions: {0: 12.6, 1: 12.1, 2: 12.4, 3: 11.9, 4: 12.2, 5: 12.1, 6: 12.2, 7: 11.9, 8: 11.7, 9: 12.0, 10: 11.7, 11: 12.4, 12: 11.6, 13: 12.1, 14: 12.1, 15: 12.5, 16: 11.8, 17: 12.2, 18: 12.3}
INFO:src.model.gail:BehaviorPolicy | Steps:  230 | Rewards: -212 | Perplexity:  12.9683 | KLD:  1.8190 | Actions: {0: 5.4, 1: 8.8, 2: 6.9, 3: 5.1, 4: 7.7, 5: 6.5, 6: 5.0, 7: 5.7, 8: 42.2, 9: 12.1, 10: 7.5, 11: 54.5, 12: 7.8, 13: 9.3, 14: 6.2, 15: 13.0, 16: 10.9, 17: 8.7, 18: 6.7}
INFO:src.model.gail:BehaviorPolicy2 | Steps:  230 | Rewards: -173 | Perplexity:  19.0000 | KLD:  2.2008 | Actions: {0: 11.5, 1: 12.4, 2: 12.2, 3: 11.9, 4: 12.4, 5: 12.5, 6: 12.1, 7: 12.0, 8: 12.5, 9: 11.6, 10: 12.6, 11: 12.5, 12: 12.4, 13: 12.4, 14: 12.2, 15: 11.5, 16: 11.9, 17: 11.3, 18: 12.0}
INFO:src.model.gail:epoc: 131 | Target Reward Mean: -247.05 | Reward Mean: -284.69
INFO:src.model.gail:epoc: 132 | Target Reward Mean: -247.05 | Reward Mean: -283.32
INFO:src.model.gail:epoc: 133 | Target Reward Mean: -247.05 | Reward Mean: -288.56
INFO:src.model.gail:epoc: 134 | Target Reward Mean: -247.05 | Reward Mean: -289.10
INFO:src.model.gail:epoc: 135 | Target Reward Mean: -247.05 | Reward Mean: -295.37
INFO:src.model.gail:epoc: 136 | Target Reward Mean: -247.05 | Reward Mean: -285.74
INFO:src.model.gail:epoc: 137 | Target Reward Mean: -247.05 | Reward Mean: -290.05
INFO:src.model.gail:epoc: 138 | Target Reward Mean: -247.05 | Reward Mean: -285.55
INFO:src.model.gail:epoc: 139 | Target Reward Mean: -247.05 | Reward Mean: -289.47
INFO:src.model.gail:====== EPOCH 140 ======
INFO:src.model.gail:TEST DATA | Steps:  230 | Rewards: -247 |  Actions: {0: 5.3, 1: 8.5, 2: 6.7, 3: 4.6, 4: 7.7, 5: 6.0, 6: 4.7, 7: 5.6, 8: 44.5, 9: 13.2, 10: 7.3, 11: 54.9, 12: 7.6, 13: 9.1, 14: 6.5, 15: 11.9, 16: 11.8, 17: 8.4, 18: 5.6}
INFO:src.model.gail:CURRENT POLICY | Steps:  230 | Rewards: -292 | Perplexity:  23.4412 | KLD:  2.4109 | Actions: {0: 2.1, 1: 3.5, 2: 4.1, 3: 2.7, 4: 2.4, 5: 4.0, 6: 3.6, 7: 2.0, 8: 64.0, 9: 3.3, 10: 4.9, 11: 110.0, 12: 2.1, 13: 1.8, 14: 15.9, 15: 1.7, 16: 3.4, 17: 1.3, 18: 2.0}
INFO:src.model.gail:RandomPolicy | Steps:  230 | Rewards: -179 | Perplexity:  19.0000 | KLD:  2.2008 | Actions: {0: 12.0, 1: 11.8, 2: 12.3, 3: 12.1, 4: 11.8, 5: 12.1, 6: 12.0, 7: 12.3, 8: 12.4, 9: 11.8, 10: 12.5, 11: 12.1, 12: 12.2, 13: 12.5, 14: 11.8, 15: 12.4, 16: 12.0, 17: 12.3, 18: 11.7}
INFO:src.model.gail:BehaviorPolicy | Steps:  230 | Rewards: -202 | Perplexity:  12.9683 | KLD:  1.8190 | Actions: {0: 5.6, 1: 8.8, 2: 7.2, 3: 4.9, 4: 8.7, 5: 6.1, 6: 5.0, 7: 5.9, 8: 41.4, 9: 12.5, 10: 7.1, 11: 55.2, 12: 7.9, 13: 9.3, 14: 6.0, 15: 12.4, 16: 11.1, 17: 8.7, 18: 6.6}
INFO:src.model.gail:BehaviorPolicy2 | Steps:  230 | Rewards: -170 | Perplexity:  19.0000 | KLD:  2.2008 | Actions: {0: 11.8, 1: 12.1, 2: 12.3, 3: 12.4, 4: 11.5, 5: 12.4, 6: 12.1, 7: 12.8, 8: 12.3, 9: 12.2, 10: 12.1, 11: 12.7, 12: 12.0, 13: 11.4, 14: 11.8, 15: 11.9, 16: 12.1, 17: 11.7, 18: 12.2}
INFO:src.model.gail:epoc: 141 | Target Reward Mean: -247.05 | Reward Mean: -285.91
INFO:src.model.gail:epoc: 142 | Target Reward Mean: -247.05 | Reward Mean: -281.68
INFO:src.model.gail:epoc: 143 | Target Reward Mean: -247.05 | Reward Mean: -285.10
INFO:src.model.gail:epoc: 144 | Target Reward Mean: -247.05 | Reward Mean: -284.10
INFO:src.model.gail:epoc: 145 | Target Reward Mean: -247.05 | Reward Mean: -283.56
INFO:src.model.gail:epoc: 146 | Target Reward Mean: -247.05 | Reward Mean: -283.66
INFO:src.model.gail:epoc: 147 | Target Reward Mean: -247.05 | Reward Mean: -287.48
INFO:src.model.gail:epoc: 148 | Target Reward Mean: -247.05 | Reward Mean: -279.17
INFO:src.model.gail:epoc: 149 | Target Reward Mean: -247.05 | Reward Mean: -279.06
INFO:src.model.gail:====== EPOCH 150 ======
INFO:src.model.gail:TEST DATA | Steps:  230 | Rewards: -247 |  Actions: {0: 5.3, 1: 8.5, 2: 6.7, 3: 4.6, 4: 7.7, 5: 6.0, 6: 4.7, 7: 5.6, 8: 44.5, 9: 13.2, 10: 7.3, 11: 54.9, 12: 7.6, 13: 9.1, 14: 6.5, 15: 11.9, 16: 11.8, 17: 8.4, 18: 5.6}
INFO:src.model.gail:CURRENT POLICY | Steps:  230 | Rewards: -274 | Perplexity:  18.3262 | KLD:  2.1646 | Actions: {0: 2.8, 1: 3.8, 2: 7.6, 3: 10.7, 4: 5.8, 5: 3.9, 6: 4.8, 7: 2.5, 8: 26.0, 9: 10.4, 10: 7.1, 11: 91.6, 12: 2.0, 13: 10.7, 14: 19.1, 15: 3.0, 16: 17.3, 17: 1.5, 18: 2.0}
INFO:src.model.gail:RandomPolicy | Steps:  230 | Rewards: -170 | Perplexity:  19.0000 | KLD:  2.2008 | Actions: {0: 12.7, 1: 12.3, 2: 12.1, 3: 12.3, 4: 12.2, 5: 12.4, 6: 12.3, 7: 11.8, 8: 12.4, 9: 11.8, 10: 11.5, 11: 12.0, 12: 11.5, 13: 12.2, 14: 12.0, 15: 11.8, 16: 12.0, 17: 11.5, 18: 13.0}
INFO:src.model.gail:BehaviorPolicy | Steps:  230 | Rewards: -204 | Perplexity:  12.9683 | KLD:  1.8190 | Actions: {0: 5.7, 1: 9.0, 2: 7.0, 3: 5.2, 4: 8.4, 5: 6.1, 6: 5.1, 7: 5.3, 8: 42.2, 9: 12.4, 10: 7.6, 11: 53.5, 12: 8.6, 13: 9.2, 14: 5.7, 15: 13.0, 16: 11.1, 17: 8.7, 18: 6.5}
INFO:src.model.gail:BehaviorPolicy2 | Steps:  230 | Rewards: -170 | Perplexity:  19.0000 | KLD:  2.2008 | Actions: {0: 12.5, 1: 12.0, 2: 11.9, 3: 11.9, 4: 12.2, 5: 12.3, 6: 12.6, 7: 11.6, 8: 12.2, 9: 12.4, 10: 12.2, 11: 11.7, 12: 12.4, 13: 12.0, 14: 12.3, 15: 12.5, 16: 11.8, 17: 11.7, 18: 11.8}
INFO:src.model.gail:epoc: 151 | Target Reward Mean: -247.05 | Reward Mean: -281.10
INFO:src.model.gail:epoc: 152 | Target Reward Mean: -247.05 | Reward Mean: -282.81
INFO:src.model.gail:epoc: 153 | Target Reward Mean: -247.05 | Reward Mean: -284.71
INFO:src.model.gail:epoc: 154 | Target Reward Mean: -247.05 | Reward Mean: -281.99
INFO:src.model.gail:epoc: 155 | Target Reward Mean: -247.05 | Reward Mean: -288.90
INFO:src.model.gail:epoc: 156 | Target Reward Mean: -247.05 | Reward Mean: -294.72
INFO:src.model.gail:epoc: 157 | Target Reward Mean: -247.05 | Reward Mean: -301.09
INFO:src.model.gail:epoc: 158 | Target Reward Mean: -247.05 | Reward Mean: -306.14
INFO:src.model.gail:epoc: 159 | Target Reward Mean: -247.05 | Reward Mean: -317.24
INFO:src.model.gail:====== EPOCH 160 ======
INFO:src.model.gail:TEST DATA | Steps:  230 | Rewards: -247 |  Actions: {0: 5.3, 1: 8.5, 2: 6.7, 3: 4.6, 4: 7.7, 5: 6.0, 6: 4.7, 7: 5.6, 8: 44.5, 9: 13.2, 10: 7.3, 11: 54.9, 12: 7.6, 13: 9.1, 14: 6.5, 15: 11.9, 16: 11.8, 17: 8.4, 18: 5.6}
INFO:src.model.gail:CURRENT POLICY | Steps:  230 | Rewards: -326 | Perplexity:  19.3974 | KLD:  2.2210 | Actions: {0: 2.3, 1: 5.4, 2: 5.3, 3: 9.5, 4: 16.2, 5: 2.4, 6: 3.1, 7: 1.7, 8: 23.6, 9: 25.7, 10: 3.8, 11: 24.8, 12: 1.8, 13: 64.2, 14: 3.5, 15: 15.8, 16: 21.3, 17: 1.7, 18: 1.4}
INFO:src.model.gail:RandomPolicy | Steps:  230 | Rewards: -172 | Perplexity:  19.0000 | KLD:  2.2008 | Actions: {0: 11.9, 1: 12.0, 2: 12.1, 3: 12.4, 4: 11.6, 5: 12.2, 6: 12.1, 7: 12.3, 8: 11.8, 9: 12.1, 10: 12.3, 11: 12.0, 12: 12.0, 13: 12.2, 14: 12.0, 15: 12.4, 16: 12.2, 17: 12.5, 18: 11.9}
INFO:src.model.gail:BehaviorPolicy | Steps:  230 | Rewards: -198 | Perplexity:  12.9683 | KLD:  1.8190 | Actions: {0: 5.8, 1: 8.6, 2: 7.1, 3: 4.7, 4: 8.1, 5: 6.6, 6: 5.4, 7: 5.7, 8: 42.5, 9: 12.4, 10: 7.4, 11: 53.9, 12: 7.8, 13: 9.0, 14: 6.0, 15: 12.7, 16: 11.1, 17: 8.7, 18: 6.5}
INFO:src.model.gail:BehaviorPolicy2 | Steps:  230 | Rewards: -170 | Perplexity:  19.0000 | KLD:  2.2008 | Actions: {0: 12.6, 1: 12.2, 2: 11.4, 3: 11.8, 4: 12.4, 5: 12.5, 6: 12.2, 7: 12.3, 8: 12.4, 9: 11.3, 10: 12.5, 11: 12.2, 12: 12.2, 13: 12.1, 14: 12.0, 15: 12.5, 16: 12.0, 17: 11.8, 18: 11.7}
INFO:src.model.gail:epoc: 161 | Target Reward Mean: -247.05 | Reward Mean: -317.28
INFO:src.model.gail:epoc: 162 | Target Reward Mean: -247.05 | Reward Mean: -320.18
INFO:src.model.gail:epoc: 163 | Target Reward Mean: -247.05 | Reward Mean: -323.47
INFO:src.model.gail:epoc: 164 | Target Reward Mean: -247.05 | Reward Mean: -323.13
INFO:src.model.gail:epoc: 165 | Target Reward Mean: -247.05 | Reward Mean: -321.52
INFO:src.model.gail:epoc: 166 | Target Reward Mean: -247.05 | Reward Mean: -319.67
INFO:src.model.gail:epoc: 167 | Target Reward Mean: -247.05 | Reward Mean: -316.82
INFO:src.model.gail:epoc: 168 | Target Reward Mean: -247.05 | Reward Mean: -319.64
INFO:src.model.gail:epoc: 169 | Target Reward Mean: -247.05 | Reward Mean: -310.23
INFO:src.model.gail:====== EPOCH 170 ======
INFO:src.model.gail:TEST DATA | Steps:  230 | Rewards: -247 |  Actions: {0: 5.3, 1: 8.5, 2: 6.7, 3: 4.6, 4: 7.7, 5: 6.0, 6: 4.7, 7: 5.6, 8: 44.5, 9: 13.2, 10: 7.3, 11: 54.9, 12: 7.6, 13: 9.1, 14: 6.5, 15: 11.9, 16: 11.8, 17: 8.4, 18: 5.6}
INFO:src.model.gail:CURRENT POLICY | Steps:  230 | Rewards: -310 | Perplexity:  21.8413 | KLD:  2.3399 | Actions: {0: 2.3, 1: 8.8, 2: 5.5, 3: 2.6, 4: 5.7, 5: 2.2, 6: 3.2, 7: 2.1, 8: 117.2, 9: 14.0, 10: 2.8, 11: 17.1, 12: 2.2, 13: 21.8, 14: 1.9, 15: 13.2, 16: 7.9, 17: 1.6, 18: 1.5}
INFO:src.model.gail:RandomPolicy | Steps:  230 | Rewards: -174 | Perplexity:  19.0000 | KLD:  2.2008 | Actions: {0: 11.7, 1: 12.2, 2: 11.9, 3: 12.6, 4: 12.0, 5: 12.5, 6: 12.2, 7: 11.9, 8: 12.1, 9: 12.8, 10: 12.3, 11: 12.0, 12: 12.4, 13: 11.7, 14: 11.6, 15: 12.4, 16: 11.9, 17: 12.0, 18: 11.7}
INFO:src.model.gail:BehaviorPolicy | Steps:  230 | Rewards: -208 | Perplexity:  12.9683 | KLD:  1.8190 | Actions: {0: 5.5, 1: 9.2, 2: 6.5, 3: 5.0, 4: 8.8, 5: 6.0, 6: 5.4, 7: 5.4, 8: 42.6, 9: 12.0, 10: 7.2, 11: 54.9, 12: 8.0, 13: 9.3, 14: 5.9, 15: 12.4, 16: 11.5, 17: 8.2, 18: 6.2}
INFO:src.model.gail:BehaviorPolicy2 | Steps:  230 | Rewards: -183 | Perplexity:  19.0000 | KLD:  2.2008 | Actions: {0: 12.2, 1: 11.4, 2: 11.7, 3: 11.8, 4: 12.4, 5: 12.4, 6: 11.8, 7: 11.2, 8: 12.3, 9: 12.3, 10: 12.7, 11: 12.0, 12: 12.6, 13: 12.3, 14: 12.2, 15: 12.1, 16: 12.3, 17: 11.9, 18: 12.4}
INFO:src.model.gail:epoc: 171 | Target Reward Mean: -247.05 | Reward Mean: -308.10
INFO:src.model.gail:epoc: 172 | Target Reward Mean: -247.05 | Reward Mean: -301.70
INFO:src.model.gail:epoc: 173 | Target Reward Mean: -247.05 | Reward Mean: -297.66
INFO:src.model.gail:epoc: 174 | Target Reward Mean: -247.05 | Reward Mean: -297.70
INFO:src.model.gail:epoc: 175 | Target Reward Mean: -247.05 | Reward Mean: -297.67
INFO:src.model.gail:epoc: 176 | Target Reward Mean: -247.05 | Reward Mean: -285.09
INFO:src.model.gail:epoc: 177 | Target Reward Mean: -247.05 | Reward Mean: -267.92
INFO:src.model.gail:epoc: 178 | Target Reward Mean: -247.05 | Reward Mean: -265.57
INFO:src.model.gail:epoc: 179 | Target Reward Mean: -247.05 | Reward Mean: -260.82
INFO:src.model.gail:====== EPOCH 180 ======
INFO:src.model.gail:TEST DATA | Steps:  230 | Rewards: -247 |  Actions: {0: 5.3, 1: 8.5, 2: 6.7, 3: 4.6, 4: 7.7, 5: 6.0, 6: 4.7, 7: 5.6, 8: 44.5, 9: 13.2, 10: 7.3, 11: 54.9, 12: 7.6, 13: 9.1, 14: 6.5, 15: 11.9, 16: 11.8, 17: 8.4, 18: 5.6}
INFO:src.model.gail:CURRENT POLICY | Steps:  230 | Rewards: -250 | Perplexity:  20.3928 | KLD:  2.2715 | Actions: {0: 3.1, 1: 9.7, 2: 12.6, 3: 2.2, 4: 2.8, 5: 1.8, 6: 3.6, 7: 3.0, 8: 124.4, 9: 5.0, 10: 2.8, 11: 37.0, 12: 3.0, 13: 1.8, 14: 1.7, 15: 7.9, 16: 4.2, 17: 1.7, 18: 5.5}
INFO:src.model.gail:RandomPolicy | Steps:  230 | Rewards: -165 | Perplexity:  19.0000 | KLD:  2.2008 | Actions: {0: 12.3, 1: 12.2, 2: 12.5, 3: 12.4, 4: 12.2, 5: 12.3, 6: 12.0, 7: 11.9, 8: 12.3, 9: 11.7, 10: 12.2, 11: 12.0, 12: 11.6, 13: 11.8, 14: 12.1, 15: 12.6, 16: 11.9, 17: 12.1, 18: 12.2}
INFO:src.model.gail:BehaviorPolicy | Steps:  230 | Rewards: -209 | Perplexity:  12.9683 | KLD:  1.8190 | Actions: {0: 5.8, 1: 8.7, 2: 6.6, 3: 5.2, 4: 8.2, 5: 6.1, 6: 5.3, 7: 5.4, 8: 42.1, 9: 12.5, 10: 7.6, 11: 55.5, 12: 8.0, 13: 9.3, 14: 5.8, 15: 12.1, 16: 10.9, 17: 8.7, 18: 6.3}
INFO:src.model.gail:BehaviorPolicy2 | Steps:  230 | Rewards: -170 | Perplexity:  19.0000 | KLD:  2.2008 | Actions: {0: 12.0, 1: 12.6, 2: 12.3, 3: 12.7, 4: 12.2, 5: 11.9, 6: 12.2, 7: 12.0, 8: 12.3, 9: 11.7, 10: 12.0, 11: 12.4, 12: 11.8, 13: 12.2, 14: 11.5, 15: 12.1, 16: 12.6, 17: 11.8, 18: 11.7}
INFO:src.model.gail:epoc: 181 | Target Reward Mean: -247.05 | Reward Mean: -242.49
INFO:src.model.gail:epoc: 182 | Target Reward Mean: -247.05 | Reward Mean: -239.14
INFO:src.model.gail:epoc: 183 | Target Reward Mean: -247.05 | Reward Mean: -236.58
INFO:src.model.gail:epoc: 184 | Target Reward Mean: -247.05 | Reward Mean: -236.97
INFO:src.model.gail:epoc: 185 | Target Reward Mean: -247.05 | Reward Mean: -223.02
INFO:src.model.gail:epoc: 186 | Target Reward Mean: -247.05 | Reward Mean: -228.65
INFO:src.model.gail:epoc: 187 | Target Reward Mean: -247.05 | Reward Mean: -224.89
INFO:src.model.gail:epoc: 188 | Target Reward Mean: -247.05 | Reward Mean: -210.44
INFO:src.model.gail:epoc: 189 | Target Reward Mean: -247.05 | Reward Mean: -207.81
INFO:src.model.gail:====== EPOCH 190 ======
INFO:src.model.gail:TEST DATA | Steps:  230 | Rewards: -247 |  Actions: {0: 5.3, 1: 8.5, 2: 6.7, 3: 4.6, 4: 7.7, 5: 6.0, 6: 4.7, 7: 5.6, 8: 44.5, 9: 13.2, 10: 7.3, 11: 54.9, 12: 7.6, 13: 9.1, 14: 6.5, 15: 11.9, 16: 11.8, 17: 8.4, 18: 5.6}
INFO:src.model.gail:CURRENT POLICY | Steps:  230 | Rewards: -217 | Perplexity:  16.9927 | KLD:  2.0891 | Actions: {0: 3.6, 1: 9.5, 2: 14.0, 3: 2.5, 4: 3.2, 5: 2.7, 6: 3.3, 7: 4.5, 8: 56.9, 9: 4.2, 10: 4.1, 11: 88.4, 12: 7.2, 13: 1.4, 14: 2.0, 15: 8.1, 16: 4.2, 17: 1.8, 18: 11.4}
INFO:src.model.gail:RandomPolicy | Steps:  230 | Rewards: -172 | Perplexity:  19.0000 | KLD:  2.2008 | Actions: {0: 11.8, 1: 12.1, 2: 12.1, 3: 12.4, 4: 12.3, 5: 12.0, 6: 12.3, 7: 12.3, 8: 12.3, 9: 11.8, 10: 12.1, 11: 12.3, 12: 12.0, 13: 12.2, 14: 12.2, 15: 11.8, 16: 11.6, 17: 11.8, 18: 12.6}
INFO:src.model.gail:BehaviorPolicy | Steps:  230 | Rewards: -205 | Perplexity:  12.9683 | KLD:  1.8190 | Actions: {0: 5.8, 1: 9.0, 2: 7.1, 3: 5.1, 4: 8.0, 5: 6.2, 6: 5.1, 7: 5.7, 8: 41.5, 9: 12.4, 10: 7.6, 11: 53.8, 12: 8.4, 13: 9.3, 14: 6.0, 15: 12.2, 16: 11.7, 17: 8.6, 18: 6.4}
INFO:src.model.gail:BehaviorPolicy2 | Steps:  230 | Rewards: -181 | Perplexity:  19.0000 | KLD:  2.2008 | Actions: {0: 12.4, 1: 12.4, 2: 12.5, 3: 12.2, 4: 12.0, 5: 12.1, 6: 11.9, 7: 12.4, 8: 12.0, 9: 13.1, 10: 12.3, 11: 11.5, 12: 12.4, 13: 12.2, 14: 12.2, 15: 12.1, 16: 11.7, 17: 11.4, 18: 11.6}
INFO:src.model.gail:epoc: 191 | Target Reward Mean: -247.05 | Reward Mean: -202.31
INFO:src.model.gail:epoc: 192 | Target Reward Mean: -247.05 | Reward Mean: -200.48
INFO:src.model.gail:epoc: 193 | Target Reward Mean: -247.05 | Reward Mean: -189.97
INFO:src.model.gail:epoc: 194 | Target Reward Mean: -247.05 | Reward Mean: -184.29
INFO:src.model.gail:epoc: 195 | Target Reward Mean: -247.05 | Reward Mean: -179.28
INFO:src.model.gail:epoc: 196 | Target Reward Mean: -247.05 | Reward Mean: -186.02
INFO:src.model.gail:epoc: 197 | Target Reward Mean: -247.05 | Reward Mean: -199.05
INFO:src.model.gail:epoc: 198 | Target Reward Mean: -247.05 | Reward Mean: -217.84
INFO:src.model.gail:epoc: 199 | Target Reward Mean: -247.05 | Reward Mean: -239.44
INFO:src.model.gail:====== EPOCH 200 ======
INFO:src.model.gail:TEST DATA | Steps:  230 | Rewards: -247 |  Actions: {0: 5.3, 1: 8.5, 2: 6.7, 3: 4.6, 4: 7.7, 5: 6.0, 6: 4.7, 7: 5.6, 8: 44.5, 9: 13.2, 10: 7.3, 11: 54.9, 12: 7.6, 13: 9.1, 14: 6.5, 15: 11.9, 16: 11.8, 17: 8.4, 18: 5.6}
INFO:src.model.gail:CURRENT POLICY | Steps:  230 | Rewards: -267 | Perplexity:  18.8443 | KLD:  2.1924 | Actions: {0: 4.0, 1: 7.4, 2: 6.6, 3: 2.8, 4: 4.2, 5: 4.5, 6: 2.9, 7: 7.8, 8: 3.4, 9: 2.1, 10: 4.6, 11: 89.4, 12: 71.5, 13: 1.2, 14: 3.6, 15: 3.1, 16: 2.9, 17: 2.0, 18: 10.0}
INFO:src.model.gail:RandomPolicy | Steps:  230 | Rewards: -176 | Perplexity:  19.0000 | KLD:  2.2008 | Actions: {0: 12.4, 1: 12.0, 2: 12.2, 3: 11.5, 4: 11.8, 5: 12.2, 6: 11.0, 7: 12.1, 8: 11.8, 9: 12.5, 10: 11.7, 11: 11.6, 12: 12.8, 13: 12.2, 14: 12.0, 15: 12.4, 16: 12.8, 17: 12.8, 18: 12.2}
INFO:src.model.gail:BehaviorPolicy | Steps:  230 | Rewards: -207 | Perplexity:  12.9683 | KLD:  1.8190 | Actions: {0: 5.6, 1: 8.4, 2: 6.9, 3: 4.9, 4: 7.8, 5: 6.2, 6: 5.3, 7: 5.8, 8: 42.4, 9: 12.8, 10: 7.1, 11: 54.8, 12: 8.2, 13: 9.2, 14: 5.9, 15: 13.0, 16: 11.2, 17: 8.5, 18: 6.2}
INFO:src.model.gail:BehaviorPolicy2 | Steps:  230 | Rewards: -173 | Perplexity:  19.0000 | KLD:  2.2008 | Actions: {0: 12.5, 1: 12.6, 2: 12.1, 3: 11.7, 4: 12.2, 5: 12.0, 6: 11.8, 7: 11.9, 8: 12.1, 9: 12.2, 10: 12.1, 11: 12.1, 12: 12.0, 13: 12.5, 14: 12.0, 15: 11.6, 16: 12.4, 17: 12.2, 18: 11.9}
INFO:src.model.gail:-- creating simulated data --

