INFO:src.utils:-- loading data from ../processed_data/student_trajectories.pkl with test size 0.3 --
              precision    recall  f1-score   support

         0.0       0.85      0.96      0.90        46
         1.0       0.33      0.11      0.17         9

    accuracy                           0.82        55
   macro avg       0.59      0.53      0.53        55
weighted avg       0.76      0.82      0.78        55

              precision    recall  f1-score   support

         0.0       0.88      0.93      0.91        46
         1.0       0.50      0.33      0.40         9

    accuracy                           0.84        55
   macro avg       0.69      0.63      0.65        55
weighted avg       0.82      0.84      0.82        55

              precision    recall  f1-score   support

         0.0       0.90      0.93      0.91        46
         1.0       0.57      0.44      0.50         9

    accuracy                           0.85        55
   macro avg       0.73      0.69      0.71        55
weighted avg       0.84      0.85      0.85        55

              precision    recall  f1-score   support

         0.0       0.93      0.85      0.89        46
         1.0       0.46      0.67      0.55         9

    accuracy                           0.82        55
   macro avg       0.70      0.76      0.72        55
weighted avg       0.85      0.82      0.83        55

              precision    recall  f1-score   support

         0.0       0.86      0.91      0.88        46
         1.0       0.33      0.22      0.27         9

    accuracy                           0.80        55
   macro avg       0.60      0.57      0.58        55
weighted avg       0.77      0.80      0.78        55

              precision    recall  f1-score   support

         0.0       0.84      0.91      0.87        46
         1.0       0.20      0.11      0.14         9

    accuracy                           0.78        55
   macro avg       0.52      0.51      0.51        55
weighted avg       0.74      0.78      0.76        55

              precision    recall  f1-score   support

         0.0       0.92      0.98      0.95        46
         1.0       0.83      0.56      0.67         9

    accuracy                           0.91        55
   macro avg       0.88      0.77      0.81        55
weighted avg       0.90      0.91      0.90        55

              precision    recall  f1-score   support

         0.0       0.91      0.93      0.92        46
         1.0       0.57      0.50      0.53         8

    accuracy                           0.87        54
   macro avg       0.74      0.72      0.73        54
weighted avg       0.86      0.87      0.87        54

              precision    recall  f1-score   support

         0.0       0.87      0.87      0.87        46
         1.0       0.25      0.25      0.25         8

    accuracy                           0.78        54
   macro avg       0.56      0.56      0.56        54
weighted avg       0.78      0.78      0.78        54

              precision    recall  f1-score   support

         0.0       0.89      0.87      0.88        45
         1.0       0.40      0.44      0.42         9

    accuracy                           0.80        54
   macro avg       0.64      0.66      0.65        54
weighted avg       0.81      0.80      0.80        54

F1 Weighted Mean: 0.8163282031990928
INFO:src.model.gail:-- no gail with run_name dec3_1 --
INFO:src.model.gail:epoc: 1 | Target Reward Mean: -207.27 | Reward Mean: -114.68
INFO:src.model.gail:epoc: 2 | Target Reward Mean: -207.27 | Reward Mean: -116.02
INFO:src.model.gail:epoc: 3 | Target Reward Mean: -207.27 | Reward Mean: -120.37
INFO:src.model.gail:epoc: 4 | Target Reward Mean: -207.27 | Reward Mean: -121.87
INFO:src.model.gail:epoc: 5 | Target Reward Mean: -207.27 | Reward Mean: -124.42
INFO:src.model.gail:epoc: 6 | Target Reward Mean: -207.27 | Reward Mean: -127.16
INFO:src.model.gail:epoc: 7 | Target Reward Mean: -207.27 | Reward Mean: -132.83
INFO:src.model.gail:epoc: 8 | Target Reward Mean: -207.27 | Reward Mean: -138.93
INFO:src.model.gail:epoc: 9 | Target Reward Mean: -207.27 | Reward Mean: -145.49
INFO:src.model.gail:====== EPOCH 10 ======
INFO:src.model.gail:TEST DATA | Steps:  230 | Rewards: -207 |  Actions: {0: 5.3, 1: 8.2, 2: 6.6, 3: 4.6, 4: 7.9, 5: 5.8, 6: 5.2, 7: 5.2, 8: 43.5, 9: 12.4, 10: 6.4, 11: 54.2, 12: 8.1, 13: 8.9, 14: 6.5, 15: 12.0, 16: 11.1, 17: 8.3, 18: 5.2, 19: 4.4}
INFO:src.model.gail:CURRENT POLICY | Steps:  230 | Rewards: -155 | Perplexity:  15.1632 | KLD:  1.8748 | Actions: {0: 6.4, 1: 8.2, 2: 11.4, 3: 12.7, 4: 5.9, 5: 7.5, 6: 10.8, 7: 6.7, 8: 16.3, 9: 9.8, 10: 5.2, 11: 65.2, 12: 9.7, 13: 9.1, 14: 6.0, 15: 9.7, 16: 7.5, 17: 13.5, 18: 4.0, 19: 4.7}
INFO:src.model.gail:RandomPolicy | Steps:  230 | Rewards: -117 | Perplexity:  20.0000 | KLD:  2.1514 | Actions: {0: 10.7, 1: 11.2, 2: 11.6, 3: 11.3, 4: 11.1, 5: 11.4, 6: 11.6, 7: 11.9, 8: 12.3, 9: 11.4, 10: 11.7, 11: 11.2, 12: 11.0, 13: 11.7, 14: 11.4, 15: 11.7, 16: 12.0, 17: 11.5, 18: 11.5, 19: 11.6}
INFO:src.model.gail:BehaviorPolicy | Steps:  230 | Rewards: -150 | Perplexity:  13.5598 | KLD:  1.7630 | Actions: {0: 5.2, 1: 8.2, 2: 7.0, 3: 4.7, 4: 8.0, 5: 6.0, 6: 4.7, 7: 5.4, 8: 42.1, 9: 12.5, 10: 7.5, 11: 55.1, 12: 7.7, 13: 8.9, 14: 5.9, 15: 12.0, 16: 11.4, 17: 8.1, 18: 5.4, 19: 4.4}
INFO:src.model.gail:BehaviorPolicy2 | Steps:  230 | Rewards: -117 | Perplexity:  20.0000 | KLD:  2.1514 | Actions: {0: 11.4, 1: 11.5, 2: 11.5, 3: 11.3, 4: 11.4, 5: 11.7, 6: 11.2, 7: 11.5, 8: 11.7, 9: 11.7, 10: 11.5, 11: 11.5, 12: 11.3, 13: 11.8, 14: 11.7, 15: 11.6, 16: 11.4, 17: 11.1, 18: 11.3, 19: 11.8}
INFO:src.model.gail:epoc: 11 | Target Reward Mean: -207.27 | Reward Mean: -148.67
INFO:src.model.gail:epoc: 12 | Target Reward Mean: -207.27 | Reward Mean: -156.25
INFO:src.model.gail:epoc: 13 | Target Reward Mean: -207.27 | Reward Mean: -163.64
INFO:src.model.gail:epoc: 14 | Target Reward Mean: -207.27 | Reward Mean: -176.49
INFO:src.model.gail:epoc: 15 | Target Reward Mean: -207.27 | Reward Mean: -178.93
INFO:src.model.gail:epoc: 16 | Target Reward Mean: -207.27 | Reward Mean: -195.35
INFO:src.model.gail:epoc: 17 | Target Reward Mean: -207.27 | Reward Mean: -211.86
INFO:src.model.gail:epoc: 18 | Target Reward Mean: -207.27 | Reward Mean: -212.49
INFO:src.model.gail:epoc: 19 | Target Reward Mean: -207.27 | Reward Mean: -225.73
INFO:src.model.gail:====== EPOCH 20 ======
INFO:src.model.gail:TEST DATA | Steps:  230 | Rewards: -207 |  Actions: {0: 5.3, 1: 8.2, 2: 6.6, 3: 4.6, 4: 7.9, 5: 5.8, 6: 5.2, 7: 5.2, 8: 43.5, 9: 12.4, 10: 6.4, 11: 54.2, 12: 8.1, 13: 8.9, 14: 6.5, 15: 12.0, 16: 11.1, 17: 8.3, 18: 5.2, 19: 4.4}
INFO:src.model.gail:CURRENT POLICY | Steps:  230 | Rewards: -242 | Perplexity:  15.1952 | KLD:  1.8770 | Actions: {0: 4.1, 1: 4.8, 2: 6.0, 3: 5.8, 4: 3.5, 5: 3.8, 6: 5.2, 7: 4.8, 8: 44.0, 9: 14.9, 10: 2.3, 11: 94.1, 12: 5.4, 13: 8.1, 14: 2.8, 15: 8.6, 16: 4.9, 17: 4.5, 18: 2.4, 19: 1.6}
INFO:src.model.gail:RandomPolicy | Steps:  230 | Rewards: -115 | Perplexity:  20.0000 | KLD:  2.1514 | Actions: {0: 11.4, 1: 11.7, 2: 10.8, 3: 11.7, 4: 11.6, 5: 11.2, 6: 11.6, 7: 12.0, 8: 12.3, 9: 11.4, 10: 11.6, 11: 11.4, 12: 11.1, 13: 11.6, 14: 11.7, 15: 11.4, 16: 11.4, 17: 11.1, 18: 11.5, 19: 11.6}
INFO:src.model.gail:BehaviorPolicy | Steps:  230 | Rewards: -143 | Perplexity:  13.5598 | KLD:  1.7630 | Actions: {0: 5.2, 1: 7.9, 2: 7.0, 3: 4.9, 4: 8.0, 5: 5.7, 6: 4.7, 7: 5.8, 8: 42.4, 9: 12.8, 10: 7.3, 11: 54.9, 12: 7.8, 13: 8.6, 14: 5.9, 15: 12.6, 16: 11.1, 17: 8.4, 18: 5.3, 19: 4.4}
INFO:src.model.gail:BehaviorPolicy2 | Steps:  230 | Rewards: -117 | Perplexity:  20.0000 | KLD:  2.1514 | Actions: {0: 11.4, 1: 11.4, 2: 11.7, 3: 11.6, 4: 11.5, 5: 11.2, 6: 11.4, 7: 11.1, 8: 11.3, 9: 11.2, 10: 11.3, 11: 11.9, 12: 11.6, 13: 12.0, 14: 11.1, 15: 11.4, 16: 11.8, 17: 11.4, 18: 11.6, 19: 12.0}
INFO:src.model.gail:epoc: 21 | Target Reward Mean: -207.27 | Reward Mean: -241.23
INFO:src.model.gail:epoc: 22 | Target Reward Mean: -207.27 | Reward Mean: -256.65
INFO:src.model.gail:epoc: 23 | Target Reward Mean: -207.27 | Reward Mean: -260.42
INFO:src.model.gail:epoc: 24 | Target Reward Mean: -207.27 | Reward Mean: -267.90
INFO:src.model.gail:epoc: 25 | Target Reward Mean: -207.27 | Reward Mean: -259.57
INFO:src.model.gail:epoc: 26 | Target Reward Mean: -207.27 | Reward Mean: -280.90
INFO:src.model.gail:epoc: 27 | Target Reward Mean: -207.27 | Reward Mean: -288.75
INFO:src.model.gail:epoc: 28 | Target Reward Mean: -207.27 | Reward Mean: -290.27
INFO:src.model.gail:epoc: 29 | Target Reward Mean: -207.27 | Reward Mean: -280.27
INFO:src.model.gail:====== EPOCH 30 ======
INFO:src.model.gail:TEST DATA | Steps:  230 | Rewards: -207 |  Actions: {0: 5.3, 1: 8.2, 2: 6.6, 3: 4.6, 4: 7.9, 5: 5.8, 6: 5.2, 7: 5.2, 8: 43.5, 9: 12.4, 10: 6.4, 11: 54.2, 12: 8.1, 13: 8.9, 14: 6.5, 15: 12.0, 16: 11.1, 17: 8.3, 18: 5.2, 19: 4.4}
INFO:src.model.gail:CURRENT POLICY | Steps:  230 | Rewards: -296 | Perplexity:  18.7223 | KLD:  2.0855 | Actions: {0: 2.3, 1: 7.7, 2: 3.7, 3: 3.0, 4: 6.4, 5: 3.3, 6: 2.1, 7: 4.2, 8: 71.2, 9: 19.4, 10: 2.3, 11: 18.8, 12: 12.1, 13: 24.9, 14: 4.0, 15: 24.9, 16: 18.9, 17: 1.5, 18: 1.6, 19: 1.0}
INFO:src.model.gail:RandomPolicy | Steps:  230 | Rewards: -116 | Perplexity:  20.0000 | KLD:  2.1514 | Actions: {0: 11.5, 1: 11.5, 2: 11.1, 3: 11.1, 4: 12.1, 5: 11.6, 6: 11.6, 7: 10.6, 8: 12.4, 9: 11.5, 10: 11.8, 11: 11.4, 12: 11.4, 13: 11.6, 14: 11.6, 15: 11.4, 16: 11.4, 17: 11.2, 18: 11.2, 19: 11.8}
INFO:src.model.gail:BehaviorPolicy | Steps:  230 | Rewards: -156 | Perplexity:  13.5598 | KLD:  1.7630 | Actions: {0: 5.5, 1: 8.1, 2: 6.7, 3: 4.9, 4: 8.0, 5: 6.2, 6: 5.0, 7: 5.1, 8: 41.4, 9: 13.1, 10: 7.6, 11: 55.3, 12: 7.8, 13: 8.5, 14: 5.9, 15: 12.5, 16: 10.7, 17: 8.4, 18: 5.0, 19: 4.5}
INFO:src.model.gail:BehaviorPolicy2 | Steps:  230 | Rewards: -120 | Perplexity:  20.0000 | KLD:  2.1514 | Actions: {0: 11.7, 1: 11.0, 2: 11.6, 3: 11.7, 4: 11.5, 5: 11.6, 6: 11.2, 7: 11.6, 8: 11.5, 9: 11.7, 10: 11.6, 11: 11.5, 12: 11.6, 13: 11.7, 14: 11.4, 15: 11.0, 16: 11.7, 17: 11.8, 18: 11.2, 19: 11.4}
INFO:src.model.gail:epoc: 31 | Target Reward Mean: -207.27 | Reward Mean: -299.10
INFO:src.model.gail:epoc: 32 | Target Reward Mean: -207.27 | Reward Mean: -299.51
INFO:src.model.gail:epoc: 33 | Target Reward Mean: -207.27 | Reward Mean: -296.03
INFO:src.model.gail:epoc: 34 | Target Reward Mean: -207.27 | Reward Mean: -298.44
INFO:src.model.gail:epoc: 35 | Target Reward Mean: -207.27 | Reward Mean: -300.37
INFO:src.model.gail:epoc: 36 | Target Reward Mean: -207.27 | Reward Mean: -300.00
INFO:src.model.gail:epoc: 37 | Target Reward Mean: -207.27 | Reward Mean: -299.35
INFO:src.model.gail:epoc: 38 | Target Reward Mean: -207.27 | Reward Mean: -300.72
INFO:src.model.gail:epoc: 39 | Target Reward Mean: -207.27 | Reward Mean: -293.35
INFO:src.model.gail:====== EPOCH 40 ======
INFO:src.model.gail:TEST DATA | Steps:  230 | Rewards: -207 |  Actions: {0: 5.3, 1: 8.2, 2: 6.6, 3: 4.6, 4: 7.9, 5: 5.8, 6: 5.2, 7: 5.2, 8: 43.5, 9: 12.4, 10: 6.4, 11: 54.2, 12: 8.1, 13: 8.9, 14: 6.5, 15: 12.0, 16: 11.1, 17: 8.3, 18: 5.2, 19: 4.4}
INFO:src.model.gail:CURRENT POLICY | Steps:  230 | Rewards: -295 | Perplexity:  18.8573 | KLD:  2.0928 | Actions: {0: 2.4, 1: 10.6, 2: 5.3, 3: 2.4, 4: 10.4, 5: 6.0, 6: 2.0, 7: 3.2, 8: 22.6, 9: 12.2, 10: 4.0, 11: 32.1, 12: 31.7, 13: 18.9, 14: 9.4, 15: 19.3, 16: 36.5, 17: 1.3, 18: 2.0, 19: 1.1}
INFO:src.model.gail:RandomPolicy | Steps:  230 | Rewards: -118 | Perplexity:  20.0000 | KLD:  2.1514 | Actions: {0: 11.1, 1: 11.4, 2: 11.1, 3: 11.0, 4: 11.7, 5: 11.9, 6: 11.3, 7: 11.1, 8: 11.6, 9: 12.0, 10: 11.5, 11: 11.5, 12: 11.2, 13: 11.6, 14: 12.0, 15: 11.2, 16: 11.7, 17: 11.5, 18: 12.1, 19: 11.5}
INFO:src.model.gail:BehaviorPolicy | Steps:  230 | Rewards: -151 | Perplexity:  13.5598 | KLD:  1.7630 | Actions: {0: 5.4, 1: 8.6, 2: 6.9, 3: 4.6, 4: 7.8, 5: 6.1, 6: 4.8, 7: 5.5, 8: 42.6, 9: 12.9, 10: 7.6, 11: 54.1, 12: 7.4, 13: 9.0, 14: 5.5, 15: 12.1, 16: 11.6, 17: 8.8, 18: 4.8, 19: 4.5}
INFO:src.model.gail:BehaviorPolicy2 | Steps:  230 | Rewards: -115 | Perplexity:  20.0000 | KLD:  2.1514 | Actions: {0: 11.6, 1: 11.5, 2: 11.4, 3: 11.1, 4: 12.1, 5: 11.2, 6: 12.0, 7: 11.6, 8: 11.4, 9: 11.3, 10: 11.4, 11: 11.7, 12: 11.7, 13: 11.2, 14: 11.2, 15: 11.2, 16: 11.8, 17: 11.5, 18: 11.5, 19: 11.5}
INFO:src.model.gail:epoc: 41 | Target Reward Mean: -207.27 | Reward Mean: -303.26
INFO:src.model.gail:epoc: 42 | Target Reward Mean: -207.27 | Reward Mean: -310.11
INFO:src.model.gail:epoc: 43 | Target Reward Mean: -207.27 | Reward Mean: -305.53
INFO:src.model.gail:epoc: 44 | Target Reward Mean: -207.27 | Reward Mean: -306.81
INFO:src.model.gail:epoc: 45 | Target Reward Mean: -207.27 | Reward Mean: -298.97
INFO:src.model.gail:epoc: 46 | Target Reward Mean: -207.27 | Reward Mean: -299.63
INFO:src.model.gail:epoc: 47 | Target Reward Mean: -207.27 | Reward Mean: -310.51
INFO:src.model.gail:epoc: 48 | Target Reward Mean: -207.27 | Reward Mean: -290.68
INFO:src.model.gail:epoc: 49 | Target Reward Mean: -207.27 | Reward Mean: -302.81
INFO:src.model.gail:====== EPOCH 50 ======
INFO:src.model.gail:TEST DATA | Steps:  230 | Rewards: -207 |  Actions: {0: 5.3, 1: 8.2, 2: 6.6, 3: 4.6, 4: 7.9, 5: 5.8, 6: 5.2, 7: 5.2, 8: 43.5, 9: 12.4, 10: 6.4, 11: 54.2, 12: 8.1, 13: 8.9, 14: 6.5, 15: 12.0, 16: 11.1, 17: 8.3, 18: 5.2, 19: 4.4}
INFO:src.model.gail:CURRENT POLICY | Steps:  230 | Rewards: -289 | Perplexity:  19.4676 | KLD:  2.1250 | Actions: {0: 2.9, 1: 8.3, 2: 5.6, 3: 1.7, 4: 7.7, 5: 4.6, 6: 1.8, 7: 2.2, 8: 13.6, 9: 5.7, 10: 5.6, 11: 104.0, 12: 20.0, 13: 8.8, 14: 9.7, 15: 7.2, 16: 20.4, 17: 1.2, 18: 1.8, 19: 1.0}
INFO:src.model.gail:RandomPolicy | Steps:  230 | Rewards: -119 | Perplexity:  20.0000 | KLD:  2.1514 | Actions: {0: 11.3, 1: 11.7, 2: 11.7, 3: 11.5, 4: 11.7, 5: 11.7, 6: 11.8, 7: 11.2, 8: 11.4, 9: 11.3, 10: 11.1, 11: 11.7, 12: 11.6, 13: 11.5, 14: 11.5, 15: 10.9, 16: 11.5, 17: 11.9, 18: 11.7, 19: 11.3}
INFO:src.model.gail:BehaviorPolicy | Steps:  230 | Rewards: -148 | Perplexity:  13.5598 | KLD:  1.7630 | Actions: {0: 5.4, 1: 8.6, 2: 6.8, 3: 4.9, 4: 7.7, 5: 6.0, 6: 4.8, 7: 5.8, 8: 41.9, 9: 12.9, 10: 7.3, 11: 53.9, 12: 7.4, 13: 8.6, 14: 6.2, 15: 12.7, 16: 11.4, 17: 8.5, 18: 5.1, 19: 4.6}
INFO:src.model.gail:BehaviorPolicy2 | Steps:  230 | Rewards: -113 | Perplexity:  20.0000 | KLD:  2.1514 | Actions: {0: 11.1, 1: 11.6, 2: 12.1, 3: 11.4, 4: 11.5, 5: 11.6, 6: 11.3, 7: 11.7, 8: 11.4, 9: 11.6, 10: 11.4, 11: 11.4, 12: 11.6, 13: 11.3, 14: 11.1, 15: 10.9, 16: 12.1, 17: 11.3, 18: 11.7, 19: 11.9}
INFO:src.model.gail:epoc: 51 | Target Reward Mean: -207.27 | Reward Mean: -293.20
INFO:src.model.gail:epoc: 52 | Target Reward Mean: -207.27 | Reward Mean: -292.92
INFO:src.model.gail:epoc: 53 | Target Reward Mean: -207.27 | Reward Mean: -284.24
INFO:src.model.gail:epoc: 54 | Target Reward Mean: -207.27 | Reward Mean: -292.45
INFO:src.model.gail:epoc: 55 | Target Reward Mean: -207.27 | Reward Mean: -297.73
INFO:src.model.gail:epoc: 56 | Target Reward Mean: -207.27 | Reward Mean: -305.22
INFO:src.model.gail:epoc: 57 | Target Reward Mean: -207.27 | Reward Mean: -312.36
INFO:src.model.gail:epoc: 58 | Target Reward Mean: -207.27 | Reward Mean: -316.73
INFO:src.model.gail:epoc: 59 | Target Reward Mean: -207.27 | Reward Mean: -319.15
INFO:src.model.gail:====== EPOCH 60 ======
INFO:src.model.gail:TEST DATA | Steps:  230 | Rewards: -207 |  Actions: {0: 5.3, 1: 8.2, 2: 6.6, 3: 4.6, 4: 7.9, 5: 5.8, 6: 5.2, 7: 5.2, 8: 43.5, 9: 12.4, 10: 6.4, 11: 54.2, 12: 8.1, 13: 8.9, 14: 6.5, 15: 12.0, 16: 11.1, 17: 8.3, 18: 5.2, 19: 4.4}
INFO:src.model.gail:CURRENT POLICY | Steps:  230 | Rewards: -321 | Perplexity:  18.8552 | KLD:  2.0932 | Actions: {0: 7.0, 1: 7.8, 2: 9.5, 3: 2.0, 4: 7.4, 5: 2.5, 6: 2.5, 7: 1.5, 8: 55.8, 9: 4.7, 10: 8.1, 11: 105.0, 12: 1.8, 13: 3.7, 14: 3.6, 15: 3.0, 16: 5.4, 17: 1.3, 18: 1.5, 19: 1.0}
INFO:src.model.gail:RandomPolicy | Steps:  230 | Rewards: -118 | Perplexity:  20.0000 | KLD:  2.1514 | Actions: {0: 11.6, 1: 10.6, 2: 11.6, 3: 11.2, 4: 11.0, 5: 11.0, 6: 11.8, 7: 11.5, 8: 11.6, 9: 11.5, 10: 11.0, 11: 11.6, 12: 11.8, 13: 11.4, 14: 11.8, 15: 12.2, 16: 11.8, 17: 11.7, 18: 11.8, 19: 11.4}
INFO:src.model.gail:BehaviorPolicy | Steps:  230 | Rewards: -142 | Perplexity:  13.5598 | KLD:  1.7630 | Actions: {0: 5.6, 1: 8.3, 2: 7.1, 3: 4.5, 4: 7.8, 5: 6.2, 6: 5.2, 7: 5.7, 8: 42.7, 9: 12.3, 10: 7.6, 11: 54.5, 12: 7.7, 13: 8.2, 14: 5.9, 15: 12.4, 16: 10.8, 17: 8.3, 18: 5.3, 19: 4.1}
INFO:src.model.gail:BehaviorPolicy2 | Steps:  230 | Rewards: -119 | Perplexity:  20.0000 | KLD:  2.1514 | Actions: {0: 11.8, 1: 11.6, 2: 11.7, 3: 11.8, 4: 11.3, 5: 11.3, 6: 11.3, 7: 11.4, 8: 11.4, 9: 11.3, 10: 11.3, 11: 11.5, 12: 11.5, 13: 11.8, 14: 11.4, 15: 11.5, 16: 12.0, 17: 11.3, 18: 11.5, 19: 11.3}
INFO:src.model.gail:epoc: 61 | Target Reward Mean: -207.27 | Reward Mean: -318.06
INFO:src.model.gail:epoc: 62 | Target Reward Mean: -207.27 | Reward Mean: -312.82
INFO:src.model.gail:epoc: 63 | Target Reward Mean: -207.27 | Reward Mean: -318.18
INFO:src.model.gail:epoc: 64 | Target Reward Mean: -207.27 | Reward Mean: -316.39
INFO:src.model.gail:epoc: 65 | Target Reward Mean: -207.27 | Reward Mean: -314.63
INFO:src.model.gail:epoc: 66 | Target Reward Mean: -207.27 | Reward Mean: -309.85
INFO:src.model.gail:epoc: 67 | Target Reward Mean: -207.27 | Reward Mean: -315.80
INFO:src.model.gail:epoc: 68 | Target Reward Mean: -207.27 | Reward Mean: -318.29
INFO:src.model.gail:epoc: 69 | Target Reward Mean: -207.27 | Reward Mean: -309.46
INFO:src.model.gail:====== EPOCH 70 ======
INFO:src.model.gail:TEST DATA | Steps:  230 | Rewards: -207 |  Actions: {0: 5.3, 1: 8.2, 2: 6.6, 3: 4.6, 4: 7.9, 5: 5.8, 6: 5.2, 7: 5.2, 8: 43.5, 9: 12.4, 10: 6.4, 11: 54.2, 12: 8.1, 13: 8.9, 14: 6.5, 15: 12.0, 16: 11.1, 17: 8.3, 18: 5.2, 19: 4.4}
INFO:src.model.gail:CURRENT POLICY | Steps:  230 | Rewards: -308 | Perplexity:  19.7248 | KLD:  2.1380 | Actions: {0: 7.8, 1: 10.2, 2: 11.6, 3: 3.9, 4: 17.0, 5: 3.0, 6: 3.5, 7: 2.0, 8: 98.8, 9: 9.6, 10: 13.1, 11: 26.0, 12: 1.5, 13: 4.1, 14: 2.9, 15: 5.6, 16: 8.7, 17: 1.3, 18: 1.7, 19: 1.2}
INFO:src.model.gail:RandomPolicy | Steps:  230 | Rewards: -118 | Perplexity:  20.0000 | KLD:  2.1514 | Actions: {0: 11.2, 1: 11.8, 2: 11.3, 3: 11.4, 4: 11.8, 5: 11.3, 6: 11.8, 7: 11.7, 8: 11.3, 9: 11.1, 10: 11.2, 11: 11.5, 12: 11.6, 13: 11.8, 14: 11.1, 15: 11.9, 16: 11.7, 17: 11.2, 18: 11.6, 19: 11.4}
INFO:src.model.gail:BehaviorPolicy | Steps:  230 | Rewards: -151 | Perplexity:  13.5598 | KLD:  1.7630 | Actions: {0: 5.1, 1: 8.6, 2: 6.9, 3: 4.8, 4: 7.7, 5: 6.1, 6: 5.2, 7: 5.8, 8: 42.4, 9: 13.0, 10: 7.6, 11: 54.2, 12: 7.7, 13: 8.8, 14: 6.0, 15: 12.1, 16: 11.0, 17: 8.2, 18: 4.8, 19: 4.3}
INFO:src.model.gail:BehaviorPolicy2 | Steps:  230 | Rewards: -116 | Perplexity:  20.0000 | KLD:  2.1514 | Actions: {0: 11.4, 1: 11.7, 2: 11.3, 3: 11.6, 4: 12.2, 5: 11.3, 6: 11.4, 7: 11.5, 8: 11.7, 9: 10.9, 10: 10.9, 11: 11.5, 12: 11.4, 13: 11.4, 14: 11.4, 15: 11.7, 16: 11.7, 17: 11.6, 18: 11.7, 19: 11.6}
INFO:src.model.gail:epoc: 71 | Target Reward Mean: -207.27 | Reward Mean: -303.97
INFO:src.model.gail:epoc: 72 | Target Reward Mean: -207.27 | Reward Mean: -305.30
INFO:src.model.gail:epoc: 73 | Target Reward Mean: -207.27 | Reward Mean: -294.13
INFO:src.model.gail:epoc: 74 | Target Reward Mean: -207.27 | Reward Mean: -286.20
INFO:src.model.gail:epoc: 75 | Target Reward Mean: -207.27 | Reward Mean: -274.91
INFO:src.model.gail:epoc: 76 | Target Reward Mean: -207.27 | Reward Mean: -275.43
INFO:src.model.gail:epoc: 77 | Target Reward Mean: -207.27 | Reward Mean: -263.18
INFO:src.model.gail:epoc: 78 | Target Reward Mean: -207.27 | Reward Mean: -256.65
INFO:src.model.gail:epoc: 79 | Target Reward Mean: -207.27 | Reward Mean: -240.90
INFO:src.model.gail:====== EPOCH 80 ======
INFO:src.model.gail:TEST DATA | Steps:  230 | Rewards: -207 |  Actions: {0: 5.3, 1: 8.2, 2: 6.6, 3: 4.6, 4: 7.9, 5: 5.8, 6: 5.2, 7: 5.2, 8: 43.5, 9: 12.4, 10: 6.4, 11: 54.2, 12: 8.1, 13: 8.9, 14: 6.5, 15: 12.0, 16: 11.1, 17: 8.3, 18: 5.2, 19: 4.4}
INFO:src.model.gail:CURRENT POLICY | Steps:  230 | Rewards: -210 | Perplexity:  22.0372 | KLD:  2.2487 | Actions: {0: 5.5, 1: 11.5, 2: 12.9, 3: 7.8, 4: 34.4, 5: 7.3, 6: 7.9, 7: 4.7, 8: 33.2, 9: 14.5, 10: 28.1, 11: 8.8, 12: 1.7, 13: 6.3, 14: 4.0, 15: 23.5, 16: 14.0, 17: 1.5, 18: 3.4, 19: 1.2}
INFO:src.model.gail:RandomPolicy | Steps:  230 | Rewards: -116 | Perplexity:  20.0000 | KLD:  2.1514 | Actions: {0: 11.6, 1: 11.7, 2: 11.6, 3: 11.2, 4: 11.8, 5: 11.5, 6: 11.3, 7: 11.4, 8: 11.4, 9: 11.6, 10: 11.3, 11: 11.4, 12: 11.4, 13: 11.7, 14: 11.9, 15: 11.6, 16: 11.4, 17: 11.6, 18: 11.0, 19: 11.4}
INFO:src.model.gail:BehaviorPolicy | Steps:  230 | Rewards: -147 | Perplexity:  13.5598 | KLD:  1.7630 | Actions: {0: 5.2, 1: 8.2, 2: 7.5, 3: 5.2, 4: 7.8, 5: 5.6, 6: 4.7, 7: 5.5, 8: 42.1, 9: 13.2, 10: 7.6, 11: 54.4, 12: 7.7, 13: 8.5, 14: 5.7, 15: 12.7, 16: 11.0, 17: 8.3, 18: 5.4, 19: 4.0}
INFO:src.model.gail:BehaviorPolicy2 | Steps:  230 | Rewards: -118 | Perplexity:  20.0000 | KLD:  2.1514 | Actions: {0: 11.3, 1: 11.5, 2: 11.6, 3: 11.4, 4: 11.6, 5: 11.6, 6: 11.7, 7: 11.1, 8: 11.7, 9: 11.5, 10: 11.2, 11: 11.4, 12: 11.0, 13: 11.9, 14: 11.3, 15: 11.8, 16: 10.9, 17: 11.3, 18: 12.4, 19: 11.7}
INFO:src.model.gail:epoc: 81 | Target Reward Mean: -207.27 | Reward Mean: -220.04
INFO:src.model.gail:epoc: 82 | Target Reward Mean: -207.27 | Reward Mean: -207.70
INFO:src.model.gail:epoc: 83 | Target Reward Mean: -207.27 | Reward Mean: -192.99
INFO:src.model.gail:epoc: 84 | Target Reward Mean: -207.27 | Reward Mean: -176.56
INFO:src.model.gail:epoc: 85 | Target Reward Mean: -207.27 | Reward Mean: -162.09
INFO:src.model.gail:epoc: 86 | Target Reward Mean: -207.27 | Reward Mean: -153.80
INFO:src.model.gail:epoc: 87 | Target Reward Mean: -207.27 | Reward Mean: -147.75
INFO:src.model.gail:epoc: 88 | Target Reward Mean: -207.27 | Reward Mean: -131.44
INFO:src.model.gail:epoc: 89 | Target Reward Mean: -207.27 | Reward Mean: -135.60
INFO:src.model.gail:====== EPOCH 90 ======
INFO:src.model.gail:TEST DATA | Steps:  230 | Rewards: -207 |  Actions: {0: 5.3, 1: 8.2, 2: 6.6, 3: 4.6, 4: 7.9, 5: 5.8, 6: 5.2, 7: 5.2, 8: 43.5, 9: 12.4, 10: 6.4, 11: 54.2, 12: 8.1, 13: 8.9, 14: 6.5, 15: 12.0, 16: 11.1, 17: 8.3, 18: 5.2, 19: 4.4}
INFO:src.model.gail:CURRENT POLICY | Steps:  230 | Rewards: -135 | Perplexity:  19.8832 | KLD:  2.1462 | Actions: {0: 3.8, 1: 8.3, 2: 12.0, 3: 8.8, 4: 18.2, 5: 9.1, 6: 14.2, 7: 6.3, 8: 8.2, 9: 9.9, 10: 29.4, 11: 37.3, 12: 2.4, 13: 7.5, 14: 4.1, 15: 23.9, 16: 11.8, 17: 1.7, 18: 13.5, 19: 1.3}
INFO:src.model.gail:RandomPolicy | Steps:  230 | Rewards: -120 | Perplexity:  20.0000 | KLD:  2.1514 | Actions: {0: 11.9, 1: 11.4, 2: 12.0, 3: 11.7, 4: 11.5, 5: 11.1, 6: 11.5, 7: 11.5, 8: 11.3, 9: 11.6, 10: 11.4, 11: 11.8, 12: 11.2, 13: 11.1, 14: 11.0, 15: 11.2, 16: 11.3, 17: 11.4, 18: 12.2, 19: 11.8}
INFO:src.model.gail:BehaviorPolicy | Steps:  230 | Rewards: -145 | Perplexity:  13.5598 | KLD:  1.7630 | Actions: {0: 5.6, 1: 8.4, 2: 7.3, 3: 4.5, 4: 7.5, 5: 6.0, 6: 4.9, 7: 5.8, 8: 42.5, 9: 12.2, 10: 7.5, 11: 53.9, 12: 7.9, 13: 8.8, 14: 5.9, 15: 12.6, 16: 11.4, 17: 8.4, 18: 5.3, 19: 4.0}
INFO:src.model.gail:BehaviorPolicy2 | Steps:  230 | Rewards: -119 | Perplexity:  20.0000 | KLD:  2.1514 | Actions: {0: 11.7, 1: 11.5, 2: 11.6, 3: 11.7, 4: 11.2, 5: 10.5, 6: 11.5, 7: 11.9, 8: 11.9, 9: 11.9, 10: 11.3, 11: 11.8, 12: 11.6, 13: 11.2, 14: 11.3, 15: 11.6, 16: 11.7, 17: 11.2, 18: 11.6, 19: 11.4}
INFO:src.model.gail:epoc: 91 | Target Reward Mean: -207.27 | Reward Mean: -133.27
INFO:src.model.gail:epoc: 92 | Target Reward Mean: -207.27 | Reward Mean: -132.16
INFO:src.model.gail:epoc: 93 | Target Reward Mean: -207.27 | Reward Mean: -135.04
INFO:src.model.gail:epoc: 94 | Target Reward Mean: -207.27 | Reward Mean: -130.66
INFO:src.model.gail:epoc: 95 | Target Reward Mean: -207.27 | Reward Mean: -131.03
INFO:src.model.gail:epoc: 96 | Target Reward Mean: -207.27 | Reward Mean: -132.24
INFO:src.model.gail:epoc: 97 | Target Reward Mean: -207.27 | Reward Mean: -139.77
INFO:src.model.gail:epoc: 98 | Target Reward Mean: -207.27 | Reward Mean: -144.73
INFO:src.model.gail:epoc: 99 | Target Reward Mean: -207.27 | Reward Mean: -142.68
INFO:src.model.gail:====== EPOCH 100 ======
INFO:src.model.gail:TEST DATA | Steps:  230 | Rewards: -207 |  Actions: {0: 5.3, 1: 8.2, 2: 6.6, 3: 4.6, 4: 7.9, 5: 5.8, 6: 5.2, 7: 5.2, 8: 43.5, 9: 12.4, 10: 6.4, 11: 54.2, 12: 8.1, 13: 8.9, 14: 6.5, 15: 12.0, 16: 11.1, 17: 8.3, 18: 5.2, 19: 4.4}
INFO:src.model.gail:CURRENT POLICY | Steps:  230 | Rewards: -157 | Perplexity:  18.2967 | KLD:  2.0633 | Actions: {0: 2.6, 1: 5.8, 2: 6.8, 3: 5.9, 4: 9.4, 5: 5.1, 6: 13.6, 7: 5.4, 8: 14.4, 9: 5.9, 10: 11.1, 11: 106.3, 12: 2.1, 13: 8.1, 14: 2.3, 15: 7.8, 16: 7.1, 17: 1.7, 18: 9.3, 19: 1.2}
INFO:src.model.gail:RandomPolicy | Steps:  230 | Rewards: -122 | Perplexity:  20.0000 | KLD:  2.1514 | Actions: {0: 11.8, 1: 11.3, 2: 11.6, 3: 11.1, 4: 11.5, 5: 11.1, 6: 11.6, 7: 11.1, 8: 11.7, 9: 11.2, 10: 11.4, 11: 11.6, 12: 11.3, 13: 11.6, 14: 11.7, 15: 11.4, 16: 11.7, 17: 11.3, 18: 11.9, 19: 11.9}
INFO:src.model.gail:BehaviorPolicy | Steps:  230 | Rewards: -144 | Perplexity:  13.5598 | KLD:  1.7630 | Actions: {0: 4.9, 1: 8.0, 2: 6.9, 3: 5.0, 4: 7.9, 5: 6.1, 6: 5.2, 7: 5.4, 8: 43.4, 9: 11.9, 10: 7.8, 11: 54.7, 12: 7.6, 13: 8.2, 14: 5.9, 15: 12.6, 16: 10.6, 17: 8.9, 18: 5.1, 19: 4.1}
INFO:src.model.gail:BehaviorPolicy2 | Steps:  230 | Rewards: -117 | Perplexity:  20.0000 | KLD:  2.1514 | Actions: {0: 11.5, 1: 12.0, 2: 11.6, 3: 11.6, 4: 11.2, 5: 11.3, 6: 11.4, 7: 11.5, 8: 11.8, 9: 11.8, 10: 11.1, 11: 10.9, 12: 11.7, 13: 11.8, 14: 11.6, 15: 11.1, 16: 11.3, 17: 11.6, 18: 11.7, 19: 11.4}
INFO:src.model.gail:epoc: 101 | Target Reward Mean: -207.27 | Reward Mean: -161.34
INFO:src.model.gail:epoc: 102 | Target Reward Mean: -207.27 | Reward Mean: -177.51
INFO:src.model.gail:epoc: 103 | Target Reward Mean: -207.27 | Reward Mean: -212.75
INFO:src.model.gail:epoc: 104 | Target Reward Mean: -207.27 | Reward Mean: -214.74
INFO:src.model.gail:epoc: 105 | Target Reward Mean: -207.27 | Reward Mean: -214.40
INFO:src.model.gail:epoc: 106 | Target Reward Mean: -207.27 | Reward Mean: -219.13
INFO:src.model.gail:epoc: 107 | Target Reward Mean: -207.27 | Reward Mean: -239.65
INFO:src.model.gail:epoc: 108 | Target Reward Mean: -207.27 | Reward Mean: -238.99
INFO:src.model.gail:epoc: 109 | Target Reward Mean: -207.27 | Reward Mean: -258.09
INFO:src.model.gail:====== EPOCH 110 ======
INFO:src.model.gail:TEST DATA | Steps:  230 | Rewards: -207 |  Actions: {0: 5.3, 1: 8.2, 2: 6.6, 3: 4.6, 4: 7.9, 5: 5.8, 6: 5.2, 7: 5.2, 8: 43.5, 9: 12.4, 10: 6.4, 11: 54.2, 12: 8.1, 13: 8.9, 14: 6.5, 15: 12.0, 16: 11.1, 17: 8.3, 18: 5.2, 19: 4.4}
INFO:src.model.gail:CURRENT POLICY | Steps:  230 | Rewards: -265 | Perplexity:  16.2222 | KLD:  1.9427 | Actions: {0: 1.9, 1: 7.7, 2: 5.2, 3: 4.4, 4: 6.0, 5: 2.3, 6: 10.2, 7: 4.2, 8: 82.4, 9: 8.8, 10: 2.4, 11: 50.0, 12: 4.1, 13: 20.8, 14: 2.0, 15: 5.3, 16: 9.3, 17: 2.0, 18: 2.4, 19: 1.5}
INFO:src.model.gail:RandomPolicy | Steps:  230 | Rewards: -118 | Perplexity:  20.0000 | KLD:  2.1514 | Actions: {0: 10.8, 1: 11.6, 2: 11.3, 3: 11.6, 4: 11.7, 5: 11.0, 6: 11.8, 7: 11.5, 8: 10.7, 9: 11.4, 10: 11.8, 11: 11.5, 12: 11.4, 13: 11.3, 14: 11.9, 15: 12.0, 16: 11.8, 17: 11.8, 18: 11.4, 19: 12.0}
INFO:src.model.gail:BehaviorPolicy | Steps:  230 | Rewards: -143 | Perplexity:  13.5598 | KLD:  1.7630 | Actions: {0: 5.2, 1: 8.0, 2: 7.3, 3: 4.9, 4: 7.6, 5: 5.9, 6: 5.2, 7: 5.2, 8: 42.1, 9: 12.7, 10: 7.2, 11: 55.1, 12: 7.9, 13: 8.7, 14: 5.7, 15: 12.8, 16: 10.8, 17: 8.2, 18: 5.5, 19: 4.5}
INFO:src.model.gail:BehaviorPolicy2 | Steps:  230 | Rewards: -119 | Perplexity:  20.0000 | KLD:  2.1514 | Actions: {0: 11.4, 1: 11.4, 2: 11.1, 3: 11.8, 4: 11.2, 5: 12.1, 6: 12.0, 7: 11.4, 8: 11.4, 9: 11.8, 10: 11.0, 11: 11.5, 12: 11.4, 13: 11.1, 14: 11.7, 15: 11.0, 16: 11.9, 17: 11.4, 18: 11.9, 19: 11.4}
INFO:src.model.gail:epoc: 111 | Target Reward Mean: -207.27 | Reward Mean: -253.52
INFO:src.model.gail:epoc: 112 | Target Reward Mean: -207.27 | Reward Mean: -256.82
INFO:src.model.gail:epoc: 113 | Target Reward Mean: -207.27 | Reward Mean: -259.87
INFO:src.model.gail:epoc: 114 | Target Reward Mean: -207.27 | Reward Mean: -250.51
INFO:src.model.gail:epoc: 115 | Target Reward Mean: -207.27 | Reward Mean: -237.03
INFO:src.model.gail:epoc: 116 | Target Reward Mean: -207.27 | Reward Mean: -230.47
INFO:src.model.gail:epoc: 117 | Target Reward Mean: -207.27 | Reward Mean: -221.09
INFO:src.model.gail:epoc: 118 | Target Reward Mean: -207.27 | Reward Mean: -220.74
INFO:src.model.gail:epoc: 119 | Target Reward Mean: -207.27 | Reward Mean: -212.95
INFO:src.model.gail:====== EPOCH 120 ======
INFO:src.model.gail:TEST DATA | Steps:  230 | Rewards: -207 |  Actions: {0: 5.3, 1: 8.2, 2: 6.6, 3: 4.6, 4: 7.9, 5: 5.8, 6: 5.2, 7: 5.2, 8: 43.5, 9: 12.4, 10: 6.4, 11: 54.2, 12: 8.1, 13: 8.9, 14: 6.5, 15: 12.0, 16: 11.1, 17: 8.3, 18: 5.2, 19: 4.4}
INFO:src.model.gail:CURRENT POLICY | Steps:  230 | Rewards: -198 | Perplexity:  16.7462 | KLD:  1.9743 | Actions: {0: 1.9, 1: 7.2, 2: 6.2, 3: 3.7, 4: 5.6, 5: 2.3, 6: 4.8, 7: 3.3, 8: 60.2, 9: 18.1, 10: 1.4, 11: 36.8, 12: 28.4, 13: 14.4, 14: 3.0, 15: 7.0, 16: 21.9, 17: 2.8, 18: 1.8, 19: 2.2}
INFO:src.model.gail:RandomPolicy | Steps:  230 | Rewards: -120 | Perplexity:  20.0000 | KLD:  2.1514 | Actions: {0: 11.6, 1: 11.6, 2: 11.3, 3: 11.8, 4: 11.7, 5: 11.2, 6: 11.5, 7: 11.2, 8: 11.8, 9: 10.9, 10: 11.5, 11: 11.7, 12: 11.0, 13: 12.1, 14: 11.2, 15: 11.6, 16: 11.6, 17: 11.7, 18: 11.2, 19: 11.8}
INFO:src.model.gail:BehaviorPolicy | Steps:  230 | Rewards: -140 | Perplexity:  13.5598 | KLD:  1.7630 | Actions: {0: 5.1, 1: 8.1, 2: 6.9, 3: 4.6, 4: 7.9, 5: 6.2, 6: 5.0, 7: 5.6, 8: 42.0, 9: 12.2, 10: 7.8, 11: 55.6, 12: 7.4, 13: 8.7, 14: 5.7, 15: 12.5, 16: 10.9, 17: 8.8, 18: 5.2, 19: 4.0}
INFO:src.model.gail:BehaviorPolicy2 | Steps:  230 | Rewards: -117 | Perplexity:  20.0000 | KLD:  2.1514 | Actions: {0: 11.5, 1: 11.6, 2: 11.4, 3: 11.5, 4: 12.1, 5: 12.0, 6: 11.4, 7: 11.7, 8: 11.8, 9: 11.1, 10: 12.0, 11: 11.4, 12: 11.2, 13: 11.1, 14: 11.6, 15: 11.8, 16: 11.2, 17: 11.4, 18: 11.1, 19: 11.3}
INFO:src.model.gail:epoc: 121 | Target Reward Mean: -207.27 | Reward Mean: -192.28
INFO:src.model.gail:epoc: 122 | Target Reward Mean: -207.27 | Reward Mean: -198.54
INFO:src.model.gail:epoc: 123 | Target Reward Mean: -207.27 | Reward Mean: -187.24
INFO:src.model.gail:epoc: 124 | Target Reward Mean: -207.27 | Reward Mean: -182.59
INFO:src.model.gail:epoc: 125 | Target Reward Mean: -207.27 | Reward Mean: -183.13
INFO:src.model.gail:epoc: 126 | Target Reward Mean: -207.27 | Reward Mean: -173.89
INFO:src.model.gail:epoc: 127 | Target Reward Mean: -207.27 | Reward Mean: -174.84
INFO:src.model.gail:epoc: 128 | Target Reward Mean: -207.27 | Reward Mean: -166.98
INFO:src.model.gail:epoc: 129 | Target Reward Mean: -207.27 | Reward Mean: -166.39
INFO:src.model.gail:====== EPOCH 130 ======
INFO:src.model.gail:TEST DATA | Steps:  230 | Rewards: -207 |  Actions: {0: 5.3, 1: 8.2, 2: 6.6, 3: 4.6, 4: 7.9, 5: 5.8, 6: 5.2, 7: 5.2, 8: 43.5, 9: 12.4, 10: 6.4, 11: 54.2, 12: 8.1, 13: 8.9, 14: 6.5, 15: 12.0, 16: 11.1, 17: 8.3, 18: 5.2, 19: 4.4}
INFO:src.model.gail:CURRENT POLICY | Steps:  230 | Rewards: -160 | Perplexity:  15.3782 | KLD:  1.8893 | Actions: {0: 3.7, 1: 8.5, 2: 9.3, 3: 5.4, 4: 5.7, 5: 2.8, 6: 4.8, 7: 3.5, 8: 36.7, 9: 14.3, 10: 2.3, 11: 58.1, 12: 12.7, 13: 6.4, 14: 21.0, 15: 9.6, 16: 16.1, 17: 4.4, 18: 1.9, 19: 4.3}
INFO:src.model.gail:RandomPolicy | Steps:  230 | Rewards: -121 | Perplexity:  20.0000 | KLD:  2.1514 | Actions: {0: 11.3, 1: 11.1, 2: 11.6, 3: 11.6, 4: 11.6, 5: 11.3, 6: 11.3, 7: 11.4, 8: 11.3, 9: 11.4, 10: 11.7, 11: 11.7, 12: 11.4, 13: 11.5, 14: 11.6, 15: 12.0, 16: 11.5, 17: 11.9, 18: 11.5, 19: 11.3}
INFO:src.model.gail:BehaviorPolicy | Steps:  230 | Rewards: -144 | Perplexity:  13.5598 | KLD:  1.7630 | Actions: {0: 5.0, 1: 8.3, 2: 6.5, 3: 5.0, 4: 7.6, 5: 5.8, 6: 5.0, 7: 5.7, 8: 42.5, 9: 12.7, 10: 7.3, 11: 54.7, 12: 7.5, 13: 8.2, 14: 6.1, 15: 12.7, 16: 11.3, 17: 8.6, 18: 5.2, 19: 4.5}
INFO:src.model.gail:BehaviorPolicy2 | Steps:  230 | Rewards: -120 | Perplexity:  20.0000 | KLD:  2.1514 | Actions: {0: 11.6, 1: 11.7, 2: 11.1, 3: 10.9, 4: 11.2, 5: 11.4, 6: 11.6, 7: 11.2, 8: 11.4, 9: 11.4, 10: 11.6, 11: 11.8, 12: 11.9, 13: 12.1, 14: 11.6, 15: 11.4, 16: 11.6, 17: 11.4, 18: 11.6, 19: 11.5}
INFO:src.model.gail:epoc: 131 | Target Reward Mean: -207.27 | Reward Mean: -163.37
INFO:src.model.gail:epoc: 132 | Target Reward Mean: -207.27 | Reward Mean: -164.98
INFO:src.model.gail:epoc: 133 | Target Reward Mean: -207.27 | Reward Mean: -163.87
INFO:src.model.gail:epoc: 134 | Target Reward Mean: -207.27 | Reward Mean: -166.18
INFO:src.model.gail:epoc: 135 | Target Reward Mean: -207.27 | Reward Mean: -174.14
INFO:src.model.gail:epoc: 136 | Target Reward Mean: -207.27 | Reward Mean: -174.47
INFO:src.model.gail:epoc: 137 | Target Reward Mean: -207.27 | Reward Mean: -179.05
INFO:src.model.gail:epoc: 138 | Target Reward Mean: -207.27 | Reward Mean: -177.62
INFO:src.model.gail:epoc: 139 | Target Reward Mean: -207.27 | Reward Mean: -180.20
INFO:src.model.gail:====== EPOCH 140 ======
INFO:src.model.gail:TEST DATA | Steps:  230 | Rewards: -207 |  Actions: {0: 5.3, 1: 8.2, 2: 6.6, 3: 4.6, 4: 7.9, 5: 5.8, 6: 5.2, 7: 5.2, 8: 43.5, 9: 12.4, 10: 6.4, 11: 54.2, 12: 8.1, 13: 8.9, 14: 6.5, 15: 12.0, 16: 11.1, 17: 8.3, 18: 5.2, 19: 4.4}
INFO:src.model.gail:CURRENT POLICY | Steps:  230 | Rewards: -188 | Perplexity:  16.8429 | KLD:  1.9803 | Actions: {0: 8.8, 1: 4.5, 2: 3.9, 3: 6.0, 4: 3.7, 5: 3.2, 6: 3.9, 7: 2.9, 8: 62.2, 9: 5.7, 10: 3.8, 11: 49.6, 12: 1.6, 13: 2.5, 14: 24.2, 15: 16.9, 16: 5.7, 17: 17.7, 18: 1.5, 19: 3.8}
INFO:src.model.gail:RandomPolicy | Steps:  230 | Rewards: -119 | Perplexity:  20.0000 | KLD:  2.1514 | Actions: {0: 11.0, 1: 11.1, 2: 11.1, 3: 12.1, 4: 12.0, 5: 11.4, 6: 11.3, 7: 10.8, 8: 11.8, 9: 11.6, 10: 11.6, 11: 11.5, 12: 11.8, 13: 12.1, 14: 11.8, 15: 11.5, 16: 11.6, 17: 11.2, 18: 11.6, 19: 11.2}
INFO:src.model.gail:BehaviorPolicy | Steps:  230 | Rewards: -142 | Perplexity:  13.5598 | KLD:  1.7630 | Actions: {0: 5.8, 1: 8.1, 2: 7.0, 3: 4.8, 4: 7.9, 5: 6.0, 6: 5.1, 7: 5.7, 8: 42.9, 9: 12.7, 10: 7.2, 11: 53.2, 12: 7.6, 13: 8.8, 14: 6.1, 15: 12.7, 16: 11.0, 17: 8.2, 18: 5.0, 19: 4.4}
INFO:src.model.gail:BehaviorPolicy2 | Steps:  230 | Rewards: -117 | Perplexity:  20.0000 | KLD:  2.1514 | Actions: {0: 11.2, 1: 11.2, 2: 11.4, 3: 11.6, 4: 11.3, 5: 11.4, 6: 11.2, 7: 11.4, 8: 11.1, 9: 11.4, 10: 11.7, 11: 10.9, 12: 11.5, 13: 11.6, 14: 11.4, 15: 11.8, 16: 12.6, 17: 12.0, 18: 12.0, 19: 11.3}
INFO:src.model.gail:epoc: 141 | Target Reward Mean: -207.27 | Reward Mean: -185.39
INFO:src.model.gail:epoc: 142 | Target Reward Mean: -207.27 | Reward Mean: -188.48
INFO:src.model.gail:epoc: 143 | Target Reward Mean: -207.27 | Reward Mean: -182.67
INFO:src.model.gail:epoc: 144 | Target Reward Mean: -207.27 | Reward Mean: -182.26
INFO:src.model.gail:epoc: 145 | Target Reward Mean: -207.27 | Reward Mean: -179.65
INFO:src.model.gail:epoc: 146 | Target Reward Mean: -207.27 | Reward Mean: -193.94
INFO:src.model.gail:epoc: 147 | Target Reward Mean: -207.27 | Reward Mean: -210.24
INFO:src.model.gail:epoc: 148 | Target Reward Mean: -207.27 | Reward Mean: -202.03
INFO:src.model.gail:epoc: 149 | Target Reward Mean: -207.27 | Reward Mean: -204.38
INFO:src.model.gail:====== EPOCH 150 ======
INFO:src.model.gail:TEST DATA | Steps:  230 | Rewards: -207 |  Actions: {0: 5.3, 1: 8.2, 2: 6.6, 3: 4.6, 4: 7.9, 5: 5.8, 6: 5.2, 7: 5.2, 8: 43.5, 9: 12.4, 10: 6.4, 11: 54.2, 12: 8.1, 13: 8.9, 14: 6.5, 15: 12.0, 16: 11.1, 17: 8.3, 18: 5.2, 19: 4.4}
INFO:src.model.gail:CURRENT POLICY | Steps:  230 | Rewards: -204 | Perplexity:  18.0914 | KLD:  2.0518 | Actions: {0: 1.7, 1: 3.6, 2: 2.8, 3: 3.9, 4: 5.1, 5: 3.4, 6: 3.8, 7: 2.6, 8: 39.4, 9: 13.2, 10: 14.7, 11: 48.8, 12: 1.4, 13: 4.0, 14: 3.6, 15: 40.9, 16: 10.7, 17: 24.1, 18: 1.9, 19: 3.5}
INFO:src.model.gail:RandomPolicy | Steps:  230 | Rewards: -116 | Perplexity:  20.0000 | KLD:  2.1514 | Actions: {0: 11.9, 1: 11.2, 2: 11.2, 3: 11.6, 4: 11.1, 5: 11.5, 6: 11.6, 7: 11.5, 8: 11.3, 9: 11.1, 10: 11.6, 11: 11.8, 12: 11.7, 13: 11.0, 14: 11.2, 15: 11.4, 16: 11.6, 17: 11.9, 18: 11.7, 19: 12.0}
INFO:src.model.gail:BehaviorPolicy | Steps:  230 | Rewards: -150 | Perplexity:  13.5598 | KLD:  1.7630 | Actions: {0: 5.5, 1: 8.6, 2: 6.9, 3: 4.9, 4: 8.3, 5: 6.0, 6: 5.3, 7: 5.7, 8: 42.6, 9: 12.1, 10: 7.6, 11: 53.2, 12: 7.9, 13: 8.5, 14: 5.5, 15: 12.3, 16: 11.1, 17: 8.5, 18: 5.5, 19: 4.3}
INFO:src.model.gail:BehaviorPolicy2 | Steps:  230 | Rewards: -117 | Perplexity:  20.0000 | KLD:  2.1514 | Actions: {0: 11.8, 1: 11.1, 2: 11.7, 3: 11.3, 4: 12.1, 5: 11.3, 6: 11.4, 7: 11.6, 8: 11.6, 9: 11.7, 10: 11.8, 11: 11.9, 12: 11.0, 13: 11.4, 14: 11.5, 15: 11.4, 16: 11.5, 17: 11.2, 18: 11.0, 19: 11.7}
INFO:src.model.gail:epoc: 151 | Target Reward Mean: -207.27 | Reward Mean: -195.95
INFO:src.model.gail:epoc: 152 | Target Reward Mean: -207.27 | Reward Mean: -190.33
INFO:src.model.gail:epoc: 153 | Target Reward Mean: -207.27 | Reward Mean: -187.21
INFO:src.model.gail:epoc: 154 | Target Reward Mean: -207.27 | Reward Mean: -176.62
INFO:src.model.gail:epoc: 155 | Target Reward Mean: -207.27 | Reward Mean: -175.28
INFO:src.model.gail:epoc: 156 | Target Reward Mean: -207.27 | Reward Mean: -169.75
INFO:src.model.gail:epoc: 157 | Target Reward Mean: -207.27 | Reward Mean: -173.40
INFO:src.model.gail:epoc: 158 | Target Reward Mean: -207.27 | Reward Mean: -163.08
INFO:src.model.gail:epoc: 159 | Target Reward Mean: -207.27 | Reward Mean: -161.87
INFO:src.model.gail:====== EPOCH 160 ======
INFO:src.model.gail:TEST DATA | Steps:  230 | Rewards: -207 |  Actions: {0: 5.3, 1: 8.2, 2: 6.6, 3: 4.6, 4: 7.9, 5: 5.8, 6: 5.2, 7: 5.2, 8: 43.5, 9: 12.4, 10: 6.4, 11: 54.2, 12: 8.1, 13: 8.9, 14: 6.5, 15: 12.0, 16: 11.1, 17: 8.3, 18: 5.2, 19: 4.4}
INFO:src.model.gail:CURRENT POLICY | Steps:  230 | Rewards: -167 | Perplexity:  16.3380 | KLD:  1.9499 | Actions: {0: 1.9, 1: 4.8, 2: 3.8, 3: 3.0, 4: 5.0, 5: 4.9, 6: 3.7, 7: 2.2, 8: 32.4, 9: 28.3, 10: 13.8, 11: 63.7, 12: 1.5, 13: 6.4, 14: 2.5, 15: 13.6, 16: 16.4, 17: 16.0, 18: 2.8, 19: 5.8}
INFO:src.model.gail:RandomPolicy | Steps:  230 | Rewards: -118 | Perplexity:  20.0000 | KLD:  2.1514 | Actions: {0: 11.4, 1: 11.5, 2: 11.8, 3: 11.7, 4: 11.3, 5: 11.4, 6: 11.7, 7: 11.2, 8: 11.5, 9: 11.6, 10: 11.6, 11: 12.1, 12: 11.2, 13: 11.6, 14: 11.7, 15: 11.4, 16: 11.3, 17: 11.3, 18: 10.8, 19: 11.9}
INFO:src.model.gail:BehaviorPolicy | Steps:  230 | Rewards: -143 | Perplexity:  13.5598 | KLD:  1.7630 | Actions: {0: 5.2, 1: 8.6, 2: 6.9, 3: 4.9, 4: 8.0, 5: 5.8, 6: 4.8, 7: 5.8, 8: 43.2, 9: 12.4, 10: 7.1, 11: 55.0, 12: 7.6, 13: 8.6, 14: 5.8, 15: 12.4, 16: 10.6, 17: 8.0, 18: 4.8, 19: 4.7}
INFO:src.model.gail:BehaviorPolicy2 | Steps:  230 | Rewards: -123 | Perplexity:  20.0000 | KLD:  2.1514 | Actions: {0: 11.3, 1: 11.3, 2: 11.6, 3: 11.2, 4: 11.4, 5: 11.5, 6: 12.0, 7: 11.8, 8: 11.4, 9: 12.2, 10: 11.0, 11: 11.2, 12: 11.8, 13: 11.7, 14: 11.4, 15: 10.8, 16: 11.6, 17: 11.4, 18: 11.9, 19: 11.4}
INFO:src.model.gail:epoc: 161 | Target Reward Mean: -207.27 | Reward Mean: -173.51
INFO:src.model.gail:epoc: 162 | Target Reward Mean: -207.27 | Reward Mean: -176.36
INFO:src.model.gail:epoc: 163 | Target Reward Mean: -207.27 | Reward Mean: -172.01
INFO:src.model.gail:epoc: 164 | Target Reward Mean: -207.27 | Reward Mean: -176.19
INFO:src.model.gail:epoc: 165 | Target Reward Mean: -207.27 | Reward Mean: -180.12
INFO:src.model.gail:epoc: 166 | Target Reward Mean: -207.27 | Reward Mean: -187.54
INFO:src.model.gail:epoc: 167 | Target Reward Mean: -207.27 | Reward Mean: -188.13
INFO:src.model.gail:epoc: 168 | Target Reward Mean: -207.27 | Reward Mean: -198.72
INFO:src.model.gail:epoc: 169 | Target Reward Mean: -207.27 | Reward Mean: -202.47
INFO:src.model.gail:====== EPOCH 170 ======
INFO:src.model.gail:TEST DATA | Steps:  230 | Rewards: -207 |  Actions: {0: 5.3, 1: 8.2, 2: 6.6, 3: 4.6, 4: 7.9, 5: 5.8, 6: 5.2, 7: 5.2, 8: 43.5, 9: 12.4, 10: 6.4, 11: 54.2, 12: 8.1, 13: 8.9, 14: 6.5, 15: 12.0, 16: 11.1, 17: 8.3, 18: 5.2, 19: 4.4}
INFO:src.model.gail:CURRENT POLICY | Steps:  230 | Rewards: -192 | Perplexity:  16.3626 | KLD:  1.9511 | Actions: {0: 2.1, 1: 8.6, 2: 12.6, 3: 2.7, 4: 4.4, 5: 3.8, 6: 5.7, 7: 3.6, 8: 42.5, 9: 20.6, 10: 4.9, 11: 51.9, 12: 4.0, 13: 29.4, 14: 2.3, 15: 5.9, 16: 15.0, 17: 3.5, 18: 5.0, 19: 3.3}
INFO:src.model.gail:RandomPolicy | Steps:  230 | Rewards: -116 | Perplexity:  20.0000 | KLD:  2.1514 | Actions: {0: 11.4, 1: 11.6, 2: 11.4, 3: 11.4, 4: 11.1, 5: 11.6, 6: 11.2, 7: 11.7, 8: 11.0, 9: 11.6, 10: 11.4, 11: 12.1, 12: 12.1, 13: 11.4, 14: 11.6, 15: 11.5, 16: 11.2, 17: 11.4, 18: 11.7, 19: 11.6}
INFO:src.model.gail:BehaviorPolicy | Steps:  230 | Rewards: -144 | Perplexity:  13.5598 | KLD:  1.7630 | Actions: {0: 5.4, 1: 8.0, 2: 6.5, 3: 4.8, 4: 8.1, 5: 5.7, 6: 5.2, 7: 5.6, 8: 42.4, 9: 12.9, 10: 7.3, 11: 54.6, 12: 7.9, 13: 8.4, 14: 6.0, 15: 11.8, 16: 11.0, 17: 8.7, 18: 5.5, 19: 4.2}
INFO:src.model.gail:BehaviorPolicy2 | Steps:  230 | Rewards: -117 | Perplexity:  20.0000 | KLD:  2.1514 | Actions: {0: 11.8, 1: 11.8, 2: 12.2, 3: 11.8, 4: 11.3, 5: 11.9, 6: 11.5, 7: 11.2, 8: 11.7, 9: 11.5, 10: 11.0, 11: 11.1, 12: 11.6, 13: 11.0, 14: 11.1, 15: 11.4, 16: 11.4, 17: 11.4, 18: 11.4, 19: 11.9}
INFO:src.model.gail:epoc: 171 | Target Reward Mean: -207.27 | Reward Mean: -203.02
INFO:src.model.gail:epoc: 172 | Target Reward Mean: -207.27 | Reward Mean: -187.27
INFO:src.model.gail:epoc: 173 | Target Reward Mean: -207.27 | Reward Mean: -179.22
INFO:src.model.gail:epoc: 174 | Target Reward Mean: -207.27 | Reward Mean: -181.32
INFO:src.model.gail:epoc: 175 | Target Reward Mean: -207.27 | Reward Mean: -179.70
INFO:src.model.gail:epoc: 176 | Target Reward Mean: -207.27 | Reward Mean: -196.19
INFO:src.model.gail:epoc: 177 | Target Reward Mean: -207.27 | Reward Mean: -197.03
INFO:src.model.gail:epoc: 178 | Target Reward Mean: -207.27 | Reward Mean: -221.63
INFO:src.model.gail:epoc: 179 | Target Reward Mean: -207.27 | Reward Mean: -218.14
INFO:src.model.gail:====== EPOCH 180 ======
INFO:src.model.gail:TEST DATA | Steps:  230 | Rewards: -207 |  Actions: {0: 5.3, 1: 8.2, 2: 6.6, 3: 4.6, 4: 7.9, 5: 5.8, 6: 5.2, 7: 5.2, 8: 43.5, 9: 12.4, 10: 6.4, 11: 54.2, 12: 8.1, 13: 8.9, 14: 6.5, 15: 12.0, 16: 11.1, 17: 8.3, 18: 5.2, 19: 4.4}
INFO:src.model.gail:CURRENT POLICY | Steps:  230 | Rewards: -232 | Perplexity:  18.1732 | KLD:  2.0557 | Actions: {0: 2.3, 1: 7.4, 2: 13.2, 3: 2.6, 4: 3.4, 5: 2.9, 6: 7.0, 7: 3.4, 8: 28.0, 9: 9.6, 10: 4.0, 11: 45.6, 12: 62.9, 13: 4.8, 14: 3.4, 15: 4.3, 16: 9.2, 17: 2.6, 18: 11.5, 19: 4.5}
INFO:src.model.gail:RandomPolicy | Steps:  230 | Rewards: -114 | Perplexity:  20.0000 | KLD:  2.1514 | Actions: {0: 11.2, 1: 12.1, 2: 11.6, 3: 11.0, 4: 11.8, 5: 11.7, 6: 11.9, 7: 11.9, 8: 11.5, 9: 11.5, 10: 11.7, 11: 11.4, 12: 11.3, 13: 11.1, 14: 11.6, 15: 11.9, 16: 11.3, 17: 11.2, 18: 10.9, 19: 11.6}
INFO:src.model.gail:BehaviorPolicy | Steps:  230 | Rewards: -150 | Perplexity:  13.5598 | KLD:  1.7630 | Actions: {0: 5.2, 1: 8.3, 2: 6.5, 3: 4.8, 4: 8.3, 5: 5.9, 6: 5.2, 7: 5.2, 8: 42.2, 9: 12.7, 10: 7.3, 11: 55.0, 12: 7.6, 13: 8.7, 14: 6.3, 15: 12.5, 16: 11.0, 17: 8.2, 18: 5.0, 19: 4.4}
INFO:src.model.gail:BehaviorPolicy2 | Steps:  230 | Rewards: -118 | Perplexity:  20.0000 | KLD:  2.1514 | Actions: {0: 11.3, 1: 11.8, 2: 11.4, 3: 11.4, 4: 11.2, 5: 11.5, 6: 11.7, 7: 12.1, 8: 11.1, 9: 11.6, 10: 11.2, 11: 11.2, 12: 11.3, 13: 11.6, 14: 11.5, 15: 11.2, 16: 11.2, 17: 11.8, 18: 11.9, 19: 12.0}
INFO:src.model.gail:epoc: 181 | Target Reward Mean: -207.27 | Reward Mean: -235.31
INFO:src.model.gail:epoc: 182 | Target Reward Mean: -207.27 | Reward Mean: -236.52
INFO:src.model.gail:epoc: 183 | Target Reward Mean: -207.27 | Reward Mean: -232.86
INFO:src.model.gail:epoc: 184 | Target Reward Mean: -207.27 | Reward Mean: -227.38
INFO:src.model.gail:epoc: 185 | Target Reward Mean: -207.27 | Reward Mean: -223.36
INFO:src.model.gail:epoc: 186 | Target Reward Mean: -207.27 | Reward Mean: -212.24
INFO:src.model.gail:epoc: 187 | Target Reward Mean: -207.27 | Reward Mean: -206.58
INFO:src.model.gail:epoc: 188 | Target Reward Mean: -207.27 | Reward Mean: -202.25
INFO:src.model.gail:epoc: 189 | Target Reward Mean: -207.27 | Reward Mean: -189.48
INFO:src.model.gail:====== EPOCH 190 ======
INFO:src.model.gail:TEST DATA | Steps:  230 | Rewards: -207 |  Actions: {0: 5.3, 1: 8.2, 2: 6.6, 3: 4.6, 4: 7.9, 5: 5.8, 6: 5.2, 7: 5.2, 8: 43.5, 9: 12.4, 10: 6.4, 11: 54.2, 12: 8.1, 13: 8.9, 14: 6.5, 15: 12.0, 16: 11.1, 17: 8.3, 18: 5.2, 19: 4.4}
INFO:src.model.gail:CURRENT POLICY | Steps:  230 | Rewards: -192 | Perplexity:  17.2192 | KLD:  2.0020 | Actions: {0: 1.6, 1: 4.9, 2: 5.4, 3: 2.4, 4: 2.0, 5: 2.3, 6: 4.3, 7: 2.0, 8: 85.0, 9: 14.7, 10: 4.3, 11: 53.7, 12: 12.8, 13: 2.6, 14: 2.9, 15: 5.6, 16: 10.0, 17: 2.7, 18: 8.9, 19: 4.5}
INFO:src.model.gail:RandomPolicy | Steps:  230 | Rewards: -118 | Perplexity:  20.0000 | KLD:  2.1514 | Actions: {0: 10.8, 1: 10.8, 2: 11.2, 3: 12.0, 4: 12.0, 5: 11.0, 6: 11.7, 7: 11.6, 8: 11.7, 9: 11.3, 10: 11.5, 11: 12.0, 12: 11.6, 13: 11.3, 14: 11.5, 15: 11.5, 16: 11.3, 17: 11.9, 18: 11.9, 19: 11.4}
INFO:src.model.gail:BehaviorPolicy | Steps:  230 | Rewards: -144 | Perplexity:  13.5598 | KLD:  1.7630 | Actions: {0: 5.6, 1: 8.2, 2: 7.1, 3: 4.8, 4: 7.8, 5: 6.1, 6: 5.0, 7: 5.2, 8: 42.8, 9: 12.5, 10: 7.5, 11: 54.7, 12: 6.9, 13: 8.5, 14: 5.9, 15: 12.3, 16: 11.6, 17: 8.0, 18: 5.2, 19: 4.2}
INFO:src.model.gail:BehaviorPolicy2 | Steps:  230 | Rewards: -120 | Perplexity:  20.0000 | KLD:  2.1514 | Actions: {0: 11.4, 1: 11.6, 2: 11.8, 3: 11.2, 4: 11.4, 5: 11.4, 6: 11.3, 7: 11.5, 8: 11.5, 9: 11.9, 10: 11.5, 11: 11.1, 12: 11.4, 13: 11.1, 14: 11.6, 15: 11.8, 16: 11.4, 17: 11.9, 18: 11.7, 19: 11.6}
INFO:src.model.gail:epoc: 191 | Target Reward Mean: -207.27 | Reward Mean: -187.66
INFO:src.model.gail:epoc: 192 | Target Reward Mean: -207.27 | Reward Mean: -187.83
INFO:src.model.gail:epoc: 193 | Target Reward Mean: -207.27 | Reward Mean: -183.97
INFO:src.model.gail:epoc: 194 | Target Reward Mean: -207.27 | Reward Mean: -193.44
INFO:src.model.gail:epoc: 195 | Target Reward Mean: -207.27 | Reward Mean: -210.02
INFO:src.model.gail:epoc: 196 | Target Reward Mean: -207.27 | Reward Mean: -226.52
INFO:src.model.gail:epoc: 197 | Target Reward Mean: -207.27 | Reward Mean: -224.59
INFO:src.model.gail:epoc: 198 | Target Reward Mean: -207.27 | Reward Mean: -227.63
INFO:src.model.gail:epoc: 199 | Target Reward Mean: -207.27 | Reward Mean: -218.33
INFO:src.model.gail:====== EPOCH 200 ======
INFO:src.model.gail:TEST DATA | Steps:  230 | Rewards: -207 |  Actions: {0: 5.3, 1: 8.2, 2: 6.6, 3: 4.6, 4: 7.9, 5: 5.8, 6: 5.2, 7: 5.2, 8: 43.5, 9: 12.4, 10: 6.4, 11: 54.2, 12: 8.1, 13: 8.9, 14: 6.5, 15: 12.0, 16: 11.1, 17: 8.3, 18: 5.2, 19: 4.4}
INFO:src.model.gail:CURRENT POLICY | Steps:  230 | Rewards: -227 | Perplexity:  17.3259 | KLD:  2.0086 | Actions: {0: 1.8, 1: 8.3, 2: 4.4, 3: 3.0, 4: 4.9, 5: 4.0, 6: 4.6, 7: 1.6, 8: 78.3, 9: 19.6, 10: 13.4, 11: 44.6, 12: 1.7, 13: 2.0, 14: 3.0, 15: 9.1, 16: 23.6, 17: 1.8, 18: 2.7, 19: 1.8}
INFO:src.model.gail:RandomPolicy | Steps:  230 | Rewards: -116 | Perplexity:  20.0000 | KLD:  2.1514 | Actions: {0: 11.8, 1: 10.9, 2: 10.7, 3: 11.7, 4: 11.5, 5: 11.5, 6: 10.9, 7: 11.6, 8: 12.0, 9: 11.7, 10: 11.6, 11: 11.7, 12: 11.1, 13: 11.4, 14: 11.5, 15: 11.7, 16: 11.9, 17: 11.6, 18: 11.4, 19: 11.8}
INFO:src.model.gail:BehaviorPolicy | Steps:  230 | Rewards: -155 | Perplexity:  13.5598 | KLD:  1.7630 | Actions: {0: 5.0, 1: 8.5, 2: 7.0, 3: 4.7, 4: 7.6, 5: 5.9, 6: 4.8, 7: 5.2, 8: 43.0, 9: 12.6, 10: 7.7, 11: 54.2, 12: 8.1, 13: 8.9, 14: 5.7, 15: 11.8, 16: 11.1, 17: 8.8, 18: 5.2, 19: 4.2}
INFO:src.model.gail:BehaviorPolicy2 | Steps:  230 | Rewards: -120 | Perplexity:  20.0000 | KLD:  2.1514 | Actions: {0: 12.0, 1: 11.2, 2: 10.7, 3: 11.9, 4: 11.4, 5: 11.8, 6: 11.2, 7: 11.1, 8: 11.9, 9: 11.7, 10: 11.7, 11: 11.4, 12: 10.6, 13: 11.7, 14: 11.3, 15: 11.2, 16: 11.8, 17: 11.6, 18: 12.2, 19: 11.4}
INFO:src.model.gail:-- creating simulated data --

