INFO:src.utils:-- loading data from ../processed_data/student_trajectories.pkl with test size 0.2 --
INFO:src.model.gail2:-- no gail with run_name nov28_1 --
TARGET REWARD: -33.79
INFO:src.model.gail2:epoc: 1 | Reward Mean: -81.47
INFO:src.model.gail2:epoc: 2 | Reward Mean: -77.25
INFO:src.model.gail2:epoc: 3 | Reward Mean: -58.52
INFO:src.model.gail2:epoc: 4 | Reward Mean: -44.70
INFO:src.model.gail2:epoc: 5 | Reward Mean: -51.67
INFO:src.model.gail2:epoc: 6 | Reward Mean: -50.00
INFO:src.model.gail2:epoc: 7 | Reward Mean: -62.71
INFO:src.model.gail2:epoc: 8 | Reward Mean: -47.46
INFO:src.model.gail2:epoc: 9 | Reward Mean: -49.37
INFO:src.model.gail2:epoc: 10 | Reward Mean: -52.50 || D Score (avg_step) (perp) | Rand:  0.41 ( 79.7) (-55012.11) | Test: -0.24 ( 237.1) ( 1.00) | Curr:  0.34 ( 299.9) (-51918.77)
INFO:src.model.gail2:Action Distribution: 
Rand [(0, 723), (1, 748), (2, 704), (3, 700), (4, 720), (5, 762), (6, 737), (7, 716), (8, 729), (9, 710), (10, 699), (11, 724), (12, 714), (13, 759), (14, 719), (15, 684), (16, 663), (17, 748), (18, 706), (19, 735), (20, 731), (21, 719), (22, 755), (23, 705)]
Test [(0, 492), (1, 740), (2, 759), (3, 2791), (4, 728), (5, 156), (6, 371), (7, 270), (8, 106), (9, 314), (10, 201), (11, 125), (12, 146), (13, 2805), (14, 633), (15, 322), (16, 3640), (17, 382), (18, 468), (19, 180), (20, 596), (21, 188), (22, 585), (23, 312)]
Curr [(0, 688), (1, 758), (2, 781), (3, 1518), (4, 558), (5, 630), (6, 514), (7, 717), (8, 657), (9, 696), (10, 622), (11, 631), (12, 545), (13, 926), (14, 645), (15, 602), (16, 2103), (17, 532), (18, 682), (19, 550), (20, 751), (21, 163), (22, 666), (23, 375)]

INFO:src.model.gail2:epoc: 11 | Reward Mean: -43.57
INFO:src.model.gail2:epoc: 12 | Reward Mean: -45.45
INFO:src.model.gail2:epoc: 13 | Reward Mean: -50.41
INFO:src.model.gail2:epoc: 14 | Reward Mean: -56.20
INFO:src.model.gail2:epoc: 15 | Reward Mean: -58.85
INFO:src.model.gail2:epoc: 16 | Reward Mean: -60.49
INFO:src.model.gail2:epoc: 17 | Reward Mean: -64.61
INFO:src.model.gail2:epoc: 18 | Reward Mean: -76.13
INFO:src.model.gail2:epoc: 19 | Reward Mean: -89.34
INFO:src.model.gail2:epoc: 20 | Reward Mean: -93.42 || D Score (avg_step) (perp) | Rand:  0.98 ( 72.3) (-55012.11) | Test:  0.10 ( 237.1) ( 1.00) | Curr:  0.07 ( 294.4) (-51973.96)
INFO:src.model.gail2:Action Distribution: 
Rand [(0, 737), (1, 700), (2, 732), (3, 694), (4, 747), (5, 696), (6, 705), (7, 720), (8, 773), (9, 738), (10, 723), (11, 716), (12, 742), (13, 735), (14, 695), (15, 729), (16, 726), (17, 711), (18, 719), (19, 702), (20, 692), (21, 750), (22, 681), (23, 747)]
Test [(0, 492), (1, 740), (2, 759), (3, 2791), (4, 728), (5, 156), (6, 371), (7, 270), (8, 106), (9, 314), (10, 201), (11, 125), (12, 146), (13, 2805), (14, 633), (15, 322), (16, 3640), (17, 382), (18, 468), (19, 180), (20, 596), (21, 188), (22, 585), (23, 312)]
Curr [(0, 261), (1, 363), (2, 399), (3, 3994), (4, 136), (5, 41), (6, 196), (7, 152), (8, 126), (9, 163), (10, 95), (11, 106), (12, 49), (13, 2592), (14, 402), (15, 70), (16, 6869), (17, 66), (18, 166), (19, 63), (20, 367), (21, 62), (22, 547), (23, 25)]

INFO:src.model.gail2:epoc: 21 | Reward Mean: -96.71
INFO:src.model.gail2:epoc: 22 | Reward Mean: -98.35
INFO:src.model.gail2:epoc: 23 | Reward Mean: -96.71
INFO:src.model.gail2:epoc: 24 | Reward Mean: -99.18
INFO:src.model.gail2:epoc: 25 | Reward Mean: -97.53
INFO:src.model.gail2:epoc: 26 | Reward Mean: -95.88
INFO:src.model.gail2:epoc: 27 | Reward Mean: -97.53
INFO:src.model.gail2:epoc: 28 | Reward Mean: -96.71
INFO:src.model.gail2:epoc: 29 | Reward Mean: -94.24
INFO:src.model.gail2:epoc: 30 | Reward Mean: -96.71 || D Score (avg_step) (perp) | Rand:  0.10 ( 79.9) (-55012.11) | Test: -0.32 ( 237.1) ( 1.00) | Curr:  0.71 ( 294.5) (-55777.00)
INFO:src.model.gail2:Action Distribution: 
Rand [(0, 741), (1, 736), (2, 713), (3, 723), (4, 756), (5, 725), (6, 738), (7, 723), (8, 760), (9, 723), (10, 738), (11, 722), (12, 698), (13, 718), (14, 734), (15, 703), (16, 755), (17, 625), (18, 756), (19, 702), (20, 736), (21, 679), (22, 696), (23, 710)]
Test [(0, 492), (1, 740), (2, 759), (3, 2791), (4, 728), (5, 156), (6, 371), (7, 270), (8, 106), (9, 314), (10, 201), (11, 125), (12, 146), (13, 2805), (14, 633), (15, 322), (16, 3640), (17, 382), (18, 468), (19, 180), (20, 596), (21, 188), (22, 585), (23, 312)]
Curr [(0, 435), (1, 710), (2, 435), (3, 2261), (4, 188), (5, 17), (6, 191), (7, 97), (8, 62), (9, 79), (10, 61), (11, 50), (12, 17), (13, 9318), (14, 403), (15, 26), (16, 1793), (17, 22), (18, 87), (19, 18), (20, 346), (21, 84), (22, 552), (23, 58)]

INFO:src.model.gail2:epoc: 31 | Reward Mean: -99.18
INFO:src.model.gail2:epoc: 32 | Reward Mean: -95.88
INFO:src.model.gail2:epoc: 33 | Reward Mean: -98.35
INFO:src.model.gail2:epoc: 34 | Reward Mean: -99.18
INFO:src.model.gail2:epoc: 35 | Reward Mean: -100.00
INFO:src.model.gail2:epoc: 36 | Reward Mean: -100.00
INFO:src.model.gail2:epoc: 37 | Reward Mean: -100.00
INFO:src.model.gail2:epoc: 38 | Reward Mean: -100.00
INFO:src.model.gail2:epoc: 39 | Reward Mean: -100.00
INFO:src.model.gail2:epoc: 40 | Reward Mean: -100.00 || D Score (avg_step) (perp) | Rand: -0.59 ( 72.7) (-55012.11) | Test: -0.79 ( 237.1) ( 1.00) | Curr: -0.91 ( 294.6) (-54012.81)
INFO:src.model.gail2:Action Distribution: 
Rand [(0, 696), (1, 709), (2, 690), (3, 724), (4, 723), (5, 710), (6, 704), (7, 737), (8, 719), (9, 674), (10, 745), (11, 705), (12, 709), (13, 726), (14, 704), (15, 750), (16, 763), (17, 758), (18, 728), (19, 723), (20, 725), (21, 735), (22, 747), (23, 706)]
Test [(0, 492), (1, 740), (2, 759), (3, 2791), (4, 728), (5, 156), (6, 371), (7, 270), (8, 106), (9, 314), (10, 201), (11, 125), (12, 146), (13, 2805), (14, 633), (15, 322), (16, 3640), (17, 382), (18, 468), (19, 180), (20, 596), (21, 188), (22, 585), (23, 312)]
Curr [(0, 1010), (1, 3248), (2, 1105), (3, 2293), (4, 721), (5, 17), (6, 147), (7, 142), (8, 36), (9, 80), (10, 73), (11, 64), (12, 21), (13, 2249), (14, 1226), (15, 21), (16, 1443), (17, 29), (18, 80), (19, 20), (20, 460), (21, 64), (22, 463), (23, 2298)]

INFO:src.model.gail2:epoc: 41 | Reward Mean: -100.00
INFO:src.model.gail2:epoc: 42 | Reward Mean: -100.00
INFO:src.model.gail2:epoc: 43 | Reward Mean: -100.00
INFO:src.model.gail2:epoc: 44 | Reward Mean: -100.00
INFO:src.model.gail2:epoc: 45 | Reward Mean: -100.00
INFO:src.model.gail2:epoc: 46 | Reward Mean: -100.00
INFO:src.model.gail2:epoc: 47 | Reward Mean: -100.00
INFO:src.model.gail2:epoc: 48 | Reward Mean: -100.00
INFO:src.model.gail2:epoc: 49 | Reward Mean: -100.00
INFO:src.model.gail2:epoc: 50 | Reward Mean: -100.00 || D Score (avg_step) (perp) | Rand: -0.33 ( 78.0) (-55012.11) | Test: -0.60 ( 237.1) ( 1.00) | Curr:  0.64 ( 294.1) (-54939.16)
INFO:src.model.gail2:Action Distribution: 
Rand [(0, 777), (1, 702), (2, 702), (3, 787), (4, 724), (5, 701), (6, 739), (7, 727), (8, 713), (9, 730), (10, 680), (11, 747), (12, 718), (13, 690), (14, 686), (15, 680), (16, 695), (17, 758), (18, 720), (19, 700), (20, 718), (21, 727), (22, 738), (23, 751)]
Test [(0, 492), (1, 740), (2, 759), (3, 2791), (4, 728), (5, 156), (6, 371), (7, 270), (8, 106), (9, 314), (10, 201), (11, 125), (12, 146), (13, 2805), (14, 633), (15, 322), (16, 3640), (17, 382), (18, 468), (19, 180), (20, 596), (21, 188), (22, 585), (23, 312)]
Curr [(0, 720), (1, 1359), (2, 1423), (3, 2189), (4, 1164), (5, 37), (6, 139), (7, 216), (8, 46), (9, 137), (10, 125), (11, 107), (12, 19), (13, 290), (14, 610), (15, 53), (16, 6136), (17, 65), (18, 130), (19, 43), (20, 322), (21, 64), (22, 647), (23, 1269)]

INFO:src.model.gail2:epoc: 51 | Reward Mean: -100.00
INFO:src.model.gail2:epoc: 52 | Reward Mean: -98.36
INFO:src.model.gail2:epoc: 53 | Reward Mean: -98.37
INFO:src.model.gail2:epoc: 54 | Reward Mean: -95.08
INFO:src.model.gail2:epoc: 55 | Reward Mean: -91.87
INFO:src.model.gail2:epoc: 56 | Reward Mean: -90.98
INFO:src.model.gail2:epoc: 57 | Reward Mean: -86.07
INFO:src.model.gail2:epoc: 58 | Reward Mean: -84.49
INFO:src.model.gail2:epoc: 59 | Reward Mean: -80.49
INFO:src.model.gail2:epoc: 60 | Reward Mean: -78.60 || D Score (avg_step) (perp) | Rand: -0.10 ( 74.4) (-55012.11) | Test: -0.17 ( 237.1) ( 1.00) | Curr:  0.13 ( 293.8) (-58785.01)
INFO:src.model.gail2:Action Distribution: 
Rand [(0, 720), (1, 756), (2, 749), (3, 711), (4, 754), (5, 682), (6, 785), (7, 709), (8, 712), (9, 725), (10, 736), (11, 723), (12, 738), (13, 677), (14, 741), (15, 721), (16, 701), (17, 732), (18, 694), (19, 716), (20, 683), (21, 762), (22, 682), (23, 701)]
Test [(0, 492), (1, 740), (2, 759), (3, 2791), (4, 728), (5, 156), (6, 371), (7, 270), (8, 106), (9, 314), (10, 201), (11, 125), (12, 146), (13, 2805), (14, 633), (15, 322), (16, 3640), (17, 382), (18, 468), (19, 180), (20, 596), (21, 188), (22, 585), (23, 312)]
Curr [(0, 1260), (1, 162), (2, 552), (3, 2892), (4, 4340), (5, 42), (6, 316), (7, 295), (8, 42), (9, 256), (10, 227), (11, 97), (12, 32), (13, 97), (14, 105), (15, 67), (16, 4164), (17, 271), (18, 532), (19, 52), (20, 398), (21, 75), (22, 1023), (23, 13)]

INFO:src.model.gail2:epoc: 61 | Reward Mean: -65.71
INFO:src.model.gail2:epoc: 62 | Reward Mean: -66.67
INFO:src.model.gail2:epoc: 63 | Reward Mean: -69.92
INFO:src.model.gail2:epoc: 64 | Reward Mean: -71.43
INFO:src.model.gail2:epoc: 65 | Reward Mean: -68.42
INFO:src.model.gail2:epoc: 66 | Reward Mean: -55.28
INFO:src.model.gail2:epoc: 67 | Reward Mean: -72.69
INFO:src.model.gail2:epoc: 68 | Reward Mean: -69.35
INFO:src.model.gail2:epoc: 69 | Reward Mean: -84.55
INFO:src.model.gail2:epoc: 70 | Reward Mean: -88.71 || D Score (avg_step) (perp) | Rand:  0.32 ( 70.1) (-55012.11) | Test:  0.06 ( 237.1) ( 1.00) | Curr:  0.10 ( 290.0) (-59980.92)
INFO:src.model.gail2:Action Distribution: 
Rand [(0, 738), (1, 733), (2, 712), (3, 721), (4, 697), (5, 654), (6, 720), (7, 702), (8, 711), (9, 702), (10, 755), (11, 734), (12, 699), (13, 734), (14, 699), (15, 720), (16, 705), (17, 710), (18, 746), (19, 752), (20, 749), (21, 756), (22, 749), (23, 712)]
Test [(0, 492), (1, 740), (2, 759), (3, 2791), (4, 728), (5, 156), (6, 371), (7, 270), (8, 106), (9, 314), (10, 201), (11, 125), (12, 146), (13, 2805), (14, 633), (15, 322), (16, 3640), (17, 382), (18, 468), (19, 180), (20, 596), (21, 188), (22, 585), (23, 312)]
Curr [(0, 3351), (1, 260), (2, 633), (3, 1620), (4, 1294), (5, 124), (6, 1442), (7, 671), (8, 137), (9, 545), (10, 252), (11, 88), (12, 48), (13, 1407), (14, 289), (15, 52), (16, 349), (17, 1886), (18, 1360), (19, 76), (20, 771), (21, 107), (22, 526), (23, 22)]

INFO:src.model.gail2:epoc: 71 | Reward Mean: -97.56
INFO:src.model.gail2:epoc: 72 | Reward Mean: -97.54
INFO:src.model.gail2:epoc: 73 | Reward Mean: -97.56
INFO:src.model.gail2:epoc: 74 | Reward Mean: -96.75
INFO:src.model.gail2:epoc: 75 | Reward Mean: -99.18
INFO:src.model.gail2:epoc: 76 | Reward Mean: -97.56
INFO:src.model.gail2:epoc: 77 | Reward Mean: -93.47
INFO:src.model.gail2:epoc: 78 | Reward Mean: -92.62
INFO:src.model.gail2:epoc: 79 | Reward Mean: -89.52
INFO:src.model.gail2:epoc: 80 | Reward Mean: -89.26 || D Score (avg_step) (perp) | Rand:  0.24 ( 69.8) (-55012.11) | Test: -0.48 ( 237.1) ( 1.00) | Curr:  0.24 ( 282.3) (-64741.26)
INFO:src.model.gail2:Action Distribution: 
Rand [(0, 708), (1, 724), (2, 731), (3, 760), (4, 725), (5, 721), (6, 706), (7, 720), (8, 721), (9, 727), (10, 711), (11, 706), (12, 714), (13, 727), (14, 730), (15, 740), (16, 744), (17, 670), (18, 766), (19, 735), (20, 676), (21, 769), (22, 679), (23, 700)]
Test [(0, 492), (1, 740), (2, 759), (3, 2791), (4, 728), (5, 156), (6, 371), (7, 270), (8, 106), (9, 314), (10, 201), (11, 125), (12, 146), (13, 2805), (14, 633), (15, 322), (16, 3640), (17, 382), (18, 468), (19, 180), (20, 596), (21, 188), (22, 585), (23, 312)]
Curr [(0, 325), (1, 528), (2, 832), (3, 952), (4, 105), (5, 72), (6, 828), (7, 334), (8, 86), (9, 664), (10, 68), (11, 54), (12, 30), (13, 9369), (14, 1429), (15, 34), (16, 221), (17, 673), (18, 172), (19, 77), (20, 151), (21, 172), (22, 105), (23, 29)]

INFO:src.model.gail2:epoc: 81 | Reward Mean: -90.28
INFO:src.model.gail2:epoc: 82 | Reward Mean: -85.19
INFO:src.model.gail2:epoc: 83 | Reward Mean: -95.88
INFO:src.model.gail2:epoc: 84 | Reward Mean: -97.53
INFO:src.model.gail2:epoc: 85 | Reward Mean: -95.92
INFO:src.model.gail2:epoc: 86 | Reward Mean: -95.92
INFO:src.model.gail2:epoc: 87 | Reward Mean: -99.19
INFO:src.model.gail2:epoc: 88 | Reward Mean: -100.00
INFO:src.model.gail2:epoc: 89 | Reward Mean: -100.00
INFO:src.model.gail2:epoc: 90 | Reward Mean: -100.00 || D Score (avg_step) (perp) | Rand:  0.07 ( 79.0) (-55012.11) | Test: -0.77 ( 237.1) ( 1.00) | Curr: -0.15 ( 294.0) (-61590.11)
INFO:src.model.gail2:Action Distribution: 
Rand [(0, 697), (1, 716), (2, 739), (3, 682), (4, 752), (5, 710), (6, 709), (7, 729), (8, 736), (9, 707), (10, 736), (11, 735), (12, 757), (13, 738), (14, 710), (15, 714), (16, 735), (17, 746), (18, 675), (19, 730), (20, 688), (21, 740), (22, 741), (23, 688)]
Test [(0, 492), (1, 740), (2, 759), (3, 2791), (4, 728), (5, 156), (6, 371), (7, 270), (8, 106), (9, 314), (10, 201), (11, 125), (12, 146), (13, 2805), (14, 633), (15, 322), (16, 3640), (17, 382), (18, 468), (19, 180), (20, 596), (21, 188), (22, 585), (23, 312)]
Curr [(0, 60), (1, 399), (2, 1112), (3, 3550), (4, 60), (5, 38), (6, 382), (7, 197), (8, 51), (9, 820), (10, 34), (11, 41), (12, 30), (13, 2074), (14, 2305), (15, 27), (16, 5504), (17, 188), (18, 54), (19, 87), (20, 74), (21, 116), (22, 79), (23, 28)]

INFO:src.model.gail2:epoc: 91 | Reward Mean: -100.00
INFO:src.model.gail2:epoc: 92 | Reward Mean: -99.18
INFO:src.model.gail2:epoc: 93 | Reward Mean: -100.00
INFO:src.model.gail2:epoc: 94 | Reward Mean: -100.00
INFO:src.model.gail2:epoc: 95 | Reward Mean: -95.20
INFO:src.model.gail2:epoc: 96 | Reward Mean: -98.36
INFO:src.model.gail2:epoc: 97 | Reward Mean: -98.39
INFO:src.model.gail2:epoc: 98 | Reward Mean: -97.55
INFO:src.model.gail2:epoc: 99 | Reward Mean: -99.19
INFO:src.model.gail2:epoc: 100 | Reward Mean: -88.48 || D Score (avg_step) (perp) | Rand: -0.14 ( 76.9) (-55012.11) | Test: -0.22 ( 237.1) ( 1.00) | Curr:  0.98 ( 289.6) (-72718.00)
INFO:src.model.gail2:Action Distribution: 
Rand [(0, 735), (1, 717), (2, 730), (3, 682), (4, 690), (5, 710), (6, 747), (7, 709), (8, 735), (9, 703), (10, 714), (11, 700), (12, 736), (13, 752), (14, 728), (15, 733), (16, 746), (17, 715), (18, 713), (19, 718), (20, 713), (21, 750), (22, 662), (23, 772)]
Test [(0, 492), (1, 740), (2, 759), (3, 2791), (4, 728), (5, 156), (6, 371), (7, 270), (8, 106), (9, 314), (10, 201), (11, 125), (12, 146), (13, 2805), (14, 633), (15, 322), (16, 3640), (17, 382), (18, 468), (19, 180), (20, 596), (21, 188), (22, 585), (23, 312)]
Curr [(0, 22), (1, 124), (2, 284), (3, 884), (4, 82), (5, 64), (6, 155), (7, 100), (8, 41), (9, 380), (10, 38), (11, 44), (12, 59), (13, 39), (14, 358), (15, 29), (16, 13595), (17, 116), (18, 40), (19, 263), (20, 268), (21, 142), (22, 167), (23, 16)]

INFO:src.model.gail2:epoc: 101 | Reward Mean: -76.00
INFO:src.model.gail2:epoc: 102 | Reward Mean: -50.20
INFO:src.model.gail2:epoc: 103 | Reward Mean: -39.59
INFO:src.model.gail2:epoc: 104 | Reward Mean: -24.59
INFO:src.model.gail2:epoc: 105 | Reward Mean: -1.64
INFO:src.model.gail2:epoc: 106 | Reward Mean:  15.92
INFO:src.model.gail2:epoc: 107 | Reward Mean:  22.45
INFO:src.model.gail2:epoc: 108 | Reward Mean:  48.18
INFO:src.model.gail2:epoc: 109 | Reward Mean:  59.02
INFO:src.model.gail2:epoc: 110 | Reward Mean:  67.61 || D Score (avg_step) (perp) | Rand: -0.98 ( 74.6) (-55012.11) | Test: -0.82 ( 237.1) ( 1.00) | Curr:  0.53 ( 293.7) (-66488.00)
INFO:src.model.gail2:Action Distribution: 
Rand [(0, 721), (1, 735), (2, 733), (3, 710), (4, 720), (5, 709), (6, 738), (7, 672), (8, 732), (9, 709), (10, 711), (11, 752), (12, 695), (13, 653), (14, 710), (15, 716), (16, 745), (17, 763), (18, 776), (19, 691), (20, 763), (21, 730), (22, 714), (23, 712)]
Test [(0, 492), (1, 740), (2, 759), (3, 2791), (4, 728), (5, 156), (6, 371), (7, 270), (8, 106), (9, 314), (10, 201), (11, 125), (12, 146), (13, 2805), (14, 633), (15, 322), (16, 3640), (17, 382), (18, 468), (19, 180), (20, 596), (21, 188), (22, 585), (23, 312)]
Curr [(0, 65), (1, 371), (2, 426), (3, 660), (4, 542), (5, 97), (6, 332), (7, 244), (8, 58), (9, 267), (10, 81), (11, 219), (12, 113), (13, 130), (14, 94), (15, 47), (16, 7964), (17, 149), (18, 82), (19, 935), (20, 3785), (21, 130), (22, 495), (23, 24)]

INFO:src.model.gail2:epoc: 111 | Reward Mean:  68.29
INFO:src.model.gail2:epoc: 112 | Reward Mean:  68.55
INFO:src.model.gail2:epoc: 113 | Reward Mean:  70.28
INFO:src.model.gail2:epoc: 114 | Reward Mean:  61.94
INFO:src.model.gail2:epoc: 115 | Reward Mean:  52.03
INFO:src.model.gail2:epoc: 116 | Reward Mean:  39.02
INFO:src.model.gail2:epoc: 117 | Reward Mean:  30.08
INFO:src.model.gail2:epoc: 118 | Reward Mean:  8.94
INFO:src.model.gail2:epoc: 119 | Reward Mean: -5.69
INFO:src.model.gail2:epoc: 120 | Reward Mean: -6.02 || D Score (avg_step) (perp) | Rand: -0.66 ( 75.0) (-55012.11) | Test: -1.01 ( 237.1) ( 1.00) | Curr:  0.09 ( 296.2) (-71707.72)
INFO:src.model.gail2:Action Distribution: 
Rand [(0, 737), (1, 716), (2, 717), (3, 743), (4, 731), (5, 704), (6, 753), (7, 701), (8, 735), (9, 742), (10, 710), (11, 683), (12, 726), (13, 702), (14, 729), (15, 758), (16, 702), (17, 713), (18, 667), (19, 743), (20, 741), (21, 734), (22, 692), (23, 731)]
Test [(0, 492), (1, 740), (2, 759), (3, 2791), (4, 728), (5, 156), (6, 371), (7, 270), (8, 106), (9, 314), (10, 201), (11, 125), (12, 146), (13, 2805), (14, 633), (15, 322), (16, 3640), (17, 382), (18, 468), (19, 180), (20, 596), (21, 188), (22, 585), (23, 312)]
Curr [(0, 124), (1, 940), (2, 815), (3, 970), (4, 1204), (5, 346), (6, 1329), (7, 555), (8, 127), (9, 285), (10, 294), (11, 1243), (12, 501), (13, 142), (14, 40), (15, 238), (16, 1187), (17, 173), (18, 1145), (19, 487), (20, 3560), (21, 138), (22, 1273), (23, 194)]

INFO:src.model.gail2:epoc: 121 | Reward Mean: -5.31
INFO:src.model.gail2:epoc: 122 | Reward Mean: -5.31
INFO:src.model.gail2:epoc: 123 | Reward Mean: -2.06
INFO:src.model.gail2:epoc: 124 | Reward Mean: -33.88
INFO:src.model.gail2:epoc: 125 | Reward Mean: -83.61
INFO:src.model.gail2:epoc: 126 | Reward Mean: -99.18
INFO:src.model.gail2:epoc: 127 | Reward Mean: -100.00
INFO:src.model.gail2:epoc: 128 | Reward Mean: -100.00
INFO:src.model.gail2:epoc: 129 | Reward Mean: -100.00
INFO:src.model.gail2:epoc: 130 | Reward Mean: -100.00 || D Score (avg_step) (perp) | Rand:  1.07 ( 74.6) (-55012.11) | Test: -0.26 ( 237.1) ( 1.00) | Curr:  0.66 ( 297.3) (-73466.72)
INFO:src.model.gail2:Action Distribution: 
Rand [(0, 726), (1, 735), (2, 713), (3, 716), (4, 711), (5, 715), (6, 725), (7, 710), (8, 759), (9, 722), (10, 713), (11, 705), (12, 686), (13, 734), (14, 697), (15, 748), (16, 753), (17, 736), (18, 728), (19, 720), (20, 731), (21, 721), (22, 713), (23, 693)]
Test [(0, 492), (1, 740), (2, 759), (3, 2791), (4, 728), (5, 156), (6, 371), (7, 270), (8, 106), (9, 314), (10, 201), (11, 125), (12, 146), (13, 2805), (14, 633), (15, 322), (16, 3640), (17, 382), (18, 468), (19, 180), (20, 596), (21, 188), (22, 585), (23, 312)]
Curr [(0, 28), (1, 2242), (2, 1419), (3, 1561), (4, 398), (5, 153), (6, 1425), (7, 698), (8, 117), (9, 320), (10, 107), (11, 1073), (12, 553), (13, 136), (14, 26), (15, 1834), (16, 256), (17, 132), (18, 2539), (19, 51), (20, 119), (21, 159), (22, 495), (23, 1469)]

INFO:src.model.gail2:epoc: 131 | Reward Mean: -100.00
INFO:src.model.gail2:epoc: 132 | Reward Mean: -100.00
INFO:src.model.gail2:epoc: 133 | Reward Mean: -100.00
INFO:src.model.gail2:epoc: 134 | Reward Mean: -100.00
INFO:src.model.gail2:epoc: 135 | Reward Mean: -100.00
INFO:src.model.gail2:epoc: 136 | Reward Mean: -100.00
INFO:src.model.gail2:epoc: 137 | Reward Mean: -100.00
INFO:src.model.gail2:epoc: 138 | Reward Mean: -100.00
INFO:src.model.gail2:epoc: 139 | Reward Mean: -98.29
INFO:src.model.gail2:epoc: 140 | Reward Mean: -98.33 || D Score (avg_step) (perp) | Rand:  1.30 ( 76.8) (-55012.11) | Test: -0.58 ( 237.1) ( 1.00) | Curr:  1.13 ( 296.7) (-73302.31)
INFO:src.model.gail2:Action Distribution: 
Rand [(0, 692), (1, 663), (2, 670), (3, 765), (4, 763), (5, 780), (6, 724), (7, 676), (8, 771), (9, 760), (10, 711), (11, 720), (12, 678), (13, 737), (14, 720), (15, 751), (16, 737), (17, 735), (18, 695), (19, 686), (20, 718), (21, 739), (22, 713), (23, 706)]
Test [(0, 492), (1, 740), (2, 759), (3, 2791), (4, 728), (5, 156), (6, 371), (7, 270), (8, 106), (9, 314), (10, 201), (11, 125), (12, 146), (13, 2805), (14, 633), (15, 322), (16, 3640), (17, 382), (18, 468), (19, 180), (20, 596), (21, 188), (22, 585), (23, 312)]
Curr [(0, 10), (1, 1069), (2, 1003), (3, 5044), (4, 53), (5, 67), (6, 233), (7, 173), (8, 53), (9, 241), (10, 43), (11, 174), (12, 367), (13, 72), (14, 14), (15, 6718), (16, 591), (17, 40), (18, 201), (19, 14), (20, 5), (21, 252), (22, 217), (23, 656)]

INFO:src.model.gail2:epoc: 141 | Reward Mean: -97.51
INFO:src.model.gail2:epoc: 142 | Reward Mean: -95.00
INFO:src.model.gail2:epoc: 143 | Reward Mean: -98.33
INFO:src.model.gail2:epoc: 144 | Reward Mean: -95.83
INFO:src.model.gail2:epoc: 145 | Reward Mean: -95.83
INFO:src.model.gail2:epoc: 146 | Reward Mean: -94.24
INFO:src.model.gail2:epoc: 147 | Reward Mean: -93.33
INFO:src.model.gail2:epoc: 148 | Reward Mean: -96.68
INFO:src.model.gail2:epoc: 149 | Reward Mean: -94.21
INFO:src.model.gail2:epoc: 150 | Reward Mean: -98.35 || D Score (avg_step) (perp) | Rand:  1.23 ( 73.0) (-55012.11) | Test: -1.36 ( 237.1) ( 1.00) | Curr:  1.13 ( 294.6) (-69943.91)
INFO:src.model.gail2:Action Distribution: 
Rand [(0, 670), (1, 758), (2, 721), (3, 689), (4, 740), (5, 723), (6, 669), (7, 686), (8, 691), (9, 740), (10, 719), (11, 714), (12, 744), (13, 713), (14, 677), (15, 761), (16, 714), (17, 736), (18, 698), (19, 777), (20, 750), (21, 790), (22, 721), (23, 709)]
Test [(0, 492), (1, 740), (2, 759), (3, 2791), (4, 728), (5, 156), (6, 371), (7, 270), (8, 106), (9, 314), (10, 201), (11, 125), (12, 146), (13, 2805), (14, 633), (15, 322), (16, 3640), (17, 382), (18, 468), (19, 180), (20, 596), (21, 188), (22, 585), (23, 312)]
Curr [(0, 4), (1, 584), (2, 695), (3, 6455), (4, 31), (5, 53), (6, 87), (7, 62), (8, 45), (9, 214), (10, 21), (11, 77), (12, 198), (13, 126), (14, 22), (15, 3236), (16, 4832), (17, 42), (18, 61), (19, 11), (20, 7), (21, 115), (22, 120), (23, 212)]

INFO:src.model.gail2:epoc: 151 | Reward Mean: -99.17
INFO:src.model.gail2:epoc: 152 | Reward Mean: -95.87
INFO:src.model.gail2:epoc: 153 | Reward Mean: -100.00
INFO:src.model.gail2:epoc: 154 | Reward Mean: -98.35
INFO:src.model.gail2:epoc: 155 | Reward Mean: -97.56
INFO:src.model.gail2:epoc: 156 | Reward Mean: -98.35
INFO:src.model.gail2:epoc: 157 | Reward Mean: -98.35
INFO:src.model.gail2:epoc: 158 | Reward Mean: -99.18
INFO:src.model.gail2:epoc: 159 | Reward Mean: -99.18
INFO:src.model.gail2:epoc: 160 | Reward Mean: -100.00 || D Score (avg_step) (perp) | Rand:  1.50 ( 78.4) (-55012.11) | Test: -1.12 ( 237.1) ( 1.00) | Curr:  1.86 ( 293.9) (-67253.58)
INFO:src.model.gail2:Action Distribution: 
Rand [(0, 689), (1, 733), (2, 728), (3, 728), (4, 720), (5, 683), (6, 675), (7, 712), (8, 787), (9, 725), (10, 683), (11, 724), (12, 756), (13, 736), (14, 706), (15, 702), (16, 718), (17, 751), (18, 701), (19, 731), (20, 722), (21, 712), (22, 730), (23, 758)]
Test [(0, 492), (1, 740), (2, 759), (3, 2791), (4, 728), (5, 156), (6, 371), (7, 270), (8, 106), (9, 314), (10, 201), (11, 125), (12, 146), (13, 2805), (14, 633), (15, 322), (16, 3640), (17, 382), (18, 468), (19, 180), (20, 596), (21, 188), (22, 585), (23, 312)]
Curr [(0, 16), (1, 650), (2, 479), (3, 2643), (4, 25), (5, 67), (6, 41), (7, 31), (8, 71), (9, 160), (10, 23), (11, 33), (12, 111), (13, 2155), (14, 64), (15, 1152), (16, 9184), (17, 43), (18, 26), (19, 15), (20, 21), (21, 97), (22, 112), (23, 91)]

INFO:src.model.gail2:epoc: 161 | Reward Mean: -100.00
INFO:src.model.gail2:epoc: 162 | Reward Mean: -100.00
INFO:src.model.gail2:epoc: 163 | Reward Mean: -100.00
INFO:src.model.gail2:epoc: 164 | Reward Mean: -99.18
INFO:src.model.gail2:epoc: 165 | Reward Mean: -99.18
INFO:src.model.gail2:epoc: 166 | Reward Mean: -100.00
INFO:src.model.gail2:epoc: 167 | Reward Mean: -100.00
INFO:src.model.gail2:epoc: 168 | Reward Mean: -100.00
INFO:src.model.gail2:epoc: 169 | Reward Mean: -100.00
INFO:src.model.gail2:epoc: 170 | Reward Mean: -100.00 || D Score (avg_step) (perp) | Rand:  1.07 ( 82.3) (-55012.11) | Test: -1.45 ( 237.1) ( 1.00) | Curr:  1.17 ( 295.3) (-73927.33)
INFO:src.model.gail2:Action Distribution: 
Rand [(0, 736), (1, 711), (2, 744), (3, 713), (4, 745), (5, 746), (6, 700), (7, 742), (8, 688), (9, 706), (10, 715), (11, 693), (12, 745), (13, 744), (14, 717), (15, 730), (16, 679), (17, 667), (18, 733), (19, 709), (20, 726), (21, 716), (22, 728), (23, 777)]
Test [(0, 492), (1, 740), (2, 759), (3, 2791), (4, 728), (5, 156), (6, 371), (7, 270), (8, 106), (9, 314), (10, 201), (11, 125), (12, 146), (13, 2805), (14, 633), (15, 322), (16, 3640), (17, 382), (18, 468), (19, 180), (20, 596), (21, 188), (22, 585), (23, 312)]
Curr [(0, 11), (1, 543), (2, 249), (3, 969), (4, 50), (5, 54), (6, 30), (7, 25), (8, 63), (9, 130), (10, 15), (11, 40), (12, 59), (13, 11154), (14, 139), (15, 304), (16, 3067), (17, 50), (18, 21), (19, 30), (20, 42), (21, 102), (22, 121), (23, 42)]

INFO:src.model.gail2:epoc: 171 | Reward Mean: -100.00
INFO:src.model.gail2:epoc: 172 | Reward Mean: -100.00
INFO:src.model.gail2:epoc: 173 | Reward Mean: -99.18
INFO:src.model.gail2:epoc: 174 | Reward Mean: -98.35
INFO:src.model.gail2:epoc: 175 | Reward Mean: -98.35
INFO:src.model.gail2:epoc: 176 | Reward Mean: -96.69
INFO:src.model.gail2:epoc: 177 | Reward Mean: -97.50
INFO:src.model.gail2:epoc: 178 | Reward Mean: -96.65
INFO:src.model.gail2:epoc: 179 | Reward Mean: -95.74
INFO:src.model.gail2:epoc: 180 | Reward Mean: -96.52 || D Score (avg_step) (perp) | Rand:  1.15 ( 81.1) (-55012.11) | Test: -1.41 ( 237.1) ( 1.00) | Curr:  0.00 ( 312.4) (-65760.42)
INFO:src.model.gail2:Action Distribution: 
Rand [(0, 740), (1, 729), (2, 726), (3, 743), (4, 767), (5, 676), (6, 737), (7, 744), (8, 725), (9, 715), (10, 717), (11, 734), (12, 709), (13, 725), (14, 692), (15, 768), (16, 673), (17, 718), (18, 715), (19, 716), (20, 698), (21, 722), (22, 710), (23, 711)]
Test [(0, 492), (1, 740), (2, 759), (3, 2791), (4, 728), (5, 156), (6, 371), (7, 270), (8, 106), (9, 314), (10, 201), (11, 125), (12, 146), (13, 2805), (14, 633), (15, 322), (16, 3640), (17, 382), (18, 468), (19, 180), (20, 596), (21, 188), (22, 585), (23, 312)]
Curr [(0, 332), (1, 391), (2, 366), (3, 443), (4, 2252), (5, 51), (6, 101), (7, 154), (8, 62), (9, 278), (10, 43), (11, 83), (12, 21), (13, 6368), (14, 1066), (15, 4), (16, 546), (17, 246), (18, 68), (19, 2485), (20, 908), (21, 710), (22, 318), (23, 14)]

INFO:src.model.gail2:epoc: 181 | Reward Mean: -90.27
INFO:src.model.gail2:epoc: 182 | Reward Mean: -76.99
INFO:src.model.gail2:epoc: 183 | Reward Mean: -73.33
INFO:src.model.gail2:epoc: 184 | Reward Mean: -65.45
INFO:src.model.gail2:epoc: 185 | Reward Mean: -65.45
INFO:src.model.gail2:epoc: 186 | Reward Mean: -78.38
INFO:src.model.gail2:epoc: 187 | Reward Mean: -88.39
INFO:src.model.gail2:epoc: 188 | Reward Mean: -89.47
INFO:src.model.gail2:epoc: 189 | Reward Mean: -91.42
INFO:src.model.gail2:epoc: 190 | Reward Mean: -95.80 || D Score (avg_step) (perp) | Rand:  1.65 ( 85.0) (-55012.11) | Test: -1.36 ( 237.1) ( 1.00) | Curr: -0.64 ( 297.0) (-64893.27)
INFO:src.model.gail2:Action Distribution: 
Rand [(0, 746), (1, 699), (2, 758), (3, 720), (4, 697), (5, 735), (6, 726), (7, 679), (8, 740), (9, 736), (10, 694), (11, 692), (12, 707), (13, 701), (14, 741), (15, 707), (16, 765), (17, 744), (18, 678), (19, 736), (20, 713), (21, 683), (22, 772), (23, 741)]
Test [(0, 492), (1, 740), (2, 759), (3, 2791), (4, 728), (5, 156), (6, 371), (7, 270), (8, 106), (9, 314), (10, 201), (11, 125), (12, 146), (13, 2805), (14, 633), (15, 322), (16, 3640), (17, 382), (18, 468), (19, 180), (20, 596), (21, 188), (22, 585), (23, 312)]
Curr [(0, 407), (1, 220), (2, 1119), (3, 8129), (4, 1245), (5, 49), (6, 46), (7, 70), (8, 71), (9, 381), (10, 84), (11, 61), (12, 37), (13, 378), (14, 1287), (15, 29), (16, 2044), (17, 688), (18, 34), (19, 394), (20, 125), (21, 104), (22, 304), (23, 4)]

INFO:src.model.gail2:epoc: 191 | Reward Mean: -98.35
INFO:src.model.gail2:epoc: 192 | Reward Mean: -99.18
INFO:src.model.gail2:epoc: 193 | Reward Mean: -96.72
INFO:src.model.gail2:epoc: 194 | Reward Mean: -100.00
INFO:src.model.gail2:epoc: 195 | Reward Mean: -100.00
INFO:src.model.gail2:epoc: 196 | Reward Mean: -100.00
INFO:src.model.gail2:epoc: 197 | Reward Mean: -100.00
INFO:src.model.gail2:epoc: 198 | Reward Mean: -100.00
INFO:src.model.gail2:epoc: 199 | Reward Mean: -100.00
INFO:src.model.gail2:epoc: 200 | Reward Mean: -100.00 || D Score (avg_step) (perp) | Rand:  1.72 ( 77.5) (-55012.11) | Test: -0.16 ( 237.1) ( 1.00) | Curr:  1.52 ( 294.7) (-72145.01)
INFO:src.model.gail2:Action Distribution: 
Rand [(0, 719), (1, 731), (2, 761), (3, 729), (4, 736), (5, 769), (6, 742), (7, 700), (8, 725), (9, 739), (10, 742), (11, 681), (12, 725), (13, 736), (14, 688), (15, 710), (16, 706), (17, 736), (18, 707), (19, 722), (20, 704), (21, 740), (22, 667), (23, 695)]
Test [(0, 492), (1, 740), (2, 759), (3, 2791), (4, 728), (5, 156), (6, 371), (7, 270), (8, 106), (9, 314), (10, 201), (11, 125), (12, 146), (13, 2805), (14, 633), (15, 322), (16, 3640), (17, 382), (18, 468), (19, 180), (20, 596), (21, 188), (22, 585), (23, 312)]
Curr [(0, 259), (1, 105), (2, 1243), (3, 3896), (4, 421), (5, 18), (6, 27), (7, 26), (8, 25), (9, 170), (10, 55), (11, 29), (12, 14), (13, 21), (14, 524), (15, 13), (16, 9624), (17, 486), (18, 15), (19, 25), (20, 23), (21, 65), (22, 225), (23, 1)]

INFO:src.model.gail2:-- creating simulated data --

